[1] "The current script was initialized on Monday, August 22, 2022 at 02:32 PM"

########################################
        BEGIN: ENVIRONMENT SETUP
########################################

Loading package: argparse
Warning message:
package ‘argparse’ was built under R version 4.1.3 
Loading package: data.table
Loading package: dplyr

Attaching package: ‘dplyr’

The following objects are masked from ‘package:data.table’:

    between, first, last

The following objects are masked from ‘package:stats’:

    filter, lag

The following objects are masked from ‘package:base’:

    intersect, setdiff, setequal, union

Loading package: openxlsx
Loading package: readr
Loading package: stringr
Loading package: tibble
Loading package: tidyr
Loading source function: cross_val.R
Loading required package: MASS

Attaching package: ‘MASS’

The following object is masked from ‘package:dplyr’:

    select

Warning message:
package ‘MASS’ was built under R version 4.1.3 

########################################
         END: ENVIRONMENT SETUP
########################################

########################################
     BEGIN: FILE CONFIGURATION
########################################

First five rows of configured data set...
# A tibble: 5 × 6
  GlobalID     Site   Days Inventory Temp_ReHS  ReHS
  <chr>        <chr> <dbl>     <dbl>     <dbl> <dbl>
1 4NL2_1_44204 4NL2      1       908      85.4  98.7
2 4NL2_1_44205 4NL2      2       908      86.3  92.3
3 4NL2_1_44206 4NL2      3       908      87.2  82  
4 4NL2_1_44207 4NL2      4      2860      86    92.3
5 4NL2_1_44208 4NL2      5      2860      85.4  96.7

First five rows of fit specification list...
[[1]]
ReHS ~ 1 + Days
<environment: 0x55555838cc60>

[[2]]
ReHS ~ 1 + Days + I(Days^2)
<environment: 0x55555838cc60>

[[3]]
ReHS ~ 1 + Days + I(Days^2) + I(Days^3)
<environment: 0x55555838cc60>

[[4]]
ReHS ~ 1 + Inventory
<environment: 0x55555838cc60>

[[5]]
ReHS ~ 1 + Inventory + I(Inventory^2)
<environment: 0x55555838cc60>



########################################
      END: FILE CONFIGURATION
########################################

########################################
        BEGIN: MODEL EVALUTION
########################################

First five rows of results file...
         HoldoutFold       SSE       SST          R2      R2_adj      MSE
4NL2...1        4NL2 160678.91  30903.66 -4.19934918 -4.20965513 158.7736
BIBL...2        BIBL 126396.44  60757.15 -1.08035484 -1.08576539 163.7260
CON2...3        CON2 203992.42 192558.73 -0.05937769 -0.06152218 205.8450
G1TC...4        G1TC  84734.54  19237.32 -3.40469505 -3.41513272 100.0408
HOTC...5        HOTC 699207.96 401410.34 -0.74187829 -0.74597201 818.7447
             RMSE             fit model
4NL2...1 12.60054 ReHS ~ 1 + Days    lm
BIBL...2 12.79554 ReHS ~ 1 + Days    lm
CON2...3 14.34730 ReHS ~ 1 + Days    lm
G1TC...4 10.00204 ReHS ~ 1 + Days    lm
HOTC...5 28.61371 ReHS ~ 1 + Days    lm

`summarise()` has grouped output by 'fit'. You can override using the `.groups`
argument.
First five rows of sumarized results file...
# A tibble: 5 × 4
# Groups:   fit [3]
  fit                                     model  `Mean RMSE` `SD RMSE`
  <chr>                                   <chr>        <dbl>     <dbl>
1 ReHS ~ 1 + Days                         lm            16.4      6.83
2 ReHS ~ 1 + Days                         robust        15.6      9.35
3 ReHS ~ 1 + Days + I(Days^2)             lm            16.2      6.50
4 ReHS ~ 1 + Days + I(Days^2)             robust        15.7      8.86
5 ReHS ~ 1 + Days + I(Days^2) + I(Days^3) lm            16.3      6.02


########################################
         END: MODEL EVALUTION
########################################

[1] "The current script was completed on Monday, August 22, 2022 at 02:32 PM"
