/var/spool/slurmd/job25047084/slurm_script: line 13: activate: No such file or directory
[1] "The current script was initialized on Thursday, August 11, 2022 at 05:14 PM"

########################################
        BEGIN: ENVIRONMENT SETUP
########################################

Loading package: argparse
Warning message:
package ‘argparse’ was built under R version 4.1.3 
Loading package: data.table
Loading package: dplyr

Attaching package: ‘dplyr’

The following objects are masked from ‘package:data.table’:

    between, first, last

The following objects are masked from ‘package:stats’:

    filter, lag

The following objects are masked from ‘package:base’:

    intersect, setdiff, setequal, union

Loading package: openxlsx
Loading package: readr
Loading package: stringr
Loading package: tibble
Loading package: tidyr
Loading source function: cross_val.R
Loading required package: MASS

Attaching package: ‘MASS’

The following object is masked from ‘package:dplyr’:

    select

Warning message:
package ‘MASS’ was built under R version 4.1.3 

########################################
         END: ENVIRONMENT SETUP
########################################

########################################
     BEGIN: FILE CONFIGURATION
########################################

First five rows of configured data set...
# A tibble: 5 × 6
  GlobalID     Site   Days Inventory Temp_ReHS  ReHS
  <chr>        <chr> <dbl>     <dbl>     <dbl> <dbl>
1 4NL2_1_44204 4NL2      1       908      85.4  98.7
2 4NL2_1_44205 4NL2      2       908      86.3  92.3
3 4NL2_1_44206 4NL2      3       908      87.2  82  
4 4NL2_1_44207 4NL2      4      2860      86    92.3
5 4NL2_1_44208 4NL2      5      2860      85.4  96.7

First five rows of fit specification list...
[[1]]
ReHS ~ 1 + Days
<environment: 0x5555583903d0>

[[2]]
ReHS ~ 1 + Days + I(Days^2)
<environment: 0x5555583903d0>

[[3]]
ReHS ~ 1 + Days + I(Days^2) + I(Days^3)
<environment: 0x5555583903d0>

[[4]]
ReHS ~ 1 + Inventory
<environment: 0x5555583903d0>

[[5]]
ReHS ~ 1 + Inventory + I(Inventory^2)
<environment: 0x5555583903d0>



########################################
      END: FILE CONFIGURATION
########################################

########################################
        BEGIN: MODEL EVALUTION
########################################

First five rows of results file...
         HoldoutFold       SSE       SST          R2      R2_adj      MSE
4NL2...1        4NL2 160672.93  30903.66 -4.19915552 -4.20946108 158.7677
BIBL...2        BIBL 126429.13  60757.15 -1.08089283 -1.08630477 163.7683
CON2...3        CON2 203949.36 192558.73 -0.05915403 -0.06129807 205.8016
G1TC...4        G1TC  84770.67  19237.32 -3.40657289 -3.41701500 100.0834
HOTC...5        HOTC 699183.74 401410.34 -0.74181797 -0.74591155 818.7163
             RMSE             fit model
4NL2...1 12.60031 ReHS ~ 1 + Days    lm
BIBL...2 12.79720 ReHS ~ 1 + Days    lm
CON2...3 14.34579 ReHS ~ 1 + Days    lm
G1TC...4 10.00417 ReHS ~ 1 + Days    lm
HOTC...5 28.61322 ReHS ~ 1 + Days    lm


########################################
         END: MODEL EVALUTION
########################################

[1] "The current script was completed on Thursday, August 11, 2022 at 05:15 PM"
