
Attaching package: ‘dplyr’

The following objects are masked from ‘package:stats’:

    filter, lag

The following objects are masked from ‘package:base’:

    intersect, setdiff, setequal, union

Warning messages:
1: glm.fit: fitted probabilities numerically 0 or 1 occurred 
2: glm.fit: fitted probabilities numerically 0 or 1 occurred 
3: glm.fit: algorithm did not converge 
4: glm.fit: fitted probabilities numerically 0 or 1 occurred 
5: glm.fit: fitted probabilities numerically 0 or 1 occurred 
6: glm.fit: algorithm did not converge 
7: glm.fit: fitted probabilities numerically 0 or 1 occurred 
Warning messages:
1: glm.fit: fitted probabilities numerically 0 or 1 occurred 
2: glm.fit: fitted probabilities numerically 0 or 1 occurred 
3: glm.fit: algorithm did not converge 
4: glm.fit: fitted probabilities numerically 0 or 1 occurred 
5: glm.fit: fitted probabilities numerically 0 or 1 occurred 
6: glm.fit: fitted probabilities numerically 0 or 1 occurred 
Warning messages:
1: glm.fit: fitted probabilities numerically 0 or 1 occurred 
2: glm.fit: fitted probabilities numerically 0 or 1 occurred 
3: glm.fit: algorithm did not converge 
4: glm.fit: fitted probabilities numerically 0 or 1 occurred 
5: glm.fit: fitted probabilities numerically 0 or 1 occurred 
6: glm.fit: fitted probabilities numerically 0 or 1 occurred 
Warning messages:
1: glm.fit: fitted probabilities numerically 0 or 1 occurred 
2: glm.fit: fitted probabilities numerically 0 or 1 occurred 
3: glm.fit: algorithm did not converge 
4: glm.fit: fitted probabilities numerically 0 or 1 occurred 
5: glm.fit: fitted probabilities numerically 0 or 1 occurred 
6: glm.fit: fitted probabilities numerically 0 or 1 occurred 
There were 22 warnings (use warnings() to see them)
Warning messages:
1: In write.csv(df_out, file = "/group/deckerlab/cjgwx7/sensor-data/results/single-variable/HMD_Global-SingleVariable.csv",  :
  attempt to set 'col.names' ignored
2: In write.csv(df_out, file = "/group/deckerlab/cjgwx7/sensor-data/results/single-variable/HMD_Global-SingleVariable.csv",  :
  attempt to set 'sep' ignored
