[1] "The current script was initialized on Tuesday, July 19, 2022 at 08:26 PM"

########################################
        BEGIN: ENVIRONMENT SETUP
########################################

Loading package: data.table
Loading package: dplyr

Attaching package: ‘dplyr’

The following objects are masked from ‘package:data.table’:

    between, first, last

The following objects are masked from ‘package:stats’:

    filter, lag

The following objects are masked from ‘package:base’:

    intersect, setdiff, setequal, union

Loading package: readr
Loading package: stringr
Loading package: tibble
Loading package: tidyr

########################################
         END: ENVIRONMENT SETUP
########################################

########################################
     BEGIN: DIRECTORY CONFIGURATION
########################################

Unzipping raw data files
[1] TRUE

########################################
      END: DIRECTORY CONFIGURATION
########################################

########################################
         BEGIN: READ IN DATA
########################################

Reading in device files for each site...
Binding site device files into a single file...
Printing raw data set structure...
Rows: 26,312
Columns: 6
$ Device       <chr> "Maschhoff_4NL2_RM1_E", "Maschhoff_4NL2_RM1_E", "Maschhof…
$ CalendarDate <chr> "2020-12-21", "2020-12-22", "2020-12-23", "2020-12-24", "…
$ Temp_ReHS    <dbl> NA, NA, NA, NA, NA, NA, NA, NA, NA, NA, NA, NA, NA, NA, N…
$ Color_ReHS   <chr> "blue", "blue", "blue", "blue", "blue", "blue", "blue", "…
$ ReHS         <dbl> NA, NA, NA, NA, NA, NA, NA, NA, NA, NA, NA, NA, NA, NA, N…
$ Site         <chr> "4NL2", "4NL2", "4NL2", "4NL2", "4NL2", "4NL2", "4NL2", "…

########################################
         END: READ IN DATA
########################################

########################################
       BEGIN: DATA PROCESSING
########################################

Processing data...
Printing overall summary statistics before QC...
   Temp_ReHS           ReHS       Color_ReHS  
 Min.   : 43.88   Min.   : 8.6   Green :5342  
 1st Qu.: 69.20   1st Qu.:86.6   Red   : 180  
 Median : 74.00   Median :95.0   Yellow: 246  
 Mean   : 74.00   Mean   :88.1   NA's  : 794  
 3rd Qu.: 79.16   3rd Qu.:97.4                
 Max.   :191.30   Max.   :99.0                
 NA's   :725      NA's   :794                 
Printing site summary statistics before QC...
cough_v2$Site: 4NL2
   Temp_ReHS           ReHS        Color_ReHS  
 Min.   : 53.00   Min.   :58.50   Green :1077  
 1st Qu.: 71.30   1st Qu.:93.67   Red   :   0  
 Median : 74.90   Median :97.33   Yellow:   1  
 Mean   : 75.44   Mean   :94.92   NA's  :  72  
 3rd Qu.: 79.40   3rd Qu.:98.33                
 Max.   :191.30   Max.   :99.00                
 NA's   :60       NA's   :72                   
------------------------------------------------------------ 
cough_v2$Site: BIBL
   Temp_ReHS           ReHS        Color_ReHS 
 Min.   : 49.28   Min.   :34.80   Green :934  
 1st Qu.: 70.34   1st Qu.:96.10   Red   :  4  
 Median : 76.28   Median :97.33   Yellow: 13  
 Mean   : 75.30   Mean   :95.27   NA's  :101  
 3rd Qu.: 80.78   3rd Qu.:98.00               
 Max.   :110.66   Max.   :99.00               
 NA's   :97       NA's   :101                 
------------------------------------------------------------ 
cough_v2$Site: CON2
   Temp_ReHS           ReHS        Color_ReHS 
 Min.   : 50.30   Min.   :17.33   Green :981  
 1st Qu.: 68.30   1st Qu.:81.50   Red   : 17  
 Median : 73.70   Median :92.67   Yellow: 46  
 Mean   : 73.97   Mean   :86.72   NA's  :132  
 3rd Qu.: 79.70   3rd Qu.:96.33               
 Max.   :140.90   Max.   :99.00               
 NA's   :118      NA's   :132                 
------------------------------------------------------------ 
cough_v2$Site: G1TC
   Temp_ReHS           ReHS        Color_ReHS  
 Min.   : 43.88   Min.   :63.80   Green :1087  
 1st Qu.: 71.06   1st Qu.:93.55   Red   :   0  
 Median : 73.94   Median :96.20   Yellow:   0  
 Mean   : 74.43   Mean   :94.75   NA's  :  63  
 3rd Qu.: 78.62   3rd Qu.:97.50                
 Max.   :122.67   Max.   :99.00                
 NA's   :45       NA's   :63                   
------------------------------------------------------------ 
cough_v2$Site: HOTC
   Temp_ReHS           ReHS        Color_ReHS 
 Min.   : 48.20   Min.   : 8.60   Green :682  
 1st Qu.: 67.64   1st Qu.:59.35   Red   :118  
 Median : 73.22   Median :76.60   Yellow:107  
 Mean   : 73.25   Mean   :72.12   NA's  :145  
 3rd Qu.: 78.45   3rd Qu.:92.20               
 Max.   :127.58   Max.   :99.00               
 NA's   :136      NA's   :145                 
------------------------------------------------------------ 
cough_v2$Site: TPLJ
   Temp_ReHS          ReHS        Color_ReHS 
 Min.   :58.10   Min.   :18.00   Green :581  
 1st Qu.:64.40   1st Qu.:69.00   Red   : 41  
 Median :70.40   Median :89.33   Yellow: 79  
 Mean   :70.43   Mean   :80.29   NA's  :281  
 3rd Qu.:76.10   3rd Qu.:95.00               
 Max.   :87.80   Max.   :99.00               
 NA's   :269     NA's   :281                 
Performing quality control...
Printing overall summary statistics after QC...
   Temp_ReHS           ReHS       Color_ReHS  
 Min.   : 46.04   Min.   : 8.6   Green :5342  
 1st Qu.: 69.20   1st Qu.:86.6   Red   : 180  
 Median : 74.00   Median :95.0   Yellow: 246  
 Mean   : 73.92   Mean   :88.1   NA's  : 794  
 3rd Qu.: 79.10   3rd Qu.:97.4                
 Max.   :103.82   Max.   :99.0                
 NA's   :735      NA's   :794                 
Printing site summary statistics after QC...
cough_v3$Site: 4NL2
   Temp_ReHS          ReHS        Color_ReHS  
 Min.   :53.00   Min.   :58.50   Green :1077  
 1st Qu.:71.30   1st Qu.:93.67   Red   :   0  
 Median :74.90   Median :97.33   Yellow:   1  
 Mean   :75.26   Mean   :94.92   NA's  :  72  
 3rd Qu.:79.40   3rd Qu.:98.33                
 Max.   :93.50   Max.   :99.00                
 NA's   :63      NA's   :72                   
------------------------------------------------------------ 
cough_v3$Site: BIBL
   Temp_ReHS           ReHS        Color_ReHS 
 Min.   : 49.28   Min.   :34.80   Green :934  
 1st Qu.: 70.34   1st Qu.:96.10   Red   :  4  
 Median : 76.28   Median :97.33   Yellow: 13  
 Mean   : 75.26   Mean   :95.27   NA's  :101  
 3rd Qu.: 80.78   3rd Qu.:98.00               
 Max.   :103.82   Max.   :99.00               
 NA's   :98       NA's   :101                 
------------------------------------------------------------ 
cough_v3$Site: CON2
   Temp_ReHS          ReHS        Color_ReHS 
 Min.   :50.30   Min.   :17.33   Green :981  
 1st Qu.:68.30   1st Qu.:81.50   Red   : 17  
 Median :73.70   Median :92.67   Yellow: 46  
 Mean   :73.81   Mean   :86.72   NA's  :132  
 3rd Qu.:79.70   3rd Qu.:96.33               
 Max.   :89.60   Max.   :99.00               
 NA's   :121     NA's   :132                 
------------------------------------------------------------ 
cough_v3$Site: G1TC
   Temp_ReHS          ReHS        Color_ReHS  
 Min.   :46.04   Min.   :63.80   Green :1087  
 1st Qu.:71.06   1st Qu.:93.55   Red   :   0  
 Median :73.94   Median :96.20   Yellow:   0  
 Mean   :74.41   Mean   :94.75   NA's  :  63  
 3rd Qu.:78.62   3rd Qu.:97.50                
 Max.   :95.90   Max.   :99.00                
 NA's   :47      NA's   :63                   
------------------------------------------------------------ 
cough_v3$Site: HOTC
   Temp_ReHS          ReHS        Color_ReHS 
 Min.   :48.20   Min.   : 8.60   Green :682  
 1st Qu.:67.64   1st Qu.:59.35   Red   :118  
 Median :73.22   Median :76.60   Yellow:107  
 Mean   :73.19   Mean   :72.12   NA's  :145  
 3rd Qu.:78.44   3rd Qu.:92.20               
 Max.   :95.45   Max.   :99.00               
 NA's   :137     NA's   :145                 
------------------------------------------------------------ 
cough_v3$Site: TPLJ
   Temp_ReHS          ReHS        Color_ReHS 
 Min.   :58.10   Min.   :18.00   Green :581  
 1st Qu.:64.40   1st Qu.:69.00   Red   : 41  
 Median :70.40   Median :89.33   Yellow: 79  
 Mean   :70.43   Mean   :80.29   NA's  :281  
 3rd Qu.:76.10   3rd Qu.:95.00               
 Max.   :87.80   Max.   :99.00               
 NA's   :269     NA's   :281                 
Printing clean dataset...
Rows: 6,562
Columns: 5
$ GlobalID   <chr> "4NL2_1_44186", "4NL2_1_44187", "4NL2_1_44188", "4NL2_1_441…
$ Temp_ReHS  <dbl> NA, NA, NA, NA, NA, NA, NA, NA, NA, NA, NA, NA, NA, NA, NA,…
$ ReHS       <dbl> NA, NA, NA, NA, NA, NA, NA, NA, NA, NA, NA, NA, NA, NA, NA,…
$ Color_ReHS <fct> NA, NA, NA, NA, NA, NA, NA, NA, NA, NA, NA, NA, NA, NA, NA,…
$ Site       <chr> "4NL2", "4NL2", "4NL2", "4NL2", "4NL2", "4NL2", "4NL2", "4N…

########################################
        END: DATA PROCESSING
########################################

########################################
         BEGIN: FILE EXPORT
########################################

Exporting cough data sets...

########################################
           END: FILE EXPORT
########################################

[1] "The current script was completed on Tuesday, July 19, 2022 at 08:26 PM"
