Warning messages:
1: In checkMatrixPackageVersion() :
  Package version inconsistency detected.
TMB was built with Matrix version 1.4.0
Current Matrix version is 1.4.1
Please re-install 'TMB' from source using install.packages('TMB', type = 'source') or ask CRAN for a binary version of 'TMB' matching CRAN's 'Matrix' package
2: In checkDepPackageVersion(dep_pkg = "TMB") :
  Package version inconsistency detected.
glmmTMB was built with TMB version 1.8.0
Current TMB version is 1.8.1
Please re-install glmmTMB from source or restore original ‘TMB’ package (see '?reinstalling' for more information)
[1] "####################################################"
[1] "Treatment Proportion"
[1] "Binomial"
[1] "############################# LEVEL 1 ##########################"
[1] "Fit 1"
[1] "####################################################"

Call:
glm(formula = TreatmentProportion ~ 1, family = binomial(), data = df, 
    weights = Inventory, na.action = na.exclude)

Deviance Residuals: 
    Min       1Q   Median       3Q      Max  
-12.104   -6.633   -4.069    0.611   79.865  

Coefficients:
             Estimate Std. Error z value Pr(>|z|)    
(Intercept) -4.037102   0.003219   -1254   <2e-16 ***
---
Signif. codes:  0 ‘***’ 0.001 ‘**’ 0.01 ‘*’ 0.05 ‘.’ 0.1 ‘ ’ 1

(Dispersion parameter for binomial family taken to be 1)

    Null deviance: 157310  on 2999  degrees of freedom
Residual deviance: 157310  on 2999  degrees of freedom
  (12 observations deleted due to missingness)
AIC: 167003

Number of Fisher Scoring iterations: 6

[1] "The AIC of this model fit is 167003.181898698"
[1] "####################################################"
[1] "############################# LEVEL 2 ##########################"
[1] "Fit 2"
[1] "####################################################"

Call:
glm(formula = TreatmentProportion ~ Days, family = binomial(), 
    data = df, weights = Inventory, na.action = na.exclude)

Deviance Residuals: 
    Min       1Q   Median       3Q      Max  
-14.515   -5.817   -3.125    0.913   77.707  

Coefficients:
              Estimate Std. Error z value Pr(>|z|)    
(Intercept) -3.5679087  0.0052308 -682.10   <2e-16 ***
Days        -0.0091169  0.0000912  -99.96   <2e-16 ***
---
Signif. codes:  0 ‘***’ 0.001 ‘**’ 0.01 ‘*’ 0.05 ‘.’ 0.1 ‘ ’ 1

(Dispersion parameter for binomial family taken to be 1)

    Null deviance: 157310  on 2999  degrees of freedom
Residual deviance: 145925  on 2998  degrees of freedom
  (12 observations deleted due to missingness)
AIC: 155620

Number of Fisher Scoring iterations: 5

[1] "The AIC of this model fit is 155619.950025197"
[1] "####################################################"
[1] "Fit 3"
[1] "####################################################"

Call:
glm(formula = TreatmentProportion ~ Days + I(Days^2), family = binomial(), 
    data = df, weights = Inventory, na.action = na.exclude)

Deviance Residuals: 
    Min       1Q   Median       3Q      Max  
-13.865   -5.926   -2.367    1.760   75.297  

Coefficients:
              Estimate Std. Error z value Pr(>|z|)    
(Intercept) -4.222e+00  9.213e-03 -458.30   <2e-16 ***
Days         2.255e-02  3.547e-04   63.58   <2e-16 ***
I(Days^2)   -2.560e-04  2.913e-06  -87.89   <2e-16 ***
---
Signif. codes:  0 ‘***’ 0.001 ‘**’ 0.01 ‘*’ 0.05 ‘.’ 0.1 ‘ ’ 1

(Dispersion parameter for binomial family taken to be 1)

    Null deviance: 157310  on 2999  degrees of freedom
Residual deviance: 135875  on 2997  degrees of freedom
  (12 observations deleted due to missingness)
AIC: 145572

Number of Fisher Scoring iterations: 6

[1] "The AIC of this model fit is 145571.820723643"
[1] "####################################################"
[1] "Fit 4"
[1] "####################################################"

Call:
glm(formula = TreatmentProportion ~ Days + I(Days^2) + I(Days^3), 
    family = binomial(), data = df, weights = Inventory, na.action = na.exclude)

Deviance Residuals: 
    Min       1Q   Median       3Q      Max  
-14.376   -5.733   -2.516    1.568   73.854  

Coefficients:
              Estimate Std. Error z value Pr(>|z|)    
(Intercept) -4.549e+00  1.248e-02 -364.39   <2e-16 ***
Days         4.846e-02  7.121e-04   68.05   <2e-16 ***
I(Days^2)   -7.380e-04  1.143e-05  -64.56   <2e-16 ***
I(Days^3)    2.350e-06  5.113e-08   45.95   <2e-16 ***
---
Signif. codes:  0 ‘***’ 0.001 ‘**’ 0.01 ‘*’ 0.05 ‘.’ 0.1 ‘ ’ 1

(Dispersion parameter for binomial family taken to be 1)

    Null deviance: 157310  on 2999  degrees of freedom
Residual deviance: 134223  on 2996  degrees of freedom
  (12 observations deleted due to missingness)
AIC: 143922

Number of Fisher Scoring iterations: 5

[1] "The AIC of this model fit is 143922.340459232"
[1] "####################################################"
[1] "############################# LEVEL 3 ##########################"
[1] "Fit 5"
[1] "####################################################"
Generalized linear mixed model fit by maximum likelihood (Laplace
  Approximation) [glmerMod]
 Family: binomial  ( logit )
Formula: TreatmentProportion ~ (1 + Days | Site)
   Data: df
Weights: Inventory

     AIC      BIC   logLik deviance df.resid 
101095.6 101119.7 -50543.8 101087.6     2996 

Scaled residuals: 
    Min      1Q  Median      3Q     Max 
-11.237  -3.196  -1.486   1.235 106.134 

Random effects:
 Groups Name        Variance  Std.Dev. Corr 
 Site   (Intercept) 7.188e-01 0.84780       
        Days        7.886e-05 0.00888  -0.24
Number of obs: 3000, groups:  Site, 6

Fixed effects:
            Estimate Std. Error z value Pr(>|z|)    
(Intercept)  -4.3437     0.6052  -7.177 7.11e-13 ***
---
Signif. codes:  0 ‘***’ 0.001 ‘**’ 0.01 ‘*’ 0.05 ‘.’ 0.1 ‘ ’ 1
[1] "The AIC of this model fit is 101095.627253087"
[1] "####################################################"
[1] "Fit 6"
[1] "####################################################"
boundary (singular) fit: see help('isSingular')
Generalized linear mixed model fit by maximum likelihood (Laplace
  Approximation) [glmerMod]
 Family: binomial  ( logit )
Formula: TreatmentProportion ~ (1 + Days + I(Days^2) | Site)
   Data: df
Weights: Inventory

     AIC      BIC   logLik deviance df.resid 
 89902.0  89944.1 -44944.0  89888.0     2993 

Scaled residuals: 
    Min      1Q  Median      3Q     Max 
 -9.570  -2.927  -0.898   1.474 101.834 

Random effects:
 Groups Name        Variance  Std.Dev.  Corr       
 Site   (Intercept) 2.875e+00 1.6954463            
        Days        2.292e-03 0.0478722 -0.91      
        I(Days^2)   2.563e-07 0.0005063  0.91 -0.99
Number of obs: 3000, groups:  Site, 6

Fixed effects:
            Estimate Std. Error z value Pr(>|z|)    
(Intercept)   -3.858      0.451  -8.554   <2e-16 ***
---
Signif. codes:  0 ‘***’ 0.001 ‘**’ 0.01 ‘*’ 0.05 ‘.’ 0.1 ‘ ’ 1
optimizer (Nelder_Mead) convergence code: 0 (OK)
boundary (singular) fit: see help('isSingular')

[1] "The AIC of this model fit is 89902.0476414669"
[1] "####################################################"
[1] "Fit 7"
[1] "####################################################"
Warning messages:
1: In checkConv(attr(opt, "derivs"), opt$par, ctrl = control$checkConv,  :
  Model failed to converge with max|grad| = 2.62767 (tol = 0.002, component 1)
2: In checkConv(attr(opt, "derivs"), opt$par, ctrl = control$checkConv,  :
  Model is nearly unidentifiable: very large eigenvalue
 - Rescale variables?
Generalized linear mixed model fit by maximum likelihood (Laplace
  Approximation) [glmerMod]
 Family: binomial  ( logit )
Formula: TreatmentProportion ~ (1 + Days + I(Days^2) + I(Days^3) | Site)
   Data: df
Weights: Inventory

     AIC      BIC   logLik deviance df.resid 
 83229.0  83295.1 -41603.5  83207.0     2989 

Scaled residuals: 
    Min      1Q  Median      3Q     Max 
-10.091  -2.651  -0.779   1.475  88.849 

Random effects:
 Groups Name        Variance Std.Dev. Corr          
 Site   (Intercept) 0.786914 0.88708                
        Days        0.015101 0.12289  0.11          
        I(Days^2)   0.002176 0.04665  0.24 0.48     
        I(Days^3)   0.008510 0.09225  0.26 0.54 1.00
Number of obs: 3000, groups:  Site, 6

Fixed effects:
            Estimate Std. Error z value Pr(>|z|)    
(Intercept) -4.26092    0.01306  -326.2   <2e-16 ***
---
Signif. codes:  0 ‘***’ 0.001 ‘**’ 0.01 ‘*’ 0.05 ‘.’ 0.1 ‘ ’ 1
optimizer (Nelder_Mead) convergence code: 0 (OK)
Model failed to converge with max|grad| = 2.62767 (tol = 0.002, component 1)
Model is nearly unidentifiable: very large eigenvalue
 - Rescale variables?

[1] "The AIC of this model fit is 83229.0433717646"
[1] "####################################################"
[1] "############################# LEVEL 4 ##########################"
[1] "Fit 8"
[1] "####################################################"
Generalized linear mixed model fit by maximum likelihood (Laplace
  Approximation) [glmerMod]
 Family: binomial  ( logit )
Formula: TreatmentProportion ~ (1 + Days | Site_Room_Turn)
   Data: df
Weights: Inventory

     AIC      BIC   logLik deviance df.resid 
 86592.3  86616.3 -43292.2  86584.3     2996 

Scaled residuals: 
    Min      1Q  Median      3Q     Max 
-12.164  -2.654  -1.130   1.363  94.694 

Random effects:
 Groups         Name        Variance Std.Dev. Corr 
 Site_Room_Turn (Intercept) 2.712522 1.64697       
                Days        0.001534 0.03917  -0.81
Number of obs: 3000, groups:  Site_Room_Turn, 26

Fixed effects:
            Estimate Std. Error z value Pr(>|z|)    
(Intercept)   -4.316      0.191  -22.59   <2e-16 ***
---
Signif. codes:  0 ‘***’ 0.001 ‘**’ 0.01 ‘*’ 0.05 ‘.’ 0.1 ‘ ’ 1
[1] "The AIC of this model fit is 86592.312671355"
[1] "####################################################"
[1] "Fit 9"
[1] "####################################################"
Warning messages:
1: In checkConv(attr(opt, "derivs"), opt$par, ctrl = control$checkConv,  :
  Model failed to converge with max|grad| = 0.41834 (tol = 0.002, component 1)
2: In checkConv(attr(opt, "derivs"), opt$par, ctrl = control$checkConv,  :
  Model is nearly unidentifiable: very large eigenvalue
 - Rescale variables?;Model is nearly unidentifiable: large eigenvalue ratio
 - Rescale variables?
Generalized linear mixed model fit by maximum likelihood (Laplace
  Approximation) [glmerMod]
 Family: binomial  ( logit )
Formula: TreatmentProportion ~ (1 + Days + I(Days^2) | Site_Room_Turn)
   Data: df
Weights: Inventory

     AIC      BIC   logLik deviance df.resid 
 66523.0  66565.0 -33254.5  66509.0     2993 

Scaled residuals: 
    Min      1Q  Median      3Q     Max 
  -11.9    -2.2    -0.6     1.3 13679.6 

Random effects:
 Groups         Name        Variance  Std.Dev. Corr       
 Site_Room_Turn (Intercept) 3.488e+02 18.67505            
                Days        1.942e+00  1.39353 -1.00      
                I(Days^2)   6.770e-04  0.02602  1.00 -1.00
Number of obs: 3000, groups:  Site_Room_Turn, 26

Fixed effects:
            Estimate Std. Error z value Pr(>|z|)    
(Intercept)  -4.0641     0.2818  -14.42   <2e-16 ***
---
Signif. codes:  0 ‘***’ 0.001 ‘**’ 0.01 ‘*’ 0.05 ‘.’ 0.1 ‘ ’ 1
optimizer (Nelder_Mead) convergence code: 0 (OK)
Model failed to converge with max|grad| = 0.41834 (tol = 0.002, component 1)
Model is nearly unidentifiable: very large eigenvalue
 - Rescale variables?
Model is nearly unidentifiable: large eigenvalue ratio
 - Rescale variables?

[1] "The AIC of this model fit is 66522.9754401186"
[1] "####################################################"
[1] "Fit 10"
[1] "####################################################"
boundary (singular) fit: see help('isSingular')
Generalized linear mixed model fit by maximum likelihood (Laplace
  Approximation) [glmerMod]
 Family: binomial  ( logit )
Formula: 
TreatmentProportion ~ (1 + Days + I(Days^2) + I(Days^3) | Site_Room_Turn)
   Data: df
Weights: Inventory

     AIC      BIC   logLik deviance df.resid 
 59559.1  59625.1 -29768.5  59537.1     2989 

Scaled residuals: 
   Min     1Q Median     3Q    Max 
 -13.4   -2.0   -0.4    1.2 3587.9 

Random effects:
 Groups         Name        Variance  Std.Dev. Corr             
 Site_Room_Turn (Intercept) 5.6134151 2.36926                   
                Days        1.4708552 1.21279  -0.03            
                I(Days^2)   0.1874384 0.43294  -0.05  0.30      
                I(Days^3)   0.0001303 0.01142   0.05 -0.35 -1.00
Number of obs: 3000, groups:  Site_Room_Turn, 26

Fixed effects:
            Estimate Std. Error z value Pr(>|z|)    
(Intercept)  -4.0546     0.3349  -12.11   <2e-16 ***
---
Signif. codes:  0 ‘***’ 0.001 ‘**’ 0.01 ‘*’ 0.05 ‘.’ 0.1 ‘ ’ 1
optimizer (Nelder_Mead) convergence code: 0 (OK)
boundary (singular) fit: see help('isSingular')

[1] "The AIC of this model fit is 59559.0507278436"
[1] "####################################################"
