
Attaching package: ‘dplyr’

The following objects are masked from ‘package:stats’:

    filter, lag

The following objects are masked from ‘package:base’:

    intersect, setdiff, setequal, union

Loading required package: lme4
Loading required package: Matrix

Attaching package: ‘lmerTest’

The following object is masked from ‘package:lme4’:

    lmer

The following object is masked from ‘package:stats’:

    step


Attaching package: ‘tidyr’

The following objects are masked from ‘package:Matrix’:

    expand, pack, unpack

[1] "TreatmentProportion"
[1] "Model Level1_glm started"
[1] "Model Level1_glm finished"
[1] "Model Level2_a_glm started"
[1] "Model Level2_a_glm finished"
[1] "Model Level2_b_glm started"
[1] "Model Level2_b_glm finished"
[1] "Model Level2_c_glm started"
[1] "Model Level2_c_glm finished"
[1] "Model Level3_a_glmer started"
[1] "Model Level3_a_glmer finished"
[1] "Model Level3_b_glmer started"
boundary (singular) fit: see help('isSingular')
[1] "Model Level3_b_glmer finished"
[1] "Model Level3_c_glmer started"
[1] "Model Level3_c_glmer finished"
[1] "Model Level4_a_glmer started"
[1] "Model Level4_a_glmer finished"
[1] "Model Level4_b_glmer started"
[1] "Model Level4_b_glmer finished"
[1] "Model Level4_c_glmer started"
boundary (singular) fit: see help('isSingular')
[1] "Model Level4_c_glmer finished"
Warning messages:
1: In checkConv(attr(opt, "derivs"), opt$par, ctrl = control$checkConv,  :
  Model failed to converge with max|grad| = 2.62767 (tol = 0.002, component 1)
2: In checkConv(attr(opt, "derivs"), opt$par, ctrl = control$checkConv,  :
  Model is nearly unidentifiable: very large eigenvalue
 - Rescale variables?
3: In checkConv(attr(opt, "derivs"), opt$par, ctrl = control$checkConv,  :
  Model failed to converge with max|grad| = 0.41834 (tol = 0.002, component 1)
4: In checkConv(attr(opt, "derivs"), opt$par, ctrl = control$checkConv,  :
  Model is nearly unidentifiable: very large eigenvalue
 - Rescale variables?;Model is nearly unidentifiable: large eigenvalue ratio
 - Rescale variables?
Warning messages:
1: In write.csv(df_out, path_out, sep = ",", row.names = FALSE, col.names = TRUE) :
  attempt to set 'col.names' ignored
2: In write.csv(df_out, path_out, sep = ",", row.names = FALSE, col.names = TRUE) :
  attempt to set 'sep' ignored
