Warning messages:
1: In checkMatrixPackageVersion() :
  Package version inconsistency detected.
TMB was built with Matrix version 1.4.0
Current Matrix version is 1.4.1
Please re-install 'TMB' from source using install.packages('TMB', type = 'source') or ask CRAN for a binary version of 'TMB' matching CRAN's 'Matrix' package
2: In checkDepPackageVersion(dep_pkg = "TMB") :
  Package version inconsistency detected.
glmmTMB was built with TMB version 1.8.0
Current TMB version is 1.8.1
Please re-install glmmTMB from source or restore original ‘TMB’ package (see '?reinstalling' for more information)
[1] "####################################################"
[1] "WaterIntakeHdRMS"
[1] "Linear Model"
[1] "############################# LEVEL 1 ##########################"
[1] "Fit 1"
[1] "####################################################"

Call:
lm(formula = WaterIntakeHdRMS ~ 1, data = df, na.action = na.exclude)

Residuals:
    Min      1Q  Median      3Q     Max 
 -1.189  -0.654  -0.194   0.421 194.106 

Coefficients:
            Estimate Std. Error t value Pr(>|t|)    
(Intercept)  1.20137    0.08352   14.38   <2e-16 ***
---
Signif. codes:  0 ‘***’ 0.001 ‘**’ 0.01 ‘*’ 0.05 ‘.’ 0.1 ‘ ’ 1

Residual standard error: 4.068 on 2371 degrees of freedom
  (640 observations deleted due to missingness)

[1] "The AIC of this model fit is 13390.8789378687"
[1] "####################################################"
[1] "############################# LEVEL 2 ##########################"
[1] "Fit 2"
[1] "####################################################"

Call:
lm(formula = WaterIntakeHdRMS ~ Days, data = df, na.action = na.exclude)

Residuals:
    Min      1Q  Median      3Q     Max 
 -2.539  -0.350  -0.196   0.187 194.111 

Coefficients:
            Estimate Std. Error t value Pr(>|t|)    
(Intercept) 0.532102   0.142715   3.728 0.000197 ***
Days        0.010065   0.001746   5.763 9.32e-09 ***
---
Signif. codes:  0 ‘***’ 0.001 ‘**’ 0.01 ‘*’ 0.05 ‘.’ 0.1 ‘ ’ 1

Residual standard error: 4.041 on 2370 degrees of freedom
  (640 observations deleted due to missingness)
Multiple R-squared:  0.01382,	Adjusted R-squared:  0.01341 
F-statistic: 33.22 on 1 and 2370 DF,  p-value: 9.315e-09

[1] "The AIC of this model fit is 13359.8649576135"
[1] "####################################################"
[1] "Fit 3"
[1] "####################################################"

Call:
lm(formula = WaterIntakeHdRMS ~ Days + I(Days^2), data = df, 
    na.action = na.exclude)

Residuals:
    Min      1Q  Median      3Q     Max 
 -1.567  -0.345  -0.117   0.102 193.783 

Coefficients:
              Estimate Std. Error t value Pr(>|t|)    
(Intercept) -0.1318407  0.2072147  -0.636    0.525    
Days         0.0347785  0.0058750   5.920 3.69e-09 ***
I(Days^2)   -0.0001466  0.0000333  -4.404 1.11e-05 ***
---
Signif. codes:  0 ‘***’ 0.001 ‘**’ 0.01 ‘*’ 0.05 ‘.’ 0.1 ‘ ’ 1

Residual standard error: 4.025 on 2369 degrees of freedom
  (640 observations deleted due to missingness)
Multiple R-squared:  0.02183,	Adjusted R-squared:  0.021 
F-statistic: 26.44 on 2 and 2369 DF,  p-value: 4.421e-12

[1] "The AIC of this model fit is 13342.5233399983"
[1] "####################################################"
[1] "Fit 4"
[1] "####################################################"

Call:
lm(formula = WaterIntakeHdRMS ~ Days + I(Days^2) + I(Days^3), 
    data = df, na.action = na.exclude)

Residuals:
    Min      1Q  Median      3Q     Max 
 -1.553  -0.327  -0.116   0.079 193.808 

Coefficients:
              Estimate Std. Error t value Pr(>|t|)  
(Intercept) -4.930e-02  2.734e-01  -0.180   0.8569  
Days         2.930e-02  1.321e-02   2.217   0.0267 *
I(Days^2)   -6.977e-05  1.694e-04  -0.412   0.6805  
I(Days^3)   -2.811e-07  6.075e-07  -0.463   0.6436  
---
Signif. codes:  0 ‘***’ 0.001 ‘**’ 0.01 ‘*’ 0.05 ‘.’ 0.1 ‘ ’ 1

Residual standard error: 4.026 on 2368 degrees of freedom
  (640 observations deleted due to missingness)
Multiple R-squared:  0.02192,	Adjusted R-squared:  0.02068 
F-statistic: 17.69 on 3 and 2368 DF,  p-value: 2.352e-11

[1] "The AIC of this model fit is 13344.3088389482"
[1] "####################################################"
[1] "############################# LEVEL 3 ##########################"
[1] "Fit 5"
[1] "####################################################"
boundary (singular) fit: see help('isSingular')
Linear mixed model fit by REML. t-tests use Satterthwaite's method [
lmerModLmerTest]
Formula: WaterIntakeHdRMS ~ (1 + Days | Site)
   Data: df

REML criterion at convergence: 13355.7

Scaled residuals: 
   Min     1Q Median     3Q    Max 
-0.442 -0.084 -0.042  0.038 48.096 

Random effects:
 Groups   Name        Variance  Std.Dev. Corr 
 Site     (Intercept) 3.745e-02 0.19351       
          Days        1.965e-04 0.01402  -1.00
 Residual             1.620e+01 4.02533       
Number of obs: 2372, groups:  Site, 5

Fixed effects:
            Estimate Std. Error     df t value Pr(>|t|)   
(Intercept)   0.5921     0.1240 8.8248   4.775  0.00107 **
---
Signif. codes:  0 ‘***’ 0.001 ‘**’ 0.01 ‘*’ 0.05 ‘.’ 0.1 ‘ ’ 1
optimizer (nloptwrap) convergence code: 0 (OK)
boundary (singular) fit: see help('isSingular')

[1] "The AIC of this model fit is 13365.6811780062"
[1] "####################################################"
[1] "Fit 6"
[1] "####################################################"
boundary (singular) fit: see help('isSingular')
Warning message:
Model failed to converge with 2 negative eigenvalues: -5.4e+03 -5.8e+09 
Linear mixed model fit by REML. t-tests use Satterthwaite's method [
lmerModLmerTest]
Formula: WaterIntakeHdRMS ~ (1 + Days + I(Days^2) | Site)
   Data: df

REML criterion at convergence: 13357.8

Scaled residuals: 
   Min     1Q Median     3Q    Max 
-0.357 -0.072 -0.018  0.022 48.152 

Random effects:
 Groups   Name        Variance  Std.Dev.  Corr       
 Site     (Intercept) 0.000e+00 0.0000000            
          Days        3.327e-03 0.0576827   NaN      
          I(Days^2)   4.875e-08 0.0002208   NaN -0.97
 Residual             1.612e+01 4.0149871            
Number of obs: 2372, groups:  Site, 5

Fixed effects:
            Estimate Std. Error      df t value Pr(>|t|)
(Intercept)  -0.0674     0.2022 20.8757  -0.333    0.742
optimizer (nloptwrap) convergence code: 0 (OK)
boundary (singular) fit: see help('isSingular')

[1] "The AIC of this model fit is 13373.8264206332"
[1] "####################################################"
[1] "Fit 7"
[1] "####################################################"
boundary (singular) fit: see help('isSingular')
Warning message:
Model failed to converge with 2 negative eigenvalues: -2.3e+07 -1.1e+11 
Linear mixed model fit by REML. t-tests use Satterthwaite's method [
lmerModLmerTest]
Formula: WaterIntakeHdRMS ~ (1 + Days + I(Days^2) + I(Days^3) | Site)
   Data: df

REML criterion at convergence: 13401.2

Scaled residuals: 
   Min     1Q Median     3Q    Max 
-0.434 -0.065 -0.027  0.019 48.113 

Random effects:
 Groups   Name        Variance  Std.Dev.  Corr             
 Site     (Intercept) 0.000e+00 0.000e+00                  
          Days        9.842e-05 9.921e-03   NaN            
          I(Days^2)   2.920e-07 5.404e-04   NaN -0.64      
          I(Days^3)   3.239e-09 5.692e-05   NaN  0.09 -0.23
 Residual             1.612e+01 4.015e+00                  
Number of obs: 2372, groups:  Site, 5

Fixed effects:
            Estimate Std. Error     df t value Pr(>|t|)  
(Intercept)   0.4348     0.1474 2.9643   2.951   0.0609 .
---
Signif. codes:  0 ‘***’ 0.001 ‘**’ 0.01 ‘*’ 0.05 ‘.’ 0.1 ‘ ’ 1
optimizer (nloptwrap) convergence code: 0 (OK)
boundary (singular) fit: see help('isSingular')

[1] "The AIC of this model fit is 13425.2096097578"
[1] "####################################################"
[1] "############################# LEVEL 4 ##########################"
[1] "Fit 8"
[1] "####################################################"
boundary (singular) fit: see help('isSingular')
Linear mixed model fit by REML. t-tests use Satterthwaite's method [
lmerModLmerTest]
Formula: WaterIntakeHdRMS ~ (1 + Days | Site_Room_Turn)
   Data: df

REML criterion at convergence: 13300.3

Scaled residuals: 
   Min     1Q Median     3Q    Max 
-2.490 -0.053 -0.018  0.038 46.908 

Random effects:
 Groups         Name        Variance  Std.Dev. Corr 
 Site_Room_Turn (Intercept)  2.111293 1.45303       
                Days         0.003809 0.06171  -1.00
 Residual                   15.409279 3.92547       
Number of obs: 2372, groups:  Site_Room_Turn, 22

Fixed effects:
            Estimate Std. Error       df t value Pr(>|t|)    
(Intercept)   0.6470     0.1116 408.0028   5.798 1.35e-08 ***
---
Signif. codes:  0 ‘***’ 0.001 ‘**’ 0.01 ‘*’ 0.05 ‘.’ 0.1 ‘ ’ 1
optimizer (nloptwrap) convergence code: 0 (OK)
boundary (singular) fit: see help('isSingular')

[1] "The AIC of this model fit is 13310.3138481926"
[1] "####################################################"
[1] "Fit 9"
[1] "####################################################"
boundary (singular) fit: see help('isSingular')
Warning message:
Model failed to converge with 1 negative eigenvalue: -3.8e+01 
Linear mixed model fit by REML. t-tests use Satterthwaite's method [
lmerModLmerTest]
Formula: WaterIntakeHdRMS ~ (1 + Days + I(Days^2) | Site_Room_Turn)
   Data: df

REML criterion at convergence: 13240.6

Scaled residuals: 
   Min     1Q Median     3Q    Max 
-5.886 -0.056 -0.004  0.055 45.029 

Random effects:
 Groups         Name        Variance  Std.Dev. Corr       
 Site_Room_Turn (Intercept) 9.535e+01 9.76497             
                Days        7.536e-01 0.86809  -1.00      
                I(Days^2)   2.231e-04 0.01494   1.00 -1.00
 Residual                   1.432e+01 3.78471             
Number of obs: 2372, groups:  Site_Room_Turn, 22

Fixed effects:
            Estimate Std. Error      df t value Pr(>|t|)    
(Intercept)   0.6917     0.1015 35.4888   6.812 6.24e-08 ***
---
Signif. codes:  0 ‘***’ 0.001 ‘**’ 0.01 ‘*’ 0.05 ‘.’ 0.1 ‘ ’ 1
optimizer (nloptwrap) convergence code: 0 (OK)
boundary (singular) fit: see help('isSingular')

[1] "The AIC of this model fit is 13256.5856015885"
[1] "####################################################"
[1] "Fit 10"
[1] "####################################################"
boundary (singular) fit: see help('isSingular')
Warning message:
Model failed to converge with 4 negative eigenvalues: -5.1e+02 -2.1e+03 -1.7e+05 -9.5e+07 
Linear mixed model fit by REML. t-tests use Satterthwaite's method [
lmerModLmerTest]
Formula: WaterIntakeHdRMS ~ (1 + Days + I(Days^2) + I(Days^3) | Site_Room_Turn)
   Data: df

REML criterion at convergence: 13308.5

Scaled residuals: 
    Min      1Q  Median      3Q     Max 
-10.188  -0.035  -0.004   0.023  42.814 

Random effects:
 Groups         Name        Variance  Std.Dev. Corr             
 Site_Room_Turn (Intercept) 2.874e+01 5.360690                  
                Days        3.144e+00 1.773071 -1.00            
                I(Days^2)   1.107e-03 0.033274  0.47 -0.48      
                I(Days^3)   1.327e-05 0.003643 -0.97  0.97 -0.23
 Residual                   1.282e+01 3.580464                  
Number of obs: 2372, groups:  Site_Room_Turn, 22

Fixed effects:
            Estimate Std. Error      df t value Pr(>|t|)  
(Intercept)   0.3664     0.1496 10.6175   2.449    0.033 *
---
Signif. codes:  0 ‘***’ 0.001 ‘**’ 0.01 ‘*’ 0.05 ‘.’ 0.1 ‘ ’ 1
optimizer (nloptwrap) convergence code: 0 (OK)
boundary (singular) fit: see help('isSingular')

[1] "The AIC of this model fit is 13332.5026302085"
[1] "####################################################"
