
Attaching package: ‘dplyr’

The following objects are masked from ‘package:stats’:

    filter, lag

The following objects are masked from ‘package:base’:

    intersect, setdiff, setequal, union

Loading required package: lme4
Loading required package: Matrix

Attaching package: ‘lmerTest’

The following object is masked from ‘package:lme4’:

    lmer

The following object is masked from ‘package:stats’:

    step


Attaching package: ‘tidyr’

The following objects are masked from ‘package:Matrix’:

    expand, pack, unpack

[1] "WaterIntakeHdRMS"
[1] "Model Level1_lm started"
[1] "Model Level1_lm finished"
[1] "Model Level2_a_lm started"
[1] "Model Level2_a_lm finished"
[1] "Model Level2_b_lm started"
[1] "Model Level2_b_lm finished"
[1] "Model Level2_c_lm started"
[1] "Model Level2_c_lm finished"
[1] "Model Level3_a_lmer started"
boundary (singular) fit: see help('isSingular')
[1] "Model Level3_a_lmer finished"
[1] "Model Level3_b_lmer started"
boundary (singular) fit: see help('isSingular')
[1] "Model Level3_b_lmer finished"
[1] "Model Level3_c_lmer started"
boundary (singular) fit: see help('isSingular')
[1] "Model Level3_c_lmer finished"
[1] "Model Level4_a_lmer started"
boundary (singular) fit: see help('isSingular')
[1] "Model Level4_a_lmer finished"
[1] "Model Level4_b_lmer started"
boundary (singular) fit: see help('isSingular')
[1] "Model Level4_b_lmer finished"
[1] "Model Level4_c_lmer started"
boundary (singular) fit: see help('isSingular')
[1] "Model Level4_c_lmer finished"
Warning messages:
1: Model failed to converge with 2 negative eigenvalues: -5.4e+03 -5.8e+09 
2: Model failed to converge with 2 negative eigenvalues: -2.3e+07 -1.1e+11 
3: Model failed to converge with 1 negative eigenvalue: -3.8e+01 
4: Model failed to converge with 4 negative eigenvalues: -5.1e+02 -2.1e+03 -1.7e+05 -9.5e+07 
Warning messages:
1: In write.csv(df_out, path_out, sep = ",", row.names = FALSE, col.names = TRUE) :
  attempt to set 'col.names' ignored
2: In write.csv(df_out, path_out, sep = ",", row.names = FALSE, col.names = TRUE) :
  attempt to set 'sep' ignored
