Warning messages:
1: In checkMatrixPackageVersion() :
  Package version inconsistency detected.
TMB was built with Matrix version 1.4.0
Current Matrix version is 1.4.1
Please re-install 'TMB' from source using install.packages('TMB', type = 'source') or ask CRAN for a binary version of 'TMB' matching CRAN's 'Matrix' package
2: In checkDepPackageVersion(dep_pkg = "TMB") :
  Package version inconsistency detected.
glmmTMB was built with TMB version 1.8.0
Current TMB version is 1.8.1
Please re-install glmmTMB from source or restore original ‘TMB’ package (see '?reinstalling' for more information)
[1] "####################################################"
[1] "ReHS"
[1] "Linear Model"
[1] "############################# LEVEL 1 ##########################"
[1] "Fit 1"
[1] "####################################################"

Call:
lm(formula = ReHS ~ 1, data = df, na.action = na.exclude)

Residuals:
    Min      1Q  Median      3Q     Max 
-79.254  -2.979   6.946   9.696  11.146 

Coefficients:
            Estimate Std. Error t value Pr(>|t|)    
(Intercept)  87.8538     0.3004   292.5   <2e-16 ***
---
Signif. codes:  0 ‘***’ 0.001 ‘**’ 0.01 ‘*’ 0.05 ‘.’ 0.1 ‘ ’ 1

Residual standard error: 15.86 on 2786 degrees of freedom
  (225 observations deleted due to missingness)

[1] "The AIC of this model fit is 23316.519143206"
[1] "####################################################"
[1] "############################# LEVEL 2 ##########################"
[1] "Fit 2"
[1] "####################################################"

Call:
lm(formula = ReHS ~ Days, data = df, na.action = na.exclude)

Residuals:
    Min      1Q  Median      3Q     Max 
-77.056  -2.253   5.364   9.237  15.638 

Coefficients:
             Estimate Std. Error t value Pr(>|t|)    
(Intercept) 83.094775   0.533412   155.8   <2e-16 ***
Days         0.067393   0.006299    10.7   <2e-16 ***
---
Signif. codes:  0 ‘***’ 0.001 ‘**’ 0.01 ‘*’ 0.05 ‘.’ 0.1 ‘ ’ 1

Residual standard error: 15.54 on 2785 degrees of freedom
  (225 observations deleted due to missingness)
Multiple R-squared:  0.03948,	Adjusted R-squared:  0.03914 
F-statistic: 114.5 on 1 and 2785 DF,  p-value: < 2.2e-16

[1] "The AIC of this model fit is 23206.2494278518"
[1] "####################################################"
[1] "Fit 3"
[1] "####################################################"

Call:
lm(formula = ReHS ~ Days + I(Days^2), data = df, na.action = na.exclude)

Residuals:
    Min      1Q  Median      3Q     Max 
-76.931  -3.164   5.569   9.680  14.037 

Coefficients:
             Estimate Std. Error t value Pr(>|t|)    
(Intercept) 8.491e+01  7.899e-01 107.501  < 2e-16 ***
Days        1.162e-03  2.218e-02   0.052  0.95821    
I(Days^2)   3.989e-04  1.281e-04   3.114  0.00186 ** 
---
Signif. codes:  0 ‘***’ 0.001 ‘**’ 0.01 ‘*’ 0.05 ‘.’ 0.1 ‘ ’ 1

Residual standard error: 15.52 on 2784 degrees of freedom
  (225 observations deleted due to missingness)
Multiple R-squared:  0.04282,	Adjusted R-squared:  0.04213 
F-statistic: 62.27 on 2 and 2784 DF,  p-value: < 2.2e-16

[1] "The AIC of this model fit is 23198.5589642163"
[1] "####################################################"
[1] "Fit 4"
[1] "####################################################"

Call:
lm(formula = ReHS ~ Days + I(Days^2) + I(Days^3), data = df, 
    na.action = na.exclude)

Residuals:
    Min      1Q  Median      3Q     Max 
-77.937  -2.755   4.938   9.805  14.822 

Coefficients:
              Estimate Std. Error t value Pr(>|t|)    
(Intercept)  8.893e+01  1.035e+00  85.914  < 2e-16 ***
Days        -2.591e-01  4.891e-02  -5.297 1.27e-07 ***
I(Days^2)    4.050e-03  6.256e-04   6.473 1.13e-10 ***
I(Days^3)   -1.361e-05  2.283e-06  -5.961 2.83e-09 ***
---
Signif. codes:  0 ‘***’ 0.001 ‘**’ 0.01 ‘*’ 0.05 ‘.’ 0.1 ‘ ’ 1

Residual standard error: 15.42 on 2783 degrees of freedom
  (225 observations deleted due to missingness)
Multiple R-squared:  0.05488,	Adjusted R-squared:  0.05386 
F-statistic: 53.87 on 3 and 2783 DF,  p-value: < 2.2e-16

[1] "The AIC of this model fit is 23165.2053883084"
[1] "####################################################"
[1] "############################# LEVEL 3 ##########################"
[1] "Fit 5"
[1] "####################################################"
Warning message:
In checkConv(attr(opt, "derivs"), opt$par, ctrl = control$checkConv,  :
  Model failed to converge with max|grad| = 2.01823 (tol = 0.002, component 1)
Linear mixed model fit by REML. t-tests use Satterthwaite's method [
lmerModLmerTest]
Formula: ReHS ~ (1 + Days | Site)
   Data: df

REML criterion at convergence: 21275.3

Scaled residuals: 
    Min      1Q  Median      3Q     Max 
-6.3997 -0.1853  0.0925  0.4408  4.4506 

Random effects:
 Groups   Name        Variance  Std.Dev. Corr 
 Site     (Intercept) 204.12421 14.2872       
          Days          0.01499  0.1225  -0.81
 Residual             118.59362 10.8901       
Number of obs: 2787, groups:  Site, 6

Fixed effects:
            Estimate Std. Error     df t value Pr(>|t|)    
(Intercept)   90.362      3.416  5.818   26.45 2.76e-07 ***
---
Signif. codes:  0 ‘***’ 0.001 ‘**’ 0.01 ‘*’ 0.05 ‘.’ 0.1 ‘ ’ 1
optimizer (nloptwrap) convergence code: 0 (OK)
Model failed to converge with max|grad| = 2.01823 (tol = 0.002, component 1)

[1] "The AIC of this model fit is 21285.3275342715"
[1] "####################################################"
[1] "Fit 6"
[1] "####################################################"
boundary (singular) fit: see help('isSingular')
Warning message:
Model failed to converge with 3 negative eigenvalues: -1.3e+02 -1.7e+04 -6.7e+08 
Linear mixed model fit by REML. t-tests use Satterthwaite's method [
lmerModLmerTest]
Formula: ReHS ~ (1 + Days + I(Days^2) | Site)
   Data: df

REML criterion at convergence: 21277.7

Scaled residuals: 
    Min      1Q  Median      3Q     Max 
-6.5209 -0.1620  0.0891  0.4292  4.0537 

Random effects:
 Groups   Name        Variance  Std.Dev. Corr       
 Site     (Intercept) 1.588e+02 12.60354            
          Days        1.099e+01  3.31561 -0.03      
          I(Days^2)   1.966e-04  0.01402 -0.02 -1.00
 Residual             1.163e+02 10.78260            
Number of obs: 2787, groups:  Site, 6

Fixed effects:
            Estimate Std. Error     df t value Pr(>|t|)    
(Intercept)   80.649      4.195 13.668   19.22 2.75e-11 ***
---
Signif. codes:  0 ‘***’ 0.001 ‘**’ 0.01 ‘*’ 0.05 ‘.’ 0.1 ‘ ’ 1
optimizer (nloptwrap) convergence code: 0 (OK)
boundary (singular) fit: see help('isSingular')

[1] "The AIC of this model fit is 21293.6659325643"
[1] "####################################################"
[1] "Fit 7"
[1] "####################################################"
Warning messages:
1: In checkConv(attr(opt, "derivs"), opt$par, ctrl = control$checkConv,  :
  unable to evaluate scaled gradient
2: In checkConv(attr(opt, "derivs"), opt$par, ctrl = control$checkConv,  :
  Model failed to converge: degenerate  Hessian with 5 negative eigenvalues
3: Model failed to converge with 5 negative eigenvalues: -3.4e+00 -8.8e+00 -3.2e+02 -3.6e+03 -6.3e+05 
Linear mixed model fit by REML. t-tests use Satterthwaite's method [
lmerModLmerTest]
Formula: ReHS ~ (1 + Days + I(Days^2) + I(Days^3) | Site)
   Data: df

REML criterion at convergence: 20886.9

Scaled residuals: 
    Min      1Q  Median      3Q     Max 
-6.9900 -0.1834  0.0954  0.4605  4.2252 

Random effects:
 Groups   Name        Variance Std.Dev. Corr             
 Site     (Intercept) 104.9400 10.2440                   
          Days        131.5915 11.4713  -0.06            
          I(Days^2)   128.0955 11.3179   0.00  0.01      
          I(Days^3)     0.6181  0.7862  -0.01  0.03 -1.00
 Residual              93.8896  9.6897                   
Number of obs: 2787, groups:  Site, 6

Fixed effects:
            Estimate Std. Error     df t value Pr(>|t|)    
(Intercept)   83.920      3.725 12.217   22.53 2.54e-11 ***
---
Signif. codes:  0 ‘***’ 0.001 ‘**’ 0.01 ‘*’ 0.05 ‘.’ 0.1 ‘ ’ 1
optimizer (nloptwrap) convergence code: 0 (OK)
unable to evaluate scaled gradient
Model failed to converge: degenerate  Hessian with 5 negative eigenvalues

[1] "The AIC of this model fit is 20910.9061717646"
[1] "####################################################"
[1] "############################# LEVEL 4 ##########################"
[1] "Fit 8"
[1] "####################################################"
Linear mixed model fit by REML. t-tests use Satterthwaite's method [
lmerModLmerTest]
Formula: ReHS ~ (1 + Days | Site_Room_Turn)
   Data: df

REML criterion at convergence: 20372.7

Scaled residuals: 
    Min      1Q  Median      3Q     Max 
-6.8019 -0.1938  0.0812  0.4306  4.8892 

Random effects:
 Groups         Name        Variance Std.Dev. Corr 
 Site_Room_Turn (Intercept) 455.7587 21.3485       
                Days          0.1555  0.3943  -0.61
 Residual                    79.3268  8.9066       
Number of obs: 2787, groups:  Site_Room_Turn, 26

Fixed effects:
            Estimate Std. Error     df t value Pr(>|t|)    
(Intercept)   83.735      3.334 25.007   25.11   <2e-16 ***
---
Signif. codes:  0 ‘***’ 0.001 ‘**’ 0.01 ‘*’ 0.05 ‘.’ 0.1 ‘ ’ 1
[1] "The AIC of this model fit is 20382.6617846012"
[1] "####################################################"
[1] "Fit 9"
[1] "####################################################"
Warning messages:
1: In checkConv(attr(opt, "derivs"), opt$par, ctrl = control$checkConv,  :
  unable to evaluate scaled gradient
2: In checkConv(attr(opt, "derivs"), opt$par, ctrl = control$checkConv,  :
  Model failed to converge: degenerate  Hessian with 1 negative eigenvalues
3: Model failed to converge with 1 negative eigenvalue: -1.2e+03 
Linear mixed model fit by REML. t-tests use Satterthwaite's method [
lmerModLmerTest]
Formula: ReHS ~ (1 + Days + I(Days^2) | Site_Room_Turn)
   Data: df

REML criterion at convergence: 19754.5

Scaled residuals: 
    Min      1Q  Median      3Q     Max 
-5.9632 -0.2342  0.0553  0.3943  4.8458 

Random effects:
 Groups         Name        Variance  Std.Dev. Corr       
 Site_Room_Turn (Intercept) 1.972e+02 14.04128            
                Days        4.894e-01  0.69959  0.01      
                I(Days^2)   1.492e-04  0.01221 -0.16 -0.87
 Residual                   6.080e+01  7.79726            
Number of obs: 2787, groups:  Site_Room_Turn, 26

Fixed effects:
            Estimate Std. Error     df t value Pr(>|t|)    
(Intercept)   80.049      2.713 79.153    29.5   <2e-16 ***
---
Signif. codes:  0 ‘***’ 0.001 ‘**’ 0.01 ‘*’ 0.05 ‘.’ 0.1 ‘ ’ 1
optimizer (nloptwrap) convergence code: 0 (OK)
unable to evaluate scaled gradient
Model failed to converge: degenerate  Hessian with 1 negative eigenvalues

[1] "The AIC of this model fit is 19770.4581697756"
[1] "####################################################"
[1] "Fit 10"
[1] "####################################################"
Warning messages:
1: In checkConv(attr(opt, "derivs"), opt$par, ctrl = control$checkConv,  :
  unable to evaluate scaled gradient
2: In checkConv(attr(opt, "derivs"), opt$par, ctrl = control$checkConv,  :
  Model failed to converge: degenerate  Hessian with 3 negative eigenvalues
3: Model failed to converge with 4 negative eigenvalues: -1.8e+01 -9.4e+02 -5.1e+05 -9.4e+07 
Linear mixed model fit by REML. t-tests use Satterthwaite's method [
lmerModLmerTest]
Formula: ReHS ~ (1 + Days + I(Days^2) + I(Days^3) | Site_Room_Turn)
   Data: df

REML criterion at convergence: 19285.1

Scaled residuals: 
    Min      1Q  Median      3Q     Max 
-6.5662 -0.2139  0.0643  0.3669  5.2896 

Random effects:
 Groups         Name        Variance  Std.Dev.  Corr             
 Site_Room_Turn (Intercept) 1.047e+02 10.231328                  
                Days        7.529e+00  2.743831 -0.01            
                I(Days^2)   6.925e-04  0.026315  0.37 -0.55      
                I(Days^3)   2.508e-05  0.005008  0.22  0.91 -0.22
 Residual                   4.574e+01  6.763228                  
Number of obs: 2787, groups:  Site_Room_Turn, 26

Fixed effects:
            Estimate Std. Error     df t value Pr(>|t|)    
(Intercept)    84.48       1.79 119.74   47.21   <2e-16 ***
---
Signif. codes:  0 ‘***’ 0.001 ‘**’ 0.01 ‘*’ 0.05 ‘.’ 0.1 ‘ ’ 1
optimizer (nloptwrap) convergence code: 0 (OK)
unable to evaluate scaled gradient
Model failed to converge: degenerate  Hessian with 3 negative eigenvalues

[1] "The AIC of this model fit is 19309.0565005424"
[1] "####################################################"
