
Attaching package: ‘dplyr’

The following objects are masked from ‘package:stats’:

    filter, lag

The following objects are masked from ‘package:base’:

    intersect, setdiff, setequal, union

Loading required package: lme4
Loading required package: Matrix

Attaching package: ‘lmerTest’

The following object is masked from ‘package:lme4’:

    lmer

The following object is masked from ‘package:stats’:

    step

Note: Using an external vector in selections is ambiguous.
ℹ Use `all_of(i)` instead of `i` to silence this message.
ℹ See <https://tidyselect.r-lib.org/reference/faq-external-vector.html>.
This message is displayed once per session.
boundary (singular) fit: see help('isSingular')

boundary (singular) fit: see help('isSingular')

boundary (singular) fit: see help('isSingular')

boundary (singular) fit: see help('isSingular')

boundary (singular) fit: see help('isSingular')

boundary (singular) fit: see help('isSingular')

boundary (singular) fit: see help('isSingular')

boundary (singular) fit: see help('isSingular')

boundary (singular) fit: see help('isSingular')

boundary (singular) fit: see help('isSingular')

boundary (singular) fit: see help('isSingular')

boundary (singular) fit: see help('isSingular')

boundary (singular) fit: see help('isSingular')

boundary (singular) fit: see help('isSingular')

Error in h(simpleError(msg, call)) : 
  error in evaluating the argument 'object' in selecting a method for function 'summary': pwrssUpdate did not converge in (maxit) iterations
Calls: coef ... optTheta -> optimize -> <Anonymous> -> f -> f_refitNB
In addition: There were 23 warnings (use warnings() to see them)
Execution halted
