
Attaching package: ‘dplyr’

The following objects are masked from ‘package:stats’:

    filter, lag

The following objects are masked from ‘package:base’:

    intersect, setdiff, setequal, union

Loading required package: lme4
Loading required package: Matrix

Attaching package: ‘lmerTest’

The following object is masked from ‘package:lme4’:

    lmer

The following object is masked from ‘package:stats’:

    step

Note: Using an external vector in selections is ambiguous.
ℹ Use `all_of(i)` instead of `i` to silence this message.
ℹ See <https://tidyselect.r-lib.org/reference/faq-external-vector.html>.
This message is displayed once per session.
[1] "Euth Complete"
[1] "Dead Complete"
[1] "TotalMortality Complete"
[1] "MortalityProportion Complete"
[1] "Penicillin Complete"
[1] "Dexamethasone Complete"
[1] "Ceftiofur Complete"
[1] "Enroflaxin Complete"
[1] "Tetracycline Complete"
[1] "Lincomycin Complete"
[1] "OtherTreatments Complete"
[1] "TotalTreatments Complete"
[1] "WaterMedications Complete"
[1] "ReHS Complete"
[1] "WaterIntakeRMS Complete"
[1] "WaterIntakeHdRMS Complete"
[1] "WaterIntakeVC Complete"
[1] "WaterIntakeHdVC Complete"
[1] "TempReHS Complete"
[1] "LowTempRMS Complete"
[1] "HiTempRMS Complete"
[1] "TempRangeRMS Complete"
[1] "SetPointRMS Complete"
[1] "LowTempVC Complete"
[1] "AvgTempVC Complete"
[1] "HiTempVC Complete"
[1] "TempRangeVC Complete"
[1] "SetPointVC Complete"
[1] "Days_Lag1 Complete"
[1] "Inventory_Lag1 Complete"
[1] "Euth_Lag1 Complete"
[1] "Dead_Lag1 Complete"
[1] "TotalMortality_Lag1 Complete"
[1] "MortalityProportion_Lag1 Complete"
[1] "Penicillin_Lag1 Complete"
[1] "Dexamethasone_Lag1 Complete"
[1] "Ceftiofur_Lag1 Complete"
[1] "Enroflaxin_Lag1 Complete"
[1] "Tetracycline_Lag1 Complete"
[1] "Lincomycin_Lag1 Complete"
[1] "OtherTreatments_Lag1 Complete"
[1] "TotalTreatments_Lag1 Complete"
[1] "TreatmentProportion_Lag1 Complete"
[1] "WaterMedications_Lag1 Complete"
[1] "ReHS_Lag1 Complete"
[1] "WaterIntakeRMS_Lag1 Complete"
[1] "WaterIntakeHdRMS_Lag1 Complete"
[1] "WaterIntakeVC_Lag1 Complete"
[1] "WaterIntakeHdVC_Lag1 Complete"
[1] "TempReHS_Lag1 Complete"
[1] "LowTempRMS_Lag1 Complete"
[1] "HiTempRMS_Lag1 Complete"
[1] "TempRangeRMS_Lag1 Complete"
[1] "SetPointRMS_Lag1 Complete"
[1] "LowTempVC_Lag1 Complete"
[1] "AvgTempVC_Lag1 Complete"
[1] "HiTempVC_Lag1 Complete"
[1] "TempRangeVC_Lag1 Complete"
[1] "SetPointVC_Lag1 Complete"
[1] "Days_Lag2 Complete"
[1] "Inventory_Lag2 Complete"
[1] "Euth_Lag2 Complete"
[1] "Dead_Lag2 Complete"
[1] "TotalMortality_Lag2 Complete"
[1] "MortalityProportion_Lag2 Complete"
[1] "Penicillin_Lag2 Complete"
[1] "Dexamethasone_Lag2 Complete"
[1] "Ceftiofur_Lag2 Complete"
[1] "Enroflaxin_Lag2 Complete"
[1] "Tetracycline_Lag2 Complete"
[1] "Lincomycin_Lag2 Complete"
[1] "OtherTreatments_Lag2 Complete"
[1] "TotalTreatments_Lag2 Complete"
[1] "TreatmentProportion_Lag2 Complete"
[1] "WaterMedications_Lag2 Complete"
[1] "ReHS_Lag2 Complete"
[1] "WaterIntakeRMS_Lag2 Complete"
[1] "WaterIntakeHdRMS_Lag2 Complete"
[1] "WaterIntakeVC_Lag2 Complete"
[1] "WaterIntakeHdVC_Lag2 Complete"
[1] "TempReHS_Lag2 Complete"
[1] "LowTempRMS_Lag2 Complete"
[1] "HiTempRMS_Lag2 Complete"
[1] "TempRangeRMS_Lag2 Complete"
[1] "SetPointRMS_Lag2 Complete"
[1] "LowTempVC_Lag2 Complete"
[1] "AvgTempVC_Lag2 Complete"
[1] "HiTempVC_Lag2 Complete"
[1] "TempRangeVC_Lag2 Complete"
[1] "SetPointVC_Lag2 Complete"
[1] "Days_Lag3 Complete"
[1] "Inventory_Lag3 Complete"
[1] "Euth_Lag3 Complete"
[1] "Dead_Lag3 Complete"
[1] "TotalMortality_Lag3 Complete"
[1] "MortalityProportion_Lag3 Complete"
[1] "Penicillin_Lag3 Complete"
[1] "Dexamethasone_Lag3 Complete"
[1] "Ceftiofur_Lag3 Complete"
[1] "Enroflaxin_Lag3 Complete"
[1] "Tetracycline_Lag3 Complete"
[1] "Lincomycin_Lag3 Complete"
[1] "OtherTreatments_Lag3 Complete"
[1] "TotalTreatments_Lag3 Complete"
[1] "TreatmentProportion_Lag3 Complete"
[1] "WaterMedications_Lag3 Complete"
[1] "ReHS_Lag3 Complete"
[1] "WaterIntakeRMS_Lag3 Complete"
[1] "WaterIntakeHdRMS_Lag3 Complete"
[1] "WaterIntakeVC_Lag3 Complete"
[1] "WaterIntakeHdVC_Lag3 Complete"
[1] "TempReHS_Lag3 Complete"
[1] "LowTempRMS_Lag3 Complete"
[1] "HiTempRMS_Lag3 Complete"
[1] "TempRangeRMS_Lag3 Complete"
[1] "SetPointRMS_Lag3 Complete"
[1] "LowTempVC_Lag3 Complete"
[1] "AvgTempVC_Lag3 Complete"
[1] "HiTempVC_Lag3 Complete"
[1] "TempRangeVC_Lag3 Complete"
[1] "SetPointVC_Lag3 Complete"
[1] "Days_Lag4 Complete"
[1] "Inventory_Lag4 Complete"
[1] "Euth_Lag4 Complete"
[1] "Dead_Lag4 Complete"
[1] "TotalMortality_Lag4 Complete"
[1] "MortalityProportion_Lag4 Complete"
[1] "Penicillin_Lag4 Complete"
[1] "Dexamethasone_Lag4 Complete"
[1] "Ceftiofur_Lag4 Complete"
[1] "Enroflaxin_Lag4 Complete"
[1] "Tetracycline_Lag4 Complete"
[1] "Lincomycin_Lag4 Complete"
[1] "OtherTreatments_Lag4 Complete"
[1] "TotalTreatments_Lag4 Complete"
[1] "TreatmentProportion_Lag4 Complete"
[1] "WaterMedications_Lag4 Complete"
[1] "ReHS_Lag4 Complete"
[1] "WaterIntakeRMS_Lag4 Complete"
[1] "WaterIntakeHdRMS_Lag4 Complete"
[1] "WaterIntakeVC_Lag4 Complete"
[1] "WaterIntakeHdVC_Lag4 Complete"
[1] "TempReHS_Lag4 Complete"
[1] "LowTempRMS_Lag4 Complete"
[1] "HiTempRMS_Lag4 Complete"
[1] "TempRangeRMS_Lag4 Complete"
[1] "SetPointRMS_Lag4 Complete"
[1] "LowTempVC_Lag4 Complete"
[1] "AvgTempVC_Lag4 Complete"
[1] "HiTempVC_Lag4 Complete"
[1] "TempRangeVC_Lag4 Complete"
[1] "SetPointVC_Lag4 Complete"
[1] "Days_Lag5 Complete"
[1] "Inventory_Lag5 Complete"
[1] "Euth_Lag5 Complete"
[1] "Dead_Lag5 Complete"
[1] "TotalMortality_Lag5 Complete"
[1] "MortalityProportion_Lag5 Complete"
[1] "Penicillin_Lag5 Complete"
[1] "Dexamethasone_Lag5 Complete"
[1] "Ceftiofur_Lag5 Complete"
[1] "Enroflaxin_Lag5 Complete"
[1] "Tetracycline_Lag5 Complete"
[1] "Lincomycin_Lag5 Complete"
[1] "OtherTreatments_Lag5 Complete"
[1] "TotalTreatments_Lag5 Complete"
[1] "TreatmentProportion_Lag5 Complete"
[1] "WaterMedications_Lag5 Complete"
[1] "ReHS_Lag5 Complete"
slurmstepd: error: *** JOB 24364207 ON lewis4-r630-htc4-node324 CANCELLED AT 2022-03-25T12:22:31 DUE TO TIME LIMIT ***
