/var/spool/slurmd/job24547689/slurm_script: line 13: activate: No such file or directory

Attaching package: ‘dplyr’

The following objects are masked from ‘package:stats’:

    filter, lag

The following objects are masked from ‘package:base’:

    intersect, setdiff, setequal, union

Loading required package: lme4
Loading required package: Matrix

Attaching package: ‘lmerTest’

The following object is masked from ‘package:lme4’:

    lmer

The following object is masked from ‘package:stats’:

    step


Attaching package: ‘tidyr’

The following objects are masked from ‘package:Matrix’:

    expand, pack, unpack

boundary (singular) fit: see help('isSingular')
boundary (singular) fit: see help('isSingular')
boundary (singular) fit: see help('isSingular')
boundary (singular) fit: see help('isSingular')
boundary (singular) fit: see help('isSingular')
boundary (singular) fit: see help('isSingular')
boundary (singular) fit: see help('isSingular')
boundary (singular) fit: see help('isSingular')
Warning messages:
1: In checkConv(attr(opt, "derivs"), opt$par, ctrl = control$checkConv,  :
  unable to evaluate scaled gradient
2: In checkConv(attr(opt, "derivs"), opt$par, ctrl = control$checkConv,  :
  Model failed to converge: degenerate  Hessian with 1 negative eigenvalues
3: In checkConv(attr(opt, "derivs"), opt$par, ctrl = control$checkConv,  :
  Model failed to converge with max|grad| = 0.873414 (tol = 0.002, component 1)
4: In checkConv(attr(opt, "derivs"), opt$par, ctrl = control$checkConv,  :
  Model is nearly unidentifiable: very large eigenvalue
 - Rescale variables?
5: In checkConv(attr(opt, "derivs"), opt$par, ctrl = control$checkConv,  :
  Model failed to converge with max|grad| = 0.540999 (tol = 0.002, component 1)
6: In checkConv(attr(opt, "derivs"), opt$par, ctrl = control$checkConv,  :
  Model is nearly unidentifiable: very large eigenvalue
 - Rescale variables?
7: In checkConv(attr(opt, "derivs"), opt$par, ctrl = control$checkConv,  :
  unable to evaluate scaled gradient
8: In checkConv(attr(opt, "derivs"), opt$par, ctrl = control$checkConv,  :
  Model failed to converge: degenerate  Hessian with 1 negative eigenvalues
9: In optwrap(optimizer, devfun, start, rho$lower, control = control,  :
  convergence code 1 from bobyqa: bobyqa -- maximum number of function evaluations exceeded
10: In optwrap(optimizer, devfun, start, rho$lower, control = control,  :
  convergence code 1 from bobyqa: bobyqa -- maximum number of function evaluations exceeded
Warning messages:
1: In write.csv(df_out, path_out, sep = ",", row.names = FALSE, col.names = TRUE) :
  attempt to set 'col.names' ignored
2: In write.csv(df_out, path_out, sep = ",", row.names = FALSE, col.names = TRUE) :
  attempt to set 'sep' ignored
