
Attaching package: ‘dplyr’

The following objects are masked from ‘package:stats’:

    filter, lag

The following objects are masked from ‘package:base’:

    intersect, setdiff, setequal, union

Loading required package: lme4
Loading required package: Matrix

Attaching package: ‘lmerTest’

The following object is masked from ‘package:lme4’:

    lmer

The following object is masked from ‘package:stats’:

    step


Attaching package: ‘tidyr’

The following objects are masked from ‘package:Matrix’:

    expand, pack, unpack

[1] "The model for variable Euth was initiated at 2022-05-05 15:24:35"
[1] "The model for variable Euth was successfully fit at 2022-05-05 15:24:38"
[1] "The model for variable Dead was initiated at 2022-05-05 15:24:38"
[1] "The model for variable Dead was successfully fit at 2022-05-05 15:24:42"
[1] "The model for variable TotalMortality was initiated at 2022-05-05 15:24:42"
[1] "The model for variable TotalMortality was successfully fit at 2022-05-05 15:24:44"
[1] "The model for variable Penicillin was initiated at 2022-05-05 15:24:44"
[1] "The model for variable Penicillin was successfully fit at 2022-05-05 15:24:46"
[1] "The model for variable Dexamethasone was initiated at 2022-05-05 15:24:46"
[1] "The model for variable Dexamethasone was successfully fit at 2022-05-05 15:24:50"
[1] "The model for variable Ceftiofur was initiated at 2022-05-05 15:24:50"
[1] "The model for variable Ceftiofur was successfully fit at 2022-05-05 15:24:52"
[1] "The model for variable Enroflaxin was initiated at 2022-05-05 15:24:52"
[1] "The model for variable Enroflaxin was successfully fit at 2022-05-05 15:24:54"
[1] "The model for variable Tetracycline was initiated at 2022-05-05 15:24:54"
[1] "The model for variable Tetracycline was successfully fit at 2022-05-05 15:24:58"
[1] "The model for variable Lincomycin was initiated at 2022-05-05 15:24:58"
[1] "The model for variable Lincomycin was successfully fit at 2022-05-05 15:25:03"
[1] "The model for variable OtherTreatments was initiated at 2022-05-05 15:25:03"
[1] "The model for variable OtherTreatments was successfully fit at 2022-05-05 15:25:06"
[1] "The model for variable TotalTreatments was initiated at 2022-05-05 15:25:06"
[1] "The model for variable TotalTreatments was successfully fit at 2022-05-05 15:25:09"
[1] "The model for variable TreatmentProportion was initiated at 2022-05-05 15:25:09"
[1] "The model for variable TreatmentProportion was successfully fit at 2022-05-05 15:25:14"
[1] "The model for variable WaterMedications was initiated at 2022-05-05 15:25:14"
[1] "The model for variable WaterMedications was successfully fit at 2022-05-05 15:25:17"
[1] "The model for variable PrimaryRespiratory was initiated at 2022-05-05 15:25:17"
[1] "The model for variable PrimaryRespiratory was successfully fit at 2022-05-05 15:25:20"
[1] "The model for variable SecondaryRespiratory was initiated at 2022-05-05 15:25:20"
[1] "The model for variable SecondaryRespiratory was successfully fit at 2022-05-05 15:25:23"
[1] "The model for variable ReHS was initiated at 2022-05-05 15:25:23"
[1] "The model for variable ReHS was successfully fit at 2022-05-05 15:25:26"
[1] "The model for variable WaterIntakeRMS was initiated at 2022-05-05 15:25:26"
[1] "The model for variable WaterIntakeRMS was successfully fit at 2022-05-05 15:25:29"
[1] "The model for variable WaterIntakeHdRMS was initiated at 2022-05-05 15:25:29"
[1] "The model for variable WaterIntakeHdRMS was successfully fit at 2022-05-05 15:25:31"
[1] "The model for variable WaterIntakeVC was initiated at 2022-05-05 15:25:31"
[1] "The model for variable WaterIntakeVC was successfully fit at 2022-05-05 15:25:34"
[1] "The model for variable WaterIntakeHdVC was initiated at 2022-05-05 15:25:34"
[1] "The model for variable WaterIntakeHdVC was successfully fit at 2022-05-05 15:25:37"
[1] "The model for variable TempReHS was initiated at 2022-05-05 15:25:37"
[1] "The model for variable TempReHS was successfully fit at 2022-05-05 15:25:41"
[1] "The model for variable LowTempRMS was initiated at 2022-05-05 15:25:41"
[1] "The model for variable LowTempRMS was successfully fit at 2022-05-05 15:25:45"
[1] "The model for variable HiTempRMS was initiated at 2022-05-05 15:25:45"
[1] "The model for variable HiTempRMS was successfully fit at 2022-05-05 15:25:48"
[1] "The model for variable TempRangeRMS was initiated at 2022-05-05 15:25:48"
[1] "The model for variable TempRangeRMS was successfully fit at 2022-05-05 15:25:53"
[1] "The model for variable SetPointRMS was initiated at 2022-05-05 15:25:53"
[1] "The model for variable SetPointRMS was successfully fit at 2022-05-05 15:25:56"
[1] "The model for variable LowTempVC was initiated at 2022-05-05 15:25:56"
[1] "The model for variable LowTempVC was successfully fit at 2022-05-05 15:25:59"
[1] "The model for variable AvgTempVC was initiated at 2022-05-05 15:25:59"
[1] "The model for variable AvgTempVC was successfully fit at 2022-05-05 15:26:02"
[1] "The model for variable HiTempVC was initiated at 2022-05-05 15:26:02"
[1] "The model for variable HiTempVC was successfully fit at 2022-05-05 15:26:04"
[1] "The model for variable TempRangeVC was initiated at 2022-05-05 15:26:04"
[1] "The model for variable TempRangeVC was successfully fit at 2022-05-05 15:26:06"
[1] "The model for variable SetPointVC was initiated at 2022-05-05 15:26:06"
[1] "The model for variable SetPointVC was successfully fit at 2022-05-05 15:26:08"
[1] "The model for variable Days_Lag1 was initiated at 2022-05-05 15:26:08"
[1] "The model for variable Days_Lag1 was successfully fit at 2022-05-05 15:26:12"
[1] "The model for variable Inventory_Lag1 was initiated at 2022-05-05 15:26:12"
[1] "The model for variable Inventory_Lag1 was successfully fit at 2022-05-05 15:26:15"
[1] "The model for variable Euth_Lag1 was initiated at 2022-05-05 15:26:15"
[1] "The model for variable Euth_Lag1 was successfully fit at 2022-05-05 15:26:18"
[1] "The model for variable Dead_Lag1 was initiated at 2022-05-05 15:26:18"
[1] "The model for variable Dead_Lag1 was successfully fit at 2022-05-05 15:26:21"
[1] "The model for variable TotalMortality_Lag1 was initiated at 2022-05-05 15:26:21"
[1] "The model for variable TotalMortality_Lag1 was successfully fit at 2022-05-05 15:26:25"
[1] "The model for variable MortalityProportion_Lag1 was initiated at 2022-05-05 15:26:25"
[1] "The model for variable MortalityProportion_Lag1 was successfully fit at 2022-05-05 15:26:29"
[1] "The model for variable Penicillin_Lag1 was initiated at 2022-05-05 15:26:29"
[1] "The model for variable Penicillin_Lag1 was successfully fit at 2022-05-05 15:26:32"
[1] "The model for variable Dexamethasone_Lag1 was initiated at 2022-05-05 15:26:32"
[1] "The model for variable Dexamethasone_Lag1 was successfully fit at 2022-05-05 15:26:34"
[1] "The model for variable Ceftiofur_Lag1 was initiated at 2022-05-05 15:26:34"
[1] "The model for variable Ceftiofur_Lag1 was successfully fit at 2022-05-05 15:26:38"
[1] "The model for variable Enroflaxin_Lag1 was initiated at 2022-05-05 15:26:38"
[1] "The model for variable Enroflaxin_Lag1 was successfully fit at 2022-05-05 15:26:41"
[1] "The model for variable Tetracycline_Lag1 was initiated at 2022-05-05 15:26:41"
[1] "The model for variable Tetracycline_Lag1 was successfully fit at 2022-05-05 15:26:44"
[1] "The model for variable Lincomycin_Lag1 was initiated at 2022-05-05 15:26:44"
[1] "The model for variable Lincomycin_Lag1 was successfully fit at 2022-05-05 15:26:47"
[1] "The model for variable OtherTreatments_Lag1 was initiated at 2022-05-05 15:26:47"
[1] "The model for variable OtherTreatments_Lag1 was successfully fit at 2022-05-05 15:26:50"
[1] "The model for variable TotalTreatments_Lag1 was initiated at 2022-05-05 15:26:50"
[1] "The model for variable TotalTreatments_Lag1 was successfully fit at 2022-05-05 15:26:54"
[1] "The model for variable TreatmentProportion_Lag1 was initiated at 2022-05-05 15:26:54"
[1] "The model for variable TreatmentProportion_Lag1 was successfully fit at 2022-05-05 15:26:56"
[1] "The model for variable WaterMedications_Lag1 was initiated at 2022-05-05 15:26:56"
[1] "The model for variable WaterMedications_Lag1 was successfully fit at 2022-05-05 15:27:01"
[1] "The model for variable PrimaryRespiratory_Lag1 was initiated at 2022-05-05 15:27:01"
[1] "The model for variable PrimaryRespiratory_Lag1 was successfully fit at 2022-05-05 15:27:04"
[1] "The model for variable SecondaryRespiratory_Lag1 was initiated at 2022-05-05 15:27:04"
[1] "The model for variable SecondaryRespiratory_Lag1 was successfully fit at 2022-05-05 15:27:07"
[1] "The model for variable ReHS_Lag1 was initiated at 2022-05-05 15:27:07"
[1] "The model for variable ReHS_Lag1 was successfully fit at 2022-05-05 15:27:10"
[1] "The model for variable WaterIntakeRMS_Lag1 was initiated at 2022-05-05 15:27:10"
[1] "The model for variable WaterIntakeRMS_Lag1 was successfully fit at 2022-05-05 15:27:12"
[1] "The model for variable WaterIntakeHdRMS_Lag1 was initiated at 2022-05-05 15:27:12"
[1] "The model for variable WaterIntakeHdRMS_Lag1 was successfully fit at 2022-05-05 15:27:15"
[1] "The model for variable WaterIntakeVC_Lag1 was initiated at 2022-05-05 15:27:15"
[1] "The model for variable WaterIntakeVC_Lag1 was successfully fit at 2022-05-05 15:27:16"
[1] "The model for variable WaterIntakeHdVC_Lag1 was initiated at 2022-05-05 15:27:16"
[1] "The model for variable WaterIntakeHdVC_Lag1 was successfully fit at 2022-05-05 15:27:19"
[1] "The model for variable TempReHS_Lag1 was initiated at 2022-05-05 15:27:19"
[1] "The model for variable TempReHS_Lag1 was successfully fit at 2022-05-05 15:27:22"
[1] "The model for variable LowTempRMS_Lag1 was initiated at 2022-05-05 15:27:22"
[1] "The model for variable LowTempRMS_Lag1 was successfully fit at 2022-05-05 15:27:26"
[1] "The model for variable HiTempRMS_Lag1 was initiated at 2022-05-05 15:27:26"
[1] "The model for variable HiTempRMS_Lag1 was successfully fit at 2022-05-05 15:27:28"
[1] "The model for variable TempRangeRMS_Lag1 was initiated at 2022-05-05 15:27:28"
[1] "The model for variable TempRangeRMS_Lag1 was successfully fit at 2022-05-05 15:27:33"
[1] "The model for variable SetPointRMS_Lag1 was initiated at 2022-05-05 15:27:33"
[1] "The model for variable SetPointRMS_Lag1 was successfully fit at 2022-05-05 15:27:37"
[1] "The model for variable LowTempVC_Lag1 was initiated at 2022-05-05 15:27:37"
[1] "The model for variable LowTempVC_Lag1 was successfully fit at 2022-05-05 15:27:39"
[1] "The model for variable AvgTempVC_Lag1 was initiated at 2022-05-05 15:27:39"
[1] "The model for variable AvgTempVC_Lag1 was successfully fit at 2022-05-05 15:27:41"
[1] "The model for variable HiTempVC_Lag1 was initiated at 2022-05-05 15:27:41"
[1] "The model for variable HiTempVC_Lag1 was successfully fit at 2022-05-05 15:27:43"
[1] "The model for variable TempRangeVC_Lag1 was initiated at 2022-05-05 15:27:43"
[1] "The model for variable TempRangeVC_Lag1 was successfully fit at 2022-05-05 15:27:47"
[1] "The model for variable SetPointVC_Lag1 was initiated at 2022-05-05 15:27:47"
[1] "The model for variable SetPointVC_Lag1 was successfully fit at 2022-05-05 15:27:49"
[1] "The model for variable Days_Lag2 was initiated at 2022-05-05 15:27:49"
[1] "The model for variable Days_Lag2 was successfully fit at 2022-05-05 15:27:53"
[1] "The model for variable Inventory_Lag2 was initiated at 2022-05-05 15:27:53"
[1] "The model for variable Inventory_Lag2 was successfully fit at 2022-05-05 15:27:56"
[1] "The model for variable Euth_Lag2 was initiated at 2022-05-05 15:27:56"
[1] "The model for variable Euth_Lag2 was successfully fit at 2022-05-05 15:27:59"
[1] "The model for variable Dead_Lag2 was initiated at 2022-05-05 15:27:59"
[1] "The model for variable Dead_Lag2 was successfully fit at 2022-05-05 15:28:02"
[1] "The model for variable TotalMortality_Lag2 was initiated at 2022-05-05 15:28:02"
[1] "The model for variable TotalMortality_Lag2 was successfully fit at 2022-05-05 15:28:05"
[1] "The model for variable MortalityProportion_Lag2 was initiated at 2022-05-05 15:28:05"
[1] "The model for variable MortalityProportion_Lag2 was successfully fit at 2022-05-05 15:28:09"
[1] "The model for variable Penicillin_Lag2 was initiated at 2022-05-05 15:28:09"
[1] "The model for variable Penicillin_Lag2 was successfully fit at 2022-05-05 15:28:12"
[1] "The model for variable Dexamethasone_Lag2 was initiated at 2022-05-05 15:28:12"
[1] "The model for variable Dexamethasone_Lag2 was successfully fit at 2022-05-05 15:28:15"
[1] "The model for variable Ceftiofur_Lag2 was initiated at 2022-05-05 15:28:15"
[1] "The model for variable Ceftiofur_Lag2 was successfully fit at 2022-05-05 15:28:19"
[1] "The model for variable Enroflaxin_Lag2 was initiated at 2022-05-05 15:28:19"
[1] "The model for variable Enroflaxin_Lag2 was successfully fit at 2022-05-05 15:28:22"
[1] "The model for variable Tetracycline_Lag2 was initiated at 2022-05-05 15:28:22"
[1] "The model for variable Tetracycline_Lag2 was successfully fit at 2022-05-05 15:28:26"
[1] "The model for variable Lincomycin_Lag2 was initiated at 2022-05-05 15:28:26"
[1] "The model for variable Lincomycin_Lag2 was successfully fit at 2022-05-05 15:28:29"
[1] "The model for variable OtherTreatments_Lag2 was initiated at 2022-05-05 15:28:29"
[1] "The model for variable OtherTreatments_Lag2 was successfully fit at 2022-05-05 15:28:33"
[1] "The model for variable TotalTreatments_Lag2 was initiated at 2022-05-05 15:28:33"
[1] "The model for variable TotalTreatments_Lag2 was successfully fit at 2022-05-05 15:28:37"
[1] "The model for variable TreatmentProportion_Lag2 was initiated at 2022-05-05 15:28:37"
[1] "The model for variable TreatmentProportion_Lag2 was successfully fit at 2022-05-05 15:28:40"
[1] "The model for variable WaterMedications_Lag2 was initiated at 2022-05-05 15:28:40"
[1] "The model for variable WaterMedications_Lag2 was successfully fit at 2022-05-05 15:28:43"
[1] "The model for variable PrimaryRespiratory_Lag2 was initiated at 2022-05-05 15:28:43"
[1] "The model for variable PrimaryRespiratory_Lag2 was successfully fit at 2022-05-05 15:28:46"
[1] "The model for variable SecondaryRespiratory_Lag2 was initiated at 2022-05-05 15:28:46"
[1] "The model for variable SecondaryRespiratory_Lag2 was successfully fit at 2022-05-05 15:28:50"
[1] "The model for variable ReHS_Lag2 was initiated at 2022-05-05 15:28:50"
[1] "The model for variable ReHS_Lag2 was successfully fit at 2022-05-05 15:28:53"
[1] "The model for variable WaterIntakeRMS_Lag2 was initiated at 2022-05-05 15:28:53"
[1] "The model for variable WaterIntakeRMS_Lag2 was successfully fit at 2022-05-05 15:28:56"
[1] "The model for variable WaterIntakeHdRMS_Lag2 was initiated at 2022-05-05 15:28:56"
[1] "The model for variable WaterIntakeHdRMS_Lag2 was successfully fit at 2022-05-05 15:28:59"
[1] "The model for variable WaterIntakeVC_Lag2 was initiated at 2022-05-05 15:28:59"
[1] "The model for variable WaterIntakeVC_Lag2 was successfully fit at 2022-05-05 15:29:01"
[1] "The model for variable WaterIntakeHdVC_Lag2 was initiated at 2022-05-05 15:29:01"
[1] "The model for variable WaterIntakeHdVC_Lag2 was successfully fit at 2022-05-05 15:29:04"
[1] "The model for variable TempReHS_Lag2 was initiated at 2022-05-05 15:29:04"
[1] "The model for variable TempReHS_Lag2 was successfully fit at 2022-05-05 15:29:07"
[1] "The model for variable LowTempRMS_Lag2 was initiated at 2022-05-05 15:29:07"
[1] "The model for variable LowTempRMS_Lag2 was successfully fit at 2022-05-05 15:29:10"
[1] "The model for variable HiTempRMS_Lag2 was initiated at 2022-05-05 15:29:10"
[1] "The model for variable HiTempRMS_Lag2 was successfully fit at 2022-05-05 15:29:13"
[1] "The model for variable TempRangeRMS_Lag2 was initiated at 2022-05-05 15:29:13"
[1] "The model for variable TempRangeRMS_Lag2 was successfully fit at 2022-05-05 15:29:17"
[1] "The model for variable SetPointRMS_Lag2 was initiated at 2022-05-05 15:29:17"
[1] "The model for variable SetPointRMS_Lag2 was successfully fit at 2022-05-05 15:29:21"
[1] "The model for variable LowTempVC_Lag2 was initiated at 2022-05-05 15:29:21"
[1] "The model for variable LowTempVC_Lag2 was successfully fit at 2022-05-05 15:29:24"
[1] "The model for variable AvgTempVC_Lag2 was initiated at 2022-05-05 15:29:24"
[1] "The model for variable AvgTempVC_Lag2 was successfully fit at 2022-05-05 15:29:26"
[1] "The model for variable HiTempVC_Lag2 was initiated at 2022-05-05 15:29:26"
[1] "The model for variable HiTempVC_Lag2 was successfully fit at 2022-05-05 15:29:29"
[1] "The model for variable TempRangeVC_Lag2 was initiated at 2022-05-05 15:29:29"
[1] "The model for variable TempRangeVC_Lag2 was successfully fit at 2022-05-05 15:29:33"
[1] "The model for variable SetPointVC_Lag2 was initiated at 2022-05-05 15:29:33"
[1] "The model for variable SetPointVC_Lag2 was successfully fit at 2022-05-05 15:29:35"
[1] "The model for variable Days_Lag3 was initiated at 2022-05-05 15:29:35"
[1] "The model for variable Days_Lag3 was successfully fit at 2022-05-05 15:29:37"
[1] "The model for variable Inventory_Lag3 was initiated at 2022-05-05 15:29:37"
[1] "The model for variable Inventory_Lag3 was successfully fit at 2022-05-05 15:29:40"
[1] "The model for variable Euth_Lag3 was initiated at 2022-05-05 15:29:40"
[1] "The model for variable Euth_Lag3 was successfully fit at 2022-05-05 15:29:42"
[1] "The model for variable Dead_Lag3 was initiated at 2022-05-05 15:29:42"
[1] "The model for variable Dead_Lag3 was successfully fit at 2022-05-05 15:29:45"
[1] "The model for variable TotalMortality_Lag3 was initiated at 2022-05-05 15:29:45"
[1] "The model for variable TotalMortality_Lag3 was successfully fit at 2022-05-05 15:29:48"
[1] "The model for variable MortalityProportion_Lag3 was initiated at 2022-05-05 15:29:48"
[1] "The model for variable MortalityProportion_Lag3 was successfully fit at 2022-05-05 15:29:51"
[1] "The model for variable Penicillin_Lag3 was initiated at 2022-05-05 15:29:51"
[1] "The model for variable Penicillin_Lag3 was successfully fit at 2022-05-05 15:29:54"
[1] "The model for variable Dexamethasone_Lag3 was initiated at 2022-05-05 15:29:54"
[1] "The model for variable Dexamethasone_Lag3 was successfully fit at 2022-05-05 15:29:56"
[1] "The model for variable Ceftiofur_Lag3 was initiated at 2022-05-05 15:29:56"
[1] "The model for variable Ceftiofur_Lag3 was successfully fit at 2022-05-05 15:30:00"
[1] "The model for variable Enroflaxin_Lag3 was initiated at 2022-05-05 15:30:00"
[1] "The model for variable Enroflaxin_Lag3 was successfully fit at 2022-05-05 15:30:03"
[1] "The model for variable Tetracycline_Lag3 was initiated at 2022-05-05 15:30:03"
[1] "The model for variable Tetracycline_Lag3 was successfully fit at 2022-05-05 15:30:06"
[1] "The model for variable Lincomycin_Lag3 was initiated at 2022-05-05 15:30:06"
[1] "The model for variable Lincomycin_Lag3 was successfully fit at 2022-05-05 15:30:08"
[1] "The model for variable OtherTreatments_Lag3 was initiated at 2022-05-05 15:30:08"
[1] "The model for variable OtherTreatments_Lag3 was successfully fit at 2022-05-05 15:30:11"
[1] "The model for variable TotalTreatments_Lag3 was initiated at 2022-05-05 15:30:11"
[1] "The model for variable TotalTreatments_Lag3 was successfully fit at 2022-05-05 15:30:15"
[1] "The model for variable TreatmentProportion_Lag3 was initiated at 2022-05-05 15:30:15"
[1] "The model for variable TreatmentProportion_Lag3 was successfully fit at 2022-05-05 15:30:18"
[1] "The model for variable WaterMedications_Lag3 was initiated at 2022-05-05 15:30:18"
[1] "The model for variable WaterMedications_Lag3 was successfully fit at 2022-05-05 15:30:21"
[1] "The model for variable PrimaryRespiratory_Lag3 was initiated at 2022-05-05 15:30:21"
[1] "The model for variable PrimaryRespiratory_Lag3 was successfully fit at 2022-05-05 15:30:23"
[1] "The model for variable SecondaryRespiratory_Lag3 was initiated at 2022-05-05 15:30:23"
[1] "The model for variable SecondaryRespiratory_Lag3 was successfully fit at 2022-05-05 15:30:28"
[1] "The model for variable ReHS_Lag3 was initiated at 2022-05-05 15:30:28"
[1] "The model for variable ReHS_Lag3 was successfully fit at 2022-05-05 15:30:31"
[1] "The model for variable WaterIntakeRMS_Lag3 was initiated at 2022-05-05 15:30:31"
[1] "The model for variable WaterIntakeRMS_Lag3 was successfully fit at 2022-05-05 15:30:33"
[1] "The model for variable WaterIntakeHdRMS_Lag3 was initiated at 2022-05-05 15:30:33"
[1] "The model for variable WaterIntakeHdRMS_Lag3 was successfully fit at 2022-05-05 15:30:36"
[1] "The model for variable WaterIntakeVC_Lag3 was initiated at 2022-05-05 15:30:36"
[1] "The model for variable WaterIntakeVC_Lag3 was successfully fit at 2022-05-05 15:30:38"
[1] "The model for variable WaterIntakeHdVC_Lag3 was initiated at 2022-05-05 15:30:38"
[1] "The model for variable WaterIntakeHdVC_Lag3 was successfully fit at 2022-05-05 15:30:41"
[1] "The model for variable TempReHS_Lag3 was initiated at 2022-05-05 15:30:41"
[1] "The model for variable TempReHS_Lag3 was successfully fit at 2022-05-05 15:30:45"
[1] "The model for variable LowTempRMS_Lag3 was initiated at 2022-05-05 15:30:45"
[1] "The model for variable LowTempRMS_Lag3 was successfully fit at 2022-05-05 15:30:48"
[1] "The model for variable HiTempRMS_Lag3 was initiated at 2022-05-05 15:30:48"
[1] "The model for variable HiTempRMS_Lag3 was successfully fit at 2022-05-05 15:30:52"
[1] "The model for variable TempRangeRMS_Lag3 was initiated at 2022-05-05 15:30:52"
[1] "The model for variable TempRangeRMS_Lag3 was successfully fit at 2022-05-05 15:30:55"
[1] "The model for variable SetPointRMS_Lag3 was initiated at 2022-05-05 15:30:55"
[1] "The model for variable SetPointRMS_Lag3 was successfully fit at 2022-05-05 15:30:59"
[1] "The model for variable LowTempVC_Lag3 was initiated at 2022-05-05 15:30:59"
[1] "The model for variable LowTempVC_Lag3 was successfully fit at 2022-05-05 15:31:02"
[1] "The model for variable AvgTempVC_Lag3 was initiated at 2022-05-05 15:31:02"
[1] "The model for variable AvgTempVC_Lag3 was successfully fit at 2022-05-05 15:31:05"
[1] "The model for variable HiTempVC_Lag3 was initiated at 2022-05-05 15:31:05"
[1] "The model for variable HiTempVC_Lag3 was successfully fit at 2022-05-05 15:31:09"
[1] "The model for variable TempRangeVC_Lag3 was initiated at 2022-05-05 15:31:09"
[1] "The model for variable TempRangeVC_Lag3 was successfully fit at 2022-05-05 15:31:13"
[1] "The model for variable SetPointVC_Lag3 was initiated at 2022-05-05 15:31:13"
[1] "The model for variable SetPointVC_Lag3 was successfully fit at 2022-05-05 15:31:14"
[1] "The model for variable Days_Lag4 was initiated at 2022-05-05 15:31:14"
[1] "The model for variable Days_Lag4 was successfully fit at 2022-05-05 15:31:17"
[1] "The model for variable Inventory_Lag4 was initiated at 2022-05-05 15:31:17"
[1] "The model for variable Inventory_Lag4 was successfully fit at 2022-05-05 15:31:20"
[1] "The model for variable Euth_Lag4 was initiated at 2022-05-05 15:31:20"
[1] "The model for variable Euth_Lag4 was successfully fit at 2022-05-05 15:31:23"
[1] "The model for variable Dead_Lag4 was initiated at 2022-05-05 15:31:23"
[1] "The model for variable Dead_Lag4 was successfully fit at 2022-05-05 15:31:26"
[1] "The model for variable TotalMortality_Lag4 was initiated at 2022-05-05 15:31:26"
[1] "The model for variable TotalMortality_Lag4 was successfully fit at 2022-05-05 15:31:29"
[1] "The model for variable MortalityProportion_Lag4 was initiated at 2022-05-05 15:31:29"
[1] "The model for variable MortalityProportion_Lag4 was successfully fit at 2022-05-05 15:31:33"
[1] "The model for variable Penicillin_Lag4 was initiated at 2022-05-05 15:31:33"
[1] "The model for variable Penicillin_Lag4 was successfully fit at 2022-05-05 15:31:38"
[1] "The model for variable Dexamethasone_Lag4 was initiated at 2022-05-05 15:31:38"
[1] "The model for variable Dexamethasone_Lag4 was successfully fit at 2022-05-05 15:31:41"
[1] "The model for variable Ceftiofur_Lag4 was initiated at 2022-05-05 15:31:41"
[1] "The model for variable Ceftiofur_Lag4 was successfully fit at 2022-05-05 15:31:44"
[1] "The model for variable Enroflaxin_Lag4 was initiated at 2022-05-05 15:31:44"
[1] "The model for variable Enroflaxin_Lag4 was successfully fit at 2022-05-05 15:31:47"
[1] "The model for variable Tetracycline_Lag4 was initiated at 2022-05-05 15:31:47"
[1] "The model for variable Tetracycline_Lag4 was successfully fit at 2022-05-05 15:31:50"
[1] "The model for variable Lincomycin_Lag4 was initiated at 2022-05-05 15:31:50"
[1] "The model for variable Lincomycin_Lag4 was successfully fit at 2022-05-05 15:31:54"
[1] "The model for variable OtherTreatments_Lag4 was initiated at 2022-05-05 15:31:54"
[1] "The model for variable OtherTreatments_Lag4 was successfully fit at 2022-05-05 15:31:57"
[1] "The model for variable TotalTreatments_Lag4 was initiated at 2022-05-05 15:31:57"
[1] "The model for variable TotalTreatments_Lag4 was successfully fit at 2022-05-05 15:32:00"
[1] "The model for variable TreatmentProportion_Lag4 was initiated at 2022-05-05 15:32:00"
[1] "The model for variable TreatmentProportion_Lag4 was successfully fit at 2022-05-05 15:32:03"
[1] "The model for variable WaterMedications_Lag4 was initiated at 2022-05-05 15:32:03"
[1] "The model for variable WaterMedications_Lag4 was successfully fit at 2022-05-05 15:32:06"
[1] "The model for variable PrimaryRespiratory_Lag4 was initiated at 2022-05-05 15:32:06"
[1] "The model for variable PrimaryRespiratory_Lag4 was successfully fit at 2022-05-05 15:32:09"
[1] "The model for variable SecondaryRespiratory_Lag4 was initiated at 2022-05-05 15:32:09"
[1] "The model for variable SecondaryRespiratory_Lag4 was successfully fit at 2022-05-05 15:32:13"
[1] "The model for variable ReHS_Lag4 was initiated at 2022-05-05 15:32:13"
[1] "The model for variable ReHS_Lag4 was successfully fit at 2022-05-05 15:32:15"
[1] "The model for variable WaterIntakeRMS_Lag4 was initiated at 2022-05-05 15:32:15"
[1] "The model for variable WaterIntakeRMS_Lag4 was successfully fit at 2022-05-05 15:32:18"
[1] "The model for variable WaterIntakeHdRMS_Lag4 was initiated at 2022-05-05 15:32:18"
[1] "The model for variable WaterIntakeHdRMS_Lag4 was successfully fit at 2022-05-05 15:32:20"
[1] "The model for variable WaterIntakeVC_Lag4 was initiated at 2022-05-05 15:32:20"
[1] "The model for variable WaterIntakeVC_Lag4 was successfully fit at 2022-05-05 15:32:23"
[1] "The model for variable WaterIntakeHdVC_Lag4 was initiated at 2022-05-05 15:32:23"
[1] "The model for variable WaterIntakeHdVC_Lag4 was successfully fit at 2022-05-05 15:32:26"
[1] "The model for variable TempReHS_Lag4 was initiated at 2022-05-05 15:32:26"
[1] "The model for variable TempReHS_Lag4 was successfully fit at 2022-05-05 15:32:29"
[1] "The model for variable LowTempRMS_Lag4 was initiated at 2022-05-05 15:32:29"
[1] "The model for variable LowTempRMS_Lag4 was successfully fit at 2022-05-05 15:32:32"
[1] "The model for variable HiTempRMS_Lag4 was initiated at 2022-05-05 15:32:32"
[1] "The model for variable HiTempRMS_Lag4 was successfully fit at 2022-05-05 15:32:36"
[1] "The model for variable TempRangeRMS_Lag4 was initiated at 2022-05-05 15:32:36"
[1] "The model for variable TempRangeRMS_Lag4 was successfully fit at 2022-05-05 15:32:39"
[1] "The model for variable SetPointRMS_Lag4 was initiated at 2022-05-05 15:32:39"
[1] "The model for variable SetPointRMS_Lag4 was successfully fit at 2022-05-05 15:32:43"
[1] "The model for variable LowTempVC_Lag4 was initiated at 2022-05-05 15:32:43"
[1] "The model for variable LowTempVC_Lag4 was successfully fit at 2022-05-05 15:32:45"
[1] "The model for variable AvgTempVC_Lag4 was initiated at 2022-05-05 15:32:45"
[1] "The model for variable AvgTempVC_Lag4 was successfully fit at 2022-05-05 15:32:47"
[1] "The model for variable HiTempVC_Lag4 was initiated at 2022-05-05 15:32:47"
[1] "The model for variable HiTempVC_Lag4 was successfully fit at 2022-05-05 15:32:52"
[1] "The model for variable TempRangeVC_Lag4 was initiated at 2022-05-05 15:32:52"
[1] "The model for variable TempRangeVC_Lag4 was successfully fit at 2022-05-05 15:32:54"
[1] "The model for variable SetPointVC_Lag4 was initiated at 2022-05-05 15:32:54"
[1] "The model for variable SetPointVC_Lag4 was successfully fit at 2022-05-05 15:32:56"
[1] "The model for variable Days_Lag5 was initiated at 2022-05-05 15:32:56"
[1] "The model for variable Days_Lag5 was successfully fit at 2022-05-05 15:32:59"
[1] "The model for variable Inventory_Lag5 was initiated at 2022-05-05 15:32:59"
[1] "The model for variable Inventory_Lag5 was successfully fit at 2022-05-05 15:33:02"
[1] "The model for variable Euth_Lag5 was initiated at 2022-05-05 15:33:02"
[1] "The model for variable Euth_Lag5 was successfully fit at 2022-05-05 15:33:06"
[1] "The model for variable Dead_Lag5 was initiated at 2022-05-05 15:33:06"
[1] "The model for variable Dead_Lag5 was successfully fit at 2022-05-05 15:33:10"
[1] "The model for variable TotalMortality_Lag5 was initiated at 2022-05-05 15:33:10"
[1] "The model for variable TotalMortality_Lag5 was successfully fit at 2022-05-05 15:33:13"
[1] "The model for variable MortalityProportion_Lag5 was initiated at 2022-05-05 15:33:13"
[1] "The model for variable MortalityProportion_Lag5 was successfully fit at 2022-05-05 15:33:16"
[1] "The model for variable Penicillin_Lag5 was initiated at 2022-05-05 15:33:16"
[1] "The model for variable Penicillin_Lag5 was successfully fit at 2022-05-05 15:33:20"
[1] "The model for variable Dexamethasone_Lag5 was initiated at 2022-05-05 15:33:20"
[1] "The model for variable Dexamethasone_Lag5 was successfully fit at 2022-05-05 15:33:24"
[1] "The model for variable Ceftiofur_Lag5 was initiated at 2022-05-05 15:33:24"
[1] "The model for variable Ceftiofur_Lag5 was successfully fit at 2022-05-05 15:33:28"
[1] "The model for variable Enroflaxin_Lag5 was initiated at 2022-05-05 15:33:28"
[1] "The model for variable Enroflaxin_Lag5 was successfully fit at 2022-05-05 15:33:32"
[1] "The model for variable Tetracycline_Lag5 was initiated at 2022-05-05 15:33:32"
[1] "The model for variable Tetracycline_Lag5 was successfully fit at 2022-05-05 15:33:35"
[1] "The model for variable Lincomycin_Lag5 was initiated at 2022-05-05 15:33:35"
[1] "The model for variable Lincomycin_Lag5 was successfully fit at 2022-05-05 15:33:38"
[1] "The model for variable OtherTreatments_Lag5 was initiated at 2022-05-05 15:33:38"
[1] "The model for variable OtherTreatments_Lag5 was successfully fit at 2022-05-05 15:33:40"
[1] "The model for variable TotalTreatments_Lag5 was initiated at 2022-05-05 15:33:40"
[1] "The model for variable TotalTreatments_Lag5 was successfully fit at 2022-05-05 15:33:45"
[1] "The model for variable TreatmentProportion_Lag5 was initiated at 2022-05-05 15:33:45"
[1] "The model for variable TreatmentProportion_Lag5 was successfully fit at 2022-05-05 15:33:48"
[1] "The model for variable WaterMedications_Lag5 was initiated at 2022-05-05 15:33:48"
[1] "The model for variable WaterMedications_Lag5 was successfully fit at 2022-05-05 15:33:51"
[1] "The model for variable PrimaryRespiratory_Lag5 was initiated at 2022-05-05 15:33:51"
[1] "The model for variable PrimaryRespiratory_Lag5 was successfully fit at 2022-05-05 15:33:53"
[1] "The model for variable SecondaryRespiratory_Lag5 was initiated at 2022-05-05 15:33:53"
[1] "The model for variable SecondaryRespiratory_Lag5 was successfully fit at 2022-05-05 15:33:56"
[1] "The model for variable ReHS_Lag5 was initiated at 2022-05-05 15:33:56"
[1] "The model for variable ReHS_Lag5 was successfully fit at 2022-05-05 15:33:58"
[1] "The model for variable WaterIntakeRMS_Lag5 was initiated at 2022-05-05 15:33:58"
[1] "The model for variable WaterIntakeRMS_Lag5 was successfully fit at 2022-05-05 15:34:00"
[1] "The model for variable WaterIntakeHdRMS_Lag5 was initiated at 2022-05-05 15:34:00"
[1] "The model for variable WaterIntakeHdRMS_Lag5 was successfully fit at 2022-05-05 15:34:02"
[1] "The model for variable WaterIntakeVC_Lag5 was initiated at 2022-05-05 15:34:02"
[1] "The model for variable WaterIntakeVC_Lag5 was successfully fit at 2022-05-05 15:34:04"
[1] "The model for variable WaterIntakeHdVC_Lag5 was initiated at 2022-05-05 15:34:04"
[1] "The model for variable WaterIntakeHdVC_Lag5 was successfully fit at 2022-05-05 15:34:06"
[1] "The model for variable TempReHS_Lag5 was initiated at 2022-05-05 15:34:06"
[1] "The model for variable TempReHS_Lag5 was successfully fit at 2022-05-05 15:34:09"
[1] "The model for variable LowTempRMS_Lag5 was initiated at 2022-05-05 15:34:09"
[1] "The model for variable LowTempRMS_Lag5 was successfully fit at 2022-05-05 15:34:13"
[1] "The model for variable HiTempRMS_Lag5 was initiated at 2022-05-05 15:34:13"
[1] "The model for variable HiTempRMS_Lag5 was successfully fit at 2022-05-05 15:34:15"
[1] "The model for variable TempRangeRMS_Lag5 was initiated at 2022-05-05 15:34:15"
[1] "The model for variable TempRangeRMS_Lag5 was successfully fit at 2022-05-05 15:34:19"
[1] "The model for variable SetPointRMS_Lag5 was initiated at 2022-05-05 15:34:19"
[1] "The model for variable SetPointRMS_Lag5 was successfully fit at 2022-05-05 15:34:22"
[1] "The model for variable LowTempVC_Lag5 was initiated at 2022-05-05 15:34:22"
[1] "The model for variable LowTempVC_Lag5 was successfully fit at 2022-05-05 15:34:24"
[1] "The model for variable AvgTempVC_Lag5 was initiated at 2022-05-05 15:34:24"
[1] "The model for variable AvgTempVC_Lag5 was successfully fit at 2022-05-05 15:34:29"
[1] "The model for variable HiTempVC_Lag5 was initiated at 2022-05-05 15:34:29"
[1] "The model for variable HiTempVC_Lag5 was successfully fit at 2022-05-05 15:34:33"
[1] "The model for variable TempRangeVC_Lag5 was initiated at 2022-05-05 15:34:33"
[1] "The model for variable TempRangeVC_Lag5 was successfully fit at 2022-05-05 15:34:35"
[1] "The model for variable SetPointVC_Lag5 was initiated at 2022-05-05 15:34:35"
[1] "The model for variable SetPointVC_Lag5 was successfully fit at 2022-05-05 15:34:37"
[1] "The model for variable Days_Lag6 was initiated at 2022-05-05 15:34:37"
[1] "The model for variable Days_Lag6 was successfully fit at 2022-05-05 15:34:41"
[1] "The model for variable Inventory_Lag6 was initiated at 2022-05-05 15:34:41"
[1] "The model for variable Inventory_Lag6 was successfully fit at 2022-05-05 15:34:45"
[1] "The model for variable Euth_Lag6 was initiated at 2022-05-05 15:34:45"
[1] "The model for variable Euth_Lag6 was successfully fit at 2022-05-05 15:34:47"
[1] "The model for variable Dead_Lag6 was initiated at 2022-05-05 15:34:47"
[1] "The model for variable Dead_Lag6 was successfully fit at 2022-05-05 15:34:51"
[1] "The model for variable TotalMortality_Lag6 was initiated at 2022-05-05 15:34:51"
[1] "The model for variable TotalMortality_Lag6 was successfully fit at 2022-05-05 15:34:54"
[1] "The model for variable MortalityProportion_Lag6 was initiated at 2022-05-05 15:34:54"
[1] "The model for variable MortalityProportion_Lag6 was successfully fit at 2022-05-05 15:34:56"
[1] "The model for variable Penicillin_Lag6 was initiated at 2022-05-05 15:34:56"
[1] "The model for variable Penicillin_Lag6 was successfully fit at 2022-05-05 15:35:00"
[1] "The model for variable Dexamethasone_Lag6 was initiated at 2022-05-05 15:35:00"
[1] "The model for variable Dexamethasone_Lag6 was successfully fit at 2022-05-05 15:35:04"
[1] "The model for variable Ceftiofur_Lag6 was initiated at 2022-05-05 15:35:04"
[1] "The model for variable Ceftiofur_Lag6 was successfully fit at 2022-05-05 15:35:07"
[1] "The model for variable Enroflaxin_Lag6 was initiated at 2022-05-05 15:35:07"
[1] "The model for variable Enroflaxin_Lag6 was successfully fit at 2022-05-05 15:35:10"
[1] "The model for variable Tetracycline_Lag6 was initiated at 2022-05-05 15:35:10"
[1] "The model for variable Tetracycline_Lag6 was successfully fit at 2022-05-05 15:35:12"
[1] "The model for variable Lincomycin_Lag6 was initiated at 2022-05-05 15:35:12"
[1] "The model for variable Lincomycin_Lag6 was successfully fit at 2022-05-05 15:35:15"
[1] "The model for variable OtherTreatments_Lag6 was initiated at 2022-05-05 15:35:15"
[1] "The model for variable OtherTreatments_Lag6 was successfully fit at 2022-05-05 15:35:18"
[1] "The model for variable TotalTreatments_Lag6 was initiated at 2022-05-05 15:35:18"
[1] "The model for variable TotalTreatments_Lag6 was successfully fit at 2022-05-05 15:35:21"
[1] "The model for variable TreatmentProportion_Lag6 was initiated at 2022-05-05 15:35:21"
[1] "The model for variable TreatmentProportion_Lag6 was successfully fit at 2022-05-05 15:35:23"
[1] "The model for variable WaterMedications_Lag6 was initiated at 2022-05-05 15:35:23"
[1] "The model for variable WaterMedications_Lag6 was successfully fit at 2022-05-05 15:35:27"
[1] "The model for variable PrimaryRespiratory_Lag6 was initiated at 2022-05-05 15:35:27"
[1] "The model for variable PrimaryRespiratory_Lag6 was successfully fit at 2022-05-05 15:35:30"
[1] "The model for variable SecondaryRespiratory_Lag6 was initiated at 2022-05-05 15:35:30"
[1] "The model for variable SecondaryRespiratory_Lag6 was successfully fit at 2022-05-05 15:35:33"
[1] "The model for variable ReHS_Lag6 was initiated at 2022-05-05 15:35:33"
[1] "The model for variable ReHS_Lag6 was successfully fit at 2022-05-05 15:35:35"
[1] "The model for variable WaterIntakeRMS_Lag6 was initiated at 2022-05-05 15:35:35"
[1] "The model for variable WaterIntakeRMS_Lag6 was successfully fit at 2022-05-05 15:35:37"
[1] "The model for variable WaterIntakeHdRMS_Lag6 was initiated at 2022-05-05 15:35:37"
[1] "The model for variable WaterIntakeHdRMS_Lag6 was successfully fit at 2022-05-05 15:35:39"
[1] "The model for variable WaterIntakeVC_Lag6 was initiated at 2022-05-05 15:35:39"
[1] "The model for variable WaterIntakeVC_Lag6 was successfully fit at 2022-05-05 15:35:42"
[1] "The model for variable WaterIntakeHdVC_Lag6 was initiated at 2022-05-05 15:35:42"
[1] "The model for variable WaterIntakeHdVC_Lag6 was successfully fit at 2022-05-05 15:35:44"
[1] "The model for variable TempReHS_Lag6 was initiated at 2022-05-05 15:35:44"
[1] "The model for variable TempReHS_Lag6 was successfully fit at 2022-05-05 15:35:48"
[1] "The model for variable LowTempRMS_Lag6 was initiated at 2022-05-05 15:35:48"
[1] "The model for variable LowTempRMS_Lag6 was successfully fit at 2022-05-05 15:35:50"
[1] "The model for variable HiTempRMS_Lag6 was initiated at 2022-05-05 15:35:50"
[1] "The model for variable HiTempRMS_Lag6 was successfully fit at 2022-05-05 15:35:54"
[1] "The model for variable TempRangeRMS_Lag6 was initiated at 2022-05-05 15:35:54"
[1] "The model for variable TempRangeRMS_Lag6 was successfully fit at 2022-05-05 15:35:56"
[1] "The model for variable SetPointRMS_Lag6 was initiated at 2022-05-05 15:35:56"
[1] "The model for variable SetPointRMS_Lag6 was successfully fit at 2022-05-05 15:35:59"
[1] "The model for variable LowTempVC_Lag6 was initiated at 2022-05-05 15:35:59"
[1] "The model for variable LowTempVC_Lag6 was successfully fit at 2022-05-05 15:36:02"
[1] "The model for variable AvgTempVC_Lag6 was initiated at 2022-05-05 15:36:02"
[1] "The model for variable AvgTempVC_Lag6 was successfully fit at 2022-05-05 15:36:04"
[1] "The model for variable HiTempVC_Lag6 was initiated at 2022-05-05 15:36:04"
[1] "The model for variable HiTempVC_Lag6 was successfully fit at 2022-05-05 15:36:07"
[1] "The model for variable TempRangeVC_Lag6 was initiated at 2022-05-05 15:36:07"
[1] "The model for variable TempRangeVC_Lag6 was successfully fit at 2022-05-05 15:36:10"
[1] "The model for variable SetPointVC_Lag6 was initiated at 2022-05-05 15:36:10"
[1] "The model for variable SetPointVC_Lag6 was successfully fit at 2022-05-05 15:36:12"
[1] "The model for variable Days_Lag7 was initiated at 2022-05-05 15:36:12"
[1] "The model for variable Days_Lag7 was successfully fit at 2022-05-05 15:36:15"
[1] "The model for variable Inventory_Lag7 was initiated at 2022-05-05 15:36:15"
[1] "The model for variable Inventory_Lag7 was successfully fit at 2022-05-05 15:36:19"
[1] "The model for variable Euth_Lag7 was initiated at 2022-05-05 15:36:19"
[1] "The model for variable Euth_Lag7 was successfully fit at 2022-05-05 15:36:23"
[1] "The model for variable Dead_Lag7 was initiated at 2022-05-05 15:36:23"
[1] "The model for variable Dead_Lag7 was successfully fit at 2022-05-05 15:36:27"
[1] "The model for variable TotalMortality_Lag7 was initiated at 2022-05-05 15:36:27"
[1] "The model for variable TotalMortality_Lag7 was successfully fit at 2022-05-05 15:36:30"
[1] "The model for variable MortalityProportion_Lag7 was initiated at 2022-05-05 15:36:30"
[1] "The model for variable MortalityProportion_Lag7 was successfully fit at 2022-05-05 15:36:34"
[1] "The model for variable Penicillin_Lag7 was initiated at 2022-05-05 15:36:34"
[1] "The model for variable Penicillin_Lag7 was successfully fit at 2022-05-05 15:36:37"
[1] "The model for variable Dexamethasone_Lag7 was initiated at 2022-05-05 15:36:37"
[1] "The model for variable Dexamethasone_Lag7 was successfully fit at 2022-05-05 15:36:40"
[1] "The model for variable Ceftiofur_Lag7 was initiated at 2022-05-05 15:36:40"
[1] "The model for variable Ceftiofur_Lag7 was successfully fit at 2022-05-05 15:36:44"
[1] "The model for variable Enroflaxin_Lag7 was initiated at 2022-05-05 15:36:44"
[1] "The model for variable Enroflaxin_Lag7 was successfully fit at 2022-05-05 15:36:46"
[1] "The model for variable Tetracycline_Lag7 was initiated at 2022-05-05 15:36:46"
[1] "The model for variable Tetracycline_Lag7 was successfully fit at 2022-05-05 15:36:49"
[1] "The model for variable Lincomycin_Lag7 was initiated at 2022-05-05 15:36:49"
[1] "The model for variable Lincomycin_Lag7 was successfully fit at 2022-05-05 15:36:52"
[1] "The model for variable OtherTreatments_Lag7 was initiated at 2022-05-05 15:36:52"
[1] "The model for variable OtherTreatments_Lag7 was successfully fit at 2022-05-05 15:36:55"
[1] "The model for variable TotalTreatments_Lag7 was initiated at 2022-05-05 15:36:55"
[1] "The model for variable TotalTreatments_Lag7 was successfully fit at 2022-05-05 15:36:58"
[1] "The model for variable TreatmentProportion_Lag7 was initiated at 2022-05-05 15:36:58"
[1] "The model for variable TreatmentProportion_Lag7 was successfully fit at 2022-05-05 15:37:01"
[1] "The model for variable WaterMedications_Lag7 was initiated at 2022-05-05 15:37:01"
[1] "The model for variable WaterMedications_Lag7 was successfully fit at 2022-05-05 15:37:04"
[1] "The model for variable PrimaryRespiratory_Lag7 was initiated at 2022-05-05 15:37:04"
[1] "The model for variable PrimaryRespiratory_Lag7 was successfully fit at 2022-05-05 15:37:07"
[1] "The model for variable SecondaryRespiratory_Lag7 was initiated at 2022-05-05 15:37:07"
[1] "The model for variable SecondaryRespiratory_Lag7 was successfully fit at 2022-05-05 15:37:09"
[1] "The model for variable ReHS_Lag7 was initiated at 2022-05-05 15:37:09"
[1] "The model for variable ReHS_Lag7 was successfully fit at 2022-05-05 15:37:11"
[1] "The model for variable WaterIntakeRMS_Lag7 was initiated at 2022-05-05 15:37:11"
[1] "The model for variable WaterIntakeRMS_Lag7 was successfully fit at 2022-05-05 15:37:14"
[1] "The model for variable WaterIntakeHdRMS_Lag7 was initiated at 2022-05-05 15:37:14"
[1] "The model for variable WaterIntakeHdRMS_Lag7 was successfully fit at 2022-05-05 15:37:17"
[1] "The model for variable WaterIntakeVC_Lag7 was initiated at 2022-05-05 15:37:17"
[1] "The model for variable WaterIntakeVC_Lag7 was successfully fit at 2022-05-05 15:37:19"
[1] "The model for variable WaterIntakeHdVC_Lag7 was initiated at 2022-05-05 15:37:19"
[1] "The model for variable WaterIntakeHdVC_Lag7 was successfully fit at 2022-05-05 15:37:22"
[1] "The model for variable TempReHS_Lag7 was initiated at 2022-05-05 15:37:22"
[1] "The model for variable TempReHS_Lag7 was successfully fit at 2022-05-05 15:37:24"
[1] "The model for variable LowTempRMS_Lag7 was initiated at 2022-05-05 15:37:24"
[1] "The model for variable LowTempRMS_Lag7 was successfully fit at 2022-05-05 15:37:28"
[1] "The model for variable HiTempRMS_Lag7 was initiated at 2022-05-05 15:37:28"
[1] "The model for variable HiTempRMS_Lag7 was successfully fit at 2022-05-05 15:37:31"
[1] "The model for variable TempRangeRMS_Lag7 was initiated at 2022-05-05 15:37:31"
[1] "The model for variable TempRangeRMS_Lag7 was successfully fit at 2022-05-05 15:37:33"
[1] "The model for variable SetPointRMS_Lag7 was initiated at 2022-05-05 15:37:33"
[1] "The model for variable SetPointRMS_Lag7 was successfully fit at 2022-05-05 15:37:37"
[1] "The model for variable LowTempVC_Lag7 was initiated at 2022-05-05 15:37:37"
[1] "The model for variable LowTempVC_Lag7 was successfully fit at 2022-05-05 15:37:40"
[1] "The model for variable AvgTempVC_Lag7 was initiated at 2022-05-05 15:37:40"
[1] "The model for variable AvgTempVC_Lag7 was successfully fit at 2022-05-05 15:37:42"
[1] "The model for variable HiTempVC_Lag7 was initiated at 2022-05-05 15:37:42"
[1] "The model for variable HiTempVC_Lag7 was successfully fit at 2022-05-05 15:37:45"
[1] "The model for variable TempRangeVC_Lag7 was initiated at 2022-05-05 15:37:45"
[1] "The model for variable TempRangeVC_Lag7 was successfully fit at 2022-05-05 15:37:47"
[1] "The model for variable SetPointVC_Lag7 was initiated at 2022-05-05 15:37:47"
[1] "The model for variable SetPointVC_Lag7 was successfully fit at 2022-05-05 15:37:49"
[1] "The model for variable Days_Lag8 was initiated at 2022-05-05 15:37:49"
[1] "The model for variable Days_Lag8 was successfully fit at 2022-05-05 15:37:52"
[1] "The model for variable Inventory_Lag8 was initiated at 2022-05-05 15:37:52"
[1] "The model for variable Inventory_Lag8 was successfully fit at 2022-05-05 15:37:56"
[1] "The model for variable Euth_Lag8 was initiated at 2022-05-05 15:37:56"
[1] "The model for variable Euth_Lag8 was successfully fit at 2022-05-05 15:37:59"
[1] "The model for variable Dead_Lag8 was initiated at 2022-05-05 15:37:59"
[1] "The model for variable Dead_Lag8 was successfully fit at 2022-05-05 15:38:02"
[1] "The model for variable TotalMortality_Lag8 was initiated at 2022-05-05 15:38:02"
[1] "The model for variable TotalMortality_Lag8 was successfully fit at 2022-05-05 15:38:04"
[1] "The model for variable MortalityProportion_Lag8 was initiated at 2022-05-05 15:38:04"
[1] "The model for variable MortalityProportion_Lag8 was successfully fit at 2022-05-05 15:38:08"
[1] "The model for variable Penicillin_Lag8 was initiated at 2022-05-05 15:38:08"
[1] "The model for variable Penicillin_Lag8 was successfully fit at 2022-05-05 15:38:11"
[1] "The model for variable Dexamethasone_Lag8 was initiated at 2022-05-05 15:38:11"
[1] "The model for variable Dexamethasone_Lag8 was successfully fit at 2022-05-05 15:38:14"
[1] "The model for variable Ceftiofur_Lag8 was initiated at 2022-05-05 15:38:14"
[1] "The model for variable Ceftiofur_Lag8 was successfully fit at 2022-05-05 15:38:16"
[1] "The model for variable Enroflaxin_Lag8 was initiated at 2022-05-05 15:38:16"
[1] "The model for variable Enroflaxin_Lag8 was successfully fit at 2022-05-05 15:38:20"
[1] "The model for variable Tetracycline_Lag8 was initiated at 2022-05-05 15:38:20"
[1] "The model for variable Tetracycline_Lag8 was successfully fit at 2022-05-05 15:38:23"
[1] "The model for variable Lincomycin_Lag8 was initiated at 2022-05-05 15:38:23"
[1] "The model for variable Lincomycin_Lag8 was successfully fit at 2022-05-05 15:38:25"
[1] "The model for variable OtherTreatments_Lag8 was initiated at 2022-05-05 15:38:25"
[1] "The model for variable OtherTreatments_Lag8 was successfully fit at 2022-05-05 15:38:28"
[1] "The model for variable TotalTreatments_Lag8 was initiated at 2022-05-05 15:38:28"
[1] "The model for variable TotalTreatments_Lag8 was successfully fit at 2022-05-05 15:38:30"
[1] "The model for variable TreatmentProportion_Lag8 was initiated at 2022-05-05 15:38:30"
[1] "The model for variable TreatmentProportion_Lag8 was successfully fit at 2022-05-05 15:38:33"
[1] "The model for variable WaterMedications_Lag8 was initiated at 2022-05-05 15:38:33"
[1] "The model for variable WaterMedications_Lag8 was successfully fit at 2022-05-05 15:38:36"
[1] "The model for variable PrimaryRespiratory_Lag8 was initiated at 2022-05-05 15:38:36"
[1] "The model for variable PrimaryRespiratory_Lag8 was successfully fit at 2022-05-05 15:38:39"
[1] "The model for variable SecondaryRespiratory_Lag8 was initiated at 2022-05-05 15:38:39"
[1] "The model for variable SecondaryRespiratory_Lag8 was successfully fit at 2022-05-05 15:38:42"
[1] "The model for variable ReHS_Lag8 was initiated at 2022-05-05 15:38:42"
[1] "The model for variable ReHS_Lag8 was successfully fit at 2022-05-05 15:38:44"
[1] "The model for variable WaterIntakeRMS_Lag8 was initiated at 2022-05-05 15:38:45"
[1] "The model for variable WaterIntakeRMS_Lag8 was successfully fit at 2022-05-05 15:38:47"
[1] "The model for variable WaterIntakeHdRMS_Lag8 was initiated at 2022-05-05 15:38:47"
[1] "The model for variable WaterIntakeHdRMS_Lag8 was successfully fit at 2022-05-05 15:38:50"
[1] "The model for variable WaterIntakeVC_Lag8 was initiated at 2022-05-05 15:38:50"
[1] "The model for variable WaterIntakeVC_Lag8 was successfully fit at 2022-05-05 15:38:53"
[1] "The model for variable WaterIntakeHdVC_Lag8 was initiated at 2022-05-05 15:38:53"
[1] "The model for variable WaterIntakeHdVC_Lag8 was successfully fit at 2022-05-05 15:38:56"
[1] "The model for variable TempReHS_Lag8 was initiated at 2022-05-05 15:38:56"
[1] "The model for variable TempReHS_Lag8 was successfully fit at 2022-05-05 15:38:59"
[1] "The model for variable LowTempRMS_Lag8 was initiated at 2022-05-05 15:38:59"
[1] "The model for variable LowTempRMS_Lag8 was successfully fit at 2022-05-05 15:39:03"
[1] "The model for variable HiTempRMS_Lag8 was initiated at 2022-05-05 15:39:03"
[1] "The model for variable HiTempRMS_Lag8 was successfully fit at 2022-05-05 15:39:06"
[1] "The model for variable TempRangeRMS_Lag8 was initiated at 2022-05-05 15:39:06"
[1] "The model for variable TempRangeRMS_Lag8 was successfully fit at 2022-05-05 15:39:09"
[1] "The model for variable SetPointRMS_Lag8 was initiated at 2022-05-05 15:39:09"
[1] "The model for variable SetPointRMS_Lag8 was successfully fit at 2022-05-05 15:39:12"
[1] "The model for variable LowTempVC_Lag8 was initiated at 2022-05-05 15:39:12"
[1] "The model for variable LowTempVC_Lag8 was successfully fit at 2022-05-05 15:39:15"
[1] "The model for variable AvgTempVC_Lag8 was initiated at 2022-05-05 15:39:15"
[1] "The model for variable AvgTempVC_Lag8 was successfully fit at 2022-05-05 15:39:18"
[1] "The model for variable HiTempVC_Lag8 was initiated at 2022-05-05 15:39:18"
[1] "The model for variable HiTempVC_Lag8 was successfully fit at 2022-05-05 15:39:20"
[1] "The model for variable TempRangeVC_Lag8 was initiated at 2022-05-05 15:39:20"
[1] "The model for variable TempRangeVC_Lag8 was successfully fit at 2022-05-05 15:39:23"
[1] "The model for variable SetPointVC_Lag8 was initiated at 2022-05-05 15:39:23"
[1] "The model for variable SetPointVC_Lag8 was successfully fit at 2022-05-05 15:39:25"
[1] "The model for variable Days_Lag9 was initiated at 2022-05-05 15:39:25"
[1] "The model for variable Days_Lag9 was successfully fit at 2022-05-05 15:39:27"
[1] "The model for variable Inventory_Lag9 was initiated at 2022-05-05 15:39:27"
[1] "The model for variable Inventory_Lag9 was successfully fit at 2022-05-05 15:39:30"
[1] "The model for variable Euth_Lag9 was initiated at 2022-05-05 15:39:30"
[1] "The model for variable Euth_Lag9 was successfully fit at 2022-05-05 15:39:33"
[1] "The model for variable Dead_Lag9 was initiated at 2022-05-05 15:39:33"
[1] "The model for variable Dead_Lag9 was successfully fit at 2022-05-05 15:39:35"
[1] "The model for variable TotalMortality_Lag9 was initiated at 2022-05-05 15:39:35"
[1] "The model for variable TotalMortality_Lag9 was successfully fit at 2022-05-05 15:39:38"
[1] "The model for variable MortalityProportion_Lag9 was initiated at 2022-05-05 15:39:38"
[1] "The model for variable MortalityProportion_Lag9 was successfully fit at 2022-05-05 15:39:42"
[1] "The model for variable Penicillin_Lag9 was initiated at 2022-05-05 15:39:42"
[1] "The model for variable Penicillin_Lag9 was successfully fit at 2022-05-05 15:39:44"
[1] "The model for variable Dexamethasone_Lag9 was initiated at 2022-05-05 15:39:44"
[1] "The model for variable Dexamethasone_Lag9 was successfully fit at 2022-05-05 15:39:46"
[1] "The model for variable Ceftiofur_Lag9 was initiated at 2022-05-05 15:39:46"
[1] "The model for variable Ceftiofur_Lag9 was successfully fit at 2022-05-05 15:39:49"
[1] "The model for variable Enroflaxin_Lag9 was initiated at 2022-05-05 15:39:49"
[1] "The model for variable Enroflaxin_Lag9 was successfully fit at 2022-05-05 15:39:52"
[1] "The model for variable Tetracycline_Lag9 was initiated at 2022-05-05 15:39:52"
[1] "The model for variable Tetracycline_Lag9 was successfully fit at 2022-05-05 15:39:54"
[1] "The model for variable Lincomycin_Lag9 was initiated at 2022-05-05 15:39:54"
[1] "The model for variable Lincomycin_Lag9 was successfully fit at 2022-05-05 15:39:57"
[1] "The model for variable OtherTreatments_Lag9 was initiated at 2022-05-05 15:39:57"
[1] "The model for variable OtherTreatments_Lag9 was successfully fit at 2022-05-05 15:40:00"
[1] "The model for variable TotalTreatments_Lag9 was initiated at 2022-05-05 15:40:00"
[1] "The model for variable TotalTreatments_Lag9 was successfully fit at 2022-05-05 15:40:03"
[1] "The model for variable TreatmentProportion_Lag9 was initiated at 2022-05-05 15:40:03"
[1] "The model for variable TreatmentProportion_Lag9 was successfully fit at 2022-05-05 15:40:06"
[1] "The model for variable WaterMedications_Lag9 was initiated at 2022-05-05 15:40:06"
[1] "The model for variable WaterMedications_Lag9 was successfully fit at 2022-05-05 15:40:10"
[1] "The model for variable PrimaryRespiratory_Lag9 was initiated at 2022-05-05 15:40:10"
[1] "The model for variable PrimaryRespiratory_Lag9 was successfully fit at 2022-05-05 15:40:12"
[1] "The model for variable SecondaryRespiratory_Lag9 was initiated at 2022-05-05 15:40:12"
[1] "The model for variable SecondaryRespiratory_Lag9 was successfully fit at 2022-05-05 15:40:15"
[1] "The model for variable ReHS_Lag9 was initiated at 2022-05-05 15:40:15"
[1] "The model for variable ReHS_Lag9 was successfully fit at 2022-05-05 15:40:17"
[1] "The model for variable WaterIntakeRMS_Lag9 was initiated at 2022-05-05 15:40:17"
[1] "The model for variable WaterIntakeRMS_Lag9 was successfully fit at 2022-05-05 15:40:19"
[1] "The model for variable WaterIntakeHdRMS_Lag9 was initiated at 2022-05-05 15:40:19"
[1] "The model for variable WaterIntakeHdRMS_Lag9 was successfully fit at 2022-05-05 15:40:22"
[1] "The model for variable WaterIntakeVC_Lag9 was initiated at 2022-05-05 15:40:22"
[1] "The model for variable WaterIntakeVC_Lag9 was successfully fit at 2022-05-05 15:40:26"
[1] "The model for variable WaterIntakeHdVC_Lag9 was initiated at 2022-05-05 15:40:26"
[1] "The model for variable WaterIntakeHdVC_Lag9 was successfully fit at 2022-05-05 15:40:29"
[1] "The model for variable TempReHS_Lag9 was initiated at 2022-05-05 15:40:29"
[1] "The model for variable TempReHS_Lag9 was successfully fit at 2022-05-05 15:40:32"
[1] "The model for variable LowTempRMS_Lag9 was initiated at 2022-05-05 15:40:32"
[1] "The model for variable LowTempRMS_Lag9 was successfully fit at 2022-05-05 15:40:36"
[1] "The model for variable HiTempRMS_Lag9 was initiated at 2022-05-05 15:40:36"
[1] "The model for variable HiTempRMS_Lag9 was successfully fit at 2022-05-05 15:40:38"
[1] "The model for variable TempRangeRMS_Lag9 was initiated at 2022-05-05 15:40:38"
[1] "The model for variable TempRangeRMS_Lag9 was successfully fit at 2022-05-05 15:40:41"
[1] "The model for variable SetPointRMS_Lag9 was initiated at 2022-05-05 15:40:41"
[1] "The model for variable SetPointRMS_Lag9 was successfully fit at 2022-05-05 15:40:45"
[1] "The model for variable LowTempVC_Lag9 was initiated at 2022-05-05 15:40:45"
[1] "The model for variable LowTempVC_Lag9 was successfully fit at 2022-05-05 15:40:47"
[1] "The model for variable AvgTempVC_Lag9 was initiated at 2022-05-05 15:40:48"
[1] "The model for variable AvgTempVC_Lag9 was successfully fit at 2022-05-05 15:40:50"
[1] "The model for variable HiTempVC_Lag9 was initiated at 2022-05-05 15:40:50"
[1] "The model for variable HiTempVC_Lag9 was successfully fit at 2022-05-05 15:40:52"
[1] "The model for variable TempRangeVC_Lag9 was initiated at 2022-05-05 15:40:52"
[1] "The model for variable TempRangeVC_Lag9 was successfully fit at 2022-05-05 15:40:54"
[1] "The model for variable SetPointVC_Lag9 was initiated at 2022-05-05 15:40:54"
[1] "The model for variable SetPointVC_Lag9 was successfully fit at 2022-05-05 15:40:55"
[1] "The model for variable Days_Lag10 was initiated at 2022-05-05 15:40:55"
[1] "The model for variable Days_Lag10 was successfully fit at 2022-05-05 15:40:57"
[1] "The model for variable Inventory_Lag10 was initiated at 2022-05-05 15:40:57"
[1] "The model for variable Inventory_Lag10 was successfully fit at 2022-05-05 15:41:00"
[1] "The model for variable Euth_Lag10 was initiated at 2022-05-05 15:41:00"
[1] "The model for variable Euth_Lag10 was successfully fit at 2022-05-05 15:41:02"
[1] "The model for variable Dead_Lag10 was initiated at 2022-05-05 15:41:02"
[1] "The model for variable Dead_Lag10 was successfully fit at 2022-05-05 15:41:04"
[1] "The model for variable TotalMortality_Lag10 was initiated at 2022-05-05 15:41:04"
[1] "The model for variable TotalMortality_Lag10 was successfully fit at 2022-05-05 15:41:06"
[1] "The model for variable MortalityProportion_Lag10 was initiated at 2022-05-05 15:41:06"
[1] "The model for variable MortalityProportion_Lag10 was successfully fit at 2022-05-05 15:41:08"
[1] "The model for variable Penicillin_Lag10 was initiated at 2022-05-05 15:41:08"
[1] "The model for variable Penicillin_Lag10 was successfully fit at 2022-05-05 15:41:12"
[1] "The model for variable Dexamethasone_Lag10 was initiated at 2022-05-05 15:41:12"
[1] "The model for variable Dexamethasone_Lag10 was successfully fit at 2022-05-05 15:41:15"
[1] "The model for variable Ceftiofur_Lag10 was initiated at 2022-05-05 15:41:15"
[1] "The model for variable Ceftiofur_Lag10 was successfully fit at 2022-05-05 15:41:18"
[1] "The model for variable Enroflaxin_Lag10 was initiated at 2022-05-05 15:41:18"
[1] "The model for variable Enroflaxin_Lag10 was successfully fit at 2022-05-05 15:41:21"
[1] "The model for variable Tetracycline_Lag10 was initiated at 2022-05-05 15:41:21"
[1] "The model for variable Tetracycline_Lag10 was successfully fit at 2022-05-05 15:41:23"
[1] "The model for variable Lincomycin_Lag10 was initiated at 2022-05-05 15:41:23"
[1] "The model for variable Lincomycin_Lag10 was successfully fit at 2022-05-05 15:41:26"
[1] "The model for variable OtherTreatments_Lag10 was initiated at 2022-05-05 15:41:26"
[1] "The model for variable OtherTreatments_Lag10 was successfully fit at 2022-05-05 15:41:30"
[1] "The model for variable TotalTreatments_Lag10 was initiated at 2022-05-05 15:41:30"
[1] "The model for variable TotalTreatments_Lag10 was successfully fit at 2022-05-05 15:41:33"
[1] "The model for variable TreatmentProportion_Lag10 was initiated at 2022-05-05 15:41:33"
[1] "The model for variable TreatmentProportion_Lag10 was successfully fit at 2022-05-05 15:41:35"
[1] "The model for variable WaterMedications_Lag10 was initiated at 2022-05-05 15:41:35"
[1] "The model for variable WaterMedications_Lag10 was successfully fit at 2022-05-05 15:41:38"
[1] "The model for variable PrimaryRespiratory_Lag10 was initiated at 2022-05-05 15:41:38"
[1] "The model for variable PrimaryRespiratory_Lag10 was successfully fit at 2022-05-05 15:41:42"
[1] "The model for variable SecondaryRespiratory_Lag10 was initiated at 2022-05-05 15:41:42"
[1] "The model for variable SecondaryRespiratory_Lag10 was successfully fit at 2022-05-05 15:41:45"
[1] "The model for variable ReHS_Lag10 was initiated at 2022-05-05 15:41:45"
[1] "The model for variable ReHS_Lag10 was successfully fit at 2022-05-05 15:41:50"
[1] "The model for variable WaterIntakeRMS_Lag10 was initiated at 2022-05-05 15:41:50"
[1] "The model for variable WaterIntakeRMS_Lag10 was successfully fit at 2022-05-05 15:41:52"
[1] "The model for variable WaterIntakeHdRMS_Lag10 was initiated at 2022-05-05 15:41:52"
[1] "The model for variable WaterIntakeHdRMS_Lag10 was successfully fit at 2022-05-05 15:41:56"
[1] "The model for variable WaterIntakeVC_Lag10 was initiated at 2022-05-05 15:41:56"
[1] "The model for variable WaterIntakeVC_Lag10 was successfully fit at 2022-05-05 15:42:01"
[1] "The model for variable WaterIntakeHdVC_Lag10 was initiated at 2022-05-05 15:42:01"
[1] "The model for variable WaterIntakeHdVC_Lag10 was successfully fit at 2022-05-05 15:42:04"
[1] "The model for variable TempReHS_Lag10 was initiated at 2022-05-05 15:42:04"
[1] "The model for variable TempReHS_Lag10 was successfully fit at 2022-05-05 15:42:07"
[1] "The model for variable LowTempRMS_Lag10 was initiated at 2022-05-05 15:42:07"
[1] "The model for variable LowTempRMS_Lag10 was successfully fit at 2022-05-05 15:42:10"
[1] "The model for variable HiTempRMS_Lag10 was initiated at 2022-05-05 15:42:10"
[1] "The model for variable HiTempRMS_Lag10 was successfully fit at 2022-05-05 15:42:13"
[1] "The model for variable TempRangeRMS_Lag10 was initiated at 2022-05-05 15:42:13"
[1] "The model for variable TempRangeRMS_Lag10 was successfully fit at 2022-05-05 15:42:16"
[1] "The model for variable SetPointRMS_Lag10 was initiated at 2022-05-05 15:42:16"
[1] "The model for variable SetPointRMS_Lag10 was successfully fit at 2022-05-05 15:42:19"
[1] "The model for variable LowTempVC_Lag10 was initiated at 2022-05-05 15:42:19"
[1] "The model for variable LowTempVC_Lag10 was successfully fit at 2022-05-05 15:42:22"
[1] "The model for variable AvgTempVC_Lag10 was initiated at 2022-05-05 15:42:22"
[1] "The model for variable AvgTempVC_Lag10 was successfully fit at 2022-05-05 15:42:24"
[1] "The model for variable HiTempVC_Lag10 was initiated at 2022-05-05 15:42:24"
[1] "The model for variable HiTempVC_Lag10 was successfully fit at 2022-05-05 15:42:27"
[1] "The model for variable TempRangeVC_Lag10 was initiated at 2022-05-05 15:42:27"
[1] "The model for variable TempRangeVC_Lag10 was successfully fit at 2022-05-05 15:42:29"
[1] "The model for variable SetPointVC_Lag10 was initiated at 2022-05-05 15:42:29"
[1] "The model for variable SetPointVC_Lag10 was successfully fit at 2022-05-05 15:42:31"
[1] "The model for variable Days_Lag11 was initiated at 2022-05-05 15:42:31"
[1] "The model for variable Days_Lag11 was successfully fit at 2022-05-05 15:42:33"
[1] "The model for variable Inventory_Lag11 was initiated at 2022-05-05 15:42:33"
[1] "The model for variable Inventory_Lag11 was successfully fit at 2022-05-05 15:42:35"
[1] "The model for variable Euth_Lag11 was initiated at 2022-05-05 15:42:35"
[1] "The model for variable Euth_Lag11 was successfully fit at 2022-05-05 15:42:37"
[1] "The model for variable Dead_Lag11 was initiated at 2022-05-05 15:42:37"
[1] "The model for variable Dead_Lag11 was successfully fit at 2022-05-05 15:42:40"
[1] "The model for variable TotalMortality_Lag11 was initiated at 2022-05-05 15:42:40"
[1] "The model for variable TotalMortality_Lag11 was successfully fit at 2022-05-05 15:42:42"
[1] "The model for variable MortalityProportion_Lag11 was initiated at 2022-05-05 15:42:42"
[1] "The model for variable MortalityProportion_Lag11 was successfully fit at 2022-05-05 15:42:45"
[1] "The model for variable Penicillin_Lag11 was initiated at 2022-05-05 15:42:45"
[1] "The model for variable Penicillin_Lag11 was successfully fit at 2022-05-05 15:42:47"
[1] "The model for variable Dexamethasone_Lag11 was initiated at 2022-05-05 15:42:47"
[1] "The model for variable Dexamethasone_Lag11 was successfully fit at 2022-05-05 15:42:49"
[1] "The model for variable Ceftiofur_Lag11 was initiated at 2022-05-05 15:42:49"
[1] "The model for variable Ceftiofur_Lag11 was successfully fit at 2022-05-05 15:42:52"
[1] "The model for variable Enroflaxin_Lag11 was initiated at 2022-05-05 15:42:52"
[1] "The model for variable Enroflaxin_Lag11 was successfully fit at 2022-05-05 15:42:54"
[1] "The model for variable Tetracycline_Lag11 was initiated at 2022-05-05 15:42:54"
[1] "The model for variable Tetracycline_Lag11 was successfully fit at 2022-05-05 15:42:58"
[1] "The model for variable Lincomycin_Lag11 was initiated at 2022-05-05 15:42:58"
[1] "The model for variable Lincomycin_Lag11 was successfully fit at 2022-05-05 15:43:01"
[1] "The model for variable OtherTreatments_Lag11 was initiated at 2022-05-05 15:43:01"
[1] "The model for variable OtherTreatments_Lag11 was successfully fit at 2022-05-05 15:43:03"
[1] "The model for variable TotalTreatments_Lag11 was initiated at 2022-05-05 15:43:03"
[1] "The model for variable TotalTreatments_Lag11 was successfully fit at 2022-05-05 15:43:06"
[1] "The model for variable TreatmentProportion_Lag11 was initiated at 2022-05-05 15:43:06"
[1] "The model for variable TreatmentProportion_Lag11 was successfully fit at 2022-05-05 15:43:08"
[1] "The model for variable WaterMedications_Lag11 was initiated at 2022-05-05 15:43:08"
[1] "The model for variable WaterMedications_Lag11 was successfully fit at 2022-05-05 15:43:11"
[1] "The model for variable PrimaryRespiratory_Lag11 was initiated at 2022-05-05 15:43:11"
[1] "The model for variable PrimaryRespiratory_Lag11 was successfully fit at 2022-05-05 15:43:13"
[1] "The model for variable SecondaryRespiratory_Lag11 was initiated at 2022-05-05 15:43:13"
[1] "The model for variable SecondaryRespiratory_Lag11 was successfully fit at 2022-05-05 15:43:15"
[1] "The model for variable ReHS_Lag11 was initiated at 2022-05-05 15:43:15"
[1] "The model for variable ReHS_Lag11 was successfully fit at 2022-05-05 15:43:19"
[1] "The model for variable WaterIntakeRMS_Lag11 was initiated at 2022-05-05 15:43:19"
[1] "The model for variable WaterIntakeRMS_Lag11 was successfully fit at 2022-05-05 15:43:22"
[1] "The model for variable WaterIntakeHdRMS_Lag11 was initiated at 2022-05-05 15:43:22"
[1] "The model for variable WaterIntakeHdRMS_Lag11 was successfully fit at 2022-05-05 15:43:24"
[1] "The model for variable WaterIntakeVC_Lag11 was initiated at 2022-05-05 15:43:24"
[1] "The model for variable WaterIntakeVC_Lag11 was successfully fit at 2022-05-05 15:43:26"
[1] "The model for variable WaterIntakeHdVC_Lag11 was initiated at 2022-05-05 15:43:26"
[1] "The model for variable WaterIntakeHdVC_Lag11 was successfully fit at 2022-05-05 15:43:28"
[1] "The model for variable TempReHS_Lag11 was initiated at 2022-05-05 15:43:28"
[1] "The model for variable TempReHS_Lag11 was successfully fit at 2022-05-05 15:43:31"
[1] "The model for variable LowTempRMS_Lag11 was initiated at 2022-05-05 15:43:31"
[1] "The model for variable LowTempRMS_Lag11 was successfully fit at 2022-05-05 15:43:34"
[1] "The model for variable HiTempRMS_Lag11 was initiated at 2022-05-05 15:43:34"
[1] "The model for variable HiTempRMS_Lag11 was successfully fit at 2022-05-05 15:43:37"
[1] "The model for variable TempRangeRMS_Lag11 was initiated at 2022-05-05 15:43:37"
[1] "The model for variable TempRangeRMS_Lag11 was successfully fit at 2022-05-05 15:43:40"
[1] "The model for variable SetPointRMS_Lag11 was initiated at 2022-05-05 15:43:40"
[1] "The model for variable SetPointRMS_Lag11 was successfully fit at 2022-05-05 15:43:43"
[1] "The model for variable LowTempVC_Lag11 was initiated at 2022-05-05 15:43:43"
[1] "The model for variable LowTempVC_Lag11 was successfully fit at 2022-05-05 15:43:46"
[1] "The model for variable AvgTempVC_Lag11 was initiated at 2022-05-05 15:43:46"
[1] "The model for variable AvgTempVC_Lag11 was successfully fit at 2022-05-05 15:43:48"
[1] "The model for variable HiTempVC_Lag11 was initiated at 2022-05-05 15:43:48"
[1] "The model for variable HiTempVC_Lag11 was successfully fit at 2022-05-05 15:43:50"
[1] "The model for variable TempRangeVC_Lag11 was initiated at 2022-05-05 15:43:50"
[1] "The model for variable TempRangeVC_Lag11 was successfully fit at 2022-05-05 15:43:53"
[1] "The model for variable SetPointVC_Lag11 was initiated at 2022-05-05 15:43:53"
[1] "The model for variable SetPointVC_Lag11 was successfully fit at 2022-05-05 15:43:55"
[1] "The model for variable Days_Lag12 was initiated at 2022-05-05 15:43:55"
[1] "The model for variable Days_Lag12 was successfully fit at 2022-05-05 15:43:58"
[1] "The model for variable Inventory_Lag12 was initiated at 2022-05-05 15:43:58"
[1] "The model for variable Inventory_Lag12 was successfully fit at 2022-05-05 15:44:01"
[1] "The model for variable Euth_Lag12 was initiated at 2022-05-05 15:44:01"
[1] "The model for variable Euth_Lag12 was successfully fit at 2022-05-05 15:44:04"
[1] "The model for variable Dead_Lag12 was initiated at 2022-05-05 15:44:04"
[1] "The model for variable Dead_Lag12 was successfully fit at 2022-05-05 15:44:08"
[1] "The model for variable TotalMortality_Lag12 was initiated at 2022-05-05 15:44:08"
[1] "The model for variable TotalMortality_Lag12 was successfully fit at 2022-05-05 15:44:09"
[1] "The model for variable MortalityProportion_Lag12 was initiated at 2022-05-05 15:44:09"
[1] "The model for variable MortalityProportion_Lag12 was successfully fit at 2022-05-05 15:44:12"
[1] "The model for variable Penicillin_Lag12 was initiated at 2022-05-05 15:44:12"
[1] "The model for variable Penicillin_Lag12 was successfully fit at 2022-05-05 15:44:15"
[1] "The model for variable Dexamethasone_Lag12 was initiated at 2022-05-05 15:44:15"
[1] "The model for variable Dexamethasone_Lag12 was successfully fit at 2022-05-05 15:44:17"
[1] "The model for variable Ceftiofur_Lag12 was initiated at 2022-05-05 15:44:17"
[1] "The model for variable Ceftiofur_Lag12 was successfully fit at 2022-05-05 15:44:19"
[1] "The model for variable Enroflaxin_Lag12 was initiated at 2022-05-05 15:44:19"
[1] "The model for variable Enroflaxin_Lag12 was successfully fit at 2022-05-05 15:44:22"
[1] "The model for variable Tetracycline_Lag12 was initiated at 2022-05-05 15:44:22"
[1] "The model for variable Tetracycline_Lag12 was successfully fit at 2022-05-05 15:44:25"
[1] "The model for variable Lincomycin_Lag12 was initiated at 2022-05-05 15:44:25"
[1] "The model for variable Lincomycin_Lag12 was successfully fit at 2022-05-05 15:44:29"
[1] "The model for variable OtherTreatments_Lag12 was initiated at 2022-05-05 15:44:29"
[1] "The model for variable OtherTreatments_Lag12 was successfully fit at 2022-05-05 15:44:33"
[1] "The model for variable TotalTreatments_Lag12 was initiated at 2022-05-05 15:44:33"
[1] "The model for variable TotalTreatments_Lag12 was successfully fit at 2022-05-05 15:44:35"
[1] "The model for variable TreatmentProportion_Lag12 was initiated at 2022-05-05 15:44:35"
[1] "The model for variable TreatmentProportion_Lag12 was successfully fit at 2022-05-05 15:44:38"
[1] "The model for variable WaterMedications_Lag12 was initiated at 2022-05-05 15:44:38"
[1] "The model for variable WaterMedications_Lag12 was successfully fit at 2022-05-05 15:44:40"
[1] "The model for variable PrimaryRespiratory_Lag12 was initiated at 2022-05-05 15:44:40"
[1] "The model for variable PrimaryRespiratory_Lag12 was successfully fit at 2022-05-05 15:44:42"
[1] "The model for variable SecondaryRespiratory_Lag12 was initiated at 2022-05-05 15:44:42"
[1] "The model for variable SecondaryRespiratory_Lag12 was successfully fit at 2022-05-05 15:44:45"
[1] "The model for variable ReHS_Lag12 was initiated at 2022-05-05 15:44:45"
[1] "The model for variable ReHS_Lag12 was successfully fit at 2022-05-05 15:44:47"
[1] "The model for variable WaterIntakeRMS_Lag12 was initiated at 2022-05-05 15:44:47"
[1] "The model for variable WaterIntakeRMS_Lag12 was successfully fit at 2022-05-05 15:44:49"
[1] "The model for variable WaterIntakeHdRMS_Lag12 was initiated at 2022-05-05 15:44:49"
[1] "The model for variable WaterIntakeHdRMS_Lag12 was successfully fit at 2022-05-05 15:44:51"
[1] "The model for variable WaterIntakeVC_Lag12 was initiated at 2022-05-05 15:44:51"
[1] "The model for variable WaterIntakeVC_Lag12 was successfully fit at 2022-05-05 15:44:54"
[1] "The model for variable WaterIntakeHdVC_Lag12 was initiated at 2022-05-05 15:44:54"
[1] "The model for variable WaterIntakeHdVC_Lag12 was successfully fit at 2022-05-05 15:44:56"
[1] "The model for variable TempReHS_Lag12 was initiated at 2022-05-05 15:44:56"
[1] "The model for variable TempReHS_Lag12 was successfully fit at 2022-05-05 15:45:00"
[1] "The model for variable LowTempRMS_Lag12 was initiated at 2022-05-05 15:45:00"
[1] "The model for variable LowTempRMS_Lag12 was successfully fit at 2022-05-05 15:45:04"
[1] "The model for variable HiTempRMS_Lag12 was initiated at 2022-05-05 15:45:04"
[1] "The model for variable HiTempRMS_Lag12 was successfully fit at 2022-05-05 15:45:06"
[1] "The model for variable TempRangeRMS_Lag12 was initiated at 2022-05-05 15:45:06"
[1] "The model for variable TempRangeRMS_Lag12 was successfully fit at 2022-05-05 15:45:09"
[1] "The model for variable SetPointRMS_Lag12 was initiated at 2022-05-05 15:45:09"
[1] "The model for variable SetPointRMS_Lag12 was successfully fit at 2022-05-05 15:45:12"
[1] "The model for variable LowTempVC_Lag12 was initiated at 2022-05-05 15:45:12"
[1] "The model for variable LowTempVC_Lag12 was successfully fit at 2022-05-05 15:45:14"
[1] "The model for variable AvgTempVC_Lag12 was initiated at 2022-05-05 15:45:14"
[1] "The model for variable AvgTempVC_Lag12 was successfully fit at 2022-05-05 15:45:17"
[1] "The model for variable HiTempVC_Lag12 was initiated at 2022-05-05 15:45:17"
[1] "The model for variable HiTempVC_Lag12 was successfully fit at 2022-05-05 15:45:20"
[1] "The model for variable TempRangeVC_Lag12 was initiated at 2022-05-05 15:45:20"
[1] "The model for variable TempRangeVC_Lag12 was successfully fit at 2022-05-05 15:45:22"
[1] "The model for variable SetPointVC_Lag12 was initiated at 2022-05-05 15:45:22"
[1] "The model for variable SetPointVC_Lag12 was successfully fit at 2022-05-05 15:45:23"
[1] "The model for variable Days_Lag13 was initiated at 2022-05-05 15:45:23"
[1] "The model for variable Days_Lag13 was successfully fit at 2022-05-05 15:45:27"
[1] "The model for variable Inventory_Lag13 was initiated at 2022-05-05 15:45:27"
[1] "The model for variable Inventory_Lag13 was successfully fit at 2022-05-05 15:45:30"
[1] "The model for variable Euth_Lag13 was initiated at 2022-05-05 15:45:30"
[1] "The model for variable Euth_Lag13 was successfully fit at 2022-05-05 15:45:33"
[1] "The model for variable Dead_Lag13 was initiated at 2022-05-05 15:45:33"
[1] "The model for variable Dead_Lag13 was successfully fit at 2022-05-05 15:45:35"
[1] "The model for variable TotalMortality_Lag13 was initiated at 2022-05-05 15:45:35"
[1] "The model for variable TotalMortality_Lag13 was successfully fit at 2022-05-05 15:45:37"
[1] "The model for variable MortalityProportion_Lag13 was initiated at 2022-05-05 15:45:37"
[1] "The model for variable MortalityProportion_Lag13 was successfully fit at 2022-05-05 15:45:40"
[1] "The model for variable Penicillin_Lag13 was initiated at 2022-05-05 15:45:40"
[1] "The model for variable Penicillin_Lag13 was successfully fit at 2022-05-05 15:45:44"
[1] "The model for variable Dexamethasone_Lag13 was initiated at 2022-05-05 15:45:44"
[1] "The model for variable Dexamethasone_Lag13 was successfully fit at 2022-05-05 15:45:46"
[1] "The model for variable Ceftiofur_Lag13 was initiated at 2022-05-05 15:45:46"
[1] "The model for variable Ceftiofur_Lag13 was successfully fit at 2022-05-05 15:45:49"
[1] "The model for variable Enroflaxin_Lag13 was initiated at 2022-05-05 15:45:49"
[1] "The model for variable Enroflaxin_Lag13 was successfully fit at 2022-05-05 15:45:52"
[1] "The model for variable Tetracycline_Lag13 was initiated at 2022-05-05 15:45:52"
[1] "The model for variable Tetracycline_Lag13 was successfully fit at 2022-05-05 15:45:55"
[1] "The model for variable Lincomycin_Lag13 was initiated at 2022-05-05 15:45:55"
[1] "The model for variable Lincomycin_Lag13 was successfully fit at 2022-05-05 15:45:59"
[1] "The model for variable OtherTreatments_Lag13 was initiated at 2022-05-05 15:45:59"
[1] "The model for variable OtherTreatments_Lag13 was successfully fit at 2022-05-05 15:46:01"
[1] "The model for variable TotalTreatments_Lag13 was initiated at 2022-05-05 15:46:01"
[1] "The model for variable TotalTreatments_Lag13 was successfully fit at 2022-05-05 15:46:05"
[1] "The model for variable TreatmentProportion_Lag13 was initiated at 2022-05-05 15:46:05"
[1] "The model for variable TreatmentProportion_Lag13 was successfully fit at 2022-05-05 15:46:08"
[1] "The model for variable WaterMedications_Lag13 was initiated at 2022-05-05 15:46:08"
[1] "The model for variable WaterMedications_Lag13 was successfully fit at 2022-05-05 15:46:10"
[1] "The model for variable PrimaryRespiratory_Lag13 was initiated at 2022-05-05 15:46:10"
[1] "The model for variable PrimaryRespiratory_Lag13 was successfully fit at 2022-05-05 15:46:13"
[1] "The model for variable SecondaryRespiratory_Lag13 was initiated at 2022-05-05 15:46:13"
[1] "The model for variable SecondaryRespiratory_Lag13 was successfully fit at 2022-05-05 15:46:16"
[1] "The model for variable ReHS_Lag13 was initiated at 2022-05-05 15:46:16"
[1] "The model for variable ReHS_Lag13 was successfully fit at 2022-05-05 15:46:20"
[1] "The model for variable WaterIntakeRMS_Lag13 was initiated at 2022-05-05 15:46:20"
[1] "The model for variable WaterIntakeRMS_Lag13 was successfully fit at 2022-05-05 15:46:22"
[1] "The model for variable WaterIntakeHdRMS_Lag13 was initiated at 2022-05-05 15:46:22"
[1] "The model for variable WaterIntakeHdRMS_Lag13 was successfully fit at 2022-05-05 15:46:25"
[1] "The model for variable WaterIntakeVC_Lag13 was initiated at 2022-05-05 15:46:25"
[1] "The model for variable WaterIntakeVC_Lag13 was successfully fit at 2022-05-05 15:46:27"
[1] "The model for variable WaterIntakeHdVC_Lag13 was initiated at 2022-05-05 15:46:27"
[1] "The model for variable WaterIntakeHdVC_Lag13 was successfully fit at 2022-05-05 15:46:29"
[1] "The model for variable TempReHS_Lag13 was initiated at 2022-05-05 15:46:29"
[1] "The model for variable TempReHS_Lag13 was successfully fit at 2022-05-05 15:46:33"
[1] "The model for variable LowTempRMS_Lag13 was initiated at 2022-05-05 15:46:33"
[1] "The model for variable LowTempRMS_Lag13 was successfully fit at 2022-05-05 15:46:36"
[1] "The model for variable HiTempRMS_Lag13 was initiated at 2022-05-05 15:46:36"
[1] "The model for variable HiTempRMS_Lag13 was successfully fit at 2022-05-05 15:46:39"
[1] "The model for variable TempRangeRMS_Lag13 was initiated at 2022-05-05 15:46:39"
[1] "The model for variable TempRangeRMS_Lag13 was successfully fit at 2022-05-05 15:46:42"
[1] "The model for variable SetPointRMS_Lag13 was initiated at 2022-05-05 15:46:42"
[1] "The model for variable SetPointRMS_Lag13 was successfully fit at 2022-05-05 15:46:44"
[1] "The model for variable LowTempVC_Lag13 was initiated at 2022-05-05 15:46:44"
[1] "The model for variable LowTempVC_Lag13 was successfully fit at 2022-05-05 15:46:46"
[1] "The model for variable AvgTempVC_Lag13 was initiated at 2022-05-05 15:46:46"
[1] "The model for variable AvgTempVC_Lag13 was successfully fit at 2022-05-05 15:46:48"
[1] "The model for variable HiTempVC_Lag13 was initiated at 2022-05-05 15:46:48"
[1] "The model for variable HiTempVC_Lag13 was successfully fit at 2022-05-05 15:46:51"
[1] "The model for variable TempRangeVC_Lag13 was initiated at 2022-05-05 15:46:51"
[1] "The model for variable TempRangeVC_Lag13 was successfully fit at 2022-05-05 15:46:53"
[1] "The model for variable SetPointVC_Lag13 was initiated at 2022-05-05 15:46:53"
[1] "The model for variable SetPointVC_Lag13 was successfully fit at 2022-05-05 15:46:54"
[1] "The model for variable Days_Lag14 was initiated at 2022-05-05 15:46:54"
[1] "The model for variable Days_Lag14 was successfully fit at 2022-05-05 15:46:56"
[1] "The model for variable Inventory_Lag14 was initiated at 2022-05-05 15:46:56"
[1] "The model for variable Inventory_Lag14 was successfully fit at 2022-05-05 15:46:58"
[1] "The model for variable Euth_Lag14 was initiated at 2022-05-05 15:46:58"
[1] "The model for variable Euth_Lag14 was successfully fit at 2022-05-05 15:47:02"
[1] "The model for variable Dead_Lag14 was initiated at 2022-05-05 15:47:02"
[1] "The model for variable Dead_Lag14 was successfully fit at 2022-05-05 15:47:05"
[1] "The model for variable TotalMortality_Lag14 was initiated at 2022-05-05 15:47:05"
[1] "The model for variable TotalMortality_Lag14 was successfully fit at 2022-05-05 15:47:09"
[1] "The model for variable MortalityProportion_Lag14 was initiated at 2022-05-05 15:47:09"
[1] "The model for variable MortalityProportion_Lag14 was successfully fit at 2022-05-05 15:47:11"
[1] "The model for variable Penicillin_Lag14 was initiated at 2022-05-05 15:47:11"
[1] "The model for variable Penicillin_Lag14 was successfully fit at 2022-05-05 15:47:14"
[1] "The model for variable Dexamethasone_Lag14 was initiated at 2022-05-05 15:47:14"
[1] "The model for variable Dexamethasone_Lag14 was successfully fit at 2022-05-05 15:47:17"
[1] "The model for variable Ceftiofur_Lag14 was initiated at 2022-05-05 15:47:17"
[1] "The model for variable Ceftiofur_Lag14 was successfully fit at 2022-05-05 15:47:20"
[1] "The model for variable Enroflaxin_Lag14 was initiated at 2022-05-05 15:47:20"
[1] "The model for variable Enroflaxin_Lag14 was successfully fit at 2022-05-05 15:47:23"
[1] "The model for variable Tetracycline_Lag14 was initiated at 2022-05-05 15:47:23"
[1] "The model for variable Tetracycline_Lag14 was successfully fit at 2022-05-05 15:47:27"
[1] "The model for variable Lincomycin_Lag14 was initiated at 2022-05-05 15:47:27"
[1] "The model for variable Lincomycin_Lag14 was successfully fit at 2022-05-05 15:47:29"
[1] "The model for variable OtherTreatments_Lag14 was initiated at 2022-05-05 15:47:29"
[1] "The model for variable OtherTreatments_Lag14 was successfully fit at 2022-05-05 15:47:32"
[1] "The model for variable TotalTreatments_Lag14 was initiated at 2022-05-05 15:47:32"
[1] "The model for variable TotalTreatments_Lag14 was successfully fit at 2022-05-05 15:47:34"
[1] "The model for variable TreatmentProportion_Lag14 was initiated at 2022-05-05 15:47:34"
[1] "The model for variable TreatmentProportion_Lag14 was successfully fit at 2022-05-05 15:47:36"
[1] "The model for variable WaterMedications_Lag14 was initiated at 2022-05-05 15:47:36"
[1] "The model for variable WaterMedications_Lag14 was successfully fit at 2022-05-05 15:47:39"
[1] "The model for variable PrimaryRespiratory_Lag14 was initiated at 2022-05-05 15:47:39"
[1] "The model for variable PrimaryRespiratory_Lag14 was successfully fit at 2022-05-05 15:47:42"
[1] "The model for variable SecondaryRespiratory_Lag14 was initiated at 2022-05-05 15:47:42"
[1] "The model for variable SecondaryRespiratory_Lag14 was successfully fit at 2022-05-05 15:47:45"
[1] "The model for variable ReHS_Lag14 was initiated at 2022-05-05 15:47:45"
[1] "The model for variable ReHS_Lag14 was successfully fit at 2022-05-05 15:47:48"
[1] "The model for variable WaterIntakeRMS_Lag14 was initiated at 2022-05-05 15:47:48"
[1] "The model for variable WaterIntakeRMS_Lag14 was successfully fit at 2022-05-05 15:47:50"
[1] "The model for variable WaterIntakeHdRMS_Lag14 was initiated at 2022-05-05 15:47:50"
[1] "The model for variable WaterIntakeHdRMS_Lag14 was successfully fit at 2022-05-05 15:47:52"
[1] "The model for variable WaterIntakeVC_Lag14 was initiated at 2022-05-05 15:47:52"
[1] "The model for variable WaterIntakeVC_Lag14 was successfully fit at 2022-05-05 15:47:55"
[1] "The model for variable WaterIntakeHdVC_Lag14 was initiated at 2022-05-05 15:47:55"
[1] "The model for variable WaterIntakeHdVC_Lag14 was successfully fit at 2022-05-05 15:47:57"
[1] "The model for variable TempReHS_Lag14 was initiated at 2022-05-05 15:47:57"
[1] "The model for variable TempReHS_Lag14 was successfully fit at 2022-05-05 15:48:01"
[1] "The model for variable LowTempRMS_Lag14 was initiated at 2022-05-05 15:48:01"
[1] "The model for variable LowTempRMS_Lag14 was successfully fit at 2022-05-05 15:48:04"
[1] "The model for variable HiTempRMS_Lag14 was initiated at 2022-05-05 15:48:04"
[1] "The model for variable HiTempRMS_Lag14 was successfully fit at 2022-05-05 15:48:08"
[1] "The model for variable TempRangeRMS_Lag14 was initiated at 2022-05-05 15:48:08"
[1] "The model for variable TempRangeRMS_Lag14 was successfully fit at 2022-05-05 15:48:11"
[1] "The model for variable SetPointRMS_Lag14 was initiated at 2022-05-05 15:48:11"
[1] "The model for variable SetPointRMS_Lag14 was successfully fit at 2022-05-05 15:48:14"
[1] "The model for variable LowTempVC_Lag14 was initiated at 2022-05-05 15:48:14"
[1] "The model for variable LowTempVC_Lag14 was successfully fit at 2022-05-05 15:48:16"
[1] "The model for variable AvgTempVC_Lag14 was initiated at 2022-05-05 15:48:16"
[1] "The model for variable AvgTempVC_Lag14 was successfully fit at 2022-05-05 15:48:18"
[1] "The model for variable HiTempVC_Lag14 was initiated at 2022-05-05 15:48:18"
[1] "The model for variable HiTempVC_Lag14 was successfully fit at 2022-05-05 15:48:21"
[1] "The model for variable TempRangeVC_Lag14 was initiated at 2022-05-05 15:48:21"
[1] "The model for variable TempRangeVC_Lag14 was successfully fit at 2022-05-05 15:48:24"
[1] "The model for variable SetPointVC_Lag14 was initiated at 2022-05-05 15:48:24"
[1] "The model for variable SetPointVC_Lag14 was successfully fit at 2022-05-05 15:48:25"
There were 50 or more warnings (use warnings() to see the first 50)
Warning messages:
1: In write.csv(df_out, file = "/group/deckerlab/cjgwx7/sensor-data/results/single-variable/MortalityProportion-SingleVariable.csv",  :
  attempt to set 'col.names' ignored
2: In write.csv(df_out, file = "/group/deckerlab/cjgwx7/sensor-data/results/single-variable/MortalityProportion-SingleVariable.csv",  :
  attempt to set 'sep' ignored
