
Attaching package: ‘dplyr’

The following objects are masked from ‘package:stats’:

    filter, lag

The following objects are masked from ‘package:base’:

    intersect, setdiff, setequal, union

Loading required package: lme4
Loading required package: Matrix

Attaching package: ‘lmerTest’

The following object is masked from ‘package:lme4’:

    lmer

The following object is masked from ‘package:stats’:

    step

boundary (singular) fit: see help('isSingular')

boundary (singular) fit: see help('isSingular')

boundary (singular) fit: see help('isSingular')

boundary (singular) fit: see help('isSingular')

boundary (singular) fit: see help('isSingular')

boundary (singular) fit: see help('isSingular')

boundary (singular) fit: see help('isSingular')

boundary (singular) fit: see help('isSingular')

boundary (singular) fit: see help('isSingular')

boundary (singular) fit: see help('isSingular')

boundary (singular) fit: see help('isSingular')

boundary (singular) fit: see help('isSingular')

boundary (singular) fit: see help('isSingular')

boundary (singular) fit: see help('isSingular')

boundary (singular) fit: see help('isSingular')

boundary (singular) fit: see help('isSingular')

boundary (singular) fit: see help('isSingular')

boundary (singular) fit: see help('isSingular')

boundary (singular) fit: see help('isSingular')

boundary (singular) fit: see help('isSingular')

boundary (singular) fit: see help('isSingular')

boundary (singular) fit: see help('isSingular')

boundary (singular) fit: see help('isSingular')

boundary (singular) fit: see help('isSingular')

boundary (singular) fit: see help('isSingular')

boundary (singular) fit: see help('isSingular')

boundary (singular) fit: see help('isSingular')

boundary (singular) fit: see help('isSingular')

boundary (singular) fit: see help('isSingular')

boundary (singular) fit: see help('isSingular')

boundary (singular) fit: see help('isSingular')

boundary (singular) fit: see help('isSingular')

boundary (singular) fit: see help('isSingular')

boundary (singular) fit: see help('isSingular')

boundary (singular) fit: see help('isSingular')

boundary (singular) fit: see help('isSingular')

boundary (singular) fit: see help('isSingular')

boundary (singular) fit: see help('isSingular')

boundary (singular) fit: see help('isSingular')

boundary (singular) fit: see help('isSingular')

boundary (singular) fit: see help('isSingular')

boundary (singular) fit: see help('isSingular')

boundary (singular) fit: see help('isSingular')

boundary (singular) fit: see help('isSingular')

boundary (singular) fit: see help('isSingular')

boundary (singular) fit: see help('isSingular')

boundary (singular) fit: see help('isSingular')

boundary (singular) fit: see help('isSingular')

boundary (singular) fit: see help('isSingular')

boundary (singular) fit: see help('isSingular')

boundary (singular) fit: see help('isSingular')

boundary (singular) fit: see help('isSingular')

boundary (singular) fit: see help('isSingular')

boundary (singular) fit: see help('isSingular')

boundary (singular) fit: see help('isSingular')

boundary (singular) fit: see help('isSingular')

boundary (singular) fit: see help('isSingular')

boundary (singular) fit: see help('isSingular')

boundary (singular) fit: see help('isSingular')

boundary (singular) fit: see help('isSingular')

boundary (singular) fit: see help('isSingular')

boundary (singular) fit: see help('isSingular')

boundary (singular) fit: see help('isSingular')

boundary (singular) fit: see help('isSingular')

boundary (singular) fit: see help('isSingular')

boundary (singular) fit: see help('isSingular')

boundary (singular) fit: see help('isSingular')

boundary (singular) fit: see help('isSingular')

boundary (singular) fit: see help('isSingular')

boundary (singular) fit: see help('isSingular')

boundary (singular) fit: see help('isSingular')

boundary (singular) fit: see help('isSingular')

boundary (singular) fit: see help('isSingular')

boundary (singular) fit: see help('isSingular')

boundary (singular) fit: see help('isSingular')

boundary (singular) fit: see help('isSingular')

boundary (singular) fit: see help('isSingular')

boundary (singular) fit: see help('isSingular')

boundary (singular) fit: see help('isSingular')

boundary (singular) fit: see help('isSingular')

boundary (singular) fit: see help('isSingular')

boundary (singular) fit: see help('isSingular')

boundary (singular) fit: see help('isSingular')

boundary (singular) fit: see help('isSingular')

boundary (singular) fit: see help('isSingular')

boundary (singular) fit: see help('isSingular')

boundary (singular) fit: see help('isSingular')

boundary (singular) fit: see help('isSingular')

boundary (singular) fit: see help('isSingular')

boundary (singular) fit: see help('isSingular')

boundary (singular) fit: see help('isSingular')

boundary (singular) fit: see help('isSingular')

boundary (singular) fit: see help('isSingular')

boundary (singular) fit: see help('isSingular')

boundary (singular) fit: see help('isSingular')

boundary (singular) fit: see help('isSingular')

boundary (singular) fit: see help('isSingular')

boundary (singular) fit: see help('isSingular')

boundary (singular) fit: see help('isSingular')

boundary (singular) fit: see help('isSingular')

boundary (singular) fit: see help('isSingular')

boundary (singular) fit: see help('isSingular')

boundary (singular) fit: see help('isSingular')

boundary (singular) fit: see help('isSingular')

boundary (singular) fit: see help('isSingular')

boundary (singular) fit: see help('isSingular')

boundary (singular) fit: see help('isSingular')

boundary (singular) fit: see help('isSingular')

boundary (singular) fit: see help('isSingular')

boundary (singular) fit: see help('isSingular')

boundary (singular) fit: see help('isSingular')

boundary (singular) fit: see help('isSingular')

boundary (singular) fit: see help('isSingular')

boundary (singular) fit: see help('isSingular')

boundary (singular) fit: see help('isSingular')

boundary (singular) fit: see help('isSingular')

boundary (singular) fit: see help('isSingular')

boundary (singular) fit: see help('isSingular')

boundary (singular) fit: see help('isSingular')

boundary (singular) fit: see help('isSingular')

boundary (singular) fit: see help('isSingular')

boundary (singular) fit: see help('isSingular')

boundary (singular) fit: see help('isSingular')

boundary (singular) fit: see help('isSingular')

boundary (singular) fit: see help('isSingular')

boundary (singular) fit: see help('isSingular')

boundary (singular) fit: see help('isSingular')

boundary (singular) fit: see help('isSingular')

boundary (singular) fit: see help('isSingular')

boundary (singular) fit: see help('isSingular')

boundary (singular) fit: see help('isSingular')

boundary (singular) fit: see help('isSingular')

boundary (singular) fit: see help('isSingular')

boundary (singular) fit: see help('isSingular')

boundary (singular) fit: see help('isSingular')

boundary (singular) fit: see help('isSingular')

boundary (singular) fit: see help('isSingular')

boundary (singular) fit: see help('isSingular')

boundary (singular) fit: see help('isSingular')

boundary (singular) fit: see help('isSingular')

boundary (singular) fit: see help('isSingular')

boundary (singular) fit: see help('isSingular')

boundary (singular) fit: see help('isSingular')

boundary (singular) fit: see help('isSingular')

boundary (singular) fit: see help('isSingular')

boundary (singular) fit: see help('isSingular')

boundary (singular) fit: see help('isSingular')

boundary (singular) fit: see help('isSingular')

boundary (singular) fit: see help('isSingular')

boundary (singular) fit: see help('isSingular')

boundary (singular) fit: see help('isSingular')

boundary (singular) fit: see help('isSingular')

boundary (singular) fit: see help('isSingular')

boundary (singular) fit: see help('isSingular')

boundary (singular) fit: see help('isSingular')

boundary (singular) fit: see help('isSingular')

boundary (singular) fit: see help('isSingular')

boundary (singular) fit: see help('isSingular')

boundary (singular) fit: see help('isSingular')

boundary (singular) fit: see help('isSingular')

boundary (singular) fit: see help('isSingular')

boundary (singular) fit: see help('isSingular')

boundary (singular) fit: see help('isSingular')

boundary (singular) fit: see help('isSingular')

boundary (singular) fit: see help('isSingular')

boundary (singular) fit: see help('isSingular')

boundary (singular) fit: see help('isSingular')

boundary (singular) fit: see help('isSingular')

boundary (singular) fit: see help('isSingular')

boundary (singular) fit: see help('isSingular')

boundary (singular) fit: see help('isSingular')

boundary (singular) fit: see help('isSingular')

boundary (singular) fit: see help('isSingular')

boundary (singular) fit: see help('isSingular')

boundary (singular) fit: see help('isSingular')

boundary (singular) fit: see help('isSingular')

boundary (singular) fit: see help('isSingular')

boundary (singular) fit: see help('isSingular')

boundary (singular) fit: see help('isSingular')

boundary (singular) fit: see help('isSingular')

boundary (singular) fit: see help('isSingular')

boundary (singular) fit: see help('isSingular')

boundary (singular) fit: see help('isSingular')

boundary (singular) fit: see help('isSingular')

boundary (singular) fit: see help('isSingular')

boundary (singular) fit: see help('isSingular')

boundary (singular) fit: see help('isSingular')

boundary (singular) fit: see help('isSingular')

boundary (singular) fit: see help('isSingular')

boundary (singular) fit: see help('isSingular')

boundary (singular) fit: see help('isSingular')

boundary (singular) fit: see help('isSingular')

boundary (singular) fit: see help('isSingular')

boundary (singular) fit: see help('isSingular')

boundary (singular) fit: see help('isSingular')

boundary (singular) fit: see help('isSingular')

boundary (singular) fit: see help('isSingular')

boundary (singular) fit: see help('isSingular')

boundary (singular) fit: see help('isSingular')

boundary (singular) fit: see help('isSingular')

boundary (singular) fit: see help('isSingular')

boundary (singular) fit: see help('isSingular')

boundary (singular) fit: see help('isSingular')

boundary (singular) fit: see help('isSingular')

boundary (singular) fit: see help('isSingular')

boundary (singular) fit: see help('isSingular')

boundary (singular) fit: see help('isSingular')

boundary (singular) fit: see help('isSingular')

boundary (singular) fit: see help('isSingular')

boundary (singular) fit: see help('isSingular')

boundary (singular) fit: see help('isSingular')

boundary (singular) fit: see help('isSingular')

boundary (singular) fit: see help('isSingular')

boundary (singular) fit: see help('isSingular')

boundary (singular) fit: see help('isSingular')

boundary (singular) fit: see help('isSingular')

boundary (singular) fit: see help('isSingular')

boundary (singular) fit: see help('isSingular')

boundary (singular) fit: see help('isSingular')

boundary (singular) fit: see help('isSingular')

boundary (singular) fit: see help('isSingular')

boundary (singular) fit: see help('isSingular')

boundary (singular) fit: see help('isSingular')

boundary (singular) fit: see help('isSingular')

boundary (singular) fit: see help('isSingular')

boundary (singular) fit: see help('isSingular')

boundary (singular) fit: see help('isSingular')

boundary (singular) fit: see help('isSingular')

boundary (singular) fit: see help('isSingular')

boundary (singular) fit: see help('isSingular')

boundary (singular) fit: see help('isSingular')

boundary (singular) fit: see help('isSingular')

boundary (singular) fit: see help('isSingular')

boundary (singular) fit: see help('isSingular')

boundary (singular) fit: see help('isSingular')

boundary (singular) fit: see help('isSingular')

boundary (singular) fit: see help('isSingular')

boundary (singular) fit: see help('isSingular')

boundary (singular) fit: see help('isSingular')

boundary (singular) fit: see help('isSingular')

boundary (singular) fit: see help('isSingular')

boundary (singular) fit: see help('isSingular')

boundary (singular) fit: see help('isSingular')

boundary (singular) fit: see help('isSingular')

boundary (singular) fit: see help('isSingular')

boundary (singular) fit: see help('isSingular')

boundary (singular) fit: see help('isSingular')

boundary (singular) fit: see help('isSingular')

boundary (singular) fit: see help('isSingular')

boundary (singular) fit: see help('isSingular')

boundary (singular) fit: see help('isSingular')

boundary (singular) fit: see help('isSingular')

boundary (singular) fit: see help('isSingular')

boundary (singular) fit: see help('isSingular')

boundary (singular) fit: see help('isSingular')

boundary (singular) fit: see help('isSingular')

boundary (singular) fit: see help('isSingular')

boundary (singular) fit: see help('isSingular')

boundary (singular) fit: see help('isSingular')

boundary (singular) fit: see help('isSingular')

boundary (singular) fit: see help('isSingular')

boundary (singular) fit: see help('isSingular')

boundary (singular) fit: see help('isSingular')

boundary (singular) fit: see help('isSingular')

boundary (singular) fit: see help('isSingular')

boundary (singular) fit: see help('isSingular')

boundary (singular) fit: see help('isSingular')

boundary (singular) fit: see help('isSingular')

boundary (singular) fit: see help('isSingular')

boundary (singular) fit: see help('isSingular')

boundary (singular) fit: see help('isSingular')

boundary (singular) fit: see help('isSingular')

boundary (singular) fit: see help('isSingular')

boundary (singular) fit: see help('isSingular')

boundary (singular) fit: see help('isSingular')

boundary (singular) fit: see help('isSingular')

boundary (singular) fit: see help('isSingular')

boundary (singular) fit: see help('isSingular')

boundary (singular) fit: see help('isSingular')

boundary (singular) fit: see help('isSingular')

boundary (singular) fit: see help('isSingular')

boundary (singular) fit: see help('isSingular')

boundary (singular) fit: see help('isSingular')

boundary (singular) fit: see help('isSingular')

boundary (singular) fit: see help('isSingular')

boundary (singular) fit: see help('isSingular')

boundary (singular) fit: see help('isSingular')

boundary (singular) fit: see help('isSingular')

boundary (singular) fit: see help('isSingular')

boundary (singular) fit: see help('isSingular')

boundary (singular) fit: see help('isSingular')

boundary (singular) fit: see help('isSingular')

boundary (singular) fit: see help('isSingular')

boundary (singular) fit: see help('isSingular')

boundary (singular) fit: see help('isSingular')

boundary (singular) fit: see help('isSingular')

boundary (singular) fit: see help('isSingular')

boundary (singular) fit: see help('isSingular')

boundary (singular) fit: see help('isSingular')

boundary (singular) fit: see help('isSingular')

boundary (singular) fit: see help('isSingular')

boundary (singular) fit: see help('isSingular')

boundary (singular) fit: see help('isSingular')

boundary (singular) fit: see help('isSingular')

boundary (singular) fit: see help('isSingular')

boundary (singular) fit: see help('isSingular')

boundary (singular) fit: see help('isSingular')

boundary (singular) fit: see help('isSingular')

boundary (singular) fit: see help('isSingular')

boundary (singular) fit: see help('isSingular')

boundary (singular) fit: see help('isSingular')

boundary (singular) fit: see help('isSingular')

boundary (singular) fit: see help('isSingular')

boundary (singular) fit: see help('isSingular')

boundary (singular) fit: see help('isSingular')

boundary (singular) fit: see help('isSingular')

boundary (singular) fit: see help('isSingular')

boundary (singular) fit: see help('isSingular')

boundary (singular) fit: see help('isSingular')

boundary (singular) fit: see help('isSingular')

boundary (singular) fit: see help('isSingular')

boundary (singular) fit: see help('isSingular')

boundary (singular) fit: see help('isSingular')

boundary (singular) fit: see help('isSingular')

boundary (singular) fit: see help('isSingular')

boundary (singular) fit: see help('isSingular')

boundary (singular) fit: see help('isSingular')

boundary (singular) fit: see help('isSingular')

boundary (singular) fit: see help('isSingular')

boundary (singular) fit: see help('isSingular')

boundary (singular) fit: see help('isSingular')

boundary (singular) fit: see help('isSingular')

boundary (singular) fit: see help('isSingular')

boundary (singular) fit: see help('isSingular')

boundary (singular) fit: see help('isSingular')

boundary (singular) fit: see help('isSingular')

boundary (singular) fit: see help('isSingular')

boundary (singular) fit: see help('isSingular')

boundary (singular) fit: see help('isSingular')

boundary (singular) fit: see help('isSingular')

boundary (singular) fit: see help('isSingular')

boundary (singular) fit: see help('isSingular')

boundary (singular) fit: see help('isSingular')

boundary (singular) fit: see help('isSingular')

boundary (singular) fit: see help('isSingular')

boundary (singular) fit: see help('isSingular')

boundary (singular) fit: see help('isSingular')

boundary (singular) fit: see help('isSingular')

boundary (singular) fit: see help('isSingular')

boundary (singular) fit: see help('isSingular')

boundary (singular) fit: see help('isSingular')

boundary (singular) fit: see help('isSingular')

boundary (singular) fit: see help('isSingular')

boundary (singular) fit: see help('isSingular')

boundary (singular) fit: see help('isSingular')

boundary (singular) fit: see help('isSingular')

boundary (singular) fit: see help('isSingular')

boundary (singular) fit: see help('isSingular')

boundary (singular) fit: see help('isSingular')

boundary (singular) fit: see help('isSingular')

boundary (singular) fit: see help('isSingular')

boundary (singular) fit: see help('isSingular')

boundary (singular) fit: see help('isSingular')

boundary (singular) fit: see help('isSingular')

boundary (singular) fit: see help('isSingular')

boundary (singular) fit: see help('isSingular')

boundary (singular) fit: see help('isSingular')

boundary (singular) fit: see help('isSingular')

boundary (singular) fit: see help('isSingular')

boundary (singular) fit: see help('isSingular')

boundary (singular) fit: see help('isSingular')

boundary (singular) fit: see help('isSingular')

boundary (singular) fit: see help('isSingular')

boundary (singular) fit: see help('isSingular')

boundary (singular) fit: see help('isSingular')

boundary (singular) fit: see help('isSingular')

boundary (singular) fit: see help('isSingular')

boundary (singular) fit: see help('isSingular')

boundary (singular) fit: see help('isSingular')

boundary (singular) fit: see help('isSingular')

boundary (singular) fit: see help('isSingular')

boundary (singular) fit: see help('isSingular')

boundary (singular) fit: see help('isSingular')

boundary (singular) fit: see help('isSingular')

boundary (singular) fit: see help('isSingular')

boundary (singular) fit: see help('isSingular')

boundary (singular) fit: see help('isSingular')

boundary (singular) fit: see help('isSingular')

boundary (singular) fit: see help('isSingular')

boundary (singular) fit: see help('isSingular')

boundary (singular) fit: see help('isSingular')

boundary (singular) fit: see help('isSingular')

boundary (singular) fit: see help('isSingular')

boundary (singular) fit: see help('isSingular')

boundary (singular) fit: see help('isSingular')

boundary (singular) fit: see help('isSingular')

boundary (singular) fit: see help('isSingular')

boundary (singular) fit: see help('isSingular')

boundary (singular) fit: see help('isSingular')

boundary (singular) fit: see help('isSingular')

boundary (singular) fit: see help('isSingular')

boundary (singular) fit: see help('isSingular')

boundary (singular) fit: see help('isSingular')

boundary (singular) fit: see help('isSingular')

boundary (singular) fit: see help('isSingular')

boundary (singular) fit: see help('isSingular')

boundary (singular) fit: see help('isSingular')

boundary (singular) fit: see help('isSingular')

boundary (singular) fit: see help('isSingular')

boundary (singular) fit: see help('isSingular')

boundary (singular) fit: see help('isSingular')

boundary (singular) fit: see help('isSingular')

boundary (singular) fit: see help('isSingular')

Warning message:
In mclapply(indvars, fit, mc.cores = 56) :
  scheduled cores 24, 5, 26, 40 encountered errors in user code, all values of the jobs will be affected
Error in x[2, ] : incorrect number of dimensions
Calls: lapply -> FUN
Execution halted
