
Attaching package: ‘dplyr’

The following objects are masked from ‘package:stats’:

    filter, lag

The following objects are masked from ‘package:base’:

    intersect, setdiff, setequal, union

Loading required package: lme4
Loading required package: Matrix

Attaching package: ‘lmerTest’

The following object is masked from ‘package:lme4’:

    lmer

The following object is masked from ‘package:stats’:

    step


Attaching package: ‘tidyr’

The following objects are masked from ‘package:Matrix’:

    expand, pack, unpack

Note: Using an external vector in selections is ambiguous.
ℹ Use `all_of(i)` instead of `i` to silence this message.
ℹ See <https://tidyselect.r-lib.org/reference/faq-external-vector.html>.
This message is displayed once per session.
[1] "The model for variable Euth was initiated at 2022-05-05 16:58:37"
[1] "The model for variable Euth was successfully fit at 2022-05-05 16:59:38"
[1] "The model for variable Dead was initiated at 2022-05-05 16:59:38"
[1] "The model for variable Dead was successfully fit at 2022-05-05 17:00:32"
[1] "The model for variable MortalityProportion was initiated at 2022-05-05 17:00:32"
[1] "The model for variable MortalityProportion was successfully fit at 2022-05-05 17:03:11"
[1] "The model for variable Penicillin was initiated at 2022-05-05 17:03:11"
[1] "The model for variable Penicillin was successfully fit at 2022-05-05 17:03:58"
[1] "The model for variable Dexamethasone was initiated at 2022-05-05 17:03:58"
[1] "The model for variable Dexamethasone was successfully fit at 2022-05-05 17:04:46"
[1] "The model for variable Ceftiofur was initiated at 2022-05-05 17:04:46"
[1] "The model for variable Ceftiofur was successfully fit at 2022-05-05 17:05:38"
[1] "The model for variable Enroflaxin was initiated at 2022-05-05 17:05:39"
[1] "The model for variable Enroflaxin was successfully fit at 2022-05-05 17:06:27"
[1] "The model for variable Tetracycline was initiated at 2022-05-05 17:06:27"
[1] "The model for variable Tetracycline was successfully fit at 2022-05-05 17:07:17"
[1] "The model for variable Lincomycin was initiated at 2022-05-05 17:07:17"
[1] "The model for variable Lincomycin was successfully fit at 2022-05-05 17:08:04"
[1] "The model for variable OtherTreatments was initiated at 2022-05-05 17:08:04"
[1] "The model for variable OtherTreatments was successfully fit at 2022-05-05 17:08:50"
[1] "The model for variable TotalTreatments was initiated at 2022-05-05 17:08:50"
[1] "The model for variable TotalTreatments was successfully fit at 2022-05-05 17:09:36"
[1] "The model for variable TreatmentProportion was initiated at 2022-05-05 17:09:36"
[1] "The model for variable TreatmentProportion was successfully fit at 2022-05-05 17:10:33"
[1] "The model for variable WaterMedications was initiated at 2022-05-05 17:10:33"
[1] "The model for variable WaterMedications was successfully fit at 2022-05-05 17:11:37"
[1] "The model for variable PrimaryRespiratory was initiated at 2022-05-05 17:11:37"
[1] "The model for variable PrimaryRespiratory was successfully fit at 2022-05-05 17:12:26"
[1] "The model for variable SecondaryRespiratory was initiated at 2022-05-05 17:12:26"
[1] "The model for variable SecondaryRespiratory was successfully fit at 2022-05-05 17:13:15"
[1] "The model for variable ReHS was initiated at 2022-05-05 17:13:15"
[1] "The model for variable ReHS was successfully fit at 2022-05-05 17:14:02"
[1] "The model for variable WaterIntakeHdRMS was initiated at 2022-05-05 17:14:02"
[1] "The model for variable WaterIntakeHdRMS was successfully fit at 2022-05-05 17:14:40"
[1] "The model for variable WaterIntakeHdVC was initiated at 2022-05-05 17:14:40"
[1] "The model for variable WaterIntakeHdVC was successfully fit at 2022-05-05 17:15:20"
[1] "The model for variable TempReHS was initiated at 2022-05-05 17:15:20"
[1] "The model for variable TempReHS was successfully fit at 2022-05-05 17:16:07"
[1] "The model for variable LowTempRMS was initiated at 2022-05-05 17:16:07"
[1] "The model for variable LowTempRMS was successfully fit at 2022-05-05 17:16:58"
[1] "The model for variable HiTempRMS was initiated at 2022-05-05 17:16:58"
[1] "The model for variable HiTempRMS was successfully fit at 2022-05-05 17:17:48"
[1] "The model for variable TempRangeRMS was initiated at 2022-05-05 17:17:48"
[1] "The model for variable TempRangeRMS was successfully fit at 2022-05-05 17:18:39"
[1] "The model for variable SetPointRMS was initiated at 2022-05-05 17:18:39"
[1] "The model for variable SetPointRMS was successfully fit at 2022-05-05 17:19:35"
[1] "The model for variable LowTempVC was initiated at 2022-05-05 17:19:35"
[1] "The model for variable LowTempVC was successfully fit at 2022-05-05 17:20:22"
[1] "The model for variable AvgTempVC was initiated at 2022-05-05 17:20:22"
[1] "The model for variable AvgTempVC was successfully fit at 2022-05-05 17:21:12"
[1] "The model for variable HiTempVC was initiated at 2022-05-05 17:21:12"
[1] "The model for variable HiTempVC was successfully fit at 2022-05-05 17:22:01"
[1] "The model for variable TempRangeVC was initiated at 2022-05-05 17:22:01"
[1] "The model for variable TempRangeVC was successfully fit at 2022-05-05 17:22:40"
[1] "The model for variable SetPointVC was initiated at 2022-05-05 17:22:40"
[1] "The model for variable SetPointVC was successfully fit at 2022-05-05 17:23:12"
[1] "The model for variable Euth_Lag1 was initiated at 2022-05-05 17:23:12"
[1] "The model for variable Euth_Lag1 was successfully fit at 2022-05-05 17:24:01"
[1] "The model for variable Dead_Lag1 was initiated at 2022-05-05 17:24:01"
[1] "The model for variable Dead_Lag1 was successfully fit at 2022-05-05 17:24:49"
[1] "The model for variable TotalMortality_Lag1 was initiated at 2022-05-05 17:24:49"
[1] "The model for variable TotalMortality_Lag1 was successfully fit at 2022-05-05 17:25:37"
[1] "The model for variable MortalityProportion_Lag1 was initiated at 2022-05-05 17:25:37"
[1] "The model for variable MortalityProportion_Lag1 was successfully fit at 2022-05-05 17:26:49"
[1] "The model for variable Penicillin_Lag1 was initiated at 2022-05-05 17:26:49"
[1] "The model for variable Penicillin_Lag1 was successfully fit at 2022-05-05 17:27:38"
[1] "The model for variable Dexamethasone_Lag1 was initiated at 2022-05-05 17:27:38"
[1] "The model for variable Dexamethasone_Lag1 was successfully fit at 2022-05-05 17:28:28"
[1] "The model for variable Ceftiofur_Lag1 was initiated at 2022-05-05 17:28:29"
[1] "The model for variable Ceftiofur_Lag1 was successfully fit at 2022-05-05 17:29:16"
[1] "The model for variable Enroflaxin_Lag1 was initiated at 2022-05-05 17:29:16"
[1] "The model for variable Enroflaxin_Lag1 was successfully fit at 2022-05-05 17:30:05"
[1] "The model for variable Tetracycline_Lag1 was initiated at 2022-05-05 17:30:05"
[1] "The model for variable Tetracycline_Lag1 was successfully fit at 2022-05-05 17:30:55"
[1] "The model for variable Lincomycin_Lag1 was initiated at 2022-05-05 17:30:55"
[1] "The model for variable Lincomycin_Lag1 was successfully fit at 2022-05-05 17:31:43"
[1] "The model for variable OtherTreatments_Lag1 was initiated at 2022-05-05 17:31:43"
[1] "The model for variable OtherTreatments_Lag1 was successfully fit at 2022-05-05 17:32:29"
[1] "The model for variable TotalTreatments_Lag1 was initiated at 2022-05-05 17:32:29"
[1] "The model for variable TotalTreatments_Lag1 was successfully fit at 2022-05-05 17:33:19"
[1] "The model for variable TreatmentProportion_Lag1 was initiated at 2022-05-05 17:33:19"
[1] "The model for variable TreatmentProportion_Lag1 was successfully fit at 2022-05-05 17:34:11"
[1] "The model for variable WaterMedications_Lag1 was initiated at 2022-05-05 17:34:11"
[1] "The model for variable WaterMedications_Lag1 was successfully fit at 2022-05-05 17:34:58"
[1] "The model for variable PrimaryRespiratory_Lag1 was initiated at 2022-05-05 17:34:58"
[1] "The model for variable PrimaryRespiratory_Lag1 was successfully fit at 2022-05-05 17:35:46"
[1] "The model for variable SecondaryRespiratory_Lag1 was initiated at 2022-05-05 17:35:46"
[1] "The model for variable SecondaryRespiratory_Lag1 was successfully fit at 2022-05-05 17:36:35"
[1] "The model for variable ReHS_Lag1 was initiated at 2022-05-05 17:36:35"
[1] "The model for variable ReHS_Lag1 was successfully fit at 2022-05-05 17:37:22"
[1] "The model for variable WaterIntakeHdRMS_Lag1 was initiated at 2022-05-05 17:37:22"
[1] "The model for variable WaterIntakeHdRMS_Lag1 was successfully fit at 2022-05-05 17:38:04"
[1] "The model for variable WaterIntakeHdVC_Lag1 was initiated at 2022-05-05 17:38:04"
[1] "The model for variable WaterIntakeHdVC_Lag1 was successfully fit at 2022-05-05 17:38:44"
[1] "The model for variable TempReHS_Lag1 was initiated at 2022-05-05 17:38:44"
[1] "The model for variable TempReHS_Lag1 was successfully fit at 2022-05-05 17:39:29"
[1] "The model for variable LowTempRMS_Lag1 was initiated at 2022-05-05 17:39:29"
[1] "The model for variable LowTempRMS_Lag1 was successfully fit at 2022-05-05 17:40:20"
[1] "The model for variable HiTempRMS_Lag1 was initiated at 2022-05-05 17:40:20"
[1] "The model for variable HiTempRMS_Lag1 was successfully fit at 2022-05-05 17:41:11"
[1] "The model for variable TempRangeRMS_Lag1 was initiated at 2022-05-05 17:41:11"
[1] "The model for variable TempRangeRMS_Lag1 was successfully fit at 2022-05-05 17:41:56"
[1] "The model for variable SetPointRMS_Lag1 was initiated at 2022-05-05 17:41:56"
[1] "The model for variable SetPointRMS_Lag1 was successfully fit at 2022-05-05 17:42:49"
[1] "The model for variable LowTempVC_Lag1 was initiated at 2022-05-05 17:42:49"
[1] "The model for variable LowTempVC_Lag1 was successfully fit at 2022-05-05 17:43:37"
[1] "The model for variable AvgTempVC_Lag1 was initiated at 2022-05-05 17:43:37"
[1] "The model for variable AvgTempVC_Lag1 was successfully fit at 2022-05-05 17:44:21"
[1] "The model for variable HiTempVC_Lag1 was initiated at 2022-05-05 17:44:21"
[1] "The model for variable HiTempVC_Lag1 was successfully fit at 2022-05-05 17:45:07"
[1] "The model for variable TempRangeVC_Lag1 was initiated at 2022-05-05 17:45:07"
[1] "The model for variable TempRangeVC_Lag1 was successfully fit at 2022-05-05 17:45:54"
[1] "The model for variable SetPointVC_Lag1 was initiated at 2022-05-05 17:45:54"
[1] "The model for variable SetPointVC_Lag1 was successfully fit at 2022-05-05 17:46:28"
[1] "The model for variable Euth_Lag2 was initiated at 2022-05-05 17:46:28"
[1] "The model for variable Euth_Lag2 was successfully fit at 2022-05-05 17:47:19"
[1] "The model for variable Dead_Lag2 was initiated at 2022-05-05 17:47:19"
[1] "The model for variable Dead_Lag2 was successfully fit at 2022-05-05 17:48:07"
[1] "The model for variable TotalMortality_Lag2 was initiated at 2022-05-05 17:48:07"
[1] "The model for variable TotalMortality_Lag2 was successfully fit at 2022-05-05 17:48:53"
[1] "The model for variable MortalityProportion_Lag2 was initiated at 2022-05-05 17:48:53"
[1] "The model for variable MortalityProportion_Lag2 was successfully fit at 2022-05-05 17:50:10"
[1] "The model for variable Penicillin_Lag2 was initiated at 2022-05-05 17:50:10"
[1] "The model for variable Penicillin_Lag2 was successfully fit at 2022-05-05 17:51:00"
[1] "The model for variable Dexamethasone_Lag2 was initiated at 2022-05-05 17:51:00"
[1] "The model for variable Dexamethasone_Lag2 was successfully fit at 2022-05-05 17:51:48"
[1] "The model for variable Ceftiofur_Lag2 was initiated at 2022-05-05 17:51:48"
[1] "The model for variable Ceftiofur_Lag2 was successfully fit at 2022-05-05 17:52:38"
[1] "The model for variable Enroflaxin_Lag2 was initiated at 2022-05-05 17:52:38"
[1] "The model for variable Enroflaxin_Lag2 was successfully fit at 2022-05-05 17:53:28"
[1] "The model for variable Tetracycline_Lag2 was initiated at 2022-05-05 17:53:28"
[1] "The model for variable Tetracycline_Lag2 was successfully fit at 2022-05-05 17:54:19"
[1] "The model for variable Lincomycin_Lag2 was initiated at 2022-05-05 17:54:19"
[1] "The model for variable Lincomycin_Lag2 was successfully fit at 2022-05-05 17:55:05"
[1] "The model for variable OtherTreatments_Lag2 was initiated at 2022-05-05 17:55:05"
[1] "The model for variable OtherTreatments_Lag2 was successfully fit at 2022-05-05 17:55:48"
[1] "The model for variable TotalTreatments_Lag2 was initiated at 2022-05-05 17:55:48"
[1] "The model for variable TotalTreatments_Lag2 was successfully fit at 2022-05-05 17:56:38"
[1] "The model for variable TreatmentProportion_Lag2 was initiated at 2022-05-05 17:56:38"
[1] "The model for variable TreatmentProportion_Lag2 was successfully fit at 2022-05-05 17:57:30"
[1] "The model for variable WaterMedications_Lag2 was initiated at 2022-05-05 17:57:30"
[1] "The model for variable WaterMedications_Lag2 was successfully fit at 2022-05-05 17:58:18"
[1] "The model for variable PrimaryRespiratory_Lag2 was initiated at 2022-05-05 17:58:18"
[1] "The model for variable PrimaryRespiratory_Lag2 was successfully fit at 2022-05-05 17:59:10"
[1] "The model for variable SecondaryRespiratory_Lag2 was initiated at 2022-05-05 17:59:10"
[1] "The model for variable SecondaryRespiratory_Lag2 was successfully fit at 2022-05-05 17:59:57"
[1] "The model for variable ReHS_Lag2 was initiated at 2022-05-05 17:59:57"
[1] "The model for variable ReHS_Lag2 was successfully fit at 2022-05-05 18:00:41"
[1] "The model for variable WaterIntakeHdRMS_Lag2 was initiated at 2022-05-05 18:00:41"
[1] "The model for variable WaterIntakeHdRMS_Lag2 was successfully fit at 2022-05-05 18:01:20"
[1] "The model for variable WaterIntakeHdVC_Lag2 was initiated at 2022-05-05 18:01:20"
[1] "The model for variable WaterIntakeHdVC_Lag2 was successfully fit at 2022-05-05 18:01:54"
[1] "The model for variable TempReHS_Lag2 was initiated at 2022-05-05 18:01:54"
[1] "The model for variable TempReHS_Lag2 was successfully fit at 2022-05-05 18:02:41"
[1] "The model for variable LowTempRMS_Lag2 was initiated at 2022-05-05 18:02:41"
[1] "The model for variable LowTempRMS_Lag2 was successfully fit at 2022-05-05 18:03:32"
[1] "The model for variable HiTempRMS_Lag2 was initiated at 2022-05-05 18:03:32"
[1] "The model for variable HiTempRMS_Lag2 was successfully fit at 2022-05-05 18:04:24"
[1] "The model for variable TempRangeRMS_Lag2 was initiated at 2022-05-05 18:04:24"
[1] "The model for variable TempRangeRMS_Lag2 was successfully fit at 2022-05-05 18:05:13"
[1] "The model for variable SetPointRMS_Lag2 was initiated at 2022-05-05 18:05:13"
[1] "The model for variable SetPointRMS_Lag2 was successfully fit at 2022-05-05 18:06:06"
[1] "The model for variable LowTempVC_Lag2 was initiated at 2022-05-05 18:06:06"
[1] "The model for variable LowTempVC_Lag2 was successfully fit at 2022-05-05 18:06:56"
[1] "The model for variable AvgTempVC_Lag2 was initiated at 2022-05-05 18:06:56"
[1] "The model for variable AvgTempVC_Lag2 was successfully fit at 2022-05-05 18:07:45"
[1] "The model for variable HiTempVC_Lag2 was initiated at 2022-05-05 18:07:45"
[1] "The model for variable HiTempVC_Lag2 was successfully fit at 2022-05-05 18:08:34"
[1] "The model for variable TempRangeVC_Lag2 was initiated at 2022-05-05 18:08:34"
[1] "The model for variable TempRangeVC_Lag2 was successfully fit at 2022-05-05 18:09:16"
[1] "The model for variable SetPointVC_Lag2 was initiated at 2022-05-05 18:09:16"
[1] "The model for variable SetPointVC_Lag2 was successfully fit at 2022-05-05 18:09:50"
[1] "The model for variable Euth_Lag3 was initiated at 2022-05-05 18:09:50"
[1] "The model for variable Euth_Lag3 was successfully fit at 2022-05-05 18:10:35"
[1] "The model for variable Dead_Lag3 was initiated at 2022-05-05 18:10:35"
[1] "The model for variable Dead_Lag3 was successfully fit at 2022-05-05 18:11:21"
[1] "The model for variable TotalMortality_Lag3 was initiated at 2022-05-05 18:11:21"
[1] "The model for variable TotalMortality_Lag3 was successfully fit at 2022-05-05 18:12:07"
[1] "The model for variable MortalityProportion_Lag3 was initiated at 2022-05-05 18:12:07"
[1] "The model for variable MortalityProportion_Lag3 was successfully fit at 2022-05-05 18:13:15"
[1] "The model for variable Penicillin_Lag3 was initiated at 2022-05-05 18:13:15"
[1] "The model for variable Penicillin_Lag3 was successfully fit at 2022-05-05 18:14:00"
[1] "The model for variable Dexamethasone_Lag3 was initiated at 2022-05-05 18:14:00"
[1] "The model for variable Dexamethasone_Lag3 was successfully fit at 2022-05-05 18:14:42"
[1] "The model for variable Ceftiofur_Lag3 was initiated at 2022-05-05 18:14:42"
[1] "The model for variable Ceftiofur_Lag3 was successfully fit at 2022-05-05 18:15:28"
[1] "The model for variable Enroflaxin_Lag3 was initiated at 2022-05-05 18:15:28"
[1] "The model for variable Enroflaxin_Lag3 was successfully fit at 2022-05-05 18:16:13"
[1] "The model for variable Tetracycline_Lag3 was initiated at 2022-05-05 18:16:13"
[1] "The model for variable Tetracycline_Lag3 was successfully fit at 2022-05-05 18:16:59"
[1] "The model for variable Lincomycin_Lag3 was initiated at 2022-05-05 18:16:59"
[1] "The model for variable Lincomycin_Lag3 was successfully fit at 2022-05-05 18:17:48"
[1] "The model for variable OtherTreatments_Lag3 was initiated at 2022-05-05 18:17:48"
[1] "The model for variable OtherTreatments_Lag3 was successfully fit at 2022-05-05 18:18:34"
[1] "The model for variable TotalTreatments_Lag3 was initiated at 2022-05-05 18:18:34"
[1] "The model for variable TotalTreatments_Lag3 was successfully fit at 2022-05-05 18:19:19"
[1] "The model for variable TreatmentProportion_Lag3 was initiated at 2022-05-05 18:19:19"
[1] "The model for variable TreatmentProportion_Lag3 was successfully fit at 2022-05-05 18:20:13"
[1] "The model for variable WaterMedications_Lag3 was initiated at 2022-05-05 18:20:13"
[1] "The model for variable WaterMedications_Lag3 was successfully fit at 2022-05-05 18:20:56"
[1] "The model for variable PrimaryRespiratory_Lag3 was initiated at 2022-05-05 18:20:56"
[1] "The model for variable PrimaryRespiratory_Lag3 was successfully fit at 2022-05-05 18:21:42"
[1] "The model for variable SecondaryRespiratory_Lag3 was initiated at 2022-05-05 18:21:42"
[1] "The model for variable SecondaryRespiratory_Lag3 was successfully fit at 2022-05-05 18:22:25"
[1] "The model for variable ReHS_Lag3 was initiated at 2022-05-05 18:22:25"
[1] "The model for variable ReHS_Lag3 was successfully fit at 2022-05-05 18:23:10"
[1] "The model for variable WaterIntakeHdRMS_Lag3 was initiated at 2022-05-05 18:23:10"
[1] "The model for variable WaterIntakeHdRMS_Lag3 was successfully fit at 2022-05-05 18:23:48"
[1] "The model for variable WaterIntakeHdVC_Lag3 was initiated at 2022-05-05 18:23:48"
[1] "The model for variable WaterIntakeHdVC_Lag3 was successfully fit at 2022-05-05 18:24:27"
[1] "The model for variable TempReHS_Lag3 was initiated at 2022-05-05 18:24:27"
[1] "The model for variable TempReHS_Lag3 was successfully fit at 2022-05-05 18:25:14"
[1] "The model for variable LowTempRMS_Lag3 was initiated at 2022-05-05 18:25:14"
[1] "The model for variable LowTempRMS_Lag3 was successfully fit at 2022-05-05 18:25:59"
[1] "The model for variable HiTempRMS_Lag3 was initiated at 2022-05-05 18:25:59"
[1] "The model for variable HiTempRMS_Lag3 was successfully fit at 2022-05-05 18:26:48"
[1] "The model for variable TempRangeRMS_Lag3 was initiated at 2022-05-05 18:26:48"
[1] "The model for variable TempRangeRMS_Lag3 was successfully fit at 2022-05-05 18:27:32"
[1] "The model for variable SetPointRMS_Lag3 was initiated at 2022-05-05 18:27:32"
[1] "The model for variable SetPointRMS_Lag3 was successfully fit at 2022-05-05 18:28:24"
[1] "The model for variable LowTempVC_Lag3 was initiated at 2022-05-05 18:28:24"
[1] "The model for variable LowTempVC_Lag3 was successfully fit at 2022-05-05 18:29:11"
[1] "The model for variable AvgTempVC_Lag3 was initiated at 2022-05-05 18:29:11"
[1] "The model for variable AvgTempVC_Lag3 was successfully fit at 2022-05-05 18:29:59"
[1] "The model for variable HiTempVC_Lag3 was initiated at 2022-05-05 18:29:59"
[1] "The model for variable HiTempVC_Lag3 was successfully fit at 2022-05-05 18:30:45"
[1] "The model for variable TempRangeVC_Lag3 was initiated at 2022-05-05 18:30:45"
[1] "The model for variable TempRangeVC_Lag3 was successfully fit at 2022-05-05 18:31:27"
[1] "The model for variable SetPointVC_Lag3 was initiated at 2022-05-05 18:31:27"
[1] "The model for variable SetPointVC_Lag3 was successfully fit at 2022-05-05 18:32:00"
[1] "The model for variable Euth_Lag4 was initiated at 2022-05-05 18:32:00"
[1] "The model for variable Euth_Lag4 was successfully fit at 2022-05-05 18:32:42"
[1] "The model for variable Dead_Lag4 was initiated at 2022-05-05 18:32:43"
[1] "The model for variable Dead_Lag4 was successfully fit at 2022-05-05 18:33:30"
[1] "The model for variable TotalMortality_Lag4 was initiated at 2022-05-05 18:33:30"
[1] "The model for variable TotalMortality_Lag4 was successfully fit at 2022-05-05 18:34:14"
[1] "The model for variable MortalityProportion_Lag4 was initiated at 2022-05-05 18:34:14"
[1] "The model for variable MortalityProportion_Lag4 was successfully fit at 2022-05-05 18:35:18"
[1] "The model for variable Penicillin_Lag4 was initiated at 2022-05-05 18:35:18"
[1] "The model for variable Penicillin_Lag4 was successfully fit at 2022-05-05 18:36:04"
[1] "The model for variable Dexamethasone_Lag4 was initiated at 2022-05-05 18:36:04"
[1] "The model for variable Dexamethasone_Lag4 was successfully fit at 2022-05-05 18:36:49"
[1] "The model for variable Ceftiofur_Lag4 was initiated at 2022-05-05 18:36:49"
[1] "The model for variable Ceftiofur_Lag4 was successfully fit at 2022-05-05 18:37:36"
[1] "The model for variable Enroflaxin_Lag4 was initiated at 2022-05-05 18:37:36"
[1] "The model for variable Enroflaxin_Lag4 was successfully fit at 2022-05-05 18:38:18"
[1] "The model for variable Tetracycline_Lag4 was initiated at 2022-05-05 18:38:18"
[1] "The model for variable Tetracycline_Lag4 was successfully fit at 2022-05-05 18:39:02"
[1] "The model for variable Lincomycin_Lag4 was initiated at 2022-05-05 18:39:02"
[1] "The model for variable Lincomycin_Lag4 was successfully fit at 2022-05-05 18:39:49"
[1] "The model for variable OtherTreatments_Lag4 was initiated at 2022-05-05 18:39:49"
[1] "The model for variable OtherTreatments_Lag4 was successfully fit at 2022-05-05 18:40:29"
[1] "The model for variable TotalTreatments_Lag4 was initiated at 2022-05-05 18:40:29"
[1] "The model for variable TotalTreatments_Lag4 was successfully fit at 2022-05-05 18:41:13"
[1] "The model for variable TreatmentProportion_Lag4 was initiated at 2022-05-05 18:41:13"
[1] "The model for variable TreatmentProportion_Lag4 was successfully fit at 2022-05-05 18:42:04"
[1] "The model for variable WaterMedications_Lag4 was initiated at 2022-05-05 18:42:04"
[1] "The model for variable WaterMedications_Lag4 was successfully fit at 2022-05-05 18:42:49"
[1] "The model for variable PrimaryRespiratory_Lag4 was initiated at 2022-05-05 18:42:49"
[1] "The model for variable PrimaryRespiratory_Lag4 was successfully fit at 2022-05-05 18:43:33"
[1] "The model for variable SecondaryRespiratory_Lag4 was initiated at 2022-05-05 18:43:33"
[1] "The model for variable SecondaryRespiratory_Lag4 was successfully fit at 2022-05-05 18:44:21"
[1] "The model for variable ReHS_Lag4 was initiated at 2022-05-05 18:44:21"
[1] "The model for variable ReHS_Lag4 was successfully fit at 2022-05-05 18:45:05"
[1] "The model for variable WaterIntakeHdRMS_Lag4 was initiated at 2022-05-05 18:45:05"
[1] "The model for variable WaterIntakeHdRMS_Lag4 was successfully fit at 2022-05-05 18:45:42"
[1] "The model for variable WaterIntakeHdVC_Lag4 was initiated at 2022-05-05 18:45:42"
[1] "The model for variable WaterIntakeHdVC_Lag4 was successfully fit at 2022-05-05 18:46:25"
[1] "The model for variable TempReHS_Lag4 was initiated at 2022-05-05 18:46:25"
[1] "The model for variable TempReHS_Lag4 was successfully fit at 2022-05-05 18:47:09"
[1] "The model for variable LowTempRMS_Lag4 was initiated at 2022-05-05 18:47:09"
[1] "The model for variable LowTempRMS_Lag4 was successfully fit at 2022-05-05 18:47:57"
[1] "The model for variable HiTempRMS_Lag4 was initiated at 2022-05-05 18:47:57"
[1] "The model for variable HiTempRMS_Lag4 was successfully fit at 2022-05-05 18:48:49"
[1] "The model for variable TempRangeRMS_Lag4 was initiated at 2022-05-05 18:48:49"
[1] "The model for variable TempRangeRMS_Lag4 was successfully fit at 2022-05-05 18:49:34"
[1] "The model for variable SetPointRMS_Lag4 was initiated at 2022-05-05 18:49:34"
[1] "The model for variable SetPointRMS_Lag4 was successfully fit at 2022-05-05 18:50:26"
[1] "The model for variable LowTempVC_Lag4 was initiated at 2022-05-05 18:50:26"
[1] "The model for variable LowTempVC_Lag4 was successfully fit at 2022-05-05 18:51:12"
[1] "The model for variable AvgTempVC_Lag4 was initiated at 2022-05-05 18:51:12"
[1] "The model for variable AvgTempVC_Lag4 was successfully fit at 2022-05-05 18:51:57"
[1] "The model for variable HiTempVC_Lag4 was initiated at 2022-05-05 18:51:58"
[1] "The model for variable HiTempVC_Lag4 was successfully fit at 2022-05-05 18:52:41"
[1] "The model for variable TempRangeVC_Lag4 was initiated at 2022-05-05 18:52:41"
[1] "The model for variable TempRangeVC_Lag4 was successfully fit at 2022-05-05 18:53:20"
[1] "The model for variable SetPointVC_Lag4 was initiated at 2022-05-05 18:53:20"
[1] "The model for variable SetPointVC_Lag4 was successfully fit at 2022-05-05 18:53:56"
[1] "The model for variable Euth_Lag5 was initiated at 2022-05-05 18:53:56"
[1] "The model for variable Euth_Lag5 was successfully fit at 2022-05-05 18:54:37"
[1] "The model for variable Dead_Lag5 was initiated at 2022-05-05 18:54:37"
[1] "The model for variable Dead_Lag5 was successfully fit at 2022-05-05 18:55:20"
[1] "The model for variable TotalMortality_Lag5 was initiated at 2022-05-05 18:55:20"
[1] "The model for variable TotalMortality_Lag5 was successfully fit at 2022-05-05 18:56:05"
[1] "The model for variable MortalityProportion_Lag5 was initiated at 2022-05-05 18:56:05"
[1] "The model for variable MortalityProportion_Lag5 was successfully fit at 2022-05-05 18:57:10"
[1] "The model for variable Penicillin_Lag5 was initiated at 2022-05-05 18:57:10"
[1] "The model for variable Penicillin_Lag5 was successfully fit at 2022-05-05 18:57:57"
[1] "The model for variable Dexamethasone_Lag5 was initiated at 2022-05-05 18:57:57"
[1] "The model for variable Dexamethasone_Lag5 was successfully fit at 2022-05-05 18:58:44"
[1] "The model for variable Ceftiofur_Lag5 was initiated at 2022-05-05 18:58:44"
[1] "The model for variable Ceftiofur_Lag5 was successfully fit at 2022-05-05 18:59:31"
[1] "The model for variable Enroflaxin_Lag5 was initiated at 2022-05-05 18:59:31"
[1] "The model for variable Enroflaxin_Lag5 was successfully fit at 2022-05-05 19:00:16"
[1] "The model for variable Tetracycline_Lag5 was initiated at 2022-05-05 19:00:16"
[1] "The model for variable Tetracycline_Lag5 was successfully fit at 2022-05-05 19:01:02"
[1] "The model for variable Lincomycin_Lag5 was initiated at 2022-05-05 19:01:02"
[1] "The model for variable Lincomycin_Lag5 was successfully fit at 2022-05-05 19:01:48"
[1] "The model for variable OtherTreatments_Lag5 was initiated at 2022-05-05 19:01:48"
[1] "The model for variable OtherTreatments_Lag5 was successfully fit at 2022-05-05 19:02:33"
[1] "The model for variable TotalTreatments_Lag5 was initiated at 2022-05-05 19:02:33"
[1] "The model for variable TotalTreatments_Lag5 was successfully fit at 2022-05-05 19:03:19"
[1] "The model for variable TreatmentProportion_Lag5 was initiated at 2022-05-05 19:03:19"
[1] "The model for variable TreatmentProportion_Lag5 was successfully fit at 2022-05-05 19:04:08"
[1] "The model for variable WaterMedications_Lag5 was initiated at 2022-05-05 19:04:08"
[1] "The model for variable WaterMedications_Lag5 was successfully fit at 2022-05-05 19:04:54"
[1] "The model for variable PrimaryRespiratory_Lag5 was initiated at 2022-05-05 19:04:54"
[1] "The model for variable PrimaryRespiratory_Lag5 was successfully fit at 2022-05-05 19:05:39"
[1] "The model for variable SecondaryRespiratory_Lag5 was initiated at 2022-05-05 19:05:39"
[1] "The model for variable SecondaryRespiratory_Lag5 was successfully fit at 2022-05-05 19:06:26"
[1] "The model for variable ReHS_Lag5 was initiated at 2022-05-05 19:06:26"
[1] "The model for variable ReHS_Lag5 was successfully fit at 2022-05-05 19:07:09"
[1] "The model for variable WaterIntakeHdRMS_Lag5 was initiated at 2022-05-05 19:07:09"
[1] "The model for variable WaterIntakeHdRMS_Lag5 was successfully fit at 2022-05-05 19:07:44"
[1] "The model for variable WaterIntakeHdVC_Lag5 was initiated at 2022-05-05 19:07:44"
[1] "The model for variable WaterIntakeHdVC_Lag5 was successfully fit at 2022-05-05 19:08:25"
[1] "The model for variable TempReHS_Lag5 was initiated at 2022-05-05 19:08:25"
[1] "The model for variable TempReHS_Lag5 was successfully fit at 2022-05-05 19:09:14"
[1] "The model for variable LowTempRMS_Lag5 was initiated at 2022-05-05 19:09:14"
[1] "The model for variable LowTempRMS_Lag5 was successfully fit at 2022-05-05 19:10:04"
[1] "The model for variable HiTempRMS_Lag5 was initiated at 2022-05-05 19:10:04"
[1] "The model for variable HiTempRMS_Lag5 was successfully fit at 2022-05-05 19:10:54"
[1] "The model for variable TempRangeRMS_Lag5 was initiated at 2022-05-05 19:10:54"
[1] "The model for variable TempRangeRMS_Lag5 was successfully fit at 2022-05-05 19:11:39"
[1] "The model for variable SetPointRMS_Lag5 was initiated at 2022-05-05 19:11:39"
[1] "The model for variable SetPointRMS_Lag5 was successfully fit at 2022-05-05 19:12:36"
[1] "The model for variable LowTempVC_Lag5 was initiated at 2022-05-05 19:12:36"
[1] "The model for variable LowTempVC_Lag5 was successfully fit at 2022-05-05 19:13:23"
[1] "The model for variable AvgTempVC_Lag5 was initiated at 2022-05-05 19:13:23"
[1] "The model for variable AvgTempVC_Lag5 was successfully fit at 2022-05-05 19:14:04"
[1] "The model for variable HiTempVC_Lag5 was initiated at 2022-05-05 19:14:04"
[1] "The model for variable HiTempVC_Lag5 was successfully fit at 2022-05-05 19:14:47"
[1] "The model for variable TempRangeVC_Lag5 was initiated at 2022-05-05 19:14:47"
[1] "The model for variable TempRangeVC_Lag5 was successfully fit at 2022-05-05 19:15:27"
[1] "The model for variable SetPointVC_Lag5 was initiated at 2022-05-05 19:15:27"
[1] "The model for variable SetPointVC_Lag5 was successfully fit at 2022-05-05 19:16:04"
[1] "The model for variable Euth_Lag6 was initiated at 2022-05-05 19:16:04"
[1] "The model for variable Euth_Lag6 was successfully fit at 2022-05-05 19:16:49"
[1] "The model for variable Dead_Lag6 was initiated at 2022-05-05 19:16:49"
[1] "The model for variable Dead_Lag6 was successfully fit at 2022-05-05 19:17:34"
[1] "The model for variable TotalMortality_Lag6 was initiated at 2022-05-05 19:17:34"
[1] "The model for variable TotalMortality_Lag6 was successfully fit at 2022-05-05 19:18:21"
[1] "The model for variable MortalityProportion_Lag6 was initiated at 2022-05-05 19:18:21"
[1] "The model for variable MortalityProportion_Lag6 was successfully fit at 2022-05-05 19:19:30"
[1] "The model for variable Penicillin_Lag6 was initiated at 2022-05-05 19:19:30"
[1] "The model for variable Penicillin_Lag6 was successfully fit at 2022-05-05 19:20:18"
[1] "The model for variable Dexamethasone_Lag6 was initiated at 2022-05-05 19:20:18"
[1] "The model for variable Dexamethasone_Lag6 was successfully fit at 2022-05-05 19:21:02"
[1] "The model for variable Ceftiofur_Lag6 was initiated at 2022-05-05 19:21:02"
[1] "The model for variable Ceftiofur_Lag6 was successfully fit at 2022-05-05 19:21:45"
[1] "The model for variable Enroflaxin_Lag6 was initiated at 2022-05-05 19:21:45"
[1] "The model for variable Enroflaxin_Lag6 was successfully fit at 2022-05-05 19:22:28"
[1] "The model for variable Tetracycline_Lag6 was initiated at 2022-05-05 19:22:28"
[1] "The model for variable Tetracycline_Lag6 was successfully fit at 2022-05-05 19:23:13"
[1] "The model for variable Lincomycin_Lag6 was initiated at 2022-05-05 19:23:13"
[1] "The model for variable Lincomycin_Lag6 was successfully fit at 2022-05-05 19:23:58"
[1] "The model for variable OtherTreatments_Lag6 was initiated at 2022-05-05 19:23:58"
[1] "The model for variable OtherTreatments_Lag6 was successfully fit at 2022-05-05 19:24:41"
[1] "The model for variable TotalTreatments_Lag6 was initiated at 2022-05-05 19:24:41"
[1] "The model for variable TotalTreatments_Lag6 was successfully fit at 2022-05-05 19:25:26"
[1] "The model for variable TreatmentProportion_Lag6 was initiated at 2022-05-05 19:25:26"
[1] "The model for variable TreatmentProportion_Lag6 was successfully fit at 2022-05-05 19:26:18"
[1] "The model for variable WaterMedications_Lag6 was initiated at 2022-05-05 19:26:18"
[1] "The model for variable WaterMedications_Lag6 was successfully fit at 2022-05-05 19:27:06"
[1] "The model for variable PrimaryRespiratory_Lag6 was initiated at 2022-05-05 19:27:06"
[1] "The model for variable PrimaryRespiratory_Lag6 was successfully fit at 2022-05-05 19:27:50"
[1] "The model for variable SecondaryRespiratory_Lag6 was initiated at 2022-05-05 19:27:50"
[1] "The model for variable SecondaryRespiratory_Lag6 was successfully fit at 2022-05-05 19:28:34"
[1] "The model for variable ReHS_Lag6 was initiated at 2022-05-05 19:28:34"
[1] "The model for variable ReHS_Lag6 was successfully fit at 2022-05-05 19:29:19"
[1] "The model for variable WaterIntakeHdRMS_Lag6 was initiated at 2022-05-05 19:29:19"
[1] "The model for variable WaterIntakeHdRMS_Lag6 was successfully fit at 2022-05-05 19:29:58"
[1] "The model for variable WaterIntakeHdVC_Lag6 was initiated at 2022-05-05 19:29:58"
[1] "The model for variable WaterIntakeHdVC_Lag6 was successfully fit at 2022-05-05 19:30:37"
[1] "The model for variable TempReHS_Lag6 was initiated at 2022-05-05 19:30:37"
[1] "The model for variable TempReHS_Lag6 was successfully fit at 2022-05-05 19:31:27"
[1] "The model for variable LowTempRMS_Lag6 was initiated at 2022-05-05 19:31:27"
[1] "The model for variable LowTempRMS_Lag6 was successfully fit at 2022-05-05 19:32:17"
[1] "The model for variable HiTempRMS_Lag6 was initiated at 2022-05-05 19:32:17"
[1] "The model for variable HiTempRMS_Lag6 was successfully fit at 2022-05-05 19:33:06"
[1] "The model for variable TempRangeRMS_Lag6 was initiated at 2022-05-05 19:33:06"
[1] "The model for variable TempRangeRMS_Lag6 was successfully fit at 2022-05-05 19:33:50"
[1] "The model for variable SetPointRMS_Lag6 was initiated at 2022-05-05 19:33:50"
[1] "The model for variable SetPointRMS_Lag6 was successfully fit at 2022-05-05 19:34:37"
[1] "The model for variable LowTempVC_Lag6 was initiated at 2022-05-05 19:34:37"
[1] "The model for variable LowTempVC_Lag6 was successfully fit at 2022-05-05 19:35:20"
[1] "The model for variable AvgTempVC_Lag6 was initiated at 2022-05-05 19:35:20"
[1] "The model for variable AvgTempVC_Lag6 was successfully fit at 2022-05-05 19:36:02"
[1] "The model for variable HiTempVC_Lag6 was initiated at 2022-05-05 19:36:02"
[1] "The model for variable HiTempVC_Lag6 was successfully fit at 2022-05-05 19:36:46"
[1] "The model for variable TempRangeVC_Lag6 was initiated at 2022-05-05 19:36:46"
[1] "The model for variable TempRangeVC_Lag6 was successfully fit at 2022-05-05 19:37:23"
[1] "The model for variable SetPointVC_Lag6 was initiated at 2022-05-05 19:37:23"
[1] "The model for variable SetPointVC_Lag6 was successfully fit at 2022-05-05 19:37:55"
[1] "The model for variable Euth_Lag7 was initiated at 2022-05-05 19:37:55"
[1] "The model for variable Euth_Lag7 was successfully fit at 2022-05-05 19:38:41"
[1] "The model for variable Dead_Lag7 was initiated at 2022-05-05 19:38:41"
[1] "The model for variable Dead_Lag7 was successfully fit at 2022-05-05 19:39:26"
[1] "The model for variable TotalMortality_Lag7 was initiated at 2022-05-05 19:39:26"
[1] "The model for variable TotalMortality_Lag7 was successfully fit at 2022-05-05 19:40:14"
[1] "The model for variable MortalityProportion_Lag7 was initiated at 2022-05-05 19:40:14"
[1] "The model for variable MortalityProportion_Lag7 was successfully fit at 2022-05-05 19:41:19"
[1] "The model for variable Penicillin_Lag7 was initiated at 2022-05-05 19:41:19"
[1] "The model for variable Penicillin_Lag7 was successfully fit at 2022-05-05 19:42:01"
[1] "The model for variable Dexamethasone_Lag7 was initiated at 2022-05-05 19:42:01"
[1] "The model for variable Dexamethasone_Lag7 was successfully fit at 2022-05-05 19:42:44"
[1] "The model for variable Ceftiofur_Lag7 was initiated at 2022-05-05 19:42:44"
[1] "The model for variable Ceftiofur_Lag7 was successfully fit at 2022-05-05 19:43:29"
[1] "The model for variable Enroflaxin_Lag7 was initiated at 2022-05-05 19:43:29"
[1] "The model for variable Enroflaxin_Lag7 was successfully fit at 2022-05-05 19:44:15"
[1] "The model for variable Tetracycline_Lag7 was initiated at 2022-05-05 19:44:15"
[1] "The model for variable Tetracycline_Lag7 was successfully fit at 2022-05-05 19:44:59"
[1] "The model for variable Lincomycin_Lag7 was initiated at 2022-05-05 19:44:59"
[1] "The model for variable Lincomycin_Lag7 was successfully fit at 2022-05-05 19:45:43"
[1] "The model for variable OtherTreatments_Lag7 was initiated at 2022-05-05 19:45:43"
[1] "The model for variable OtherTreatments_Lag7 was successfully fit at 2022-05-05 19:46:28"
[1] "The model for variable TotalTreatments_Lag7 was initiated at 2022-05-05 19:46:28"
[1] "The model for variable TotalTreatments_Lag7 was successfully fit at 2022-05-05 19:47:16"
[1] "The model for variable TreatmentProportion_Lag7 was initiated at 2022-05-05 19:47:16"
[1] "The model for variable TreatmentProportion_Lag7 was successfully fit at 2022-05-05 19:48:09"
[1] "The model for variable WaterMedications_Lag7 was initiated at 2022-05-05 19:48:09"
[1] "The model for variable WaterMedications_Lag7 was successfully fit at 2022-05-05 19:48:54"
[1] "The model for variable PrimaryRespiratory_Lag7 was initiated at 2022-05-05 19:48:54"
[1] "The model for variable PrimaryRespiratory_Lag7 was successfully fit at 2022-05-05 19:49:37"
[1] "The model for variable SecondaryRespiratory_Lag7 was initiated at 2022-05-05 19:49:37"
[1] "The model for variable SecondaryRespiratory_Lag7 was successfully fit at 2022-05-05 19:50:23"
[1] "The model for variable ReHS_Lag7 was initiated at 2022-05-05 19:50:23"
[1] "The model for variable ReHS_Lag7 was successfully fit at 2022-05-05 19:51:09"
[1] "The model for variable WaterIntakeHdRMS_Lag7 was initiated at 2022-05-05 19:51:09"
[1] "The model for variable WaterIntakeHdRMS_Lag7 was successfully fit at 2022-05-05 19:51:46"
[1] "The model for variable WaterIntakeHdVC_Lag7 was initiated at 2022-05-05 19:51:46"
[1] "The model for variable WaterIntakeHdVC_Lag7 was successfully fit at 2022-05-05 19:52:28"
[1] "The model for variable TempReHS_Lag7 was initiated at 2022-05-05 19:52:28"
[1] "The model for variable TempReHS_Lag7 was successfully fit at 2022-05-05 19:53:19"
[1] "The model for variable LowTempRMS_Lag7 was initiated at 2022-05-05 19:53:19"
[1] "The model for variable LowTempRMS_Lag7 was successfully fit at 2022-05-05 19:54:12"
[1] "The model for variable HiTempRMS_Lag7 was initiated at 2022-05-05 19:54:12"
[1] "The model for variable HiTempRMS_Lag7 was successfully fit at 2022-05-05 19:55:04"
[1] "The model for variable TempRangeRMS_Lag7 was initiated at 2022-05-05 19:55:04"
[1] "The model for variable TempRangeRMS_Lag7 was successfully fit at 2022-05-05 19:55:49"
[1] "The model for variable SetPointRMS_Lag7 was initiated at 2022-05-05 19:55:49"
[1] "The model for variable SetPointRMS_Lag7 was successfully fit at 2022-05-05 19:56:38"
[1] "The model for variable LowTempVC_Lag7 was initiated at 2022-05-05 19:56:38"
[1] "The model for variable LowTempVC_Lag7 was successfully fit at 2022-05-05 19:57:17"
[1] "The model for variable AvgTempVC_Lag7 was initiated at 2022-05-05 19:57:17"
[1] "The model for variable AvgTempVC_Lag7 was successfully fit at 2022-05-05 19:57:57"
[1] "The model for variable HiTempVC_Lag7 was initiated at 2022-05-05 19:57:57"
[1] "The model for variable HiTempVC_Lag7 was successfully fit at 2022-05-05 19:58:38"
[1] "The model for variable TempRangeVC_Lag7 was initiated at 2022-05-05 19:58:38"
[1] "The model for variable TempRangeVC_Lag7 was successfully fit at 2022-05-05 19:59:18"
[1] "The model for variable SetPointVC_Lag7 was initiated at 2022-05-05 19:59:18"
[1] "The model for variable SetPointVC_Lag7 was successfully fit at 2022-05-05 19:59:49"
[1] "The model for variable Euth_Lag8 was initiated at 2022-05-05 19:59:49"
[1] "The model for variable Euth_Lag8 was successfully fit at 2022-05-05 20:00:33"
[1] "The model for variable Dead_Lag8 was initiated at 2022-05-05 20:00:33"
[1] "The model for variable Dead_Lag8 was successfully fit at 2022-05-05 20:01:16"
[1] "The model for variable TotalMortality_Lag8 was initiated at 2022-05-05 20:01:16"
[1] "The model for variable TotalMortality_Lag8 was successfully fit at 2022-05-05 20:02:05"
[1] "The model for variable MortalityProportion_Lag8 was initiated at 2022-05-05 20:02:05"
[1] "The model for variable MortalityProportion_Lag8 was successfully fit at 2022-05-05 20:03:08"
[1] "The model for variable Penicillin_Lag8 was initiated at 2022-05-05 20:03:08"
[1] "The model for variable Penicillin_Lag8 was successfully fit at 2022-05-05 20:03:59"
[1] "The model for variable Dexamethasone_Lag8 was initiated at 2022-05-05 20:03:59"
[1] "The model for variable Dexamethasone_Lag8 was successfully fit at 2022-05-05 20:04:44"
[1] "The model for variable Ceftiofur_Lag8 was initiated at 2022-05-05 20:04:44"
[1] "The model for variable Ceftiofur_Lag8 was successfully fit at 2022-05-05 20:05:30"
[1] "The model for variable Enroflaxin_Lag8 was initiated at 2022-05-05 20:05:30"
[1] "The model for variable Enroflaxin_Lag8 was successfully fit at 2022-05-05 20:06:17"
[1] "The model for variable Tetracycline_Lag8 was initiated at 2022-05-05 20:06:17"
[1] "The model for variable Tetracycline_Lag8 was successfully fit at 2022-05-05 20:07:02"
[1] "The model for variable Lincomycin_Lag8 was initiated at 2022-05-05 20:07:02"
[1] "The model for variable Lincomycin_Lag8 was successfully fit at 2022-05-05 20:07:47"
[1] "The model for variable OtherTreatments_Lag8 was initiated at 2022-05-05 20:07:47"
[1] "The model for variable OtherTreatments_Lag8 was successfully fit at 2022-05-05 20:08:29"
[1] "The model for variable TotalTreatments_Lag8 was initiated at 2022-05-05 20:08:29"
[1] "The model for variable TotalTreatments_Lag8 was successfully fit at 2022-05-05 20:09:15"
[1] "The model for variable TreatmentProportion_Lag8 was initiated at 2022-05-05 20:09:15"
[1] "The model for variable TreatmentProportion_Lag8 was successfully fit at 2022-05-05 20:10:03"
[1] "The model for variable WaterMedications_Lag8 was initiated at 2022-05-05 20:10:03"
[1] "The model for variable WaterMedications_Lag8 was successfully fit at 2022-05-05 20:10:51"
[1] "The model for variable PrimaryRespiratory_Lag8 was initiated at 2022-05-05 20:10:51"
[1] "The model for variable PrimaryRespiratory_Lag8 was successfully fit at 2022-05-05 20:11:32"
[1] "The model for variable SecondaryRespiratory_Lag8 was initiated at 2022-05-05 20:11:32"
[1] "The model for variable SecondaryRespiratory_Lag8 was successfully fit at 2022-05-05 20:12:20"
[1] "The model for variable ReHS_Lag8 was initiated at 2022-05-05 20:12:20"
[1] "The model for variable ReHS_Lag8 was successfully fit at 2022-05-05 20:13:02"
[1] "The model for variable WaterIntakeHdRMS_Lag8 was initiated at 2022-05-05 20:13:02"
[1] "The model for variable WaterIntakeHdRMS_Lag8 was successfully fit at 2022-05-05 20:13:39"
[1] "The model for variable WaterIntakeHdVC_Lag8 was initiated at 2022-05-05 20:13:39"
[1] "The model for variable WaterIntakeHdVC_Lag8 was successfully fit at 2022-05-05 20:14:13"
[1] "The model for variable TempReHS_Lag8 was initiated at 2022-05-05 20:14:13"
[1] "The model for variable TempReHS_Lag8 was successfully fit at 2022-05-05 20:14:58"
[1] "The model for variable LowTempRMS_Lag8 was initiated at 2022-05-05 20:14:58"
[1] "The model for variable LowTempRMS_Lag8 was successfully fit at 2022-05-05 20:15:57"
[1] "The model for variable HiTempRMS_Lag8 was initiated at 2022-05-05 20:15:57"
[1] "The model for variable HiTempRMS_Lag8 was successfully fit at 2022-05-05 20:16:47"
[1] "The model for variable TempRangeRMS_Lag8 was initiated at 2022-05-05 20:16:47"
[1] "The model for variable TempRangeRMS_Lag8 was successfully fit at 2022-05-05 20:17:30"
[1] "The model for variable SetPointRMS_Lag8 was initiated at 2022-05-05 20:17:30"
[1] "The model for variable SetPointRMS_Lag8 was successfully fit at 2022-05-05 20:18:22"
[1] "The model for variable LowTempVC_Lag8 was initiated at 2022-05-05 20:18:22"
[1] "The model for variable LowTempVC_Lag8 was successfully fit at 2022-05-05 20:19:03"
[1] "The model for variable AvgTempVC_Lag8 was initiated at 2022-05-05 20:19:03"
[1] "The model for variable AvgTempVC_Lag8 was successfully fit at 2022-05-05 20:19:43"
[1] "The model for variable HiTempVC_Lag8 was initiated at 2022-05-05 20:19:43"
[1] "The model for variable HiTempVC_Lag8 was successfully fit at 2022-05-05 20:20:26"
[1] "The model for variable TempRangeVC_Lag8 was initiated at 2022-05-05 20:20:26"
[1] "The model for variable TempRangeVC_Lag8 was successfully fit at 2022-05-05 20:21:03"
[1] "The model for variable SetPointVC_Lag8 was initiated at 2022-05-05 20:21:03"
[1] "The model for variable SetPointVC_Lag8 was successfully fit at 2022-05-05 20:21:32"
[1] "The model for variable Euth_Lag9 was initiated at 2022-05-05 20:21:32"
[1] "The model for variable Euth_Lag9 was successfully fit at 2022-05-05 20:22:19"
[1] "The model for variable Dead_Lag9 was initiated at 2022-05-05 20:22:19"
[1] "The model for variable Dead_Lag9 was successfully fit at 2022-05-05 20:23:05"
[1] "The model for variable TotalMortality_Lag9 was initiated at 2022-05-05 20:23:05"
[1] "The model for variable TotalMortality_Lag9 was successfully fit at 2022-05-05 20:23:52"
[1] "The model for variable MortalityProportion_Lag9 was initiated at 2022-05-05 20:23:52"
[1] "The model for variable MortalityProportion_Lag9 was successfully fit at 2022-05-05 20:24:59"
[1] "The model for variable Penicillin_Lag9 was initiated at 2022-05-05 20:24:59"
[1] "The model for variable Penicillin_Lag9 was successfully fit at 2022-05-05 20:25:48"
[1] "The model for variable Dexamethasone_Lag9 was initiated at 2022-05-05 20:25:48"
[1] "The model for variable Dexamethasone_Lag9 was successfully fit at 2022-05-05 20:26:32"
[1] "The model for variable Ceftiofur_Lag9 was initiated at 2022-05-05 20:26:32"
[1] "The model for variable Ceftiofur_Lag9 was successfully fit at 2022-05-05 20:27:18"
[1] "The model for variable Enroflaxin_Lag9 was initiated at 2022-05-05 20:27:18"
[1] "The model for variable Enroflaxin_Lag9 was successfully fit at 2022-05-05 20:28:03"
[1] "The model for variable Tetracycline_Lag9 was initiated at 2022-05-05 20:28:03"
[1] "The model for variable Tetracycline_Lag9 was successfully fit at 2022-05-05 20:28:49"
[1] "The model for variable Lincomycin_Lag9 was initiated at 2022-05-05 20:28:49"
[1] "The model for variable Lincomycin_Lag9 was successfully fit at 2022-05-05 20:29:32"
[1] "The model for variable OtherTreatments_Lag9 was initiated at 2022-05-05 20:29:32"
[1] "The model for variable OtherTreatments_Lag9 was successfully fit at 2022-05-05 20:30:18"
[1] "The model for variable TotalTreatments_Lag9 was initiated at 2022-05-05 20:30:18"
[1] "The model for variable TotalTreatments_Lag9 was successfully fit at 2022-05-05 20:31:05"
[1] "The model for variable TreatmentProportion_Lag9 was initiated at 2022-05-05 20:31:05"
[1] "The model for variable TreatmentProportion_Lag9 was successfully fit at 2022-05-05 20:31:54"
[1] "The model for variable WaterMedications_Lag9 was initiated at 2022-05-05 20:31:54"
[1] "The model for variable WaterMedications_Lag9 was successfully fit at 2022-05-05 20:32:37"
[1] "The model for variable PrimaryRespiratory_Lag9 was initiated at 2022-05-05 20:32:37"
[1] "The model for variable PrimaryRespiratory_Lag9 was successfully fit at 2022-05-05 20:33:25"
[1] "The model for variable SecondaryRespiratory_Lag9 was initiated at 2022-05-05 20:33:25"
[1] "The model for variable SecondaryRespiratory_Lag9 was successfully fit at 2022-05-05 20:34:08"
[1] "The model for variable ReHS_Lag9 was initiated at 2022-05-05 20:34:08"
[1] "The model for variable ReHS_Lag9 was successfully fit at 2022-05-05 20:34:51"
[1] "The model for variable WaterIntakeHdRMS_Lag9 was initiated at 2022-05-05 20:34:51"
[1] "The model for variable WaterIntakeHdRMS_Lag9 was successfully fit at 2022-05-05 20:35:29"
[1] "The model for variable WaterIntakeHdVC_Lag9 was initiated at 2022-05-05 20:35:29"
[1] "The model for variable WaterIntakeHdVC_Lag9 was successfully fit at 2022-05-05 20:36:00"
[1] "The model for variable TempReHS_Lag9 was initiated at 2022-05-05 20:36:00"
[1] "The model for variable TempReHS_Lag9 was successfully fit at 2022-05-05 20:36:46"
[1] "The model for variable LowTempRMS_Lag9 was initiated at 2022-05-05 20:36:46"
[1] "The model for variable LowTempRMS_Lag9 was successfully fit at 2022-05-05 20:37:37"
[1] "The model for variable HiTempRMS_Lag9 was initiated at 2022-05-05 20:37:37"
[1] "The model for variable HiTempRMS_Lag9 was successfully fit at 2022-05-05 20:38:29"
[1] "The model for variable TempRangeRMS_Lag9 was initiated at 2022-05-05 20:38:29"
[1] "The model for variable TempRangeRMS_Lag9 was successfully fit at 2022-05-05 20:39:11"
[1] "The model for variable SetPointRMS_Lag9 was initiated at 2022-05-05 20:39:11"
[1] "The model for variable SetPointRMS_Lag9 was successfully fit at 2022-05-05 20:40:00"
[1] "The model for variable LowTempVC_Lag9 was initiated at 2022-05-05 20:40:00"
[1] "The model for variable LowTempVC_Lag9 was successfully fit at 2022-05-05 20:40:42"
[1] "The model for variable AvgTempVC_Lag9 was initiated at 2022-05-05 20:40:42"
[1] "The model for variable AvgTempVC_Lag9 was successfully fit at 2022-05-05 20:41:25"
[1] "The model for variable HiTempVC_Lag9 was initiated at 2022-05-05 20:41:25"
[1] "The model for variable HiTempVC_Lag9 was successfully fit at 2022-05-05 20:42:05"
[1] "The model for variable TempRangeVC_Lag9 was initiated at 2022-05-05 20:42:05"
[1] "The model for variable TempRangeVC_Lag9 was successfully fit at 2022-05-05 20:42:44"
[1] "The model for variable SetPointVC_Lag9 was initiated at 2022-05-05 20:42:44"
[1] "The model for variable SetPointVC_Lag9 was successfully fit at 2022-05-05 20:43:13"
[1] "The model for variable Euth_Lag10 was initiated at 2022-05-05 20:43:13"
[1] "The model for variable Euth_Lag10 was successfully fit at 2022-05-05 20:44:01"
[1] "The model for variable Dead_Lag10 was initiated at 2022-05-05 20:44:01"
[1] "The model for variable Dead_Lag10 was successfully fit at 2022-05-05 20:44:47"
[1] "The model for variable TotalMortality_Lag10 was initiated at 2022-05-05 20:44:47"
[1] "The model for variable TotalMortality_Lag10 was successfully fit at 2022-05-05 20:45:34"
[1] "The model for variable MortalityProportion_Lag10 was initiated at 2022-05-05 20:45:34"
[1] "The model for variable MortalityProportion_Lag10 was successfully fit at 2022-05-05 20:46:39"
[1] "The model for variable Penicillin_Lag10 was initiated at 2022-05-05 20:46:39"
[1] "The model for variable Penicillin_Lag10 was successfully fit at 2022-05-05 20:47:27"
[1] "The model for variable Dexamethasone_Lag10 was initiated at 2022-05-05 20:47:27"
[1] "The model for variable Dexamethasone_Lag10 was successfully fit at 2022-05-05 20:48:16"
[1] "The model for variable Ceftiofur_Lag10 was initiated at 2022-05-05 20:48:16"
[1] "The model for variable Ceftiofur_Lag10 was successfully fit at 2022-05-05 20:49:04"
[1] "The model for variable Enroflaxin_Lag10 was initiated at 2022-05-05 20:49:04"
[1] "The model for variable Enroflaxin_Lag10 was successfully fit at 2022-05-05 20:49:47"
[1] "The model for variable Tetracycline_Lag10 was initiated at 2022-05-05 20:49:47"
[1] "The model for variable Tetracycline_Lag10 was successfully fit at 2022-05-05 20:50:32"
[1] "The model for variable Lincomycin_Lag10 was initiated at 2022-05-05 20:50:32"
[1] "The model for variable Lincomycin_Lag10 was successfully fit at 2022-05-05 20:51:19"
[1] "The model for variable OtherTreatments_Lag10 was initiated at 2022-05-05 20:51:19"
[1] "The model for variable OtherTreatments_Lag10 was successfully fit at 2022-05-05 20:52:05"
[1] "The model for variable TotalTreatments_Lag10 was initiated at 2022-05-05 20:52:05"
[1] "The model for variable TotalTreatments_Lag10 was successfully fit at 2022-05-05 20:52:52"
[1] "The model for variable TreatmentProportion_Lag10 was initiated at 2022-05-05 20:52:52"
[1] "The model for variable TreatmentProportion_Lag10 was successfully fit at 2022-05-05 20:53:41"
[1] "The model for variable WaterMedications_Lag10 was initiated at 2022-05-05 20:53:41"
[1] "The model for variable WaterMedications_Lag10 was successfully fit at 2022-05-05 20:54:27"
[1] "The model for variable PrimaryRespiratory_Lag10 was initiated at 2022-05-05 20:54:27"
[1] "The model for variable PrimaryRespiratory_Lag10 was successfully fit at 2022-05-05 20:55:14"
[1] "The model for variable SecondaryRespiratory_Lag10 was initiated at 2022-05-05 20:55:14"
[1] "The model for variable SecondaryRespiratory_Lag10 was successfully fit at 2022-05-05 20:56:01"
[1] "The model for variable ReHS_Lag10 was initiated at 2022-05-05 20:56:01"
[1] "The model for variable ReHS_Lag10 was successfully fit at 2022-05-05 20:56:46"
[1] "The model for variable WaterIntakeHdRMS_Lag10 was initiated at 2022-05-05 20:56:46"
[1] "The model for variable WaterIntakeHdRMS_Lag10 was successfully fit at 2022-05-05 20:57:19"
[1] "The model for variable WaterIntakeHdVC_Lag10 was initiated at 2022-05-05 20:57:20"
[1] "The model for variable WaterIntakeHdVC_Lag10 was successfully fit at 2022-05-05 20:57:59"
[1] "The model for variable TempReHS_Lag10 was initiated at 2022-05-05 20:57:59"
[1] "The model for variable TempReHS_Lag10 was successfully fit at 2022-05-05 20:58:45"
[1] "The model for variable LowTempRMS_Lag10 was initiated at 2022-05-05 20:58:45"
[1] "The model for variable LowTempRMS_Lag10 was successfully fit at 2022-05-05 20:59:36"
[1] "The model for variable HiTempRMS_Lag10 was initiated at 2022-05-05 20:59:36"
[1] "The model for variable HiTempRMS_Lag10 was successfully fit at 2022-05-05 21:00:24"
[1] "The model for variable TempRangeRMS_Lag10 was initiated at 2022-05-05 21:00:24"
[1] "The model for variable TempRangeRMS_Lag10 was successfully fit at 2022-05-05 21:01:11"
[1] "The model for variable SetPointRMS_Lag10 was initiated at 2022-05-05 21:01:11"
[1] "The model for variable SetPointRMS_Lag10 was successfully fit at 2022-05-05 21:02:00"
[1] "The model for variable LowTempVC_Lag10 was initiated at 2022-05-05 21:02:00"
[1] "The model for variable LowTempVC_Lag10 was successfully fit at 2022-05-05 21:02:40"
[1] "The model for variable AvgTempVC_Lag10 was initiated at 2022-05-05 21:02:41"
[1] "The model for variable AvgTempVC_Lag10 was successfully fit at 2022-05-05 21:03:21"
[1] "The model for variable HiTempVC_Lag10 was initiated at 2022-05-05 21:03:21"
[1] "The model for variable HiTempVC_Lag10 was successfully fit at 2022-05-05 21:04:06"
[1] "The model for variable TempRangeVC_Lag10 was initiated at 2022-05-05 21:04:06"
[1] "The model for variable TempRangeVC_Lag10 was successfully fit at 2022-05-05 21:04:41"
[1] "The model for variable SetPointVC_Lag10 was initiated at 2022-05-05 21:04:41"
[1] "The model for variable SetPointVC_Lag10 was successfully fit at 2022-05-05 21:05:08"
[1] "The model for variable Euth_Lag11 was initiated at 2022-05-05 21:05:08"
[1] "The model for variable Euth_Lag11 was successfully fit at 2022-05-05 21:05:51"
[1] "The model for variable Dead_Lag11 was initiated at 2022-05-05 21:05:51"
[1] "The model for variable Dead_Lag11 was successfully fit at 2022-05-05 21:06:33"
[1] "The model for variable TotalMortality_Lag11 was initiated at 2022-05-05 21:06:33"
[1] "The model for variable TotalMortality_Lag11 was successfully fit at 2022-05-05 21:07:14"
[1] "The model for variable MortalityProportion_Lag11 was initiated at 2022-05-05 21:07:14"
[1] "The model for variable MortalityProportion_Lag11 was successfully fit at 2022-05-05 21:08:21"
[1] "The model for variable Penicillin_Lag11 was initiated at 2022-05-05 21:08:21"
[1] "The model for variable Penicillin_Lag11 was successfully fit at 2022-05-05 21:09:04"
[1] "The model for variable Dexamethasone_Lag11 was initiated at 2022-05-05 21:09:04"
[1] "The model for variable Dexamethasone_Lag11 was successfully fit at 2022-05-05 21:09:48"
[1] "The model for variable Ceftiofur_Lag11 was initiated at 2022-05-05 21:09:48"
[1] "The model for variable Ceftiofur_Lag11 was successfully fit at 2022-05-05 21:10:35"
[1] "The model for variable Enroflaxin_Lag11 was initiated at 2022-05-05 21:10:35"
[1] "The model for variable Enroflaxin_Lag11 was successfully fit at 2022-05-05 21:11:17"
[1] "The model for variable Tetracycline_Lag11 was initiated at 2022-05-05 21:11:17"
[1] "The model for variable Tetracycline_Lag11 was successfully fit at 2022-05-05 21:12:01"
[1] "The model for variable Lincomycin_Lag11 was initiated at 2022-05-05 21:12:01"
[1] "The model for variable Lincomycin_Lag11 was successfully fit at 2022-05-05 21:12:46"
[1] "The model for variable OtherTreatments_Lag11 was initiated at 2022-05-05 21:12:46"
[1] "The model for variable OtherTreatments_Lag11 was successfully fit at 2022-05-05 21:13:31"
[1] "The model for variable TotalTreatments_Lag11 was initiated at 2022-05-05 21:13:31"
[1] "The model for variable TotalTreatments_Lag11 was successfully fit at 2022-05-05 21:14:15"
[1] "The model for variable TreatmentProportion_Lag11 was initiated at 2022-05-05 21:14:15"
[1] "The model for variable TreatmentProportion_Lag11 was successfully fit at 2022-05-05 21:15:04"
[1] "The model for variable WaterMedications_Lag11 was initiated at 2022-05-05 21:15:04"
[1] "The model for variable WaterMedications_Lag11 was successfully fit at 2022-05-05 21:15:50"
[1] "The model for variable PrimaryRespiratory_Lag11 was initiated at 2022-05-05 21:15:50"
[1] "The model for variable PrimaryRespiratory_Lag11 was successfully fit at 2022-05-05 21:16:35"
[1] "The model for variable SecondaryRespiratory_Lag11 was initiated at 2022-05-05 21:16:35"
[1] "The model for variable SecondaryRespiratory_Lag11 was successfully fit at 2022-05-05 21:17:20"
[1] "The model for variable ReHS_Lag11 was initiated at 2022-05-05 21:17:20"
[1] "The model for variable ReHS_Lag11 was successfully fit at 2022-05-05 21:18:10"
[1] "The model for variable WaterIntakeHdRMS_Lag11 was initiated at 2022-05-05 21:18:10"
[1] "The model for variable WaterIntakeHdRMS_Lag11 was successfully fit at 2022-05-05 21:18:44"
[1] "The model for variable WaterIntakeHdVC_Lag11 was initiated at 2022-05-05 21:18:44"
[1] "The model for variable WaterIntakeHdVC_Lag11 was successfully fit at 2022-05-05 21:19:12"
[1] "The model for variable TempReHS_Lag11 was initiated at 2022-05-05 21:19:12"
[1] "The model for variable TempReHS_Lag11 was successfully fit at 2022-05-05 21:20:09"
[1] "The model for variable LowTempRMS_Lag11 was initiated at 2022-05-05 21:20:09"
[1] "The model for variable LowTempRMS_Lag11 was successfully fit at 2022-05-05 21:20:55"
[1] "The model for variable HiTempRMS_Lag11 was initiated at 2022-05-05 21:20:55"
[1] "The model for variable HiTempRMS_Lag11 was successfully fit at 2022-05-05 21:21:44"
[1] "The model for variable TempRangeRMS_Lag11 was initiated at 2022-05-05 21:21:44"
[1] "The model for variable TempRangeRMS_Lag11 was successfully fit at 2022-05-05 21:22:27"
[1] "The model for variable SetPointRMS_Lag11 was initiated at 2022-05-05 21:22:27"
[1] "The model for variable SetPointRMS_Lag11 was successfully fit at 2022-05-05 21:23:15"
[1] "The model for variable LowTempVC_Lag11 was initiated at 2022-05-05 21:23:15"
[1] "The model for variable LowTempVC_Lag11 was successfully fit at 2022-05-05 21:23:56"
[1] "The model for variable AvgTempVC_Lag11 was initiated at 2022-05-05 21:23:56"
[1] "The model for variable AvgTempVC_Lag11 was successfully fit at 2022-05-05 21:24:35"
[1] "The model for variable HiTempVC_Lag11 was initiated at 2022-05-05 21:24:36"
[1] "The model for variable HiTempVC_Lag11 was successfully fit at 2022-05-05 21:25:15"
[1] "The model for variable TempRangeVC_Lag11 was initiated at 2022-05-05 21:25:15"
[1] "The model for variable TempRangeVC_Lag11 was successfully fit at 2022-05-05 21:25:50"
[1] "The model for variable SetPointVC_Lag11 was initiated at 2022-05-05 21:25:50"
[1] "The model for variable SetPointVC_Lag11 was successfully fit at 2022-05-05 21:26:18"
[1] "The model for variable Euth_Lag12 was initiated at 2022-05-05 21:26:18"
[1] "The model for variable Euth_Lag12 was successfully fit at 2022-05-05 21:27:02"
[1] "The model for variable Dead_Lag12 was initiated at 2022-05-05 21:27:02"
[1] "The model for variable Dead_Lag12 was successfully fit at 2022-05-05 21:27:49"
[1] "The model for variable TotalMortality_Lag12 was initiated at 2022-05-05 21:27:49"
[1] "The model for variable TotalMortality_Lag12 was successfully fit at 2022-05-05 21:28:32"
[1] "The model for variable MortalityProportion_Lag12 was initiated at 2022-05-05 21:28:32"
[1] "The model for variable MortalityProportion_Lag12 was successfully fit at 2022-05-05 21:29:28"
[1] "The model for variable Penicillin_Lag12 was initiated at 2022-05-05 21:29:28"
[1] "The model for variable Penicillin_Lag12 was successfully fit at 2022-05-05 21:30:11"
[1] "The model for variable Dexamethasone_Lag12 was initiated at 2022-05-05 21:30:11"
[1] "The model for variable Dexamethasone_Lag12 was successfully fit at 2022-05-05 21:30:56"
[1] "The model for variable Ceftiofur_Lag12 was initiated at 2022-05-05 21:30:56"
[1] "The model for variable Ceftiofur_Lag12 was successfully fit at 2022-05-05 21:31:41"
[1] "The model for variable Enroflaxin_Lag12 was initiated at 2022-05-05 21:31:41"
[1] "The model for variable Enroflaxin_Lag12 was successfully fit at 2022-05-05 21:32:24"
[1] "The model for variable Tetracycline_Lag12 was initiated at 2022-05-05 21:32:24"
[1] "The model for variable Tetracycline_Lag12 was successfully fit at 2022-05-05 21:33:09"
[1] "The model for variable Lincomycin_Lag12 was initiated at 2022-05-05 21:33:09"
[1] "The model for variable Lincomycin_Lag12 was successfully fit at 2022-05-05 21:33:53"
[1] "The model for variable OtherTreatments_Lag12 was initiated at 2022-05-05 21:33:53"
[1] "The model for variable OtherTreatments_Lag12 was successfully fit at 2022-05-05 21:34:36"
[1] "The model for variable TotalTreatments_Lag12 was initiated at 2022-05-05 21:34:36"
[1] "The model for variable TotalTreatments_Lag12 was successfully fit at 2022-05-05 21:35:20"
[1] "The model for variable TreatmentProportion_Lag12 was initiated at 2022-05-05 21:35:20"
[1] "The model for variable TreatmentProportion_Lag12 was successfully fit at 2022-05-05 21:36:05"
[1] "The model for variable WaterMedications_Lag12 was initiated at 2022-05-05 21:36:05"
[1] "The model for variable WaterMedications_Lag12 was successfully fit at 2022-05-05 21:36:45"
[1] "The model for variable PrimaryRespiratory_Lag12 was initiated at 2022-05-05 21:36:45"
[1] "The model for variable PrimaryRespiratory_Lag12 was successfully fit at 2022-05-05 21:37:29"
[1] "The model for variable SecondaryRespiratory_Lag12 was initiated at 2022-05-05 21:37:29"
[1] "The model for variable SecondaryRespiratory_Lag12 was successfully fit at 2022-05-05 21:38:12"
[1] "The model for variable ReHS_Lag12 was initiated at 2022-05-05 21:38:12"
[1] "The model for variable ReHS_Lag12 was successfully fit at 2022-05-05 21:39:05"
[1] "The model for variable WaterIntakeHdRMS_Lag12 was initiated at 2022-05-05 21:39:05"
[1] "The model for variable WaterIntakeHdRMS_Lag12 was successfully fit at 2022-05-05 21:39:38"
[1] "The model for variable WaterIntakeHdVC_Lag12 was initiated at 2022-05-05 21:39:38"
[1] "The model for variable WaterIntakeHdVC_Lag12 was successfully fit at 2022-05-05 21:40:16"
[1] "The model for variable TempReHS_Lag12 was initiated at 2022-05-05 21:40:16"
[1] "The model for variable TempReHS_Lag12 was successfully fit at 2022-05-05 21:41:17"
[1] "The model for variable LowTempRMS_Lag12 was initiated at 2022-05-05 21:41:17"
[1] "The model for variable LowTempRMS_Lag12 was successfully fit at 2022-05-05 21:42:04"
[1] "The model for variable HiTempRMS_Lag12 was initiated at 2022-05-05 21:42:04"
[1] "The model for variable HiTempRMS_Lag12 was successfully fit at 2022-05-05 21:42:54"
[1] "The model for variable TempRangeRMS_Lag12 was initiated at 2022-05-05 21:42:54"
[1] "The model for variable TempRangeRMS_Lag12 was successfully fit at 2022-05-05 21:43:36"
[1] "The model for variable SetPointRMS_Lag12 was initiated at 2022-05-05 21:43:36"
[1] "The model for variable SetPointRMS_Lag12 was successfully fit at 2022-05-05 21:44:26"
[1] "The model for variable LowTempVC_Lag12 was initiated at 2022-05-05 21:44:26"
[1] "The model for variable LowTempVC_Lag12 was successfully fit at 2022-05-05 21:45:05"
[1] "The model for variable AvgTempVC_Lag12 was initiated at 2022-05-05 21:45:05"
[1] "The model for variable AvgTempVC_Lag12 was successfully fit at 2022-05-05 21:45:44"
[1] "The model for variable HiTempVC_Lag12 was initiated at 2022-05-05 21:45:44"
[1] "The model for variable HiTempVC_Lag12 was successfully fit at 2022-05-05 21:46:24"
[1] "The model for variable TempRangeVC_Lag12 was initiated at 2022-05-05 21:46:24"
[1] "The model for variable TempRangeVC_Lag12 was successfully fit at 2022-05-05 21:47:01"
[1] "The model for variable SetPointVC_Lag12 was initiated at 2022-05-05 21:47:01"
[1] "The model for variable SetPointVC_Lag12 was successfully fit at 2022-05-05 21:47:29"
[1] "The model for variable Euth_Lag13 was initiated at 2022-05-05 21:47:29"
[1] "The model for variable Euth_Lag13 was successfully fit at 2022-05-05 21:48:11"
[1] "The model for variable Dead_Lag13 was initiated at 2022-05-05 21:48:11"
[1] "The model for variable Dead_Lag13 was successfully fit at 2022-05-05 21:48:56"
[1] "The model for variable TotalMortality_Lag13 was initiated at 2022-05-05 21:48:56"
[1] "The model for variable TotalMortality_Lag13 was successfully fit at 2022-05-05 21:49:41"
[1] "The model for variable MortalityProportion_Lag13 was initiated at 2022-05-05 21:49:41"
[1] "The model for variable MortalityProportion_Lag13 was successfully fit at 2022-05-05 21:50:42"
[1] "The model for variable Penicillin_Lag13 was initiated at 2022-05-05 21:50:42"
[1] "The model for variable Penicillin_Lag13 was successfully fit at 2022-05-05 21:51:27"
[1] "The model for variable Dexamethasone_Lag13 was initiated at 2022-05-05 21:51:27"
[1] "The model for variable Dexamethasone_Lag13 was successfully fit at 2022-05-05 21:52:07"
[1] "The model for variable Ceftiofur_Lag13 was initiated at 2022-05-05 21:52:07"
[1] "The model for variable Ceftiofur_Lag13 was successfully fit at 2022-05-05 21:52:56"
[1] "The model for variable Enroflaxin_Lag13 was initiated at 2022-05-05 21:52:56"
[1] "The model for variable Enroflaxin_Lag13 was successfully fit at 2022-05-05 21:53:41"
[1] "The model for variable Tetracycline_Lag13 was initiated at 2022-05-05 21:53:41"
[1] "The model for variable Tetracycline_Lag13 was successfully fit at 2022-05-05 21:54:27"
[1] "The model for variable Lincomycin_Lag13 was initiated at 2022-05-05 21:54:27"
[1] "The model for variable Lincomycin_Lag13 was successfully fit at 2022-05-05 21:55:10"
[1] "The model for variable OtherTreatments_Lag13 was initiated at 2022-05-05 21:55:10"
[1] "The model for variable OtherTreatments_Lag13 was successfully fit at 2022-05-05 21:55:53"
[1] "The model for variable TotalTreatments_Lag13 was initiated at 2022-05-05 21:55:53"
[1] "The model for variable TotalTreatments_Lag13 was successfully fit at 2022-05-05 21:56:38"
[1] "The model for variable TreatmentProportion_Lag13 was initiated at 2022-05-05 21:56:38"
[1] "The model for variable TreatmentProportion_Lag13 was successfully fit at 2022-05-05 21:57:28"
[1] "The model for variable WaterMedications_Lag13 was initiated at 2022-05-05 21:57:28"
[1] "The model for variable WaterMedications_Lag13 was successfully fit at 2022-05-05 21:58:15"
[1] "The model for variable PrimaryRespiratory_Lag13 was initiated at 2022-05-05 21:58:15"
[1] "The model for variable PrimaryRespiratory_Lag13 was successfully fit at 2022-05-05 21:58:58"
[1] "The model for variable SecondaryRespiratory_Lag13 was initiated at 2022-05-05 21:58:58"
[1] "The model for variable SecondaryRespiratory_Lag13 was successfully fit at 2022-05-05 21:59:41"
[1] "The model for variable ReHS_Lag13 was initiated at 2022-05-05 21:59:41"
[1] "The model for variable ReHS_Lag13 was successfully fit at 2022-05-05 22:00:28"
[1] "The model for variable WaterIntakeHdRMS_Lag13 was initiated at 2022-05-05 22:00:28"
[1] "The model for variable WaterIntakeHdRMS_Lag13 was successfully fit at 2022-05-05 22:01:04"
[1] "The model for variable WaterIntakeHdVC_Lag13 was initiated at 2022-05-05 22:01:04"
[1] "The model for variable WaterIntakeHdVC_Lag13 was successfully fit at 2022-05-05 22:01:42"
[1] "The model for variable TempReHS_Lag13 was initiated at 2022-05-05 22:01:42"
[1] "The model for variable TempReHS_Lag13 was successfully fit at 2022-05-05 22:02:29"
[1] "The model for variable LowTempRMS_Lag13 was initiated at 2022-05-05 22:02:29"
[1] "The model for variable LowTempRMS_Lag13 was successfully fit at 2022-05-05 22:03:21"
[1] "The model for variable HiTempRMS_Lag13 was initiated at 2022-05-05 22:03:21"
[1] "The model for variable HiTempRMS_Lag13 was successfully fit at 2022-05-05 22:04:06"
[1] "The model for variable TempRangeRMS_Lag13 was initiated at 2022-05-05 22:04:06"
[1] "The model for variable TempRangeRMS_Lag13 was successfully fit at 2022-05-05 22:04:48"
[1] "The model for variable SetPointRMS_Lag13 was initiated at 2022-05-05 22:04:48"
[1] "The model for variable SetPointRMS_Lag13 was successfully fit at 2022-05-05 22:05:38"
[1] "The model for variable LowTempVC_Lag13 was initiated at 2022-05-05 22:05:38"
[1] "The model for variable LowTempVC_Lag13 was successfully fit at 2022-05-05 22:06:17"
[1] "The model for variable AvgTempVC_Lag13 was initiated at 2022-05-05 22:06:17"
[1] "The model for variable AvgTempVC_Lag13 was successfully fit at 2022-05-05 22:06:56"
[1] "The model for variable HiTempVC_Lag13 was initiated at 2022-05-05 22:06:56"
[1] "The model for variable HiTempVC_Lag13 was successfully fit at 2022-05-05 22:07:31"
[1] "The model for variable TempRangeVC_Lag13 was initiated at 2022-05-05 22:07:31"
[1] "The model for variable TempRangeVC_Lag13 was successfully fit at 2022-05-05 22:08:06"
[1] "The model for variable SetPointVC_Lag13 was initiated at 2022-05-05 22:08:06"
[1] "The model for variable SetPointVC_Lag13 was successfully fit at 2022-05-05 22:08:35"
[1] "The model for variable Euth_Lag14 was initiated at 2022-05-05 22:08:35"
[1] "The model for variable Euth_Lag14 was successfully fit at 2022-05-05 22:09:13"
[1] "The model for variable Dead_Lag14 was initiated at 2022-05-05 22:09:13"
[1] "The model for variable Dead_Lag14 was successfully fit at 2022-05-05 22:09:53"
[1] "The model for variable TotalMortality_Lag14 was initiated at 2022-05-05 22:09:53"
[1] "The model for variable TotalMortality_Lag14 was successfully fit at 2022-05-05 22:10:35"
[1] "The model for variable MortalityProportion_Lag14 was initiated at 2022-05-05 22:10:35"
[1] "The model for variable MortalityProportion_Lag14 was successfully fit at 2022-05-05 22:11:34"
[1] "The model for variable Penicillin_Lag14 was initiated at 2022-05-05 22:11:34"
[1] "The model for variable Penicillin_Lag14 was successfully fit at 2022-05-05 22:12:20"
[1] "The model for variable Dexamethasone_Lag14 was initiated at 2022-05-05 22:12:20"
[1] "The model for variable Dexamethasone_Lag14 was successfully fit at 2022-05-05 22:13:05"
[1] "The model for variable Ceftiofur_Lag14 was initiated at 2022-05-05 22:13:05"
[1] "The model for variable Ceftiofur_Lag14 was successfully fit at 2022-05-05 22:13:49"
[1] "The model for variable Enroflaxin_Lag14 was initiated at 2022-05-05 22:13:49"
[1] "The model for variable Enroflaxin_Lag14 was successfully fit at 2022-05-05 22:14:33"
[1] "The model for variable Tetracycline_Lag14 was initiated at 2022-05-05 22:14:33"
[1] "The model for variable Tetracycline_Lag14 was successfully fit at 2022-05-05 22:15:12"
[1] "The model for variable Lincomycin_Lag14 was initiated at 2022-05-05 22:15:12"
[1] "The model for variable Lincomycin_Lag14 was successfully fit at 2022-05-05 22:15:52"
[1] "The model for variable OtherTreatments_Lag14 was initiated at 2022-05-05 22:15:52"
[1] "The model for variable OtherTreatments_Lag14 was successfully fit at 2022-05-05 22:16:34"
[1] "The model for variable TotalTreatments_Lag14 was initiated at 2022-05-05 22:16:34"
[1] "The model for variable TotalTreatments_Lag14 was successfully fit at 2022-05-05 22:17:19"
[1] "The model for variable TreatmentProportion_Lag14 was initiated at 2022-05-05 22:17:19"
[1] "The model for variable TreatmentProportion_Lag14 was successfully fit at 2022-05-05 22:18:09"
[1] "The model for variable WaterMedications_Lag14 was initiated at 2022-05-05 22:18:09"
[1] "The model for variable WaterMedications_Lag14 was successfully fit at 2022-05-05 22:18:51"
[1] "The model for variable PrimaryRespiratory_Lag14 was initiated at 2022-05-05 22:18:51"
[1] "The model for variable PrimaryRespiratory_Lag14 was successfully fit at 2022-05-05 22:19:35"
[1] "The model for variable SecondaryRespiratory_Lag14 was initiated at 2022-05-05 22:19:35"
[1] "The model for variable SecondaryRespiratory_Lag14 was successfully fit at 2022-05-05 22:20:18"
[1] "The model for variable ReHS_Lag14 was initiated at 2022-05-05 22:20:18"
[1] "The model for variable ReHS_Lag14 was successfully fit at 2022-05-05 22:21:01"
[1] "The model for variable WaterIntakeHdRMS_Lag14 was initiated at 2022-05-05 22:21:01"
[1] "The model for variable WaterIntakeHdRMS_Lag14 was successfully fit at 2022-05-05 22:21:35"
[1] "The model for variable WaterIntakeHdVC_Lag14 was initiated at 2022-05-05 22:21:35"
[1] "The model for variable WaterIntakeHdVC_Lag14 was successfully fit at 2022-05-05 22:22:06"
[1] "The model for variable TempReHS_Lag14 was initiated at 2022-05-05 22:22:06"
[1] "The model for variable TempReHS_Lag14 was successfully fit at 2022-05-05 22:22:55"
[1] "The model for variable LowTempRMS_Lag14 was initiated at 2022-05-05 22:22:55"
[1] "The model for variable LowTempRMS_Lag14 was successfully fit at 2022-05-05 22:23:42"
[1] "The model for variable HiTempRMS_Lag14 was initiated at 2022-05-05 22:23:42"
[1] "The model for variable HiTempRMS_Lag14 was successfully fit at 2022-05-05 22:24:28"
[1] "The model for variable TempRangeRMS_Lag14 was initiated at 2022-05-05 22:24:28"
[1] "The model for variable TempRangeRMS_Lag14 was successfully fit at 2022-05-05 22:25:12"
[1] "The model for variable SetPointRMS_Lag14 was initiated at 2022-05-05 22:25:12"
[1] "The model for variable SetPointRMS_Lag14 was successfully fit at 2022-05-05 22:26:02"
[1] "The model for variable LowTempVC_Lag14 was initiated at 2022-05-05 22:26:02"
[1] "The model for variable LowTempVC_Lag14 was successfully fit at 2022-05-05 22:26:41"
[1] "The model for variable AvgTempVC_Lag14 was initiated at 2022-05-05 22:26:41"
[1] "The model for variable AvgTempVC_Lag14 was successfully fit at 2022-05-05 22:27:21"
[1] "The model for variable HiTempVC_Lag14 was initiated at 2022-05-05 22:27:21"
[1] "The model for variable HiTempVC_Lag14 was successfully fit at 2022-05-05 22:28:01"
[1] "The model for variable TempRangeVC_Lag14 was initiated at 2022-05-05 22:28:01"
[1] "The model for variable TempRangeVC_Lag14 was successfully fit at 2022-05-05 22:28:34"
[1] "The model for variable SetPointVC_Lag14 was initiated at 2022-05-05 22:28:34"
[1] "The model for variable SetPointVC_Lag14 was successfully fit at 2022-05-05 22:29:01"
There were 50 or more warnings (use warnings() to see the first 50)
Warning messages:
1: In write.csv(df_out, file = "/group/deckerlab/cjgwx7/sensor-data/results/single-variable/TotalMortality-SingleVariable.csv",  :
  attempt to set 'col.names' ignored
2: In write.csv(df_out, file = "/group/deckerlab/cjgwx7/sensor-data/results/single-variable/TotalMortality-SingleVariable.csv",  :
  attempt to set 'sep' ignored
