[1] "The current script was initialized on Wednesday, January 11, 2023 at 06:15 PM"

########################################
        BEGIN: ENVIRONMENT SETUP
########################################

Loading package: data.table
Loading package: dplyr

Attaching package: ‘dplyr’

The following objects are masked from ‘package:data.table’:

    between, first, last

The following objects are masked from ‘package:stats’:

    filter, lag

The following objects are masked from ‘package:base’:

    intersect, setdiff, setequal, union

Loading package: lubridate

Attaching package: ‘lubridate’

The following objects are masked from ‘package:data.table’:

    hour, isoweek, mday, minute, month, quarter, second, wday, week,
    yday, year

The following objects are masked from ‘package:base’:

    date, intersect, setdiff, union

Loading package: readr
Loading package: stringr
Loading package: tibble
Loading package: tidyr

########################################
         END: ENVIRONMENT SETUP
########################################

########################################
         BEGIN: READ IN DATA
########################################

Printing column name and type specifications...
# A tibble: 27 × 3
   OriginalName                                  NewName            VariableType
   <chr>                                         <chr>              <chr>       
 1 Site                                          Site               c           
 2 Room                                          Room               c           
 3 Date                                          Date               c           
 4 Age_days                                      Days               i           
 5 Inventory                                     Inventory          i           
 6 Euth                                          Euth               i           
 7 Dead                                          Dead               i           
 8 RMS_HiTemp                                    HiTempRMS          d           
 9 RMS_LowTemp                                   LowTempRMS         d           
10 RMS_SetPoint                                  SetPointRMS        d           
11 RMS_Water                                     WaterDispRMS       d           
12 VC_AveTemp                                    AvgTempVC          d           
13 VC_HiTemp                                     HiTempVC           d           
14 VC_LowTemp                                    LowTempVC          d           
15 VC_SetTemp                                    SetPointVC         d           
16 VC_Water                                      WaterDispVC        d           
17 Trt_Pen                                       Penicillin         i           
18 Trt_Dex                                       Dexamethasone      i           
19 Trt_Ceftiofur_(Excede,Excenel,etc.)           Ceftiofur          i           
20 Trt_Enroflaxin_(Baytril,Enrofloxin,Quelaxcin) Enroflaxin         i           
21 Trt_Tetracycline_(Biomycin,OTC,LA200)         Tetracycline       i           
22 Trt_Linco                                     Lincomycin         i           
23 Trt_Other                                     OtherTreatments    i           
24 Trt_Total                                     TotalTreatments    i           
25 Water_Med_YesNo                               WaterMedications   i           
26 Water_Med_Type                                WaterMedicationTy… c           
27 Comments                                      Comments           c           

Searching for column name specification errors...
There are no variable name errors in the input file...

Searching for variable type errors...
Variable type error(s) in input file. Check 'production-type-errors' log file and fix mistake...

Reading in clean data file...
Printing raw dataset structure...
Rows: 6,175
Columns: 27
$ Site                <chr> "4NL2", "4NL2", "4NL2", "4NL2", "4NL2", "4NL2", "4…
$ Room                <chr> "1South", "1South", "1South", "1South", "1South", …
$ Date                <chr> "8-Jan-21", "9-Jan-21", "10-Jan-21", "11-Jan-21", …
$ Days                <int> 1, 2, 3, 4, 5, 6, 7, 8, 9, 10, 11, 12, 13, 14, 15,…
$ Inventory           <int> 908, 908, 908, 2860, 2860, 2860, 2859, 2858, 2858,…
$ Euth                <int> 0, 0, 0, 0, 0, 0, 0, 1, 0, 0, 0, 0, 0, 0, 0, 1, 0,…
$ Dead                <int> 0, 0, 0, 0, 0, 0, 1, 0, 0, 0, 0, 0, 1, 0, 1, 0, 1,…
$ HiTempRMS           <dbl> NA, 87.4, 84.2, 84.0, 83.9, 83.6, 83.6, 83.3, 83.1…
$ LowTempRMS          <dbl> NA, 68.7, 80.6, 80.3, 80.6, 80.8, 80.9, 80.6, 80.4…
$ SetPointRMS         <dbl> NA, 79.9, 83.5, 83.5, 83.5, 83.5, 83.5, 83.3, 83.2…
$ WaterDispRMS        <dbl> NA, 36, 116, 123, 246, 495, 502, 540, 559, 609, 67…
$ AvgTempVC           <dbl> NA, NA, NA, NA, NA, NA, NA, NA, NA, NA, NA, NA, NA…
$ HiTempVC            <dbl> NA, 84.2, 84.0, 83.9, 83.6, 83.6, 83.3, 83.1, 83.2…
$ LowTempVC           <dbl> NA, 80.6, 80.3, 80.6, 80.8, 80.9, 80.6, 80.4, 80.2…
$ SetPointVC          <dbl> NA, 83.5, 83.5, 83.5, 83.5, 83.5, 83.3, 83.2, 83.1…
$ WaterDispVC         <dbl> NA, 107, 125, 189, 478, 517, 527, 578, 608, 674, 7…
$ Penicillin          <int> NA, 2, 1, 1, 4, 6, 7, 4, 6, 8, 4, 0, 0, 0, 0, 0, 0…
$ Dexamethasone       <int> NA, 2, 1, 1, 4, 6, 7, 4, 6, 8, 4, 48, 76, 91, 74, …
$ Ceftiofur           <int> NA, 0, 0, 0, 0, 0, 0, 0, 0, 0, 0, 48, 76, 91, 74, …
$ Enroflaxin          <int> NA, 18, 20, 18, 46, 47, 55, 39, 37, 45, 49, 35, 19…
$ Tetracycline        <int> NA, 0, 0, 0, 0, 0, 0, 0, 0, 0, 0, 0, 0, 0, 0, 0, 0…
$ Lincomycin          <int> NA, 0, 0, 0, 0, 0, 0, 0, 0, 0, 0, 0, 0, 0, 0, 0, 0…
$ OtherTreatments     <int> NA, 0, 0, 0, 0, 0, 0, 0, 0, 0, 0, 0, 0, 0, 0, 0, 0…
$ TotalTreatments     <int> NA, 22, 22, 20, 54, 59, 69, 47, 49, 61, 57, 131, 1…
$ WaterMedications    <int> NA, 1, 1, 1, 1, 1, 1, 1, 0, 0, 0, 0, 1, 1, 1, 1, 1…
$ WaterMedicationType <chr> "", "Neomycin", "Neomycin", "Neomycin", "Neomycin"…
$ Comments            <chr> "", "", "", "", "", "", "", "", "", "", "", "", ""…

########################################
         END: READ IN DATA
########################################

########################################
     BEGIN: VARIABLE CONFIGURATION
########################################

Configuring Date variables...
There are no date errors in the input file.
Error: One or more errors during file input or type parsing. Check log files before proceeding.
Execution halted
