[1] "The current script was initialized on Thursday, January 12, 2023 at 07:46 PM"

########################################
        BEGIN: ENVIRONMENT SETUP
########################################

Loading package: data.table
Loading package: dplyr

Attaching package: ‘dplyr’

The following objects are masked from ‘package:data.table’:

    between, first, last

The following objects are masked from ‘package:stats’:

    filter, lag

The following objects are masked from ‘package:base’:

    intersect, setdiff, setequal, union

Loading package: readr
Loading package: stringr
Loading package: tibble
Loading package: tidyr

########################################
         END: ENVIRONMENT SETUP
########################################

########################################
     BEGIN: DIRECTORY CONFIGURATION
########################################

Unzipping raw data files
[1] TRUE

########################################
      END: DIRECTORY CONFIGURATION
########################################

########################################
         BEGIN: READ IN DATA
########################################

Reading in device files for each site...
Binding site device files into a single file...
Printing raw data set structure...
Rows: 21,100
Columns: 6
$ Device       <chr> "Maschhoff_4NL2_RM1_E", "Maschhoff_4NL2_RM1_E", "Maschhof…
$ CalendarDate <chr> "2020-12-21", "2020-12-22", "2020-12-23", "2020-12-24", "…
$ Temp_ReHS    <dbl> NA, NA, NA, NA, NA, NA, NA, NA, NA, NA, NA, NA, NA, NA, N…
$ Color_ReHS   <chr> "blue", "blue", "blue", "blue", "blue", "blue", "blue", "…
$ ReHS         <dbl> NA, NA, NA, NA, NA, NA, NA, NA, NA, NA, NA, NA, NA, NA, N…
$ Site         <chr> "4NL2", "4NL2", "4NL2", "4NL2", "4NL2", "4NL2", "4NL2", "…

########################################
         END: READ IN DATA
########################################

########################################
       BEGIN: DATA PROCESSING
########################################

Processing data...
Printing overall summary statistics before QC...
   Temp_ReHS           ReHS        Color_ReHS  
 Min.   : 43.88   Min.   : 8.60   Green :4219  
 1st Qu.: 68.72   1st Qu.:86.50   Red   : 157  
 Median : 73.40   Median :94.80   Yellow: 195  
 Mean   : 73.57   Mean   :88.05   NA's  : 693  
 3rd Qu.: 78.80   3rd Qu.:97.50                
 Max.   :191.30   Max.   :99.00                
 NA's   :637      NA's   :693                  
Printing site summary statistics before QC...
cough_v2$Site: 4NL2
   Temp_ReHS           ReHS        Color_ReHS 
 Min.   : 53.00   Min.   :58.50   Green :867  
 1st Qu.: 71.60   1st Qu.:92.67   Red   :  0  
 Median : 74.90   Median :97.00   Yellow:  1  
 Mean   : 75.52   Mean   :94.63   NA's  : 66  
 3rd Qu.: 79.25   3rd Qu.:98.33               
 Max.   :191.30   Max.   :99.00               
 NA's   :58       NA's   :66                  
------------------------------------------------------------ 
cough_v2$Site: BIBL
   Temp_ReHS           ReHS        Color_ReHS 
 Min.   : 49.28   Min.   :34.80   Green :764  
 1st Qu.: 69.44   1st Qu.:96.00   Red   :  4  
 Median : 74.30   Median :97.33   Yellow: 13  
 Mean   : 74.22   Mean   :94.93   NA's  : 55  
 3rd Qu.: 80.06   3rd Qu.:98.00               
 Max.   :110.66   Max.   :99.00               
 NA's   :52       NA's   :55                  
------------------------------------------------------------ 
cough_v2$Site: CON2
   Temp_ReHS           ReHS        Color_ReHS 
 Min.   : 50.30   Min.   :17.33   Green :812  
 1st Qu.: 69.20   1st Qu.:79.00   Red   : 17  
 Median : 74.00   Median :91.00   Yellow: 46  
 Mean   : 74.25   Mean   :85.26   NA's  : 83  
 3rd Qu.: 79.70   3rd Qu.:95.50               
 Max.   :140.90   Max.   :99.00               
 NA's   :75       NA's   :83                  
------------------------------------------------------------ 
cough_v2$Site: G1TC
   Temp_ReHS           ReHS        Color_ReHS 
 Min.   : 43.88   Min.   :63.80   Green :871  
 1st Qu.: 70.70   1st Qu.:93.60   Red   :  0  
 Median : 73.85   Median :96.25   Yellow:  0  
 Mean   : 74.23   Mean   :94.69   NA's  : 63  
 3rd Qu.: 78.80   3rd Qu.:97.60               
 Max.   :122.67   Max.   :99.00               
 NA's   :45       NA's   :63                  
------------------------------------------------------------ 
cough_v2$Site: HOTC
   Temp_ReHS           ReHS        Color_ReHS 
 Min.   : 48.20   Min.   : 8.60   Green :487  
 1st Qu.: 66.88   1st Qu.:51.80   Red   :118  
 Median : 69.98   Median :80.40   Yellow: 86  
 Mean   : 71.69   Mean   :71.92   NA's  :145  
 3rd Qu.: 77.18   3rd Qu.:93.22               
 Max.   :127.58   Max.   :99.00               
 NA's   :136      NA's   :145                 
------------------------------------------------------------ 
cough_v2$Site: TPLJ
   Temp_ReHS          ReHS        Color_ReHS 
 Min.   :58.10   Min.   :22.00   Green :418  
 1st Qu.:63.20   1st Qu.:70.00   Red   : 18  
 Median :68.45   Median :88.00   Yellow: 49  
 Mean   :69.30   Mean   :81.26   NA's  :281  
 3rd Qu.:75.20   3rd Qu.:94.67               
 Max.   :87.80   Max.   :99.00               
 NA's   :271     NA's   :281                 
Performing quality control...
Printing overall summary statistics after QC...
   Temp_ReHS           ReHS        Color_ReHS  
 Min.   : 46.04   Min.   : 8.60   Green :4219  
 1st Qu.: 68.72   1st Qu.:86.50   Red   : 157  
 Median : 73.40   Median :94.80   Yellow: 195  
 Mean   : 73.46   Mean   :88.05   NA's  : 693  
 3rd Qu.: 78.80   3rd Qu.:97.50                
 Max.   :103.82   Max.   :99.00                
 NA's   :647      NA's   :693                  
Printing site summary statistics after QC...
cough_v3$Site: 4NL2
   Temp_ReHS          ReHS        Color_ReHS 
 Min.   :53.00   Min.   :58.50   Green :867  
 1st Qu.:71.60   1st Qu.:92.67   Red   :  0  
 Median :74.90   Median :97.00   Yellow:  1  
 Mean   :75.29   Mean   :94.63   NA's  : 66  
 3rd Qu.:79.10   3rd Qu.:98.33               
 Max.   :93.50   Max.   :99.00               
 NA's   :61      NA's   :66                  
------------------------------------------------------------ 
cough_v3$Site: BIBL
   Temp_ReHS           ReHS        Color_ReHS 
 Min.   : 49.28   Min.   :34.80   Green :764  
 1st Qu.: 69.44   1st Qu.:96.00   Red   :  4  
 Median : 74.30   Median :97.33   Yellow: 13  
 Mean   : 74.17   Mean   :94.93   NA's  : 55  
 3rd Qu.: 80.06   3rd Qu.:98.00               
 Max.   :103.82   Max.   :99.00               
 NA's   :53       NA's   :55                  
------------------------------------------------------------ 
cough_v3$Site: CON2
   Temp_ReHS          ReHS        Color_ReHS 
 Min.   :50.30   Min.   :17.33   Green :812  
 1st Qu.:69.12   1st Qu.:79.00   Red   : 17  
 Median :74.00   Median :91.00   Yellow: 46  
 Mean   :74.07   Mean   :85.26   NA's  : 83  
 3rd Qu.:79.70   3rd Qu.:95.50               
 Max.   :89.60   Max.   :99.00               
 NA's   :78      NA's   :83                  
------------------------------------------------------------ 
cough_v3$Site: G1TC
   Temp_ReHS          ReHS        Color_ReHS 
 Min.   :46.04   Min.   :63.80   Green :871  
 1st Qu.:70.70   1st Qu.:93.60   Red   :  0  
 Median :73.85   Median :96.25   Yellow:  0  
 Mean   :74.21   Mean   :94.69   NA's  : 63  
 3rd Qu.:78.80   3rd Qu.:97.60               
 Max.   :95.90   Max.   :99.00               
 NA's   :47      NA's   :63                  
------------------------------------------------------------ 
cough_v3$Site: HOTC
   Temp_ReHS          ReHS        Color_ReHS 
 Min.   :48.20   Min.   : 8.60   Green :487  
 1st Qu.:66.83   1st Qu.:51.80   Red   :118  
 Median :69.98   Median :80.40   Yellow: 86  
 Mean   :71.61   Mean   :71.92   NA's  :145  
 3rd Qu.:77.18   3rd Qu.:93.22               
 Max.   :95.45   Max.   :99.00               
 NA's   :137     NA's   :145                 
------------------------------------------------------------ 
cough_v3$Site: TPLJ
   Temp_ReHS          ReHS        Color_ReHS 
 Min.   :58.10   Min.   :22.00   Green :418  
 1st Qu.:63.20   1st Qu.:70.00   Red   : 18  
 Median :68.45   Median :88.00   Yellow: 49  
 Mean   :69.30   Mean   :81.26   NA's  :281  
 3rd Qu.:75.20   3rd Qu.:94.67               
 Max.   :87.80   Max.   :99.00               
 NA's   :271     NA's   :281                 
Printing clean dataset...
Rows: 5,264
Columns: 5
$ GlobalID   <chr> "4NL2_1_44186", "4NL2_1_44187", "4NL2_1_44188", "4NL2_1_441…
$ Temp_ReHS  <dbl> NA, NA, NA, NA, NA, NA, NA, NA, NA, NA, NA, NA, NA, NA, NA,…
$ ReHS       <dbl> NA, NA, NA, NA, NA, NA, NA, NA, NA, NA, NA, NA, NA, NA, NA,…
$ Color_ReHS <fct> NA, NA, NA, NA, NA, NA, NA, NA, NA, NA, NA, NA, NA, NA, NA,…
$ Site       <chr> "4NL2", "4NL2", "4NL2", "4NL2", "4NL2", "4NL2", "4NL2", "4N…

########################################
        END: DATA PROCESSING
########################################

########################################
         BEGIN: FILE EXPORT
########################################

Exporting cough data sets...

########################################
           END: FILE EXPORT
########################################

[1] "The current script was completed on Thursday, January 12, 2023 at 07:46 PM"
