[1] "The current script was initialized on Thursday, January 12, 2023 at 07:42 PM"

########################################
        BEGIN: ENVIRONMENT SETUP
########################################

Loading package: data.table
Loading package: dplyr

Attaching package: ‘dplyr’

The following objects are masked from ‘package:data.table’:

    between, first, last

The following objects are masked from ‘package:stats’:

    filter, lag

The following objects are masked from ‘package:base’:

    intersect, setdiff, setequal, union

Loading package: readr
Loading package: stringr
Loading package: tibble
Loading package: tidyr

########################################
         END: ENVIRONMENT SETUP
########################################

########################################
     BEGIN: DIRECTORY CONFIGURATION
########################################

Unzipping raw data files
[1] TRUE

########################################
      END: DIRECTORY CONFIGURATION
########################################

########################################
         BEGIN: READ IN DATA
########################################

Reading in device files for each site...
Binding site device files into a single file...
Printing raw data set structure...
Rows: 29,422
Columns: 6
$ Device       <chr> "Maschhoff_4NL2_RM1_E", "Maschhoff_4NL2_RM1_E", "Maschhof…
$ CalendarDate <chr> "2020-12-21", "2020-12-22", "2020-12-23", "2020-12-24", "…
$ Temp_ReHS    <dbl> NA, NA, NA, NA, NA, NA, NA, NA, NA, NA, NA, NA, NA, NA, N…
$ Color_ReHS   <chr> "blue", "blue", "blue", "blue", "blue", "blue", "blue", "…
$ ReHS         <dbl> NA, NA, NA, NA, NA, NA, NA, NA, NA, NA, NA, NA, NA, NA, N…
$ Site         <chr> "4NL2", "4NL2", "4NL2", "4NL2", "4NL2", "4NL2", "4NL2", "…

########################################
         END: READ IN DATA
########################################

########################################
       BEGIN: DATA PROCESSING
########################################

Processing data...
Printing overall summary statistics before QC...
   Temp_ReHS           ReHS        Color_ReHS  
 Min.   : 43.88   Min.   : 8.60   Green :6140  
 1st Qu.: 69.80   1st Qu.:87.00   Red   : 173  
 Median : 74.84   Median :95.20   Yellow: 249  
 Mean   : 74.47   Mean   :88.64   NA's  : 742  
 3rd Qu.: 79.40   3rd Qu.:97.40                
 Max.   :191.30   Max.   :99.00                
 NA's   :669      NA's   :742                  
Printing site summary statistics before QC...
cough_v2$Site: 4NL2
   Temp_ReHS           ReHS        Color_ReHS  
 Min.   : 53.00   Min.   :58.50   Green :1221  
 1st Qu.: 71.30   1st Qu.:94.67   Red   :   0  
 Median : 74.60   Median :97.33   Yellow:   1  
 Mean   : 75.26   Mean   :95.24   NA's  :  72  
 3rd Qu.: 79.10   3rd Qu.:98.33                
 Max.   :191.30   Max.   :99.00                
 NA's   :60       NA's   :72                   
------------------------------------------------------------ 
cough_v2$Site: BIBL
   Temp_ReHS           ReHS        Color_ReHS  
 Min.   : 49.28   Min.   :34.80   Green :1078  
 1st Qu.: 70.88   1st Qu.:96.40   Red   :   4  
 Median : 77.00   Median :97.40   Yellow:  13  
 Mean   : 75.55   Mean   :95.59   NA's  : 101  
 3rd Qu.: 80.60   3rd Qu.:98.00                
 Max.   :110.66   Max.   :99.00                
 NA's   :97       NA's   :101                  
------------------------------------------------------------ 
cough_v2$Site: CON2
   Temp_ReHS           ReHS        Color_ReHS  
 Min.   : 50.30   Min.   :17.33   Green :1125  
 1st Qu.: 69.20   1st Qu.:81.67   Red   :  17  
 Median : 74.60   Median :92.17   Yellow:  46  
 Mean   : 74.52   Mean   :86.89   NA's  : 132  
 3rd Qu.: 80.00   3rd Qu.:96.00                
 Max.   :140.90   Max.   :99.00                
 NA's   :118      NA's   :132                  
------------------------------------------------------------ 
cough_v2$Site: G1TC
   Temp_ReHS           ReHS        Color_ReHS  
 Min.   : 43.88   Min.   :49.20   Green :1230  
 1st Qu.: 71.24   1st Qu.:92.80   Red   :   0  
 Median : 75.02   Median :96.00   Yellow:   1  
 Mean   : 74.93   Mean   :93.87   NA's  :  63  
 3rd Qu.: 79.34   3rd Qu.:97.50                
 Max.   :122.67   Max.   :99.00                
 NA's   :45       NA's   :63                   
------------------------------------------------------------ 
cough_v2$Site: HOTC
   Temp_ReHS           ReHS        Color_ReHS 
 Min.   : 48.20   Min.   : 8.60   Green :826  
 1st Qu.: 68.18   1st Qu.:62.25   Red   :118  
 Median : 74.30   Median :82.00   Yellow:107  
 Mean   : 73.73   Mean   :75.32   NA's  :145  
 3rd Qu.: 78.80   3rd Qu.:94.00               
 Max.   :127.58   Max.   :99.00               
 NA's   :136      NA's   :145                 
------------------------------------------------------------ 
cough_v2$Site: TPLJ
   Temp_ReHS          ReHS        Color_ReHS 
 Min.   :58.10   Min.   :18.00   Green :660  
 1st Qu.:65.60   1st Qu.:69.33   Red   : 34  
 Median :72.80   Median :89.00   Yellow: 81  
 Mean   :71.92   Mean   :80.82   NA's  :229  
 3rd Qu.:77.90   3rd Qu.:94.67               
 Max.   :87.80   Max.   :99.00               
 NA's   :213     NA's   :229                 
Performing quality control...
Printing overall summary statistics after QC...
   Temp_ReHS           ReHS        Color_ReHS  
 Min.   : 46.04   Min.   : 8.60   Green :6140  
 1st Qu.: 69.80   1st Qu.:87.00   Red   : 173  
 Median : 74.84   Median :95.20   Yellow: 249  
 Mean   : 74.40   Mean   :88.64   NA's  : 742  
 3rd Qu.: 79.40   3rd Qu.:97.40                
 Max.   :103.82   Max.   :99.00                
 NA's   :679      NA's   :742                  
Printing site summary statistics after QC...
cough_v3$Site: 4NL2
   Temp_ReHS         ReHS        Color_ReHS  
 Min.   :53.0   Min.   :58.50   Green :1221  
 1st Qu.:71.3   1st Qu.:94.67   Red   :   0  
 Median :74.6   Median :97.33   Yellow:   1  
 Mean   :75.1   Mean   :95.24   NA's  :  72  
 3rd Qu.:79.1   3rd Qu.:98.33                
 Max.   :93.5   Max.   :99.00                
 NA's   :63     NA's   :72                   
------------------------------------------------------------ 
cough_v3$Site: BIBL
   Temp_ReHS           ReHS        Color_ReHS  
 Min.   : 49.28   Min.   :34.80   Green :1078  
 1st Qu.: 70.88   1st Qu.:96.40   Red   :   4  
 Median : 77.00   Median :97.40   Yellow:  13  
 Mean   : 75.52   Mean   :95.59   NA's  : 101  
 3rd Qu.: 80.60   3rd Qu.:98.00                
 Max.   :103.82   Max.   :99.00                
 NA's   :98       NA's   :101                  
------------------------------------------------------------ 
cough_v3$Site: CON2
   Temp_ReHS          ReHS        Color_ReHS  
 Min.   :50.30   Min.   :17.33   Green :1125  
 1st Qu.:69.20   1st Qu.:81.67   Red   :  17  
 Median :74.60   Median :92.17   Yellow:  46  
 Mean   :74.38   Mean   :86.89   NA's  : 132  
 3rd Qu.:80.00   3rd Qu.:96.00                
 Max.   :89.60   Max.   :99.00                
 NA's   :121     NA's   :132                  
------------------------------------------------------------ 
cough_v3$Site: G1TC
   Temp_ReHS          ReHS        Color_ReHS  
 Min.   :46.04   Min.   :49.20   Green :1230  
 1st Qu.:71.24   1st Qu.:92.80   Red   :   0  
 Median :75.02   Median :96.00   Yellow:   1  
 Mean   :74.92   Mean   :93.87   NA's  :  63  
 3rd Qu.:79.34   3rd Qu.:97.50                
 Max.   :95.90   Max.   :99.00                
 NA's   :47      NA's   :63                   
------------------------------------------------------------ 
cough_v3$Site: HOTC
   Temp_ReHS          ReHS        Color_ReHS 
 Min.   :48.20   Min.   : 8.60   Green :826  
 1st Qu.:68.18   1st Qu.:62.25   Red   :118  
 Median :74.30   Median :82.00   Yellow:107  
 Mean   :73.68   Mean   :75.32   NA's  :145  
 3rd Qu.:78.80   3rd Qu.:94.00               
 Max.   :95.45   Max.   :99.00               
 NA's   :137     NA's   :145                 
------------------------------------------------------------ 
cough_v3$Site: TPLJ
   Temp_ReHS          ReHS        Color_ReHS 
 Min.   :58.10   Min.   :18.00   Green :660  
 1st Qu.:65.60   1st Qu.:69.33   Red   : 34  
 Median :72.80   Median :89.00   Yellow: 81  
 Mean   :71.92   Mean   :80.82   NA's  :229  
 3rd Qu.:77.90   3rd Qu.:94.67               
 Max.   :87.80   Max.   :99.00               
 NA's   :213     NA's   :229                 
Printing clean dataset...
Rows: 7,304
Columns: 5
$ GlobalID   <chr> "4NL2_1_44186", "4NL2_1_44187", "4NL2_1_44188", "4NL2_1_441…
$ Temp_ReHS  <dbl> NA, NA, NA, NA, NA, NA, NA, NA, NA, NA, NA, NA, NA, NA, NA,…
$ ReHS       <dbl> NA, NA, NA, NA, NA, NA, NA, NA, NA, NA, NA, NA, NA, NA, NA,…
$ Color_ReHS <fct> NA, NA, NA, NA, NA, NA, NA, NA, NA, NA, NA, NA, NA, NA, NA,…
$ Site       <chr> "4NL2", "4NL2", "4NL2", "4NL2", "4NL2", "4NL2", "4NL2", "4N…

########################################
        END: DATA PROCESSING
########################################

########################################
         BEGIN: FILE EXPORT
########################################

Exporting cough data sets...

########################################
           END: FILE EXPORT
########################################

[1] "The current script was completed on Thursday, January 12, 2023 at 07:43 PM"
