[1] "The current script was initialized on Thursday, January 12, 2023 at 07:55 PM"

########################################
        BEGIN: ENVIRONMENT SETUP
########################################

Loading package: data.table
Loading package: dplyr

Attaching package: ‘dplyr’

The following objects are masked from ‘package:data.table’:

    between, first, last

The following objects are masked from ‘package:stats’:

    filter, lag

The following objects are masked from ‘package:base’:

    intersect, setdiff, setequal, union

Loading package: readr
Loading package: stringr
Loading package: tibble
Loading package: tidyr

########################################
         END: ENVIRONMENT SETUP
########################################

########################################
     BEGIN: DIRECTORY CONFIGURATION
########################################

Unzipping raw data files
[1] TRUE

########################################
      END: DIRECTORY CONFIGURATION
########################################

########################################
         BEGIN: READ IN DATA
########################################

Reading in device files for each site...
Binding site device files into a single file...
Printing raw data set structure...
Rows: 27,676
Columns: 6
$ Device       <chr> "Maschhoff_4NL2_RM1_E", "Maschhoff_4NL2_RM1_E", "Maschhof…
$ CalendarDate <chr> "2020-12-21", "2020-12-22", "2020-12-23", "2020-12-24", "…
$ Temp_ReHS    <dbl> NA, NA, NA, NA, NA, NA, NA, NA, NA, NA, NA, NA, NA, NA, N…
$ Color_ReHS   <chr> "blue", "blue", "blue", "blue", "blue", "blue", "blue", "…
$ ReHS         <dbl> NA, NA, NA, NA, NA, NA, NA, NA, NA, NA, NA, NA, NA, NA, N…
$ Site         <chr> "4NL2", "4NL2", "4NL2", "4NL2", "4NL2", "4NL2", "4NL2", "…

########################################
         END: READ IN DATA
########################################

########################################
       BEGIN: DATA PROCESSING
########################################

Processing data...
Printing overall summary statistics before QC...
   Temp_ReHS           ReHS        Color_ReHS  
 Min.   : 43.88   Min.   : 8.60   Green :5666  
 1st Qu.: 69.44   1st Qu.:87.00   Red   : 180  
 Median : 74.60   Median :95.00   Yellow: 246  
 Mean   : 74.30   Mean   :88.39   NA's  : 806  
 3rd Qu.: 79.52   3rd Qu.:97.40                
 Max.   :191.30   Max.   :99.00                
 NA's   :733      NA's   :806                  
Printing site summary statistics before QC...
cough_v2$Site: 4NL2
   Temp_ReHS           ReHS        Color_ReHS  
 Min.   : 53.00   Min.   :58.50   Green :1133  
 1st Qu.: 71.30   1st Qu.:94.33   Red   :   0  
 Median : 75.20   Median :97.33   Yellow:   1  
 Mean   : 75.48   Mean   :95.04   NA's  :  72  
 3rd Qu.: 79.40   3rd Qu.:98.33                
 Max.   :191.30   Max.   :99.00                
 NA's   :60       NA's   :72                   
------------------------------------------------------------ 
cough_v2$Site: BIBL
   Temp_ReHS           ReHS       Color_ReHS 
 Min.   : 49.28   Min.   :34.8   Green :990  
 1st Qu.: 70.70   1st Qu.:96.2   Red   :  4  
 Median : 77.00   Median :97.4   Yellow: 13  
 Mean   : 75.59   Mean   :95.4   NA's  :101  
 3rd Qu.: 80.96   3rd Qu.:98.0               
 Max.   :110.66   Max.   :99.0               
 NA's   :97       NA's   :101                
------------------------------------------------------------ 
cough_v2$Site: CON2
   Temp_ReHS           ReHS        Color_ReHS  
 Min.   : 50.30   Min.   :17.33   Green :1037  
 1st Qu.: 68.60   1st Qu.:80.92   Red   :  17  
 Median : 74.00   Median :92.00   Yellow:  46  
 Mean   : 74.35   Mean   :86.49   NA's  : 132  
 3rd Qu.: 80.30   3rd Qu.:96.00                
 Max.   :140.90   Max.   :99.00                
 NA's   :118      NA's   :132                  
------------------------------------------------------------ 
cough_v2$Site: G1TC
   Temp_ReHS           ReHS        Color_ReHS  
 Min.   : 43.88   Min.   :63.80   Green :1143  
 1st Qu.: 71.06   1st Qu.:93.60   Red   :   0  
 Median : 74.48   Median :96.25   Yellow:   0  
 Mean   : 74.65   Mean   :94.88   NA's  :  63  
 3rd Qu.: 78.98   3rd Qu.:97.60                
 Max.   :122.67   Max.   :99.00                
 NA's   :45       NA's   :63                   
------------------------------------------------------------ 
cough_v2$Site: HOTC
   Temp_ReHS           ReHS        Color_ReHS 
 Min.   : 48.20   Min.   : 8.60   Green :738  
 1st Qu.: 67.82   1st Qu.:60.33   Red   :118  
 Median : 74.12   Median :78.75   Yellow:107  
 Mean   : 73.65   Mean   :73.45   NA's  :145  
 3rd Qu.: 78.98   3rd Qu.:93.00               
 Max.   :127.58   Max.   :99.00               
 NA's   :136      NA's   :145                 
------------------------------------------------------------ 
cough_v2$Site: TPLJ
   Temp_ReHS          ReHS        Color_ReHS 
 Min.   :58.10   Min.   :18.00   Green :625  
 1st Qu.:64.70   1st Qu.:70.67   Red   : 41  
 Median :71.30   Median :89.67   Yellow: 79  
 Mean   :71.01   Mean   :80.99   NA's  :293  
 3rd Qu.:77.00   3rd Qu.:95.00               
 Max.   :87.80   Max.   :99.00               
 NA's   :277     NA's   :293                 
Performing quality control...
Printing overall summary statistics after QC...
   Temp_ReHS           ReHS        Color_ReHS  
 Min.   : 46.04   Min.   : 8.60   Green :5666  
 1st Qu.: 69.39   1st Qu.:87.00   Red   : 180  
 Median : 74.53   Median :95.00   Yellow: 246  
 Mean   : 74.22   Mean   :88.39   NA's  : 806  
 3rd Qu.: 79.52   3rd Qu.:97.40                
 Max.   :103.82   Max.   :99.00                
 NA's   :743      NA's   :806                  
Printing site summary statistics after QC...
cough_v3$Site: 4NL2
   Temp_ReHS          ReHS        Color_ReHS  
 Min.   :53.00   Min.   :58.50   Green :1133  
 1st Qu.:71.30   1st Qu.:94.33   Red   :   0  
 Median :75.20   Median :97.33   Yellow:   1  
 Mean   :75.31   Mean   :95.04   NA's  :  72  
 3rd Qu.:79.40   3rd Qu.:98.33                
 Max.   :93.50   Max.   :99.00                
 NA's   :63      NA's   :72                   
------------------------------------------------------------ 
cough_v3$Site: BIBL
   Temp_ReHS           ReHS       Color_ReHS 
 Min.   : 49.28   Min.   :34.8   Green :990  
 1st Qu.: 70.70   1st Qu.:96.2   Red   :  4  
 Median : 77.00   Median :97.4   Yellow: 13  
 Mean   : 75.56   Mean   :95.4   NA's  :101  
 3rd Qu.: 80.94   3rd Qu.:98.0               
 Max.   :103.82   Max.   :99.0               
 NA's   :98       NA's   :101                
------------------------------------------------------------ 
cough_v3$Site: CON2
   Temp_ReHS         ReHS        Color_ReHS  
 Min.   :50.3   Min.   :17.33   Green :1037  
 1st Qu.:68.6   1st Qu.:80.92   Red   :  17  
 Median :74.0   Median :92.00   Yellow:  46  
 Mean   :74.2   Mean   :86.49   NA's  : 132  
 3rd Qu.:80.3   3rd Qu.:96.00                
 Max.   :89.6   Max.   :99.00                
 NA's   :121    NA's   :132                  
------------------------------------------------------------ 
cough_v3$Site: G1TC
   Temp_ReHS          ReHS        Color_ReHS  
 Min.   :46.04   Min.   :63.80   Green :1143  
 1st Qu.:71.06   1st Qu.:93.60   Red   :   0  
 Median :74.48   Median :96.25   Yellow:   0  
 Mean   :74.64   Mean   :94.88   NA's  :  63  
 3rd Qu.:78.98   3rd Qu.:97.60                
 Max.   :95.90   Max.   :99.00                
 NA's   :47      NA's   :63                   
------------------------------------------------------------ 
cough_v3$Site: HOTC
   Temp_ReHS          ReHS        Color_ReHS 
 Min.   :48.20   Min.   : 8.60   Green :738  
 1st Qu.:67.82   1st Qu.:60.33   Red   :118  
 Median :74.12   Median :78.75   Yellow:107  
 Mean   :73.60   Mean   :73.45   NA's  :145  
 3rd Qu.:78.89   3rd Qu.:93.00               
 Max.   :95.45   Max.   :99.00               
 NA's   :137     NA's   :145                 
------------------------------------------------------------ 
cough_v3$Site: TPLJ
   Temp_ReHS          ReHS        Color_ReHS 
 Min.   :58.10   Min.   :18.00   Green :625  
 1st Qu.:64.70   1st Qu.:70.67   Red   : 41  
 Median :71.30   Median :89.67   Yellow: 79  
 Mean   :71.01   Mean   :80.99   NA's  :293  
 3rd Qu.:77.00   3rd Qu.:95.00               
 Max.   :87.80   Max.   :99.00               
 NA's   :277     NA's   :293                 
Printing clean dataset...
Rows: 6,898
Columns: 5
$ GlobalID   <chr> "4NL2_1_44186", "4NL2_1_44187", "4NL2_1_44188", "4NL2_1_441…
$ Temp_ReHS  <dbl> NA, NA, NA, NA, NA, NA, NA, NA, NA, NA, NA, NA, NA, NA, NA,…
$ ReHS       <dbl> NA, NA, NA, NA, NA, NA, NA, NA, NA, NA, NA, NA, NA, NA, NA,…
$ Color_ReHS <fct> NA, NA, NA, NA, NA, NA, NA, NA, NA, NA, NA, NA, NA, NA, NA,…
$ Site       <chr> "4NL2", "4NL2", "4NL2", "4NL2", "4NL2", "4NL2", "4NL2", "4N…

########################################
        END: DATA PROCESSING
########################################

########################################
         BEGIN: FILE EXPORT
########################################

Exporting cough data sets...

########################################
           END: FILE EXPORT
########################################

[1] "The current script was completed on Thursday, January 12, 2023 at 07:56 PM"
