/var/spool/slurmd/job25046964/slurm_script: line 13: activate: No such file or directory
[1] "The current script was initialized on Thursday, August 11, 2022 at 04:45 PM"

########################################
        BEGIN: ENVIRONMENT SETUP
########################################

Loading package: argparse
Warning message:
package ‘argparse’ was built under R version 4.1.3 
Loading package: data.table
Loading package: dplyr

Attaching package: ‘dplyr’

The following objects are masked from ‘package:data.table’:

    between, first, last

The following objects are masked from ‘package:stats’:

    filter, lag

The following objects are masked from ‘package:base’:

    intersect, setdiff, setequal, union

Loading package: MASS

Attaching package: ‘MASS’

The following object is masked from ‘package:dplyr’:

    select

Warning message:
package ‘MASS’ was built under R version 4.1.3 
Loading package: readr
Loading package: stringr
Loading package: tibble
Loading package: tidyr

########################################
         END: ENVIRONMENT SETUP
########################################

########################################
     BEGIN: FILE CONFIGURATION
########################################

Importing data file from path:
/group/deckerlab/cjgwx7/sensor-data/data/master/master-2022-07-19.RData

Preview of data file...
Rows: 5,676
Columns: 67
$ GlobalID                         <chr> "4NL2_1_44204", "4NL2_1_44205", "4NL2…
$ AltGlobalID                      <chr> "4NL2_1_44204", "4NL2_1_44205", "4NL2…
$ Site                             <fct> 4NL2, 4NL2, 4NL2, 4NL2, 4NL2, 4NL2, 4…
$ Site_NumericDate                 <chr> "4NL2_44204", "4NL2_44205", "4NL2_442…
$ Room                             <fct> 1, 1, 1, 1, 1, 1, 1, 1, 1, 1, 1, 1, 1…
$ OldRoom                          <fct> 1South, 1South, 1South, 1South, 1Sout…
$ Site_Room                        <fct> 4NL2_1, 4NL2_1, 4NL2_1, 4NL2_1, 4NL2_…
$ Turn                             <fct> 1, 1, 1, 1, 1, 1, 1, 1, 1, 1, 1, 1, 1…
$ Site_Turn                        <fct> 4NL2_1, 4NL2_1, 4NL2_1, 4NL2_1, 4NL2_…
$ Site_Room_Turn                   <fct> 4NL2_1_1, 4NL2_1_1, 4NL2_1_1, 4NL2_1_…
$ CalendarDate                     <date> 2021-01-08, 2021-01-09, 2021-01-10, …
$ NumericDate                      <dbl> 44204, 44205, 44206, 44207, 44208, 44…
$ Days                             <dbl> 1, 2, 3, 4, 5, 6, 7, 8, 9, 10, 11, 12…
$ Inventory                        <dbl> 908, 908, 908, 2860, 2860, 2860, 2859…
$ InventoryChange                  <dbl> 908, 0, 0, 1952, 0, 0, -1, -1, 0, 0, …
$ TotalInventoryChange             <dbl> 1043, -1, 0, 1952, -1, -1, -2, -2, -1…
$ Marketing                        <dbl> 0, 0, 0, 0, 0, 0, 0, 0, 0, 0, 0, 0, 0…
$ Euth                             <dbl> 0, 0, 0, 0, 0, 0, 0, 1, 0, 0, 0, 0, 0…
$ EuthProportion                   <dbl> 0.0000000000, 0.0000000000, 0.0000000…
$ Dead                             <dbl> 0, 0, 0, 0, 0, 0, 1, 0, 0, 0, 0, 0, 1…
$ DeadProportion                   <dbl> 0.0000000000, 0.0000000000, 0.0000000…
$ TotalMortality                   <dbl> 0, 0, 0, 0, 0, 0, 1, 1, 0, 0, 0, 0, 1…
$ TotalMortalityProportion         <dbl> 0.0000000000, 0.0000000000, 0.0000000…
$ Penicillin                       <dbl> NA, 2, 1, 1, 4, 6, 7, 4, 6, 8, 4, 0, …
$ PenicillinProportion             <dbl> NA, 0.0022026432, 0.0011013216, 0.000…
$ Dexamethasone                    <dbl> NA, 2, 1, 1, 4, 6, 7, 4, 6, 8, 4, 48,…
$ DexamethasoneProportion          <dbl> NA, 0.0022026432, 0.0011013216, 0.000…
$ Ceftiofur                        <dbl> NA, 0, 0, 0, 0, 0, 0, 0, 0, 0, 0, 48,…
$ CeftiofurProportion              <dbl> NA, 0.000000000, 0.000000000, 0.00000…
$ Enroflaxin                       <dbl> NA, 18, 20, 18, 46, 47, 55, 39, 37, 4…
$ EnroflaxinProportion             <dbl> NA, 0.0198237885, 0.0220264317, 0.006…
$ Tetracycline                     <dbl> NA, 0, 0, 0, 0, 0, 0, 0, 0, 0, 0, 0, …
$ TetracyclineProportion           <dbl> NA, 0, 0, 0, 0, 0, 0, 0, 0, 0, 0, 0, …
$ Lincomycin                       <dbl> NA, 0, 0, 0, 0, 0, 0, 0, 0, 0, 0, 0, …
$ LincomycinProportion             <dbl> NA, 0, 0, 0, 0, 0, 0, 0, 0, 0, 0, 0, …
$ OtherTreatments                  <dbl> NA, 0, 0, 0, 0, 0, 0, 0, 0, 0, 0, 0, …
$ OtherTreatmentsProportion        <dbl> NA, 0, 0, 0, 0, 0, 0, 0, 0, 0, 0, 0, …
$ PrimaryRespiratory               <dbl> NA, 18, 20, 18, 46, 47, 55, 39, 37, 4…
$ PrimaryRespiratoryProportion     <dbl> NA, 0.019823789, 0.022026432, 0.00629…
$ SecondaryRespiratory             <dbl> NA, 4, 2, 2, 8, 12, 14, 8, 12, 16, 8,…
$ SecondaryRespiratoryProportion   <dbl> NA, 0.0044052863, 0.0022026432, 0.000…
$ TotalTreatments                  <dbl> NA, 22, 22, 20, 54, 59, 69, 47, 49, 6…
$ TotalTreatmentsProportion        <dbl> NA, 0.024229075, 0.024229075, 0.00699…
$ WaterMedications                 <dbl> NA, 1, 1, 1, 1, 1, 1, 1, 0, 0, 0, 0, …
$ WaterDispRMS                     <dbl> NA, NA, 116, NA, NA, 495, 502, 540, 5…
$ WaterDispHdRMS                   <dbl> NA, NA, 0.1277533, NA, NA, 0.1730769,…
$ WaterDispVC                      <dbl> NA, 107, 125, NA, 478, 517, 527, 578,…
$ WaterDispHdVC                    <dbl> NA, 0.1178414, 0.1376652, NA, 0.16713…
$ SetPointRMS                      <dbl> NA, 79.9, 83.5, 83.5, 83.5, 83.5, 83.…
$ LowTempRMS                       <dbl> NA, 68.7, 80.6, 80.3, 80.6, 80.8, 80.…
$ MidPointTempRMS                  <dbl> NA, 78.05, 82.40, 82.15, 82.25, 82.20…
$ HiTempRMS                        <dbl> NA, 87.4, 84.2, 84.0, 83.9, 83.6, 83.…
$ TempRangeRMS                     <dbl> NA, 18.7, 3.6, 3.7, 3.3, 2.8, 2.7, 2.…
$ LowTempSetPointDeviationRMS      <dbl> NA, -11.2, -2.9, -3.2, -2.9, -2.7, -2…
$ HiTempSetPointDeviationRMS       <dbl> NA, 7.5, 0.7, 0.5, 0.4, 0.1, 0.1, 0.0…
$ MidPointTempSetPointDeviationRMS <dbl> NA, -1.85, -1.10, -1.35, -1.25, -1.30…
$ SetPointVC                       <dbl> NA, 83.5, 83.5, 83.5, 83.5, 83.5, 83.…
$ LowTempVC                        <dbl> NA, 80.6, 80.3, 80.6, 80.8, 80.9, 80.…
$ AvgTempVC                        <dbl> NA, NA, NA, NA, NA, NA, NA, NA, NA, N…
$ HiTempVC                         <dbl> NA, 84.2, 84.0, 83.9, 83.6, 83.6, 83.…
$ TempRangeVC                      <dbl> NA, 3.6, 3.7, 3.3, 2.8, 2.7, 2.7, 2.7…
$ LowTempSetPointDeviationVC       <dbl> NA, -2.9, -3.2, -2.9, -2.7, -2.6, -2.…
$ AvgTempSetPointDeviationVC       <dbl> NA, NA, NA, NA, NA, NA, NA, NA, NA, N…
$ HiTempSetPointDeviationVC        <dbl> NA, 0.7, 0.5, 0.4, 0.1, 0.1, 0.0, -0.…
$ Temp_ReHS                        <dbl> 85.4, 86.3, 87.2, 86.0, 85.4, 85.4, 8…
$ ReHS                             <dbl> 98.66667, 92.33333, 82.00000, 92.3333…
$ Color_ReHS                       <fct> Green, Green, Green, Green, Green, Gr…

########################################
      END: FILE CONFIGURATION
########################################

########################################
      BEGIN: VARIABLE ADJUSTMENT
########################################

Fitting statistical model for variable: WaterDispHdRMS...
Printing model fit summary for variable: WaterDispHdRMS...

Call:
lm(formula = WaterDispHdRMS ~ Days + I(Days^2) + I(Days^3) + 
    MidPointTempSetPointDeviationRMS + I(MidPointTempSetPointDeviationRMS^2), 
    data = master, na.action = na.exclude)

Residuals:
     Min       1Q   Median       3Q      Max 
-1.49137 -0.17531 -0.01177  0.13696  2.01516 

Coefficients:
                                        Estimate Std. Error t value Pr(>|t|)
(Intercept)                            9.491e-02  1.829e-02   5.189  2.2e-07
Days                                   1.566e-02  8.817e-04  17.755  < 2e-16
I(Days^2)                              1.710e-05  1.073e-05   1.594    0.111
I(Days^3)                             -3.315e-07  3.836e-08  -8.640  < 2e-16
MidPointTempSetPointDeviationRMS       2.497e-02  2.326e-03  10.738  < 2e-16
I(MidPointTempSetPointDeviationRMS^2) -1.008e-03  1.196e-04  -8.428  < 2e-16
                                         
(Intercept)                           ***
Days                                  ***
I(Days^2)                                
I(Days^3)                             ***
MidPointTempSetPointDeviationRMS      ***
I(MidPointTempSetPointDeviationRMS^2) ***
---
Signif. codes:  0 ‘***’ 0.001 ‘**’ 0.01 ‘*’ 0.05 ‘.’ 0.1 ‘ ’ 1

Residual standard error: 0.3279 on 5091 degrees of freedom
  (579 observations deleted due to missingness)
Multiple R-squared:  0.7321,	Adjusted R-squared:  0.7318 
F-statistic:  2782 on 5 and 5091 DF,  p-value: < 2.2e-16

Extracting and saving residuals from model fit to new variable: ResidualWaterDispHdRMS...

Fitting statistical model for variable: WaterDispHdVC...
Printing model fit summary for variable: WaterDispHdVC...

Call: rlm(formula = WaterDispHdVC ~ Days + I(Days^2) + I(Days^3) + 
    Inventory + AvgTempSetPointDeviationVC + Days:AvgTempSetPointDeviationVC + 
    Days:Inventory + Inventory:AvgTempSetPointDeviationVC, data = master, 
    na.action = na.exclude)
Residuals:
      Min        1Q    Median        3Q       Max 
-1.371506 -0.084272  0.004946  0.085650  1.112823 

Coefficients:
                                     Value    Std. Error t value 
(Intercept)                           -0.0376   0.0233    -1.6102
Days                                   0.0242   0.0007    32.9239
I(Days^2)                              0.0001   0.0000    14.2390
I(Days^3)                              0.0000   0.0000   -30.7572
Inventory                              0.0001   0.0000     9.3274
AvgTempSetPointDeviationVC            -0.0191   0.0039    -4.9494
Days:AvgTempSetPointDeviationVC        0.0001   0.0000     5.2646
Days:Inventory                         0.0000   0.0000   -31.0966
Inventory:AvgTempSetPointDeviationVC   0.0000   0.0000     8.8896

Residual standard error: 0.1267 on 2152 degrees of freedom
  (3515 observations deleted due to missingness)
Extracting and saving residuals from model fit to new variable: ResidualWaterDispHdVC...

########################################
         END: VARIABLE ADJUSTMENT
########################################

########################################
          BEGIN: FILE EXPORT
########################################

Exporting .RData object to path:
/group/deckerlab/cjgwx7/sensor-data/data/master/master-2022-07-19-adjusted.RData

Exporting .csv file to path:
/group/deckerlab/cjgwx7/sensor-data/data/master/master-2022-07-19-adjusted.csv

########################################
      END: FILE CONFIGURATION
########################################

[1] "The current script was completed on Thursday, August 11, 2022 at 04:45 PM"
