[1] "The current script was initialized on Monday, August 22, 2022 at 05:51 PM"

########################################
        BEGIN: ENVIRONMENT SETUP
########################################

Loading package: argparse
Warning message:
package ‘argparse’ was built under R version 4.1.3 
Loading package: data.table
Loading package: dplyr

Attaching package: ‘dplyr’

The following objects are masked from ‘package:data.table’:

    between, first, last

The following objects are masked from ‘package:stats’:

    filter, lag

The following objects are masked from ‘package:base’:

    intersect, setdiff, setequal, union

Loading package: lmerTest
Loading required package: lme4
Loading required package: Matrix

Attaching package: ‘lmerTest’

The following object is masked from ‘package:lme4’:

    lmer

The following object is masked from ‘package:stats’:

    step

Loading package: MASS

Attaching package: ‘MASS’

The following object is masked from ‘package:dplyr’:

    select

Warning message:
package ‘MASS’ was built under R version 4.1.3 
Loading package: readr
Loading package: stringr
Loading package: tibble
Loading package: tidyr

Attaching package: ‘tidyr’

The following objects are masked from ‘package:Matrix’:

    expand, pack, unpack


########################################
         END: ENVIRONMENT SETUP
########################################

########################################
     BEGIN: FILE CONFIGURATION
########################################

Importing data file from path:
/group/deckerlab/cjgwx7/sensor-data/data/master/master-2022-07-20.RData

Preview of data file...
Rows: 5,676
Columns: 68
$ Order                            <dbl> 1, 2, 3, 4, 5, 6, 7, 8, 9, 10, 11, 12…
$ GlobalID                         <chr> "4NL2_1_44204", "4NL2_1_44205", "4NL2…
$ AltGlobalID                      <chr> "4NL2_1_44204", "4NL2_1_44205", "4NL2…
$ Site                             <fct> 4NL2, 4NL2, 4NL2, 4NL2, 4NL2, 4NL2, 4…
$ Site_NumericDate                 <chr> "4NL2_44204", "4NL2_44205", "4NL2_442…
$ Room                             <fct> 1, 1, 1, 1, 1, 1, 1, 1, 1, 1, 1, 1, 1…
$ OldRoom                          <fct> 1South, 1South, 1South, 1South, 1Sout…
$ Site_Room                        <fct> 4NL2_1, 4NL2_1, 4NL2_1, 4NL2_1, 4NL2_…
$ Turn                             <fct> 1, 1, 1, 1, 1, 1, 1, 1, 1, 1, 1, 1, 1…
$ Site_Turn                        <fct> 4NL2_1, 4NL2_1, 4NL2_1, 4NL2_1, 4NL2_…
$ Site_Room_Turn                   <fct> 4NL2_1_1, 4NL2_1_1, 4NL2_1_1, 4NL2_1_…
$ CalendarDate                     <date> 2021-01-08, 2021-01-09, 2021-01-10, …
$ NumericDate                      <dbl> 44204, 44205, 44206, 44207, 44208, 44…
$ Days                             <dbl> 1, 2, 3, 4, 5, 6, 7, 8, 9, 10, 11, 12…
$ Inventory                        <dbl> 908, 908, 908, 2860, 2860, 2860, 2859…
$ InventoryChange                  <dbl> 908, 0, 0, 1952, 0, 0, -1, -1, 0, 0, …
$ TotalInventoryChange             <dbl> 1043, -1, 0, 1952, -1, -1, -2, -2, -1…
$ Marketing                        <dbl> 0, 0, 0, 0, 0, 0, 0, 0, 0, 0, 0, 0, 0…
$ Euth                             <dbl> 0, 0, 0, 0, 0, 0, 0, 1, 0, 0, 0, 0, 0…
$ EuthProportion                   <dbl> 0.0000000000, 0.0000000000, 0.0000000…
$ Dead                             <dbl> 0, 0, 0, 0, 0, 0, 1, 0, 0, 0, 0, 0, 1…
$ DeadProportion                   <dbl> 0.0000000000, 0.0000000000, 0.0000000…
$ TotalMortality                   <dbl> 0, 0, 0, 0, 0, 0, 1, 1, 0, 0, 0, 0, 1…
$ TotalMortalityProportion         <dbl> 0.0000000000, 0.0000000000, 0.0000000…
$ Penicillin                       <dbl> NA, 2, 1, 1, 4, 6, 7, 4, 6, 8, 4, 0, …
$ PenicillinProportion             <dbl> NA, 0.0022026432, 0.0011013216, 0.000…
$ Dexamethasone                    <dbl> NA, 2, 1, 1, 4, 6, 7, 4, 6, 8, 4, 48,…
$ DexamethasoneProportion          <dbl> NA, 0.0022026432, 0.0011013216, 0.000…
$ Ceftiofur                        <dbl> NA, 0, 0, 0, 0, 0, 0, 0, 0, 0, 0, 48,…
$ CeftiofurProportion              <dbl> NA, 0.000000000, 0.000000000, 0.00000…
$ Enroflaxin                       <dbl> NA, 18, 20, 18, 46, 47, 55, 39, 37, 4…
$ EnroflaxinProportion             <dbl> NA, 0.0198237885, 0.0220264317, 0.006…
$ Tetracycline                     <dbl> NA, 0, 0, 0, 0, 0, 0, 0, 0, 0, 0, 0, …
$ TetracyclineProportion           <dbl> NA, 0, 0, 0, 0, 0, 0, 0, 0, 0, 0, 0, …
$ Lincomycin                       <dbl> NA, 0, 0, 0, 0, 0, 0, 0, 0, 0, 0, 0, …
$ LincomycinProportion             <dbl> NA, 0, 0, 0, 0, 0, 0, 0, 0, 0, 0, 0, …
$ OtherTreatments                  <dbl> NA, 0, 0, 0, 0, 0, 0, 0, 0, 0, 0, 0, …
$ OtherTreatmentsProportion        <dbl> NA, 0, 0, 0, 0, 0, 0, 0, 0, 0, 0, 0, …
$ PrimaryRespiratory               <dbl> NA, 18, 20, 18, 46, 47, 55, 39, 37, 4…
$ PrimaryRespiratoryProportion     <dbl> NA, 0.019823789, 0.022026432, 0.00629…
$ SecondaryRespiratory             <dbl> NA, 4, 2, 2, 8, 12, 14, 8, 12, 16, 8,…
$ SecondaryRespiratoryProportion   <dbl> NA, 0.0044052863, 0.0022026432, 0.000…
$ TotalTreatments                  <dbl> NA, 22, 22, 20, 54, 59, 69, 47, 49, 6…
$ TotalTreatmentsProportion        <dbl> NA, 0.024229075, 0.024229075, 0.00699…
$ WaterMedications                 <dbl> NA, 1, 1, 1, 1, 1, 1, 1, 0, 0, 0, 0, …
$ WaterDispRMS                     <dbl> NA, NA, 116, NA, NA, 495, 502, 540, 5…
$ WaterDispHdRMS                   <dbl> NA, NA, 0.1277533, NA, NA, 0.1730769,…
$ WaterDispVC                      <dbl> NA, 107, 125, NA, 478, 517, 527, 578,…
$ WaterDispHdVC                    <dbl> NA, 0.1178414, 0.1376652, NA, 0.16713…
$ SetPointRMS                      <dbl> NA, 79.9, 83.5, 83.5, 83.5, 83.5, 83.…
$ LowTempRMS                       <dbl> NA, 68.7, 80.6, 80.3, 80.6, 80.8, 80.…
$ MidPointTempRMS                  <dbl> NA, 78.05, 82.40, 82.15, 82.25, 82.20…
$ HiTempRMS                        <dbl> NA, 87.4, 84.2, 84.0, 83.9, 83.6, 83.…
$ TempRangeRMS                     <dbl> NA, 18.7, 3.6, 3.7, 3.3, 2.8, 2.7, 2.…
$ LowTempSetPointDeviationRMS      <dbl> NA, -11.2, -2.9, -3.2, -2.9, -2.7, -2…
$ HiTempSetPointDeviationRMS       <dbl> NA, 7.5, 0.7, 0.5, 0.4, 0.1, 0.1, 0.0…
$ MidPointTempSetPointDeviationRMS <dbl> NA, -1.85, -1.10, -1.35, -1.25, -1.30…
$ SetPointVC                       <dbl> NA, 83.5, 83.5, 83.5, 83.5, 83.5, 83.…
$ LowTempVC                        <dbl> NA, 80.6, 80.3, 80.6, 80.8, 80.9, 80.…
$ AvgTempVC                        <dbl> NA, NA, NA, NA, NA, NA, NA, NA, NA, N…
$ HiTempVC                         <dbl> NA, 84.2, 84.0, 83.9, 83.6, 83.6, 83.…
$ TempRangeVC                      <dbl> NA, 3.6, 3.7, 3.3, 2.8, 2.7, 2.7, 2.7…
$ LowTempSetPointDeviationVC       <dbl> NA, -2.9, -3.2, -2.9, -2.7, -2.6, -2.…
$ AvgTempSetPointDeviationVC       <dbl> NA, NA, NA, NA, NA, NA, NA, NA, NA, N…
$ HiTempSetPointDeviationVC        <dbl> NA, 0.7, 0.5, 0.4, 0.1, 0.1, 0.0, -0.…
$ Temp_ReHS                        <dbl> 85.4, 86.3, 87.2, 86.0, 85.4, 85.4, 8…
$ ReHS                             <dbl> 98.66667, 92.33333, 82.00000, 92.3333…
$ Color_ReHS                       <fct> Green, Green, Green, Green, Green, Gr…

########################################
      END: FILE CONFIGURATION
########################################

########################################
      BEGIN: VARIABLE ADJUSTMENT
########################################

Fitting statistical model for variable: WaterDispHdRMS...
Warning message:
In checkConv(attr(opt, "derivs"), opt$par, ctrl = control$checkConv,  :
  Model failed to converge with max|grad| = 0.00648808 (tol = 0.002, component 1)
Printing model fit summary for variable: WaterDispHdRMS...
Linear mixed model fit by REML. t-tests use Satterthwaite's method [
lmerModLmerTest]
Formula: 
WaterDispHdRMS ~ MidPointTempSetPointDeviationRMS + I(MidPointTempSetPointDeviationRMS^2) +  
    (1 | Site) + (1 | Site:Marketing) + (0 + StdInventory + I(StdInventory^2) +  
    I(StdInventory^3) + StdDays + I(StdDays^2) + I(StdDays^3) |      Site)
   Data: master

REML criterion at convergence: 268.2

Scaled residuals: 
    Min      1Q  Median      3Q     Max 
-6.2739 -0.4571 -0.0101  0.3865  9.2287 

Random effects:
 Groups         Name              Variance Std.Dev. Corr                   
 Site.Marketing (Intercept)       0.03223  0.1795                          
 Site           StdInventory      0.01467  0.1211                          
                I(StdInventory^2) 0.02407  0.1551   -0.69                  
                I(StdInventory^3) 0.03269  0.1808   -0.55  0.44            
                StdDays           0.48605  0.6972    0.21  0.21 -0.72      
                I(StdDays^2)      0.10105  0.3179   -0.32  0.11  0.92 -0.88
                I(StdDays^3)      0.03064  0.1751   -0.11 -0.06  0.85 -0.88
 Site.1         (Intercept)       0.05445  0.2333                          
 Residual                         0.05899  0.2429                          
      
      
      
      
      
      
      
  0.95
      
      
Number of obs: 5098, groups:  Site:Marketing, 12; Site, 6

Fixed effects:
                                        Estimate Std. Error         df t value
(Intercept)                            1.448e+00  1.094e-01  5.054e+00  13.233
MidPointTempSetPointDeviationRMS       1.477e-02  1.890e-03  1.657e+03   7.815
I(MidPointTempSetPointDeviationRMS^2) -2.538e-04  9.675e-05  9.781e+02  -2.623
                                      Pr(>|t|)    
(Intercept)                           4.08e-05 ***
MidPointTempSetPointDeviationRMS      9.71e-15 ***
I(MidPointTempSetPointDeviationRMS^2)  0.00885 ** 
---
Signif. codes:  0 ‘***’ 0.001 ‘**’ 0.01 ‘*’ 0.05 ‘.’ 0.1 ‘ ’ 1

Correlation of Fixed Effects:
            (Intr) MPTSPD
MdPnTSPDRMS -0.061       
I(MPTSPDRMS  0.047 -0.899
optimizer (nloptwrap) convergence code: 0 (OK)
Model failed to converge with max|grad| = 0.00648808 (tol = 0.002, component 1)

[1] 498.7154
Extracting and saving residuals from model fit to new variable: ResidualWaterDispHdRMS...

Fitting statistical model for variable: WaterDispHdVC...
boundary (singular) fit: see help('isSingular')
Printing model fit summary for variable: WaterDispHdVC...
Linear mixed model fit by REML. t-tests use Satterthwaite's method [
lmerModLmerTest]
Formula: 
WaterDispHdVC ~ AvgTempSetPointDeviationVC + I(AvgTempSetPointDeviationVC^2) +  
    (1 | Site) + (1 | Site:Marketing) + (0 + StdInventory + I(StdInventory^2) +  
    I(StdInventory^3) + StdDays + I(StdDays^2) + I(StdDays^3) |      Site)
   Data: master

REML criterion at convergence: -2082

Scaled residuals: 
    Min      1Q  Median      3Q     Max 
-5.5464 -0.5277 -0.0006  0.4718  7.6711 

Random effects:
 Groups         Name              Variance Std.Dev. Corr                   
 Site.Marketing (Intercept)       0.01435  0.1198                          
 Site           StdInventory      0.01801  0.1342                          
                I(StdInventory^2) 0.06792  0.2606    0.26                  
                I(StdInventory^3) 0.04345  0.2085    0.41  0.88            
                StdDays           0.44768  0.6691   -0.39 -0.19 -0.37      
                I(StdDays^2)      0.10852  0.3294    0.55  0.56  0.77 -0.87
                I(StdDays^3)      0.02269  0.1506    0.56  0.44  0.71 -0.87
 Site.1         (Intercept)       0.07275  0.2697                          
 Residual                         0.03154  0.1776                          
      
      
      
      
      
      
      
  0.98
      
      
Number of obs: 3748, groups:  Site:Marketing, 12; Site, 6

Fixed effects:
                                 Estimate Std. Error        df t value Pr(>|t|)
(Intercept)                     1.436e+00  1.162e-01 5.033e+00  12.358 5.89e-05
AvgTempSetPointDeviationVC      7.726e-03  1.643e-03 3.428e+03   4.702 2.68e-06
I(AvgTempSetPointDeviationVC^2) 2.807e-04  8.425e-05 3.589e+03   3.332 0.000871
                                   
(Intercept)                     ***
AvgTempSetPointDeviationVC      ***
I(AvgTempSetPointDeviationVC^2) ***
---
Signif. codes:  0 ‘***’ 0.001 ‘**’ 0.01 ‘*’ 0.05 ‘.’ 0.1 ‘ ’ 1

Correlation of Fixed Effects:
            (Intr) ATSPDV
AvgTmpSPDVC -0.049       
I(ATSPDVC^2  0.040 -0.911
optimizer (nloptwrap) convergence code: 0 (OK)
boundary (singular) fit: see help('isSingular')

Extracting and saving residuals from model fit to new variable: ResidualWaterDispHdVC...

########################################
         END: VARIABLE ADJUSTMENT
########################################

########################################
          BEGIN: FILE EXPORT
########################################

Exporting .RData object to path:
/group/deckerlab/cjgwx7/sensor-data/data/master/master-2022-07-20-adjusted.RData

Exporting .csv file to path:
/group/deckerlab/cjgwx7/sensor-data/data/master/master-2022-07-20-adjusted.csv

########################################
      END: FILE CONFIGURATION
########################################

[1] "The current script was completed on Monday, August 22, 2022 at 05:52 PM"
