[1] "The current script was initialized on Friday, January 13, 2023 at 01:24 AM"

########################################
        BEGIN: ENVIRONMENT SETUP
########################################

Loading package: argparse
Warning message:
package ‘argparse’ was built under R version 4.1.3 
Loading package: data.table
Loading package: dplyr

Attaching package: ‘dplyr’

The following objects are masked from ‘package:data.table’:

    between, first, last

The following objects are masked from ‘package:stats’:

    filter, lag

The following objects are masked from ‘package:base’:

    intersect, setdiff, setequal, union

Loading package: lmerTest
Loading required package: lme4
Loading required package: Matrix

Attaching package: ‘lmerTest’

The following object is masked from ‘package:lme4’:

    lmer

The following object is masked from ‘package:stats’:

    step

Loading package: MASS

Attaching package: ‘MASS’

The following object is masked from ‘package:dplyr’:

    select

Warning message:
package ‘MASS’ was built under R version 4.1.3 
Loading package: readr
Loading package: stringr
Loading package: tibble
Loading package: tidyr

Attaching package: ‘tidyr’

The following objects are masked from ‘package:Matrix’:

    expand, pack, unpack


########################################
         END: ENVIRONMENT SETUP
########################################

########################################
     BEGIN: FILE CONFIGURATION
########################################

Importing data file from path:
/group/deckerlab/cjgwx7/sensor-data/data/master/master-RUN=2023-01-12-21-07-38_MAXDATE=2022-07-20.RData

Preview of data file...
Rows: 5,676
Columns: 69
$ Order                            <dbl> 1, 2, 3, 4, 5, 6, 7, 8, 9, 10, 11, 12…
$ GlobalID                         <chr> "4NL2_1_44204", "4NL2_1_44205", "4NL2…
$ AltGlobalID                      <chr> "4NL2_1_44204", "4NL2_1_44205", "4NL2…
$ Site                             <fct> 4NL2, 4NL2, 4NL2, 4NL2, 4NL2, 4NL2, 4…
$ Site_NumericDate                 <chr> "4NL2_44204", "4NL2_44205", "4NL2_442…
$ Room                             <fct> 1, 1, 1, 1, 1, 1, 1, 1, 1, 1, 1, 1, 1…
$ OldRoom                          <fct> 1South, 1South, 1South, 1South, 1Sout…
$ Site_Room                        <fct> 4NL2_1, 4NL2_1, 4NL2_1, 4NL2_1, 4NL2_…
$ Turn                             <fct> 1, 1, 1, 1, 1, 1, 1, 1, 1, 1, 1, 1, 1…
$ Site_Turn                        <fct> 4NL2_1, 4NL2_1, 4NL2_1, 4NL2_1, 4NL2_…
$ Site_Room_Turn                   <fct> 4NL2_1_1, 4NL2_1_1, 4NL2_1_1, 4NL2_1_…
$ CalendarDate                     <date> 2021-01-08, 2021-01-09, 2021-01-10, …
$ NumericDate                      <dbl> 44204, 44205, 44206, 44207, 44208, 44…
$ GrowthPeriod                     <fct> Early, Early, Early, Early, Early, Ea…
$ Days                             <dbl> 1, 2, 3, 4, 5, 6, 7, 8, 9, 10, 11, 12…
$ Inventory                        <int> 908, 908, 908, 2860, 2860, 2860, 2859…
$ InventoryChange                  <dbl> 908, 0, 0, 1952, 0, 0, -1, -1, 0, 0, …
$ TotalInventoryChange             <dbl> 1043, -1, 0, 1952, -1, -1, -2, -2, -1…
$ Marketing                        <dbl> 0, 0, 0, 0, 0, 0, 0, 0, 0, 0, 0, 0, 0…
$ Euth                             <int> 0, 0, 0, 0, 0, 0, 0, 1, 0, 0, 0, 0, 0…
$ EuthProportion                   <dbl> 0.0000000000, 0.0000000000, 0.0000000…
$ Dead                             <int> 0, 0, 0, 0, 0, 0, 1, 0, 0, 0, 0, 0, 1…
$ DeadProportion                   <dbl> 0.0000000000, 0.0000000000, 0.0000000…
$ TotalMortality                   <int> 0, 0, 0, 0, 0, 0, 1, 1, 0, 0, 0, 0, 1…
$ TotalMortalityProportion         <dbl> 0.0000000000, 0.0000000000, 0.0000000…
$ Penicillin                       <int> NA, 2, 1, 1, 4, 6, 7, 4, 6, 8, 4, 0, …
$ PenicillinProportion             <dbl> NA, 0.0022026432, 0.0011013216, 0.000…
$ Dexamethasone                    <int> NA, 2, 1, 1, 4, 6, 7, 4, 6, 8, 4, 48,…
$ DexamethasoneProportion          <dbl> NA, 0.0022026432, 0.0011013216, 0.000…
$ Ceftiofur                        <int> NA, 0, 0, 0, 0, 0, 0, 0, 0, 0, 0, 48,…
$ CeftiofurProportion              <dbl> NA, 0.000000000, 0.000000000, 0.00000…
$ Enroflaxin                       <int> NA, 18, 20, 18, 46, 47, 55, 39, 37, 4…
$ EnroflaxinProportion             <dbl> NA, 0.0198237885, 0.0220264317, 0.006…
$ Tetracycline                     <int> NA, 0, 0, 0, 0, 0, 0, 0, 0, 0, 0, 0, …
$ TetracyclineProportion           <dbl> NA, 0, 0, 0, 0, 0, 0, 0, 0, 0, 0, 0, …
$ Lincomycin                       <int> NA, 0, 0, 0, 0, 0, 0, 0, 0, 0, 0, 0, …
$ LincomycinProportion             <dbl> NA, 0, 0, 0, 0, 0, 0, 0, 0, 0, 0, 0, …
$ OtherTreatments                  <int> NA, 0, 0, 0, 0, 0, 0, 0, 0, 0, 0, 0, …
$ OtherTreatmentsProportion        <dbl> NA, 0, 0, 0, 0, 0, 0, 0, 0, 0, 0, 0, …
$ PrimaryRespiratory               <int> NA, 18, 20, 18, 46, 47, 55, 39, 37, 4…
$ PrimaryRespiratoryProportion     <dbl> NA, 0.019823789, 0.022026432, 0.00629…
$ SecondaryRespiratory             <int> NA, 4, 2, 2, 8, 12, 14, 8, 12, 16, 8,…
$ SecondaryRespiratoryProportion   <dbl> NA, 0.0044052863, 0.0022026432, 0.000…
$ TotalTreatments                  <int> NA, 22, 22, 20, 54, 59, 69, 47, 49, 6…
$ TotalTreatmentsProportion        <dbl> NA, 0.024229075, 0.024229075, 0.00699…
$ WaterMedications                 <int> NA, 1, 1, 1, 1, 1, 1, 1, 0, 0, 0, 0, …
$ WaterDispRMS                     <dbl> NA, NA, 116, NA, NA, 495, 502, 540, 5…
$ WaterDispHdRMS                   <dbl> NA, NA, 0.1277533, NA, NA, 0.1730769,…
$ WaterDispVC                      <dbl> NA, 107, 125, NA, 478, 517, 527, 578,…
$ WaterDispHdVC                    <dbl> NA, 0.1178414, 0.1376652, NA, 0.16713…
$ SetPointRMS                      <dbl> NA, 79.9, 83.5, 83.5, 83.5, 83.5, 83.…
$ LowTempRMS                       <dbl> NA, 68.7, 80.6, 80.3, 80.6, 80.8, 80.…
$ MidPointTempRMS                  <dbl> NA, 78.05, 82.40, 82.15, 82.25, 82.20…
$ HiTempRMS                        <dbl> NA, 87.4, 84.2, 84.0, 83.9, 83.6, 83.…
$ TempRangeRMS                     <dbl> NA, 18.7, 3.6, 3.7, 3.3, 2.8, 2.7, 2.…
$ LowTempSetPointDeviationRMS      <dbl> NA, -11.2, -2.9, -3.2, -2.9, -2.7, -2…
$ HiTempSetPointDeviationRMS       <dbl> NA, 7.5, 0.7, 0.5, 0.4, 0.1, 0.1, 0.0…
$ MidPointTempSetPointDeviationRMS <dbl> NA, -1.85, -1.10, -1.35, -1.25, -1.30…
$ SetPointVC                       <dbl> NA, 83.5, 83.5, 83.5, 83.5, 83.5, 83.…
$ LowTempVC                        <dbl> NA, 80.6, 80.3, 80.6, 80.8, 80.9, 80.…
$ AvgTempVC                        <dbl> NA, NA, NA, NA, NA, NA, NA, NA, NA, N…
$ HiTempVC                         <dbl> NA, 84.2, 84.0, 83.9, 83.6, 83.6, 83.…
$ TempRangeVC                      <dbl> NA, 3.6, 3.7, 3.3, 2.8, 2.7, 2.7, 2.7…
$ LowTempSetPointDeviationVC       <dbl> NA, -2.9, -3.2, -2.9, -2.7, -2.6, -2.…
$ AvgTempSetPointDeviationVC       <dbl> NA, NA, NA, NA, NA, NA, NA, NA, NA, N…
$ HiTempSetPointDeviationVC        <dbl> NA, 0.7, 0.5, 0.4, 0.1, 0.1, 0.0, -0.…
$ Temp_ReHS                        <dbl> 85.4, 86.3, 87.2, 86.0, 85.4, 85.4, 8…
$ ReHS                             <dbl> 98.66667, 92.33333, 82.00000, 92.3333…
$ Color_ReHS                       <fct> Green, Green, Green, Green, Green, Gr…

########################################
      END: FILE CONFIGURATION
########################################

########################################
      BEGIN: VARIABLE ADJUSTMENT
########################################

Fitting mixed (FE: offset(log(Inventory))) RE: Cubic Days and Site_Turn) negative binomial model for variable: TotalMortality...
Warning messages:
1: In checkConv(attr(opt, "derivs"), opt$par, ctrl = control$checkConv,  :
  Model failed to converge with max|grad| = 0.00419919 (tol = 0.002, component 1)
2: In checkConv(attr(opt, "derivs"), opt$par, ctrl = control$checkConv,  :
  Model failed to converge with max|grad| = 0.00256705 (tol = 0.002, component 1)

Printing model fit summary for variable: TotalMortality...
Generalized linear mixed model fit by maximum likelihood (Laplace
  Approximation) [glmerMod]
 Family: Negative Binomial(1.26)  ( log )
Formula: 
TotalMortality ~ offset(log(Inventory)) + (1 + StdDays + I(StdDays^2) +  
    I(StdDays^3) | Site_Turn)
   Data: master

     AIC      BIC   logLik deviance df.resid 
 13754.1  13833.8  -6865.0  13730.1     5644 

Scaled residuals: 
    Min      1Q  Median      3Q     Max 
-1.0970 -0.6289 -0.4552  0.3510 25.1935 

Random effects:
 Groups    Name         Variance Std.Dev. Corr             
 Site_Turn (Intercept)  0.4503   0.6710                    
           StdDays      0.9083   0.9530   -0.56            
           I(StdDays^2) 0.1307   0.3615   -0.40 -0.27      
           I(StdDays^3) 0.2128   0.4614    0.61 -0.86 -0.13
Number of obs: 5656, groups:  Site_Turn, 21

Fixed effects:
            Estimate Std. Error z value Pr(>|z|)    
(Intercept)  -8.1492     0.1576  -51.71   <2e-16 ***
---
Signif. codes:  0 ‘***’ 0.001 ‘**’ 0.01 ‘*’ 0.05 ‘.’ 0.1 ‘ ’ 1

Extracting and saving residuals from model fit to new variable: ResidualTotalMortality_CubicDaysSiteTurn...
----------------------------------------------------------------------------------------------
Fitting mixed (FE: offset(log(Inventory)) & GrowthPeriod RE: Site_Turn) negative binomial model for variable: TotalMortality...

Printing model fit summary for variable: TotalMortality...
Generalized linear mixed model fit by maximum likelihood (Laplace
  Approximation) [glmerMod]
 Family: Negative Binomial(0.827)  ( log )
Formula: TotalMortality ~ offset(log(Inventory)) + GrowthPeriod + (1 |  
    Site_Turn)
   Data: master

     AIC      BIC   logLik deviance df.resid 
 14322.3  14362.1  -7155.1  14310.3     5650 

Scaled residuals: 
    Min      1Q  Median      3Q     Max 
-0.8660 -0.6085 -0.4499  0.2902 28.0443 

Random effects:
 Groups    Name        Variance Std.Dev.
 Site_Turn (Intercept) 0.5265   0.7256  
Number of obs: 5656, groups:  Site_Turn, 21

Fixed effects:
                         Estimate Std. Error z value Pr(>|z|)    
(Intercept)              -7.33530    0.16302 -44.995  < 2e-16 ***
GrowthPeriodEarly Middle -0.36061    0.05414  -6.661 2.72e-11 ***
GrowthPeriodLate Middle  -0.85810    0.06616 -12.970  < 2e-16 ***
GrowthPeriodLate         -0.62095    0.06854  -9.059  < 2e-16 ***
---
Signif. codes:  0 ‘***’ 0.001 ‘**’ 0.01 ‘*’ 0.05 ‘.’ 0.1 ‘ ’ 1

Correlation of Fixed Effects:
            (Intr) GrwPEM GrwPLM
GrwthPrdErM -0.140              
GrwthPrdLtM -0.118  0.393       
GrowthPrdLt -0.116  0.387  0.377

Extracting and saving residuals from model fit to new variable: ResidualTotalMortality_FixedGrowthPeriodRandomSiteTurn...
----------------------------------------------------------------------------------------------
Fitting fixed [FE: offset(log(Inventory))] negative binomial model for variable: TotalMortality...

Printing model fit summary for variable: TotalMortality...

Call:
glm.nb(formula = TotalMortality ~ offset(log(Inventory)) + GrowthPeriod, 
    data = master, na.action = na.exclude, init.theta = 0.422514201, 
    link = log)

Deviance Residuals: 
    Min       1Q   Median       3Q      Max  
-1.4899  -0.9359  -0.7339   0.1096   5.7484  

Coefficients:
                         Estimate Std. Error z value Pr(>|z|)    
(Intercept)              -6.67749    0.04127 -161.78   <2e-16 ***
GrowthPeriodEarly Middle -0.81249    0.06337  -12.82   <2e-16 ***
GrowthPeriodLate Middle  -1.28915    0.07219  -17.86   <2e-16 ***
GrowthPeriodLate         -1.00492    0.07258  -13.85   <2e-16 ***
---
Signif. codes:  0 ‘***’ 0.001 ‘**’ 0.01 ‘*’ 0.05 ‘.’ 0.1 ‘ ’ 1

(Dispersion parameter for Negative Binomial(0.4225) family taken to be 1)

    Null deviance: 5145.2  on 5655  degrees of freedom
Residual deviance: 4737.3  on 5652  degrees of freedom
  (20 observations deleted due to missingness)
AIC: 15504

Number of Fisher Scoring iterations: 1


              Theta:  0.4225 
          Std. Err.:  0.0142 

 2 x log-likelihood:  -15494.1510 

Extracting and saving residuals from model fit to new variable: ResidualTotalMortality_FixedGrowthPeriod...
----------------------------------------------------------------------------------------------
Fitting mixed [FE: offset(log(Inventory)) & RE: Site_Turn] negative binomial model for variable: TotalMortality (Early)...

Printing model fit summary for variable: TotalMortality...
Generalized linear mixed model fit by maximum likelihood (Laplace
  Approximation) [glmerMod]
 Family: Negative Binomial(1.4684)  ( log )
Formula: TotalMortality ~ offset(log(Inventory)) + (1 | Site_Turn)
   Data: master_e

     AIC      BIC   logLik deviance df.resid 
  5199.1   5215.3  -2596.6   5193.1     1627 

Scaled residuals: 
    Min      1Q  Median      3Q     Max 
-1.1716 -0.7198 -0.3680  0.3227 11.5811 

Random effects:
 Groups    Name        Variance Std.Dev.
 Site_Turn (Intercept) 1.168    1.081   
Number of obs: 1630, groups:  Site_Turn, 20

Fixed effects:
            Estimate Std. Error z value Pr(>|z|)    
(Intercept)  -7.5582     0.2446   -30.9   <2e-16 ***
---
Signif. codes:  0 ‘***’ 0.001 ‘**’ 0.01 ‘*’ 0.05 ‘.’ 0.1 ‘ ’ 1

Extracting and saving residuals from model fit to new variable: ResidualTotalMortality_E...
----------------------------------------------------------------------------------------------
Fitting mixed [FE: offset(log(Inventory)) & RE: Site_Turn] negative binomial model for variable: TotalMortality (Early Middle)...

Printing model fit summary for variable: TotalMortality...
Generalized linear mixed model fit by maximum likelihood (Laplace
  Approximation) [glmerMod]
 Family: Negative Binomial(0.8465)  ( log )
Formula: TotalMortality ~ offset(log(Inventory)) + (1 | Site_Turn)
   Data: master_em

     AIC      BIC   logLik deviance df.resid 
  3989.0   4004.8  -1991.5   3983.0     1450 

Scaled residuals: 
    Min      1Q  Median      3Q     Max 
-0.7992 -0.6087 -0.5075  0.3395 19.1509 

Random effects:
 Groups    Name        Variance Std.Dev.
 Site_Turn (Intercept) 0.3516   0.593   
Number of obs: 1453, groups:  Site_Turn, 20

Fixed effects:
            Estimate Std. Error z value Pr(>|z|)    
(Intercept)  -7.6210     0.1399  -54.49   <2e-16 ***
---
Signif. codes:  0 ‘***’ 0.001 ‘**’ 0.01 ‘*’ 0.05 ‘.’ 0.1 ‘ ’ 1

Extracting and saving residuals from model fit to new variable: ResidualTotalMortality_EM...
----------------------------------------------------------------------------------------------
Fitting mixed [FE: offset(log(Inventory)) & RE: Site_Turn] negative binomial model for variable: TotalMortality (Late Middle)...

Printing model fit summary for variable: TotalMortality...
Generalized linear mixed model fit by maximum likelihood (Laplace
  Approximation) [glmerMod]
 Family: Negative Binomial(1.4042)  ( log )
Formula: TotalMortality ~ offset(log(Inventory)) + (1 | Site_Turn)
   Data: master_lm

     AIC      BIC   logLik deviance df.resid 
  2328.5   2343.9  -1161.2   2322.5     1250 

Scaled residuals: 
    Min      1Q  Median      3Q     Max 
-0.7813 -0.6150 -0.4970  0.4537  5.5136 

Random effects:
 Groups    Name        Variance Std.Dev.
 Site_Turn (Intercept) 0.3039   0.5513  
Number of obs: 1253, groups:  Site_Turn, 16

Fixed effects:
            Estimate Std. Error z value Pr(>|z|)    
(Intercept)  -8.0966     0.1475   -54.9   <2e-16 ***
---
Signif. codes:  0 ‘***’ 0.001 ‘**’ 0.01 ‘*’ 0.05 ‘.’ 0.1 ‘ ’ 1

Extracting and saving residuals from model fit to new variable: ResidualTotalMortality_LM...
----------------------------------------------------------------------------------------------
Fitting mixed [FE: offset(log(Inventory)) & RE: Site_Turn] negative binomial model for variable: TotalMortality (Late)...

Printing model fit summary for variable: TotalMortality...
Generalized linear mixed model fit by maximum likelihood (Laplace
  Approximation) [glmerMod]
 Family: Negative Binomial(1.0662)  ( log )
Formula: TotalMortality ~ offset(log(Inventory)) + (1 | Site_Turn)
   Data: master_l

     AIC      BIC   logLik deviance df.resid 
  2363.9   2379.5  -1179.0   2357.9     1317 

Scaled residuals: 
    Min      1Q  Median      3Q     Max 
-0.7548 -0.5800 -0.4330  0.2808 18.8323 

Random effects:
 Groups    Name        Variance Std.Dev.
 Site_Turn (Intercept) 0.2236   0.4729  
Number of obs: 1320, groups:  Site_Turn, 14

Fixed effects:
            Estimate Std. Error z value Pr(>|z|)    
(Intercept)  -7.8066     0.1378  -56.65   <2e-16 ***
---
Signif. codes:  0 ‘***’ 0.001 ‘**’ 0.01 ‘*’ 0.05 ‘.’ 0.1 ‘ ’ 1

Extracting and saving residuals from model fit to new variable: ResidualTotalMortality_L...
----------------------------------------------------------------------------------------------
Finding mortality events...

########################################
         END: VARIABLE ADJUSTMENT
########################################

########################################
          BEGIN: FILE EXPORT
########################################

Exporting .RData object to path:
/group/deckerlab/cjgwx7/sensor-data/data/master/master-adjusted-RUN=2023-01-12-21-07-38_MAXDATE=2022-07-20.RData

Exporting .csv file to path:
/group/deckerlab/cjgwx7/sensor-data/data/master/master-adjusted-RUN=2023-01-12-21-07-38_MAXDATE=2022-07-20.csv

########################################
      END: FILE CONFIGURATION
########################################

[1] "The current script was completed on Friday, January 13, 2023 at 01:29 AM"
