/var/spool/slurmd/job25046093/slurm_script: line 13: activate: No such file or directory
[1] "The current script was initialized on Thursday, August 11, 2022 at 03:00 PM"

########################################
        BEGIN: ENVIRONMENT SETUP
########################################

Loading package: argparse
Warning message:
package ‘argparse’ was built under R version 4.1.3 
Loading package: data.table
Loading package: dplyr

Attaching package: ‘dplyr’

The following objects are masked from ‘package:data.table’:

    between, first, last

The following objects are masked from ‘package:stats’:

    filter, lag

The following objects are masked from ‘package:base’:

    intersect, setdiff, setequal, union

Loading package: openxlsx
Loading package: readr
Loading package: stringr
Loading package: tibble
Loading package: tidyr
Loading source function: cross_val.R
Loading required package: MASS

Attaching package: ‘MASS’

The following object is masked from ‘package:dplyr’:

    select

Warning message:
package ‘MASS’ was built under R version 4.1.3 

########################################
         END: ENVIRONMENT SETUP
########################################

########################################
     BEGIN: FILE CONFIGURATION
########################################

First five rows of configured data set...
# A tibble: 5 × 6
  GlobalID     Site   Days Inventory AvgTempSetPointDeviationVC WaterDispHdVC
  <chr>        <chr> <dbl>     <dbl>                      <dbl>         <dbl>
1 4NL2_1_44222 4NL2     19      2852                      -1.80         0.413
2 4NL2_1_44223 4NL2     20      2851                      -2.10         0.401
3 4NL2_1_44224 4NL2     21      2848                      -1.90         0.430
4 4NL2_1_44225 4NL2     22      2848                      -1.60         0.421
5 4NL2_1_44226 4NL2     23      2848                      -1.40         0.449

First five rows of fit specification list...
[[1]]
WaterDispHdVC ~ 1 + Days
<environment: 0x55555837ab38>

[[2]]
WaterDispHdVC ~ 1 + Days + I(Days^2)
<environment: 0x55555837ab38>

[[3]]
WaterDispHdVC ~ 1 + Days + I(Days^2) + I(Days^3)
<environment: 0x55555837ab38>

[[4]]
WaterDispHdVC ~ 1 + Inventory
<environment: 0x55555837ab38>

[[5]]
WaterDispHdVC ~ 1 + Inventory + I(Inventory^2)
<environment: 0x55555837ab38>



########################################
      END: FILE CONFIGURATION
########################################

########################################
        BEGIN: MODEL EVALUTION
########################################

First five rows of results file...
         HoldoutFold       SSE      SST        R2    R2_adj        MSE
4NL2...1        4NL2 102.00992 464.4525 0.7803652 0.7799100 0.10538215
BIBL...2        BIBL  57.51677 307.1598 0.8127464 0.8122765 0.07189597
G1TC...3        G1TC 113.86177 145.5222 0.2175642 0.2135517 0.28972460
4NL2...4        4NL2  88.66476 464.4525 0.8090983 0.8087027 0.09159582
BIBL...5        BIBL  67.92965 307.1598 0.7788459 0.7782909 0.08491206
              RMSE                      fit  model
4NL2...1 0.3246262 WaterDispHdVC ~ 1 + Days     lm
BIBL...2 0.2681342 WaterDispHdVC ~ 1 + Days     lm
G1TC...3 0.5382607 WaterDispHdVC ~ 1 + Days     lm
4NL2...4 0.3026480 WaterDispHdVC ~ 1 + Days robust
BIBL...5 0.2913967 WaterDispHdVC ~ 1 + Days robust


########################################
         END: MODEL EVALUTION
########################################

[1] "The current script was completed on Thursday, August 11, 2022 at 03:00 PM"
