[1] "The current script was initialized on Monday, August 22, 2022 at 02:25 PM"

########################################
        BEGIN: ENVIRONMENT SETUP
########################################

Loading package: argparse
Warning message:
package ‘argparse’ was built under R version 4.1.3 
Loading package: data.table
Loading package: dplyr

Attaching package: ‘dplyr’

The following objects are masked from ‘package:data.table’:

    between, first, last

The following objects are masked from ‘package:stats’:

    filter, lag

The following objects are masked from ‘package:base’:

    intersect, setdiff, setequal, union

Loading package: openxlsx
Loading package: readr
Loading package: stringr
Loading package: tibble
Loading package: tidyr
Loading source function: cross_val.R
Loading required package: MASS

Attaching package: ‘MASS’

The following object is masked from ‘package:dplyr’:

    select

Warning message:
package ‘MASS’ was built under R version 4.1.3 

########################################
         END: ENVIRONMENT SETUP
########################################

########################################
     BEGIN: FILE CONFIGURATION
########################################

First five rows of configured data set...
# A tibble: 5 × 6
  GlobalID     Site   Days Inventory AvgTempSetPointDeviationVC WaterDispHdVC
  <chr>        <chr> <dbl>     <dbl>                      <dbl>         <dbl>
1 4NL2_1_44222 4NL2     19      2852                      -1.80         0.413
2 4NL2_1_44223 4NL2     20      2851                      -2.10         0.401
3 4NL2_1_44224 4NL2     21      2848                      -1.90         0.430
4 4NL2_1_44225 4NL2     22      2848                      -1.60         0.421
5 4NL2_1_44226 4NL2     23      2848                      -1.40         0.449

First five rows of fit specification list...
[[1]]
WaterDispHdVC ~ 1 + Days
<environment: 0x5555583764a0>

[[2]]
WaterDispHdVC ~ 1 + Days + I(Days^2)
<environment: 0x5555583764a0>

[[3]]
WaterDispHdVC ~ 1 + Days + I(Days^2) + I(Days^3)
<environment: 0x5555583764a0>

[[4]]
WaterDispHdVC ~ 1 + Inventory
<environment: 0x5555583764a0>

[[5]]
WaterDispHdVC ~ 1 + Inventory + I(Inventory^2)
<environment: 0x5555583764a0>



########################################
      END: FILE CONFIGURATION
########################################

########################################
        BEGIN: MODEL EVALUTION
########################################

First five rows of results file...
         HoldoutFold       SSE       SST         R2     R2_adj        MSE
4NL2...1        4NL2 130.67157 464.45254  0.7186546  0.7180715 0.13499130
BIBL...2        BIBL  65.74326 307.15977  0.7859640  0.7854269 0.08217907
CON2...3        CON2  50.12077 250.72665  0.8000979  0.7994976 0.07491894
G1TC...4        G1TC 102.87056 145.52219  0.2930937  0.2894685 0.26175715
HOTC...5        HOTC 107.54286  51.69706 -1.0802508 -1.0974430 0.43895045
              RMSE                      fit model
4NL2...1 0.3674116 WaterDispHdVC ~ 1 + Days    lm
BIBL...2 0.2866689 WaterDispHdVC ~ 1 + Days    lm
CON2...3 0.2737132 WaterDispHdVC ~ 1 + Days    lm
G1TC...4 0.5116221 WaterDispHdVC ~ 1 + Days    lm
HOTC...5 0.6625334 WaterDispHdVC ~ 1 + Days    lm

`summarise()` has grouped output by 'fit'. You can override using the `.groups`
argument.
First five rows of sumarized results file...
# A tibble: 5 × 4
# Groups:   fit [3]
  fit                                                model `Mean RMSE` `SD RMSE`
  <chr>                                              <chr>       <dbl>     <dbl>
1 WaterDispHdVC ~ 1 + AvgTempSetPointDeviationVC     lm          0.531    0.0689
2 WaterDispHdVC ~ 1 + AvgTempSetPointDeviationVC     robu…       0.531    0.0685
3 WaterDispHdVC ~ 1 + AvgTempSetPointDeviationVC + … lm          0.507    0.0532
4 WaterDispHdVC ~ 1 + AvgTempSetPointDeviationVC + … robu…       0.507    0.0527
5 WaterDispHdVC ~ 1 + AvgTempSetPointDeviationVC + … lm          0.503    0.0579


########################################
         END: MODEL EVALUTION
########################################

[1] "The current script was completed on Monday, August 22, 2022 at 02:25 PM"
