[1] "The current script was initialized on Wednesday, November 02, 2022 at 07:06 PM"

########################################
        BEGIN: ENVIRONMENT SETUP
########################################

Loading package: argparse
Warning message:
package ‘argparse’ was built under R version 4.1.3 
Loading package: data.table
Loading package: dplyr

Attaching package: ‘dplyr’

The following objects are masked from ‘package:data.table’:

    between, first, last

The following objects are masked from ‘package:stats’:

    filter, lag

The following objects are masked from ‘package:base’:

    intersect, setdiff, setequal, union

Loading package: readr
Loading package: stringr
Loading package: tibble
Loading package: tidyr

########################################
         END: ENVIRONMENT SETUP
########################################

########################################
     BEGIN: FILE CONFIGURATION
########################################

Importing data file from path:
/group/deckerlab/cjgwx7/sensor-data/data/master/master-2022-07-20-lagged.csv

Preview of data file...
Loading single variable function...

########################################
      END: FILE CONFIGURATION
########################################

########################################
      BEGIN: VARIABLE ADJUSTMENT
########################################

Rows: 1,598
Columns: 758
$ Order                                  <int> 1, 2, 3, 4, 5, 6, 7, 8, 9, 10, …
$ GlobalID                               <chr> "4NL2_1_44204", "4NL2_1_44205",…
$ AltGlobalID                            <chr> "4NL2_1_44204", "4NL2_1_44205",…
$ Site                                   <chr> "4NL2", "4NL2", "4NL2", "4NL2",…
$ Site_NumericDate                       <chr> "4NL2_44204", "4NL2_44205", "4N…
$ Room                                   <int> 1, 1, 1, 1, 1, 1, 1, 1, 1, 1, 1…
$ OldRoom                                <chr> "1South", "1South", "1South", "…
$ Site_Room                              <chr> "4NL2_1", "4NL2_1", "4NL2_1", "…
$ Turn                                   <int> 1, 1, 1, 1, 1, 1, 1, 1, 1, 1, 1…
$ Site_Turn                              <chr> "4NL2_1", "4NL2_1", "4NL2_1", "…
$ Site_Room_Turn                         <chr> "4NL2_1_1", "4NL2_1_1", "4NL2_1…
$ CalendarDate                           <chr> "2021-01-08", "2021-01-09", "20…
$ NumericDate                            <int> 44204, 44205, 44206, 44207, 442…
$ Days                                   <int> 1, 2, 3, 4, 5, 6, 7, 8, 9, 10, …
$ Inventory                              <int> 908, 908, 908, 2860, 2860, 2860…
$ Euth_Lag0                              <int> 0, 0, 0, 0, 0, 0, 0, 1, 0, 0, 0…
$ EuthProportion_Lag0                    <dbl> 0.0000000000, 0.0000000000, 0.0…
$ Dead_Lag0                              <int> 0, 0, 0, 0, 0, 0, 1, 0, 0, 0, 0…
$ DeadProportion_Lag0                    <dbl> 0.0000000000, 0.0000000000, 0.0…
$ TotalMortality                         <int> 0, 0, 0, 0, 0, 0, 1, 1, 0, 0, 0…
$ TotalMortalityProportion_Lag0          <dbl> 0.0000000000, 0.0000000000, 0.0…
$ HighMortalityDay_Lag0                  <int> 0, 0, 0, 0, 0, 0, 0, 0, 0, 0, 0…
$ ExtremeHighMortalityDay_Lag0           <int> 0, 0, 0, 0, 0, 0, 0, 0, 0, 0, 0…
$ Penicillin_Lag0                        <int> NA, 2, 1, 1, 4, 6, 7, 4, 6, 8, …
$ PenicillinProportion_Lag0              <dbl> NA, 0.0022026432, 0.0011013216,…
$ Dexamethasone_Lag0                     <int> NA, 2, 1, 1, 4, 6, 7, 4, 6, 8, …
$ DexamethasoneProportion_Lag0           <dbl> NA, 0.0022026432, 0.0011013216,…
$ Ceftiofur_Lag0                         <int> NA, 0, 0, 0, 0, 0, 0, 0, 0, 0, …
$ CeftiofurProportion_Lag0               <dbl> NA, 0.000000000, 0.000000000, 0…
$ Enroflaxin_Lag0                        <int> NA, 18, 20, 18, 46, 47, 55, 39,…
$ EnroflaxinProportion_Lag0              <dbl> NA, 0.0198237885, 0.0220264317,…
$ Tetracycline_Lag0                      <int> NA, 0, 0, 0, 0, 0, 0, 0, 0, 0, …
$ TetracyclineProportion_Lag0            <dbl> NA, 0, 0, 0, 0, 0, 0, 0, 0, 0, …
$ Lincomycin_Lag0                        <int> NA, 0, 0, 0, 0, 0, 0, 0, 0, 0, …
$ LincomycinProportion_Lag0              <dbl> NA, 0, 0, 0, 0, 0, 0, 0, 0, 0, …
$ OtherTreatments_Lag0                   <int> NA, 0, 0, 0, 0, 0, 0, 0, 0, 0, …
$ OtherTreatmentsProportion_Lag0         <dbl> NA, 0, 0, 0, 0, 0, 0, 0, 0, 0, …
$ PrimaryRespiratory_Lag0                <int> NA, 18, 20, 18, 46, 47, 55, 39,…
$ PrimaryRespiratoryProportion_Lag0      <dbl> NA, 0.019823789, 0.022026432, 0…
$ SecondaryRespiratory_Lag0              <int> NA, 4, 2, 2, 8, 12, 14, 8, 12, …
$ SecondaryRespiratoryProportion_Lag0    <dbl> NA, 0.0044052863, 0.0022026432,…
$ TotalTreatments_Lag0                   <int> NA, 22, 22, 20, 54, 59, 69, 47,…
$ TotalTreatmentsProportion_Lag0         <dbl> NA, 0.024229075, 0.024229075, 0…
$ WaterMedications_Lag0                  <int> NA, 1, 1, 1, 1, 1, 1, 1, 0, 0, …
$ WaterDispHdRMS_Lag0                    <dbl> NA, NA, 0.1277533, NA, NA, 0.17…
$ ResidualWaterDispHdRMS_Lag0            <dbl> NA, NA, -0.507537104, NA, NA, -…
$ WaterDispHdVC_Lag0                     <dbl> NA, 0.1178414, 0.1376652, NA, 0…
$ ResidualWaterDispHdVC_Lag0             <dbl> NA, NA, NA, NA, NA, NA, NA, NA,…
$ SetPointRMS_Lag0                       <dbl> NA, 79.9, 83.5, 83.5, 83.5, 83.…
$ LowTempRMS_Lag0                        <dbl> NA, 68.7, 80.6, 80.3, 80.6, 80.…
$ MidPointTempRMS_Lag0                   <dbl> NA, 78.05, 82.40, 82.15, 82.25,…
$ HiTempRMS_Lag0                         <dbl> NA, 87.4, 84.2, 84.0, 83.9, 83.…
$ TempRangeRMS_Lag0                      <dbl> NA, 18.7, 3.6, 3.7, 3.3, 2.8, 2…
$ LowTempSetPointDeviationRMS_Lag0       <dbl> NA, -11.2, -2.9, -3.2, -2.9, -2…
$ HiTempSetPointDeviationRMS_Lag0        <dbl> NA, 7.5, 0.7, 0.5, 0.4, 0.1, 0.…
$ MidPointTempSetPointDeviationRMS_Lag0  <dbl> NA, -1.85, -1.10, -1.35, -1.25,…
$ SetPointVC_Lag0                        <dbl> NA, 83.5, 83.5, 83.5, 83.5, 83.…
$ LowTempVC_Lag0                         <dbl> NA, 80.6, 80.3, 80.6, 80.8, 80.…
$ AvgTempVC_Lag0                         <dbl> NA, NA, NA, NA, NA, NA, NA, NA,…
$ HiTempVC_Lag0                          <dbl> NA, 84.2, 84.0, 83.9, 83.6, 83.…
$ TempRangeVC_Lag0                       <dbl> NA, 3.6, 3.7, 3.3, 2.8, 2.7, 2.…
$ LowTempSetPointDeviationVC_Lag0        <dbl> NA, -2.9, -3.2, -2.9, -2.7, -2.…
$ AvgTempSetPointDeviationVC_Lag0        <dbl> NA, NA, NA, NA, NA, NA, NA, NA,…
$ HiTempSetPointDeviationVC_Lag0         <dbl> NA, 0.7, 0.5, 0.4, 0.1, 0.1, 0.…
$ Temp_ReHS_Lag0                         <dbl> 85.4, 86.3, 87.2, 86.0, 85.4, 8…
$ ReHS_Lag0                              <dbl> 98.66667, 92.33333, 82.00000, 9…
$ Color_ReHS_Green_Lag0                  <int> 1, 1, 1, 1, 1, 1, 1, 1, 1, 1, 1…
$ Color_ReHS_Yellow_Lag0                 <int> 0, 0, 0, 0, 0, 0, 0, 0, 0, 0, 0…
$ Color_ReHS_Red_Lag0                    <int> 0, 0, 0, 0, 0, 0, 0, 0, 0, 0, 0…
$ Euth_Lag1                              <int> NA, 0, 0, 0, 0, 0, 0, 0, 1, 0, …
$ EuthProportion_Lag1                    <dbl> NA, 0.0000000000, 0.0000000000,…
$ Dead_Lag1                              <int> NA, 0, 0, 0, 0, 0, 0, 1, 0, 0, …
$ DeadProportion_Lag1                    <dbl> NA, 0.0000000000, 0.0000000000,…
$ TotalMortalityProportion_Lag1          <dbl> NA, 0.0000000000, 0.0000000000,…
$ HighMortalityDay_Lag1                  <int> NA, 0, 0, 0, 0, 0, 0, 0, 0, 0, …
$ ExtremeHighMortalityDay_Lag1           <int> NA, 0, 0, 0, 0, 0, 0, 0, 0, 0, …
$ Penicillin_Lag1                        <int> NA, NA, 2, 1, 1, 4, 6, 7, 4, 6,…
$ PenicillinProportion_Lag1              <dbl> NA, NA, 0.0022026432, 0.0011013…
$ Dexamethasone_Lag1                     <int> NA, NA, 2, 1, 1, 4, 6, 7, 4, 6,…
$ DexamethasoneProportion_Lag1           <dbl> NA, NA, 0.0022026432, 0.0011013…
$ Ceftiofur_Lag1                         <int> NA, NA, 0, 0, 0, 0, 0, 0, 0, 0,…
$ CeftiofurProportion_Lag1               <dbl> NA, NA, 0.000000000, 0.00000000…
$ Enroflaxin_Lag1                        <int> NA, NA, 18, 20, 18, 46, 47, 55,…
$ EnroflaxinProportion_Lag1              <dbl> NA, NA, 0.0198237885, 0.0220264…
$ Tetracycline_Lag1                      <int> NA, NA, 0, 0, 0, 0, 0, 0, 0, 0,…
$ TetracyclineProportion_Lag1            <dbl> NA, NA, 0, 0, 0, 0, 0, 0, 0, 0,…
$ Lincomycin_Lag1                        <int> NA, NA, 0, 0, 0, 0, 0, 0, 0, 0,…
$ LincomycinProportion_Lag1              <dbl> NA, NA, 0, 0, 0, 0, 0, 0, 0, 0,…
$ OtherTreatments_Lag1                   <int> NA, NA, 0, 0, 0, 0, 0, 0, 0, 0,…
$ OtherTreatmentsProportion_Lag1         <dbl> NA, NA, 0, 0, 0, 0, 0, 0, 0, 0,…
$ PrimaryRespiratory_Lag1                <int> NA, NA, 18, 20, 18, 46, 47, 55,…
$ PrimaryRespiratoryProportion_Lag1      <dbl> NA, NA, 0.019823789, 0.02202643…
$ SecondaryRespiratory_Lag1              <int> NA, NA, 4, 2, 2, 8, 12, 14, 8, …
$ SecondaryRespiratoryProportion_Lag1    <dbl> NA, NA, 0.0044052863, 0.0022026…
$ TotalTreatments_Lag1                   <int> NA, NA, 22, 22, 20, 54, 59, 69,…
$ TotalTreatmentsProportion_Lag1         <dbl> NA, NA, 0.024229075, 0.02422907…
$ WaterMedications_Lag1                  <int> NA, NA, 1, 1, 1, 1, 1, 1, 1, 0,…
$ WaterDispHdRMS_Lag1                    <dbl> NA, NA, NA, 0.1277533, NA, NA, …
$ ResidualWaterDispHdRMS_Lag1            <dbl> NA, NA, NA, -0.507537104, NA, N…
$ WaterDispHdVC_Lag1                     <dbl> NA, NA, 0.1178414, 0.1376652, N…
$ ResidualWaterDispHdVC_Lag1             <dbl> NA, NA, NA, NA, NA, NA, NA, NA,…
$ SetPointRMS_Lag1                       <dbl> NA, NA, 79.9, 83.5, 83.5, 83.5,…
$ LowTempRMS_Lag1                        <dbl> NA, NA, 68.7, 80.6, 80.3, 80.6,…
$ MidPointTempRMS_Lag1                   <dbl> NA, NA, 78.05, 82.40, 82.15, 82…
$ HiTempRMS_Lag1                         <dbl> NA, NA, 87.4, 84.2, 84.0, 83.9,…
$ TempRangeRMS_Lag1                      <dbl> NA, NA, 18.7, 3.6, 3.7, 3.3, 2.…
$ LowTempSetPointDeviationRMS_Lag1       <dbl> NA, NA, -11.2, -2.9, -3.2, -2.9…
$ HiTempSetPointDeviationRMS_Lag1        <dbl> NA, NA, 7.5, 0.7, 0.5, 0.4, 0.1…
$ MidPointTempSetPointDeviationRMS_Lag1  <dbl> NA, NA, -1.85, -1.10, -1.35, -1…
$ SetPointVC_Lag1                        <dbl> NA, NA, 83.5, 83.5, 83.5, 83.5,…
$ LowTempVC_Lag1                         <dbl> NA, NA, 80.6, 80.3, 80.6, 80.8,…
$ AvgTempVC_Lag1                         <dbl> NA, NA, NA, NA, NA, NA, NA, NA,…
$ HiTempVC_Lag1                          <dbl> NA, NA, 84.2, 84.0, 83.9, 83.6,…
$ TempRangeVC_Lag1                       <dbl> NA, NA, 3.6, 3.7, 3.3, 2.8, 2.7…
$ LowTempSetPointDeviationVC_Lag1        <dbl> NA, NA, -2.9, -3.2, -2.9, -2.7,…
$ AvgTempSetPointDeviationVC_Lag1        <dbl> NA, NA, NA, NA, NA, NA, NA, NA,…
$ HiTempSetPointDeviationVC_Lag1         <dbl> NA, NA, 0.7, 0.5, 0.4, 0.1, 0.1…
$ Temp_ReHS_Lag1                         <dbl> NA, 85.4, 86.3, 87.2, 86.0, 85.…
$ ReHS_Lag1                              <dbl> NA, 98.66667, 92.33333, 82.0000…
$ Color_ReHS_Green_Lag1                  <int> NA, 1, 1, 1, 1, 1, 1, 1, 1, 1, …
$ Color_ReHS_Yellow_Lag1                 <int> NA, 0, 0, 0, 0, 0, 0, 0, 0, 0, …
$ Color_ReHS_Red_Lag1                    <int> NA, 0, 0, 0, 0, 0, 0, 0, 0, 0, …
$ Euth_Lag2                              <int> NA, NA, 0, 0, 0, 0, 0, 0, 0, 1,…
$ EuthProportion_Lag2                    <dbl> NA, NA, 0.0000000000, 0.0000000…
$ Dead_Lag2                              <int> NA, NA, 0, 0, 0, 0, 0, 0, 1, 0,…
$ DeadProportion_Lag2                    <dbl> NA, NA, 0.0000000000, 0.0000000…
$ TotalMortalityProportion_Lag2          <dbl> NA, NA, 0.0000000000, 0.0000000…
$ HighMortalityDay_Lag2                  <int> NA, NA, 0, 0, 0, 0, 0, 0, 0, 0,…
$ ExtremeHighMortalityDay_Lag2           <int> NA, NA, 0, 0, 0, 0, 0, 0, 0, 0,…
$ Penicillin_Lag2                        <int> NA, NA, NA, 2, 1, 1, 4, 6, 7, 4…
$ PenicillinProportion_Lag2              <dbl> NA, NA, NA, 0.0022026432, 0.001…
$ Dexamethasone_Lag2                     <int> NA, NA, NA, 2, 1, 1, 4, 6, 7, 4…
$ DexamethasoneProportion_Lag2           <dbl> NA, NA, NA, 0.0022026432, 0.001…
$ Ceftiofur_Lag2                         <int> NA, NA, NA, 0, 0, 0, 0, 0, 0, 0…
$ CeftiofurProportion_Lag2               <dbl> NA, NA, NA, 0.000000000, 0.0000…
$ Enroflaxin_Lag2                        <int> NA, NA, NA, 18, 20, 18, 46, 47,…
$ EnroflaxinProportion_Lag2              <dbl> NA, NA, NA, 0.0198237885, 0.022…
$ Tetracycline_Lag2                      <int> NA, NA, NA, 0, 0, 0, 0, 0, 0, 0…
$ TetracyclineProportion_Lag2            <dbl> NA, NA, NA, 0, 0, 0, 0, 0, 0, 0…
$ Lincomycin_Lag2                        <int> NA, NA, NA, 0, 0, 0, 0, 0, 0, 0…
$ LincomycinProportion_Lag2              <dbl> NA, NA, NA, 0, 0, 0, 0, 0, 0, 0…
$ OtherTreatments_Lag2                   <int> NA, NA, NA, 0, 0, 0, 0, 0, 0, 0…
$ OtherTreatmentsProportion_Lag2         <dbl> NA, NA, NA, 0, 0, 0, 0, 0, 0, 0…
$ PrimaryRespiratory_Lag2                <int> NA, NA, NA, 18, 20, 18, 46, 47,…
$ PrimaryRespiratoryProportion_Lag2      <dbl> NA, NA, NA, 0.019823789, 0.0220…
$ SecondaryRespiratory_Lag2              <int> NA, NA, NA, 4, 2, 2, 8, 12, 14,…
$ SecondaryRespiratoryProportion_Lag2    <dbl> NA, NA, NA, 0.0044052863, 0.002…
$ TotalTreatments_Lag2                   <int> NA, NA, NA, 22, 22, 20, 54, 59,…
$ TotalTreatmentsProportion_Lag2         <dbl> NA, NA, NA, 0.024229075, 0.0242…
$ WaterMedications_Lag2                  <int> NA, NA, NA, 1, 1, 1, 1, 1, 1, 1…
$ WaterDispHdRMS_Lag2                    <dbl> NA, NA, NA, NA, 0.1277533, NA, …
$ ResidualWaterDispHdRMS_Lag2            <dbl> NA, NA, NA, NA, -0.507537104, N…
$ WaterDispHdVC_Lag2                     <dbl> NA, NA, NA, 0.1178414, 0.137665…
$ ResidualWaterDispHdVC_Lag2             <dbl> NA, NA, NA, NA, NA, NA, NA, NA,…
$ SetPointRMS_Lag2                       <dbl> NA, NA, NA, 79.9, 83.5, 83.5, 8…
$ LowTempRMS_Lag2                        <dbl> NA, NA, NA, 68.7, 80.6, 80.3, 8…
$ MidPointTempRMS_Lag2                   <dbl> NA, NA, NA, 78.05, 82.40, 82.15…
$ HiTempRMS_Lag2                         <dbl> NA, NA, NA, 87.4, 84.2, 84.0, 8…
$ TempRangeRMS_Lag2                      <dbl> NA, NA, NA, 18.7, 3.6, 3.7, 3.3…
$ LowTempSetPointDeviationRMS_Lag2       <dbl> NA, NA, NA, -11.2, -2.9, -3.2, …
$ HiTempSetPointDeviationRMS_Lag2        <dbl> NA, NA, NA, 7.5, 0.7, 0.5, 0.4,…
$ MidPointTempSetPointDeviationRMS_Lag2  <dbl> NA, NA, NA, -1.85, -1.10, -1.35…
$ SetPointVC_Lag2                        <dbl> NA, NA, NA, 83.5, 83.5, 83.5, 8…
$ LowTempVC_Lag2                         <dbl> NA, NA, NA, 80.6, 80.3, 80.6, 8…
$ AvgTempVC_Lag2                         <dbl> NA, NA, NA, NA, NA, NA, NA, NA,…
$ HiTempVC_Lag2                          <dbl> NA, NA, NA, 84.2, 84.0, 83.9, 8…
$ TempRangeVC_Lag2                       <dbl> NA, NA, NA, 3.6, 3.7, 3.3, 2.8,…
$ LowTempSetPointDeviationVC_Lag2        <dbl> NA, NA, NA, -2.9, -3.2, -2.9, -…
$ AvgTempSetPointDeviationVC_Lag2        <dbl> NA, NA, NA, NA, NA, NA, NA, NA,…
$ HiTempSetPointDeviationVC_Lag2         <dbl> NA, NA, NA, 0.7, 0.5, 0.4, 0.1,…
$ Temp_ReHS_Lag2                         <dbl> NA, NA, 85.4, 86.3, 87.2, 86.0,…
$ ReHS_Lag2                              <dbl> NA, NA, 98.66667, 92.33333, 82.…
$ Color_ReHS_Green_Lag2                  <int> NA, NA, 1, 1, 1, 1, 1, 1, 1, 1,…
$ Color_ReHS_Yellow_Lag2                 <int> NA, NA, 0, 0, 0, 0, 0, 0, 0, 0,…
$ Color_ReHS_Red_Lag2                    <int> NA, NA, 0, 0, 0, 0, 0, 0, 0, 0,…
$ Euth_Lag3                              <int> NA, NA, NA, 0, 0, 0, 0, 0, 0, 0…
$ EuthProportion_Lag3                    <dbl> NA, NA, NA, 0.0000000000, 0.000…
$ Dead_Lag3                              <int> NA, NA, NA, 0, 0, 0, 0, 0, 0, 1…
$ DeadProportion_Lag3                    <dbl> NA, NA, NA, 0.0000000000, 0.000…
$ TotalMortalityProportion_Lag3          <dbl> NA, NA, NA, 0.0000000000, 0.000…
$ HighMortalityDay_Lag3                  <int> NA, NA, NA, 0, 0, 0, 0, 0, 0, 0…
$ ExtremeHighMortalityDay_Lag3           <int> NA, NA, NA, 0, 0, 0, 0, 0, 0, 0…
$ Penicillin_Lag3                        <int> NA, NA, NA, NA, 2, 1, 1, 4, 6, …
$ PenicillinProportion_Lag3              <dbl> NA, NA, NA, NA, 0.0022026432, 0…
$ Dexamethasone_Lag3                     <int> NA, NA, NA, NA, 2, 1, 1, 4, 6, …
$ DexamethasoneProportion_Lag3           <dbl> NA, NA, NA, NA, 0.0022026432, 0…
$ Ceftiofur_Lag3                         <int> NA, NA, NA, NA, 0, 0, 0, 0, 0, …
$ CeftiofurProportion_Lag3               <dbl> NA, NA, NA, NA, 0.000000000, 0.…
$ Enroflaxin_Lag3                        <int> NA, NA, NA, NA, 18, 20, 18, 46,…
$ EnroflaxinProportion_Lag3              <dbl> NA, NA, NA, NA, 0.019823789, 0.…
$ Tetracycline_Lag3                      <int> NA, NA, NA, NA, 0, 0, 0, 0, 0, …
$ TetracyclineProportion_Lag3            <dbl> NA, NA, NA, NA, 0, 0, 0, 0, 0, …
$ Lincomycin_Lag3                        <int> NA, NA, NA, NA, 0, 0, 0, 0, 0, …
$ LincomycinProportion_Lag3              <dbl> NA, NA, NA, NA, 0, 0, 0, 0, 0, …
$ OtherTreatments_Lag3                   <int> NA, NA, NA, NA, 0, 0, 0, 0, 0, …
$ OtherTreatmentsProportion_Lag3         <dbl> NA, NA, NA, NA, 0, 0, 0, 0, 0, …
$ PrimaryRespiratory_Lag3                <int> NA, NA, NA, NA, 18, 20, 18, 46,…
$ PrimaryRespiratoryProportion_Lag3      <dbl> NA, NA, NA, NA, 0.019823789, 0.…
$ SecondaryRespiratory_Lag3              <int> NA, NA, NA, NA, 4, 2, 2, 8, 12,…
$ SecondaryRespiratoryProportion_Lag3    <dbl> NA, NA, NA, NA, 0.0044052863, 0…
$ TotalTreatments_Lag3                   <int> NA, NA, NA, NA, 22, 22, 20, 54,…
$ TotalTreatmentsProportion_Lag3         <dbl> NA, NA, NA, NA, 0.024229075, 0.…
$ WaterMedications_Lag3                  <int> NA, NA, NA, NA, 1, 1, 1, 1, 1, …
$ WaterDispHdRMS_Lag3                    <dbl> NA, NA, NA, NA, NA, 0.1277533, …
$ ResidualWaterDispHdRMS_Lag3            <dbl> NA, NA, NA, NA, NA, -0.50753710…
$ WaterDispHdVC_Lag3                     <dbl> NA, NA, NA, NA, 0.1178414, 0.13…
$ ResidualWaterDispHdVC_Lag3             <dbl> NA, NA, NA, NA, NA, NA, NA, NA,…
$ SetPointRMS_Lag3                       <dbl> NA, NA, NA, NA, 79.9, 83.5, 83.…
$ LowTempRMS_Lag3                        <dbl> NA, NA, NA, NA, 68.7, 80.6, 80.…
$ MidPointTempRMS_Lag3                   <dbl> NA, NA, NA, NA, 78.05, 82.40, 8…
$ HiTempRMS_Lag3                         <dbl> NA, NA, NA, NA, 87.4, 84.2, 84.…
$ TempRangeRMS_Lag3                      <dbl> NA, NA, NA, NA, 18.7, 3.6, 3.7,…
$ LowTempSetPointDeviationRMS_Lag3       <dbl> NA, NA, NA, NA, -11.2, -2.9, -3…
$ HiTempSetPointDeviationRMS_Lag3        <dbl> NA, NA, NA, NA, 7.5, 0.7, 0.5, …
$ MidPointTempSetPointDeviationRMS_Lag3  <dbl> NA, NA, NA, NA, -1.85, -1.10, -…
$ SetPointVC_Lag3                        <dbl> NA, NA, NA, NA, 83.5, 83.5, 83.…
$ LowTempVC_Lag3                         <dbl> NA, NA, NA, NA, 80.6, 80.3, 80.…
$ AvgTempVC_Lag3                         <dbl> NA, NA, NA, NA, NA, NA, NA, NA,…
$ HiTempVC_Lag3                          <dbl> NA, NA, NA, NA, 84.2, 84.0, 83.…
$ TempRangeVC_Lag3                       <dbl> NA, NA, NA, NA, 3.6, 3.7, 3.3, …
$ LowTempSetPointDeviationVC_Lag3        <dbl> NA, NA, NA, NA, -2.9, -3.2, -2.…
$ AvgTempSetPointDeviationVC_Lag3        <dbl> NA, NA, NA, NA, NA, NA, NA, NA,…
$ HiTempSetPointDeviationVC_Lag3         <dbl> NA, NA, NA, NA, 0.7, 0.5, 0.4, …
$ Temp_ReHS_Lag3                         <dbl> NA, NA, NA, 85.4, 86.3, 87.2, 8…
$ ReHS_Lag3                              <dbl> NA, NA, NA, 98.66667, 92.33333,…
$ Color_ReHS_Green_Lag3                  <int> NA, NA, NA, 1, 1, 1, 1, 1, 1, 1…
$ Color_ReHS_Yellow_Lag3                 <int> NA, NA, NA, 0, 0, 0, 0, 0, 0, 0…
$ Color_ReHS_Red_Lag3                    <int> NA, NA, NA, 0, 0, 0, 0, 0, 0, 0…
$ Euth_Lag4                              <int> NA, NA, NA, NA, 0, 0, 0, 0, 0, …
$ EuthProportion_Lag4                    <dbl> NA, NA, NA, NA, 0.0000000000, 0…
$ Dead_Lag4                              <int> NA, NA, NA, NA, 0, 0, 0, 0, 0, …
$ DeadProportion_Lag4                    <dbl> NA, NA, NA, NA, 0.0000000000, 0…
$ TotalMortalityProportion_Lag4          <dbl> NA, NA, NA, NA, 0.0000000000, 0…
$ HighMortalityDay_Lag4                  <int> NA, NA, NA, NA, 0, 0, 0, 0, 0, …
$ ExtremeHighMortalityDay_Lag4           <int> NA, NA, NA, NA, 0, 0, 0, 0, 0, …
$ Penicillin_Lag4                        <int> NA, NA, NA, NA, NA, 2, 1, 1, 4,…
$ PenicillinProportion_Lag4              <dbl> NA, NA, NA, NA, NA, 0.002202643…
$ Dexamethasone_Lag4                     <int> NA, NA, NA, NA, NA, 2, 1, 1, 4,…
$ DexamethasoneProportion_Lag4           <dbl> NA, NA, NA, NA, NA, 0.002202643…
$ Ceftiofur_Lag4                         <int> NA, NA, NA, NA, NA, 0, 0, 0, 0,…
$ CeftiofurProportion_Lag4               <dbl> NA, NA, NA, NA, NA, 0.000000000…
$ Enroflaxin_Lag4                        <int> NA, NA, NA, NA, NA, 18, 20, 18,…
$ EnroflaxinProportion_Lag4              <dbl> NA, NA, NA, NA, NA, 0.019823789…
$ Tetracycline_Lag4                      <int> NA, NA, NA, NA, NA, 0, 0, 0, 0,…
$ TetracyclineProportion_Lag4            <dbl> NA, NA, NA, NA, NA, 0, 0, 0, 0,…
$ Lincomycin_Lag4                        <int> NA, NA, NA, NA, NA, 0, 0, 0, 0,…
$ LincomycinProportion_Lag4              <dbl> NA, NA, NA, NA, NA, 0, 0, 0, 0,…
$ OtherTreatments_Lag4                   <int> NA, NA, NA, NA, NA, 0, 0, 0, 0,…
$ OtherTreatmentsProportion_Lag4         <dbl> NA, NA, NA, NA, NA, 0, 0, 0, 0,…
$ PrimaryRespiratory_Lag4                <int> NA, NA, NA, NA, NA, 18, 20, 18,…
$ PrimaryRespiratoryProportion_Lag4      <dbl> NA, NA, NA, NA, NA, 0.019823789…
$ SecondaryRespiratory_Lag4              <int> NA, NA, NA, NA, NA, 4, 2, 2, 8,…
$ SecondaryRespiratoryProportion_Lag4    <dbl> NA, NA, NA, NA, NA, 0.004405286…
$ TotalTreatments_Lag4                   <int> NA, NA, NA, NA, NA, 22, 22, 20,…
$ TotalTreatmentsProportion_Lag4         <dbl> NA, NA, NA, NA, NA, 0.024229075…
$ WaterMedications_Lag4                  <int> NA, NA, NA, NA, NA, 1, 1, 1, 1,…
$ WaterDispHdRMS_Lag4                    <dbl> NA, NA, NA, NA, NA, NA, 0.12775…
$ ResidualWaterDispHdRMS_Lag4            <dbl> NA, NA, NA, NA, NA, NA, -0.5075…
$ WaterDispHdVC_Lag4                     <dbl> NA, NA, NA, NA, NA, 0.1178414, …
$ ResidualWaterDispHdVC_Lag4             <dbl> NA, NA, NA, NA, NA, NA, NA, NA,…
$ SetPointRMS_Lag4                       <dbl> NA, NA, NA, NA, NA, 79.9, 83.5,…
$ LowTempRMS_Lag4                        <dbl> NA, NA, NA, NA, NA, 68.7, 80.6,…
$ MidPointTempRMS_Lag4                   <dbl> NA, NA, NA, NA, NA, 78.05, 82.4…
$ HiTempRMS_Lag4                         <dbl> NA, NA, NA, NA, NA, 87.4, 84.2,…
$ TempRangeRMS_Lag4                      <dbl> NA, NA, NA, NA, NA, 18.7, 3.6, …
$ LowTempSetPointDeviationRMS_Lag4       <dbl> NA, NA, NA, NA, NA, -11.2, -2.9…
$ HiTempSetPointDeviationRMS_Lag4        <dbl> NA, NA, NA, NA, NA, 7.5, 0.7, 0…
$ MidPointTempSetPointDeviationRMS_Lag4  <dbl> NA, NA, NA, NA, NA, -1.85, -1.1…
$ SetPointVC_Lag4                        <dbl> NA, NA, NA, NA, NA, 83.5, 83.5,…
$ LowTempVC_Lag4                         <dbl> NA, NA, NA, NA, NA, 80.6, 80.3,…
$ AvgTempVC_Lag4                         <dbl> NA, NA, NA, NA, NA, NA, NA, NA,…
$ HiTempVC_Lag4                          <dbl> NA, NA, NA, NA, NA, 84.2, 84.0,…
$ TempRangeVC_Lag4                       <dbl> NA, NA, NA, NA, NA, 3.6, 3.7, 3…
$ LowTempSetPointDeviationVC_Lag4        <dbl> NA, NA, NA, NA, NA, -2.9, -3.2,…
$ AvgTempSetPointDeviationVC_Lag4        <dbl> NA, NA, NA, NA, NA, NA, NA, NA,…
$ HiTempSetPointDeviationVC_Lag4         <dbl> NA, NA, NA, NA, NA, 0.7, 0.5, 0…
$ Temp_ReHS_Lag4                         <dbl> NA, NA, NA, NA, 85.4, 86.3, 87.…
$ ReHS_Lag4                              <dbl> NA, NA, NA, NA, 98.66667, 92.33…
$ Color_ReHS_Green_Lag4                  <int> NA, NA, NA, NA, 1, 1, 1, 1, 1, …
$ Color_ReHS_Yellow_Lag4                 <int> NA, NA, NA, NA, 0, 0, 0, 0, 0, …
$ Color_ReHS_Red_Lag4                    <int> NA, NA, NA, NA, 0, 0, 0, 0, 0, …
$ Euth_Lag5                              <int> NA, NA, NA, NA, NA, 0, 0, 0, 0,…
$ EuthProportion_Lag5                    <dbl> NA, NA, NA, NA, NA, 0.000000000…
$ Dead_Lag5                              <int> NA, NA, NA, NA, NA, 0, 0, 0, 0,…
$ DeadProportion_Lag5                    <dbl> NA, NA, NA, NA, NA, 0.000000000…
$ TotalMortalityProportion_Lag5          <dbl> NA, NA, NA, NA, NA, 0.000000000…
$ HighMortalityDay_Lag5                  <int> NA, NA, NA, NA, NA, 0, 0, 0, 0,…
$ ExtremeHighMortalityDay_Lag5           <int> NA, NA, NA, NA, NA, 0, 0, 0, 0,…
$ Penicillin_Lag5                        <int> NA, NA, NA, NA, NA, NA, 2, 1, 1…
$ PenicillinProportion_Lag5              <dbl> NA, NA, NA, NA, NA, NA, 0.00220…
$ Dexamethasone_Lag5                     <int> NA, NA, NA, NA, NA, NA, 2, 1, 1…
$ DexamethasoneProportion_Lag5           <dbl> NA, NA, NA, NA, NA, NA, 0.00220…
$ Ceftiofur_Lag5                         <int> NA, NA, NA, NA, NA, NA, 0, 0, 0…
$ CeftiofurProportion_Lag5               <dbl> NA, NA, NA, NA, NA, NA, 0.00000…
$ Enroflaxin_Lag5                        <int> NA, NA, NA, NA, NA, NA, 18, 20,…
$ EnroflaxinProportion_Lag5              <dbl> NA, NA, NA, NA, NA, NA, 0.01982…
$ Tetracycline_Lag5                      <int> NA, NA, NA, NA, NA, NA, 0, 0, 0…
$ TetracyclineProportion_Lag5            <dbl> NA, NA, NA, NA, NA, NA, 0, 0, 0…
$ Lincomycin_Lag5                        <int> NA, NA, NA, NA, NA, NA, 0, 0, 0…
$ LincomycinProportion_Lag5              <dbl> NA, NA, NA, NA, NA, NA, 0, 0, 0…
$ OtherTreatments_Lag5                   <int> NA, NA, NA, NA, NA, NA, 0, 0, 0…
$ OtherTreatmentsProportion_Lag5         <dbl> NA, NA, NA, NA, NA, NA, 0, 0, 0…
$ PrimaryRespiratory_Lag5                <int> NA, NA, NA, NA, NA, NA, 18, 20,…
$ PrimaryRespiratoryProportion_Lag5      <dbl> NA, NA, NA, NA, NA, NA, 0.01982…
$ SecondaryRespiratory_Lag5              <int> NA, NA, NA, NA, NA, NA, 4, 2, 2…
$ SecondaryRespiratoryProportion_Lag5    <dbl> NA, NA, NA, NA, NA, NA, 0.00440…
$ TotalTreatments_Lag5                   <int> NA, NA, NA, NA, NA, NA, 22, 22,…
$ TotalTreatmentsProportion_Lag5         <dbl> NA, NA, NA, NA, NA, NA, 0.02422…
$ WaterMedications_Lag5                  <int> NA, NA, NA, NA, NA, NA, 1, 1, 1…
$ WaterDispHdRMS_Lag5                    <dbl> NA, NA, NA, NA, NA, NA, NA, 0.1…
$ ResidualWaterDispHdRMS_Lag5            <dbl> NA, NA, NA, NA, NA, NA, NA, -0.…
$ WaterDispHdVC_Lag5                     <dbl> NA, NA, NA, NA, NA, NA, 0.11784…
$ ResidualWaterDispHdVC_Lag5             <dbl> NA, NA, NA, NA, NA, NA, NA, NA,…
$ SetPointRMS_Lag5                       <dbl> NA, NA, NA, NA, NA, NA, 79.9, 8…
$ LowTempRMS_Lag5                        <dbl> NA, NA, NA, NA, NA, NA, 68.7, 8…
$ MidPointTempRMS_Lag5                   <dbl> NA, NA, NA, NA, NA, NA, 78.05, …
$ HiTempRMS_Lag5                         <dbl> NA, NA, NA, NA, NA, NA, 87.4, 8…
$ TempRangeRMS_Lag5                      <dbl> NA, NA, NA, NA, NA, NA, 18.7, 3…
$ LowTempSetPointDeviationRMS_Lag5       <dbl> NA, NA, NA, NA, NA, NA, -11.2, …
$ HiTempSetPointDeviationRMS_Lag5        <dbl> NA, NA, NA, NA, NA, NA, 7.5, 0.…
$ MidPointTempSetPointDeviationRMS_Lag5  <dbl> NA, NA, NA, NA, NA, NA, -1.85, …
$ SetPointVC_Lag5                        <dbl> NA, NA, NA, NA, NA, NA, 83.5, 8…
$ LowTempVC_Lag5                         <dbl> NA, NA, NA, NA, NA, NA, 80.6, 8…
$ AvgTempVC_Lag5                         <dbl> NA, NA, NA, NA, NA, NA, NA, NA,…
$ HiTempVC_Lag5                          <dbl> NA, NA, NA, NA, NA, NA, 84.2, 8…
$ TempRangeVC_Lag5                       <dbl> NA, NA, NA, NA, NA, NA, 3.6, 3.…
$ LowTempSetPointDeviationVC_Lag5        <dbl> NA, NA, NA, NA, NA, NA, -2.9, -…
$ AvgTempSetPointDeviationVC_Lag5        <dbl> NA, NA, NA, NA, NA, NA, NA, NA,…
$ HiTempSetPointDeviationVC_Lag5         <dbl> NA, NA, NA, NA, NA, NA, 0.7, 0.…
$ Temp_ReHS_Lag5                         <dbl> NA, NA, NA, NA, NA, 85.4, 86.3,…
$ ReHS_Lag5                              <dbl> NA, NA, NA, NA, NA, 98.66667, 9…
$ Color_ReHS_Green_Lag5                  <int> NA, NA, NA, NA, NA, 1, 1, 1, 1,…
$ Color_ReHS_Yellow_Lag5                 <int> NA, NA, NA, NA, NA, 0, 0, 0, 0,…
$ Color_ReHS_Red_Lag5                    <int> NA, NA, NA, NA, NA, 0, 0, 0, 0,…
$ Euth_Lag6                              <int> NA, NA, NA, NA, NA, NA, 0, 0, 0…
$ EuthProportion_Lag6                    <dbl> NA, NA, NA, NA, NA, NA, 0.00000…
$ Dead_Lag6                              <int> NA, NA, NA, NA, NA, NA, 0, 0, 0…
$ DeadProportion_Lag6                    <dbl> NA, NA, NA, NA, NA, NA, 0.00000…
$ TotalMortalityProportion_Lag6          <dbl> NA, NA, NA, NA, NA, NA, 0.00000…
$ HighMortalityDay_Lag6                  <int> NA, NA, NA, NA, NA, NA, 0, 0, 0…
$ ExtremeHighMortalityDay_Lag6           <int> NA, NA, NA, NA, NA, NA, 0, 0, 0…
$ Penicillin_Lag6                        <int> NA, NA, NA, NA, NA, NA, NA, 2, …
$ PenicillinProportion_Lag6              <dbl> NA, NA, NA, NA, NA, NA, NA, 0.0…
$ Dexamethasone_Lag6                     <int> NA, NA, NA, NA, NA, NA, NA, 2, …
$ DexamethasoneProportion_Lag6           <dbl> NA, NA, NA, NA, NA, NA, NA, 0.0…
$ Ceftiofur_Lag6                         <int> NA, NA, NA, NA, NA, NA, NA, 0, …
$ CeftiofurProportion_Lag6               <dbl> NA, NA, NA, NA, NA, NA, NA, 0.0…
$ Enroflaxin_Lag6                        <int> NA, NA, NA, NA, NA, NA, NA, 18,…
$ EnroflaxinProportion_Lag6              <dbl> NA, NA, NA, NA, NA, NA, NA, 0.0…
$ Tetracycline_Lag6                      <int> NA, NA, NA, NA, NA, NA, NA, 0, …
$ TetracyclineProportion_Lag6            <dbl> NA, NA, NA, NA, NA, NA, NA, 0, …
$ Lincomycin_Lag6                        <int> NA, NA, NA, NA, NA, NA, NA, 0, …
$ LincomycinProportion_Lag6              <dbl> NA, NA, NA, NA, NA, NA, NA, 0, …
$ OtherTreatments_Lag6                   <int> NA, NA, NA, NA, NA, NA, NA, 0, …
$ OtherTreatmentsProportion_Lag6         <dbl> NA, NA, NA, NA, NA, NA, NA, 0, …
$ PrimaryRespiratory_Lag6                <int> NA, NA, NA, NA, NA, NA, NA, 18,…
$ PrimaryRespiratoryProportion_Lag6      <dbl> NA, NA, NA, NA, NA, NA, NA, 0.0…
$ SecondaryRespiratory_Lag6              <int> NA, NA, NA, NA, NA, NA, NA, 4, …
$ SecondaryRespiratoryProportion_Lag6    <dbl> NA, NA, NA, NA, NA, NA, NA, 0.0…
$ TotalTreatments_Lag6                   <int> NA, NA, NA, NA, NA, NA, NA, 22,…
$ TotalTreatmentsProportion_Lag6         <dbl> NA, NA, NA, NA, NA, NA, NA, 0.0…
$ WaterMedications_Lag6                  <int> NA, NA, NA, NA, NA, NA, NA, 1, …
$ WaterDispHdRMS_Lag6                    <dbl> NA, NA, NA, NA, NA, NA, NA, NA,…
$ ResidualWaterDispHdRMS_Lag6            <dbl> NA, NA, NA, NA, NA, NA, NA, NA,…
$ WaterDispHdVC_Lag6                     <dbl> NA, NA, NA, NA, NA, NA, NA, 0.1…
$ ResidualWaterDispHdVC_Lag6             <dbl> NA, NA, NA, NA, NA, NA, NA, NA,…
$ SetPointRMS_Lag6                       <dbl> NA, NA, NA, NA, NA, NA, NA, 79.…
$ LowTempRMS_Lag6                        <dbl> NA, NA, NA, NA, NA, NA, NA, 68.…
$ MidPointTempRMS_Lag6                   <dbl> NA, NA, NA, NA, NA, NA, NA, 78.…
$ HiTempRMS_Lag6                         <dbl> NA, NA, NA, NA, NA, NA, NA, 87.…
$ TempRangeRMS_Lag6                      <dbl> NA, NA, NA, NA, NA, NA, NA, 18.…
$ LowTempSetPointDeviationRMS_Lag6       <dbl> NA, NA, NA, NA, NA, NA, NA, -11…
$ HiTempSetPointDeviationRMS_Lag6        <dbl> NA, NA, NA, NA, NA, NA, NA, 7.5…
$ MidPointTempSetPointDeviationRMS_Lag6  <dbl> NA, NA, NA, NA, NA, NA, NA, -1.…
$ SetPointVC_Lag6                        <dbl> NA, NA, NA, NA, NA, NA, NA, 83.…
$ LowTempVC_Lag6                         <dbl> NA, NA, NA, NA, NA, NA, NA, 80.…
$ AvgTempVC_Lag6                         <dbl> NA, NA, NA, NA, NA, NA, NA, NA,…
$ HiTempVC_Lag6                          <dbl> NA, NA, NA, NA, NA, NA, NA, 84.…
$ TempRangeVC_Lag6                       <dbl> NA, NA, NA, NA, NA, NA, NA, 3.6…
$ LowTempSetPointDeviationVC_Lag6        <dbl> NA, NA, NA, NA, NA, NA, NA, -2.…
$ AvgTempSetPointDeviationVC_Lag6        <dbl> NA, NA, NA, NA, NA, NA, NA, NA,…
$ HiTempSetPointDeviationVC_Lag6         <dbl> NA, NA, NA, NA, NA, NA, NA, 0.7…
$ Temp_ReHS_Lag6                         <dbl> NA, NA, NA, NA, NA, NA, 85.4, 8…
$ ReHS_Lag6                              <dbl> NA, NA, NA, NA, NA, NA, 98.6666…
$ Color_ReHS_Green_Lag6                  <int> NA, NA, NA, NA, NA, NA, 1, 1, 1…
$ Color_ReHS_Yellow_Lag6                 <int> NA, NA, NA, NA, NA, NA, 0, 0, 0…
$ Color_ReHS_Red_Lag6                    <int> NA, NA, NA, NA, NA, NA, 0, 0, 0…
$ Euth_Lag7                              <int> NA, NA, NA, NA, NA, NA, NA, 0, …
$ EuthProportion_Lag7                    <dbl> NA, NA, NA, NA, NA, NA, NA, 0.0…
$ Dead_Lag7                              <int> NA, NA, NA, NA, NA, NA, NA, 0, …
$ DeadProportion_Lag7                    <dbl> NA, NA, NA, NA, NA, NA, NA, 0.0…
$ TotalMortalityProportion_Lag7          <dbl> NA, NA, NA, NA, NA, NA, NA, 0.0…
$ HighMortalityDay_Lag7                  <int> NA, NA, NA, NA, NA, NA, NA, 0, …
$ ExtremeHighMortalityDay_Lag7           <int> NA, NA, NA, NA, NA, NA, NA, 0, …
$ Penicillin_Lag7                        <int> NA, NA, NA, NA, NA, NA, NA, NA,…
$ PenicillinProportion_Lag7              <dbl> NA, NA, NA, NA, NA, NA, NA, NA,…
$ Dexamethasone_Lag7                     <int> NA, NA, NA, NA, NA, NA, NA, NA,…
$ DexamethasoneProportion_Lag7           <dbl> NA, NA, NA, NA, NA, NA, NA, NA,…
$ Ceftiofur_Lag7                         <int> NA, NA, NA, NA, NA, NA, NA, NA,…
$ CeftiofurProportion_Lag7               <dbl> NA, NA, NA, NA, NA, NA, NA, NA,…
$ Enroflaxin_Lag7                        <int> NA, NA, NA, NA, NA, NA, NA, NA,…
$ EnroflaxinProportion_Lag7              <dbl> NA, NA, NA, NA, NA, NA, NA, NA,…
$ Tetracycline_Lag7                      <int> NA, NA, NA, NA, NA, NA, NA, NA,…
$ TetracyclineProportion_Lag7            <dbl> NA, NA, NA, NA, NA, NA, NA, NA,…
$ Lincomycin_Lag7                        <int> NA, NA, NA, NA, NA, NA, NA, NA,…
$ LincomycinProportion_Lag7              <dbl> NA, NA, NA, NA, NA, NA, NA, NA,…
$ OtherTreatments_Lag7                   <int> NA, NA, NA, NA, NA, NA, NA, NA,…
$ OtherTreatmentsProportion_Lag7         <dbl> NA, NA, NA, NA, NA, NA, NA, NA,…
$ PrimaryRespiratory_Lag7                <int> NA, NA, NA, NA, NA, NA, NA, NA,…
$ PrimaryRespiratoryProportion_Lag7      <dbl> NA, NA, NA, NA, NA, NA, NA, NA,…
$ SecondaryRespiratory_Lag7              <int> NA, NA, NA, NA, NA, NA, NA, NA,…
$ SecondaryRespiratoryProportion_Lag7    <dbl> NA, NA, NA, NA, NA, NA, NA, NA,…
$ TotalTreatments_Lag7                   <int> NA, NA, NA, NA, NA, NA, NA, NA,…
$ TotalTreatmentsProportion_Lag7         <dbl> NA, NA, NA, NA, NA, NA, NA, NA,…
$ WaterMedications_Lag7                  <int> NA, NA, NA, NA, NA, NA, NA, NA,…
$ WaterDispHdRMS_Lag7                    <dbl> NA, NA, NA, NA, NA, NA, NA, NA,…
$ ResidualWaterDispHdRMS_Lag7            <dbl> NA, NA, NA, NA, NA, NA, NA, NA,…
$ WaterDispHdVC_Lag7                     <dbl> NA, NA, NA, NA, NA, NA, NA, NA,…
$ ResidualWaterDispHdVC_Lag7             <dbl> NA, NA, NA, NA, NA, NA, NA, NA,…
$ SetPointRMS_Lag7                       <dbl> NA, NA, NA, NA, NA, NA, NA, NA,…
$ LowTempRMS_Lag7                        <dbl> NA, NA, NA, NA, NA, NA, NA, NA,…
$ MidPointTempRMS_Lag7                   <dbl> NA, NA, NA, NA, NA, NA, NA, NA,…
$ HiTempRMS_Lag7                         <dbl> NA, NA, NA, NA, NA, NA, NA, NA,…
$ TempRangeRMS_Lag7                      <dbl> NA, NA, NA, NA, NA, NA, NA, NA,…
$ LowTempSetPointDeviationRMS_Lag7       <dbl> NA, NA, NA, NA, NA, NA, NA, NA,…
$ HiTempSetPointDeviationRMS_Lag7        <dbl> NA, NA, NA, NA, NA, NA, NA, NA,…
$ MidPointTempSetPointDeviationRMS_Lag7  <dbl> NA, NA, NA, NA, NA, NA, NA, NA,…
$ SetPointVC_Lag7                        <dbl> NA, NA, NA, NA, NA, NA, NA, NA,…
$ LowTempVC_Lag7                         <dbl> NA, NA, NA, NA, NA, NA, NA, NA,…
$ AvgTempVC_Lag7                         <dbl> NA, NA, NA, NA, NA, NA, NA, NA,…
$ HiTempVC_Lag7                          <dbl> NA, NA, NA, NA, NA, NA, NA, NA,…
$ TempRangeVC_Lag7                       <dbl> NA, NA, NA, NA, NA, NA, NA, NA,…
$ LowTempSetPointDeviationVC_Lag7        <dbl> NA, NA, NA, NA, NA, NA, NA, NA,…
$ AvgTempSetPointDeviationVC_Lag7        <dbl> NA, NA, NA, NA, NA, NA, NA, NA,…
$ HiTempSetPointDeviationVC_Lag7         <dbl> NA, NA, NA, NA, NA, NA, NA, NA,…
$ Temp_ReHS_Lag7                         <dbl> NA, NA, NA, NA, NA, NA, NA, 85.…
$ ReHS_Lag7                              <dbl> NA, NA, NA, NA, NA, NA, NA, 98.…
$ Color_ReHS_Green_Lag7                  <int> NA, NA, NA, NA, NA, NA, NA, 1, …
$ Color_ReHS_Yellow_Lag7                 <int> NA, NA, NA, NA, NA, NA, NA, 0, …
$ Color_ReHS_Red_Lag7                    <int> NA, NA, NA, NA, NA, NA, NA, 0, …
$ Euth_Lag8                              <int> NA, NA, NA, NA, NA, NA, NA, NA,…
$ EuthProportion_Lag8                    <dbl> NA, NA, NA, NA, NA, NA, NA, NA,…
$ Dead_Lag8                              <int> NA, NA, NA, NA, NA, NA, NA, NA,…
$ DeadProportion_Lag8                    <dbl> NA, NA, NA, NA, NA, NA, NA, NA,…
$ TotalMortalityProportion_Lag8          <dbl> NA, NA, NA, NA, NA, NA, NA, NA,…
$ HighMortalityDay_Lag8                  <int> NA, NA, NA, NA, NA, NA, NA, NA,…
$ ExtremeHighMortalityDay_Lag8           <int> NA, NA, NA, NA, NA, NA, NA, NA,…
$ Penicillin_Lag8                        <int> NA, NA, NA, NA, NA, NA, NA, NA,…
$ PenicillinProportion_Lag8              <dbl> NA, NA, NA, NA, NA, NA, NA, NA,…
$ Dexamethasone_Lag8                     <int> NA, NA, NA, NA, NA, NA, NA, NA,…
$ DexamethasoneProportion_Lag8           <dbl> NA, NA, NA, NA, NA, NA, NA, NA,…
$ Ceftiofur_Lag8                         <int> NA, NA, NA, NA, NA, NA, NA, NA,…
$ CeftiofurProportion_Lag8               <dbl> NA, NA, NA, NA, NA, NA, NA, NA,…
$ Enroflaxin_Lag8                        <int> NA, NA, NA, NA, NA, NA, NA, NA,…
$ EnroflaxinProportion_Lag8              <dbl> NA, NA, NA, NA, NA, NA, NA, NA,…
$ Tetracycline_Lag8                      <int> NA, NA, NA, NA, NA, NA, NA, NA,…
$ TetracyclineProportion_Lag8            <dbl> NA, NA, NA, NA, NA, NA, NA, NA,…
$ Lincomycin_Lag8                        <int> NA, NA, NA, NA, NA, NA, NA, NA,…
$ LincomycinProportion_Lag8              <dbl> NA, NA, NA, NA, NA, NA, NA, NA,…
$ OtherTreatments_Lag8                   <int> NA, NA, NA, NA, NA, NA, NA, NA,…
$ OtherTreatmentsProportion_Lag8         <dbl> NA, NA, NA, NA, NA, NA, NA, NA,…
$ PrimaryRespiratory_Lag8                <int> NA, NA, NA, NA, NA, NA, NA, NA,…
$ PrimaryRespiratoryProportion_Lag8      <dbl> NA, NA, NA, NA, NA, NA, NA, NA,…
$ SecondaryRespiratory_Lag8              <int> NA, NA, NA, NA, NA, NA, NA, NA,…
$ SecondaryRespiratoryProportion_Lag8    <dbl> NA, NA, NA, NA, NA, NA, NA, NA,…
$ TotalTreatments_Lag8                   <int> NA, NA, NA, NA, NA, NA, NA, NA,…
$ TotalTreatmentsProportion_Lag8         <dbl> NA, NA, NA, NA, NA, NA, NA, NA,…
$ WaterMedications_Lag8                  <int> NA, NA, NA, NA, NA, NA, NA, NA,…
$ WaterDispHdRMS_Lag8                    <dbl> NA, NA, NA, NA, NA, NA, NA, NA,…
$ ResidualWaterDispHdRMS_Lag8            <dbl> NA, NA, NA, NA, NA, NA, NA, NA,…
$ WaterDispHdVC_Lag8                     <dbl> NA, NA, NA, NA, NA, NA, NA, NA,…
$ ResidualWaterDispHdVC_Lag8             <dbl> NA, NA, NA, NA, NA, NA, NA, NA,…
$ SetPointRMS_Lag8                       <dbl> NA, NA, NA, NA, NA, NA, NA, NA,…
$ LowTempRMS_Lag8                        <dbl> NA, NA, NA, NA, NA, NA, NA, NA,…
$ MidPointTempRMS_Lag8                   <dbl> NA, NA, NA, NA, NA, NA, NA, NA,…
$ HiTempRMS_Lag8                         <dbl> NA, NA, NA, NA, NA, NA, NA, NA,…
$ TempRangeRMS_Lag8                      <dbl> NA, NA, NA, NA, NA, NA, NA, NA,…
$ LowTempSetPointDeviationRMS_Lag8       <dbl> NA, NA, NA, NA, NA, NA, NA, NA,…
$ HiTempSetPointDeviationRMS_Lag8        <dbl> NA, NA, NA, NA, NA, NA, NA, NA,…
$ MidPointTempSetPointDeviationRMS_Lag8  <dbl> NA, NA, NA, NA, NA, NA, NA, NA,…
$ SetPointVC_Lag8                        <dbl> NA, NA, NA, NA, NA, NA, NA, NA,…
$ LowTempVC_Lag8                         <dbl> NA, NA, NA, NA, NA, NA, NA, NA,…
$ AvgTempVC_Lag8                         <dbl> NA, NA, NA, NA, NA, NA, NA, NA,…
$ HiTempVC_Lag8                          <dbl> NA, NA, NA, NA, NA, NA, NA, NA,…
$ TempRangeVC_Lag8                       <dbl> NA, NA, NA, NA, NA, NA, NA, NA,…
$ LowTempSetPointDeviationVC_Lag8        <dbl> NA, NA, NA, NA, NA, NA, NA, NA,…
$ AvgTempSetPointDeviationVC_Lag8        <dbl> NA, NA, NA, NA, NA, NA, NA, NA,…
$ HiTempSetPointDeviationVC_Lag8         <dbl> NA, NA, NA, NA, NA, NA, NA, NA,…
$ Temp_ReHS_Lag8                         <dbl> NA, NA, NA, NA, NA, NA, NA, NA,…
$ ReHS_Lag8                              <dbl> NA, NA, NA, NA, NA, NA, NA, NA,…
$ Color_ReHS_Green_Lag8                  <int> NA, NA, NA, NA, NA, NA, NA, NA,…
$ Color_ReHS_Yellow_Lag8                 <int> NA, NA, NA, NA, NA, NA, NA, NA,…
$ Color_ReHS_Red_Lag8                    <int> NA, NA, NA, NA, NA, NA, NA, NA,…
$ Euth_Lag9                              <int> NA, NA, NA, NA, NA, NA, NA, NA,…
$ EuthProportion_Lag9                    <dbl> NA, NA, NA, NA, NA, NA, NA, NA,…
$ Dead_Lag9                              <int> NA, NA, NA, NA, NA, NA, NA, NA,…
$ DeadProportion_Lag9                    <dbl> NA, NA, NA, NA, NA, NA, NA, NA,…
$ TotalMortalityProportion_Lag9          <dbl> NA, NA, NA, NA, NA, NA, NA, NA,…
$ HighMortalityDay_Lag9                  <int> NA, NA, NA, NA, NA, NA, NA, NA,…
$ ExtremeHighMortalityDay_Lag9           <int> NA, NA, NA, NA, NA, NA, NA, NA,…
$ Penicillin_Lag9                        <int> NA, NA, NA, NA, NA, NA, NA, NA,…
$ PenicillinProportion_Lag9              <dbl> NA, NA, NA, NA, NA, NA, NA, NA,…
$ Dexamethasone_Lag9                     <int> NA, NA, NA, NA, NA, NA, NA, NA,…
$ DexamethasoneProportion_Lag9           <dbl> NA, NA, NA, NA, NA, NA, NA, NA,…
$ Ceftiofur_Lag9                         <int> NA, NA, NA, NA, NA, NA, NA, NA,…
$ CeftiofurProportion_Lag9               <dbl> NA, NA, NA, NA, NA, NA, NA, NA,…
$ Enroflaxin_Lag9                        <int> NA, NA, NA, NA, NA, NA, NA, NA,…
$ EnroflaxinProportion_Lag9              <dbl> NA, NA, NA, NA, NA, NA, NA, NA,…
$ Tetracycline_Lag9                      <int> NA, NA, NA, NA, NA, NA, NA, NA,…
$ TetracyclineProportion_Lag9            <dbl> NA, NA, NA, NA, NA, NA, NA, NA,…
$ Lincomycin_Lag9                        <int> NA, NA, NA, NA, NA, NA, NA, NA,…
$ LincomycinProportion_Lag9              <dbl> NA, NA, NA, NA, NA, NA, NA, NA,…
$ OtherTreatments_Lag9                   <int> NA, NA, NA, NA, NA, NA, NA, NA,…
$ OtherTreatmentsProportion_Lag9         <dbl> NA, NA, NA, NA, NA, NA, NA, NA,…
$ PrimaryRespiratory_Lag9                <int> NA, NA, NA, NA, NA, NA, NA, NA,…
$ PrimaryRespiratoryProportion_Lag9      <dbl> NA, NA, NA, NA, NA, NA, NA, NA,…
$ SecondaryRespiratory_Lag9              <int> NA, NA, NA, NA, NA, NA, NA, NA,…
$ SecondaryRespiratoryProportion_Lag9    <dbl> NA, NA, NA, NA, NA, NA, NA, NA,…
$ TotalTreatments_Lag9                   <int> NA, NA, NA, NA, NA, NA, NA, NA,…
$ TotalTreatmentsProportion_Lag9         <dbl> NA, NA, NA, NA, NA, NA, NA, NA,…
$ WaterMedications_Lag9                  <int> NA, NA, NA, NA, NA, NA, NA, NA,…
$ WaterDispHdRMS_Lag9                    <dbl> NA, NA, NA, NA, NA, NA, NA, NA,…
$ ResidualWaterDispHdRMS_Lag9            <dbl> NA, NA, NA, NA, NA, NA, NA, NA,…
$ WaterDispHdVC_Lag9                     <dbl> NA, NA, NA, NA, NA, NA, NA, NA,…
$ ResidualWaterDispHdVC_Lag9             <dbl> NA, NA, NA, NA, NA, NA, NA, NA,…
$ SetPointRMS_Lag9                       <dbl> NA, NA, NA, NA, NA, NA, NA, NA,…
$ LowTempRMS_Lag9                        <dbl> NA, NA, NA, NA, NA, NA, NA, NA,…
$ MidPointTempRMS_Lag9                   <dbl> NA, NA, NA, NA, NA, NA, NA, NA,…
$ HiTempRMS_Lag9                         <dbl> NA, NA, NA, NA, NA, NA, NA, NA,…
$ TempRangeRMS_Lag9                      <dbl> NA, NA, NA, NA, NA, NA, NA, NA,…
$ LowTempSetPointDeviationRMS_Lag9       <dbl> NA, NA, NA, NA, NA, NA, NA, NA,…
$ HiTempSetPointDeviationRMS_Lag9        <dbl> NA, NA, NA, NA, NA, NA, NA, NA,…
$ MidPointTempSetPointDeviationRMS_Lag9  <dbl> NA, NA, NA, NA, NA, NA, NA, NA,…
$ SetPointVC_Lag9                        <dbl> NA, NA, NA, NA, NA, NA, NA, NA,…
$ LowTempVC_Lag9                         <dbl> NA, NA, NA, NA, NA, NA, NA, NA,…
$ AvgTempVC_Lag9                         <dbl> NA, NA, NA, NA, NA, NA, NA, NA,…
$ HiTempVC_Lag9                          <dbl> NA, NA, NA, NA, NA, NA, NA, NA,…
$ TempRangeVC_Lag9                       <dbl> NA, NA, NA, NA, NA, NA, NA, NA,…
$ LowTempSetPointDeviationVC_Lag9        <dbl> NA, NA, NA, NA, NA, NA, NA, NA,…
$ AvgTempSetPointDeviationVC_Lag9        <dbl> NA, NA, NA, NA, NA, NA, NA, NA,…
$ HiTempSetPointDeviationVC_Lag9         <dbl> NA, NA, NA, NA, NA, NA, NA, NA,…
$ Temp_ReHS_Lag9                         <dbl> NA, NA, NA, NA, NA, NA, NA, NA,…
$ ReHS_Lag9                              <dbl> NA, NA, NA, NA, NA, NA, NA, NA,…
$ Color_ReHS_Green_Lag9                  <int> NA, NA, NA, NA, NA, NA, NA, NA,…
$ Color_ReHS_Yellow_Lag9                 <int> NA, NA, NA, NA, NA, NA, NA, NA,…
$ Color_ReHS_Red_Lag9                    <int> NA, NA, NA, NA, NA, NA, NA, NA,…
$ Euth_Lag10                             <int> NA, NA, NA, NA, NA, NA, NA, NA,…
$ EuthProportion_Lag10                   <dbl> NA, NA, NA, NA, NA, NA, NA, NA,…
$ Dead_Lag10                             <int> NA, NA, NA, NA, NA, NA, NA, NA,…
$ DeadProportion_Lag10                   <dbl> NA, NA, NA, NA, NA, NA, NA, NA,…
$ TotalMortalityProportion_Lag10         <dbl> NA, NA, NA, NA, NA, NA, NA, NA,…
$ HighMortalityDay_Lag10                 <int> NA, NA, NA, NA, NA, NA, NA, NA,…
$ ExtremeHighMortalityDay_Lag10          <int> NA, NA, NA, NA, NA, NA, NA, NA,…
$ Penicillin_Lag10                       <int> NA, NA, NA, NA, NA, NA, NA, NA,…
$ PenicillinProportion_Lag10             <dbl> NA, NA, NA, NA, NA, NA, NA, NA,…
$ Dexamethasone_Lag10                    <int> NA, NA, NA, NA, NA, NA, NA, NA,…
$ DexamethasoneProportion_Lag10          <dbl> NA, NA, NA, NA, NA, NA, NA, NA,…
$ Ceftiofur_Lag10                        <int> NA, NA, NA, NA, NA, NA, NA, NA,…
$ CeftiofurProportion_Lag10              <dbl> NA, NA, NA, NA, NA, NA, NA, NA,…
$ Enroflaxin_Lag10                       <int> NA, NA, NA, NA, NA, NA, NA, NA,…
$ EnroflaxinProportion_Lag10             <dbl> NA, NA, NA, NA, NA, NA, NA, NA,…
$ Tetracycline_Lag10                     <int> NA, NA, NA, NA, NA, NA, NA, NA,…
$ TetracyclineProportion_Lag10           <dbl> NA, NA, NA, NA, NA, NA, NA, NA,…
$ Lincomycin_Lag10                       <int> NA, NA, NA, NA, NA, NA, NA, NA,…
$ LincomycinProportion_Lag10             <dbl> NA, NA, NA, NA, NA, NA, NA, NA,…
$ OtherTreatments_Lag10                  <int> NA, NA, NA, NA, NA, NA, NA, NA,…
$ OtherTreatmentsProportion_Lag10        <dbl> NA, NA, NA, NA, NA, NA, NA, NA,…
$ PrimaryRespiratory_Lag10               <int> NA, NA, NA, NA, NA, NA, NA, NA,…
$ PrimaryRespiratoryProportion_Lag10     <dbl> NA, NA, NA, NA, NA, NA, NA, NA,…
$ SecondaryRespiratory_Lag10             <int> NA, NA, NA, NA, NA, NA, NA, NA,…
$ SecondaryRespiratoryProportion_Lag10   <dbl> NA, NA, NA, NA, NA, NA, NA, NA,…
$ TotalTreatments_Lag10                  <int> NA, NA, NA, NA, NA, NA, NA, NA,…
$ TotalTreatmentsProportion_Lag10        <dbl> NA, NA, NA, NA, NA, NA, NA, NA,…
$ WaterMedications_Lag10                 <int> NA, NA, NA, NA, NA, NA, NA, NA,…
$ WaterDispHdRMS_Lag10                   <dbl> NA, NA, NA, NA, NA, NA, NA, NA,…
$ ResidualWaterDispHdRMS_Lag10           <dbl> NA, NA, NA, NA, NA, NA, NA, NA,…
$ WaterDispHdVC_Lag10                    <dbl> NA, NA, NA, NA, NA, NA, NA, NA,…
$ ResidualWaterDispHdVC_Lag10            <dbl> NA, NA, NA, NA, NA, NA, NA, NA,…
$ SetPointRMS_Lag10                      <dbl> NA, NA, NA, NA, NA, NA, NA, NA,…
$ LowTempRMS_Lag10                       <dbl> NA, NA, NA, NA, NA, NA, NA, NA,…
$ MidPointTempRMS_Lag10                  <dbl> NA, NA, NA, NA, NA, NA, NA, NA,…
$ HiTempRMS_Lag10                        <dbl> NA, NA, NA, NA, NA, NA, NA, NA,…
$ TempRangeRMS_Lag10                     <dbl> NA, NA, NA, NA, NA, NA, NA, NA,…
$ LowTempSetPointDeviationRMS_Lag10      <dbl> NA, NA, NA, NA, NA, NA, NA, NA,…
$ HiTempSetPointDeviationRMS_Lag10       <dbl> NA, NA, NA, NA, NA, NA, NA, NA,…
$ MidPointTempSetPointDeviationRMS_Lag10 <dbl> NA, NA, NA, NA, NA, NA, NA, NA,…
$ SetPointVC_Lag10                       <dbl> NA, NA, NA, NA, NA, NA, NA, NA,…
$ LowTempVC_Lag10                        <dbl> NA, NA, NA, NA, NA, NA, NA, NA,…
$ AvgTempVC_Lag10                        <dbl> NA, NA, NA, NA, NA, NA, NA, NA,…
$ HiTempVC_Lag10                         <dbl> NA, NA, NA, NA, NA, NA, NA, NA,…
$ TempRangeVC_Lag10                      <dbl> NA, NA, NA, NA, NA, NA, NA, NA,…
$ LowTempSetPointDeviationVC_Lag10       <dbl> NA, NA, NA, NA, NA, NA, NA, NA,…
$ AvgTempSetPointDeviationVC_Lag10       <dbl> NA, NA, NA, NA, NA, NA, NA, NA,…
$ HiTempSetPointDeviationVC_Lag10        <dbl> NA, NA, NA, NA, NA, NA, NA, NA,…
$ Temp_ReHS_Lag10                        <dbl> NA, NA, NA, NA, NA, NA, NA, NA,…
$ ReHS_Lag10                             <dbl> NA, NA, NA, NA, NA, NA, NA, NA,…
$ Color_ReHS_Green_Lag10                 <int> NA, NA, NA, NA, NA, NA, NA, NA,…
$ Color_ReHS_Yellow_Lag10                <int> NA, NA, NA, NA, NA, NA, NA, NA,…
$ Color_ReHS_Red_Lag10                   <int> NA, NA, NA, NA, NA, NA, NA, NA,…
$ Euth_Lag11                             <int> NA, NA, NA, NA, NA, NA, NA, NA,…
$ EuthProportion_Lag11                   <dbl> NA, NA, NA, NA, NA, NA, NA, NA,…
$ Dead_Lag11                             <int> NA, NA, NA, NA, NA, NA, NA, NA,…
$ DeadProportion_Lag11                   <dbl> NA, NA, NA, NA, NA, NA, NA, NA,…
$ TotalMortalityProportion_Lag11         <dbl> NA, NA, NA, NA, NA, NA, NA, NA,…
$ HighMortalityDay_Lag11                 <int> NA, NA, NA, NA, NA, NA, NA, NA,…
$ ExtremeHighMortalityDay_Lag11          <int> NA, NA, NA, NA, NA, NA, NA, NA,…
$ Penicillin_Lag11                       <int> NA, NA, NA, NA, NA, NA, NA, NA,…
$ PenicillinProportion_Lag11             <dbl> NA, NA, NA, NA, NA, NA, NA, NA,…
$ Dexamethasone_Lag11                    <int> NA, NA, NA, NA, NA, NA, NA, NA,…
$ DexamethasoneProportion_Lag11          <dbl> NA, NA, NA, NA, NA, NA, NA, NA,…
$ Ceftiofur_Lag11                        <int> NA, NA, NA, NA, NA, NA, NA, NA,…
$ CeftiofurProportion_Lag11              <dbl> NA, NA, NA, NA, NA, NA, NA, NA,…
$ Enroflaxin_Lag11                       <int> NA, NA, NA, NA, NA, NA, NA, NA,…
$ EnroflaxinProportion_Lag11             <dbl> NA, NA, NA, NA, NA, NA, NA, NA,…
$ Tetracycline_Lag11                     <int> NA, NA, NA, NA, NA, NA, NA, NA,…
$ TetracyclineProportion_Lag11           <dbl> NA, NA, NA, NA, NA, NA, NA, NA,…
$ Lincomycin_Lag11                       <int> NA, NA, NA, NA, NA, NA, NA, NA,…
$ LincomycinProportion_Lag11             <dbl> NA, NA, NA, NA, NA, NA, NA, NA,…
$ OtherTreatments_Lag11                  <int> NA, NA, NA, NA, NA, NA, NA, NA,…
$ OtherTreatmentsProportion_Lag11        <dbl> NA, NA, NA, NA, NA, NA, NA, NA,…
$ PrimaryRespiratory_Lag11               <int> NA, NA, NA, NA, NA, NA, NA, NA,…
$ PrimaryRespiratoryProportion_Lag11     <dbl> NA, NA, NA, NA, NA, NA, NA, NA,…
$ SecondaryRespiratory_Lag11             <int> NA, NA, NA, NA, NA, NA, NA, NA,…
$ SecondaryRespiratoryProportion_Lag11   <dbl> NA, NA, NA, NA, NA, NA, NA, NA,…
$ TotalTreatments_Lag11                  <int> NA, NA, NA, NA, NA, NA, NA, NA,…
$ TotalTreatmentsProportion_Lag11        <dbl> NA, NA, NA, NA, NA, NA, NA, NA,…
$ WaterMedications_Lag11                 <int> NA, NA, NA, NA, NA, NA, NA, NA,…
$ WaterDispHdRMS_Lag11                   <dbl> NA, NA, NA, NA, NA, NA, NA, NA,…
$ ResidualWaterDispHdRMS_Lag11           <dbl> NA, NA, NA, NA, NA, NA, NA, NA,…
$ WaterDispHdVC_Lag11                    <dbl> NA, NA, NA, NA, NA, NA, NA, NA,…
$ ResidualWaterDispHdVC_Lag11            <dbl> NA, NA, NA, NA, NA, NA, NA, NA,…
$ SetPointRMS_Lag11                      <dbl> NA, NA, NA, NA, NA, NA, NA, NA,…
$ LowTempRMS_Lag11                       <dbl> NA, NA, NA, NA, NA, NA, NA, NA,…
$ MidPointTempRMS_Lag11                  <dbl> NA, NA, NA, NA, NA, NA, NA, NA,…
$ HiTempRMS_Lag11                        <dbl> NA, NA, NA, NA, NA, NA, NA, NA,…
$ TempRangeRMS_Lag11                     <dbl> NA, NA, NA, NA, NA, NA, NA, NA,…
$ LowTempSetPointDeviationRMS_Lag11      <dbl> NA, NA, NA, NA, NA, NA, NA, NA,…
$ HiTempSetPointDeviationRMS_Lag11       <dbl> NA, NA, NA, NA, NA, NA, NA, NA,…
$ MidPointTempSetPointDeviationRMS_Lag11 <dbl> NA, NA, NA, NA, NA, NA, NA, NA,…
$ SetPointVC_Lag11                       <dbl> NA, NA, NA, NA, NA, NA, NA, NA,…
$ LowTempVC_Lag11                        <dbl> NA, NA, NA, NA, NA, NA, NA, NA,…
$ AvgTempVC_Lag11                        <dbl> NA, NA, NA, NA, NA, NA, NA, NA,…
$ HiTempVC_Lag11                         <dbl> NA, NA, NA, NA, NA, NA, NA, NA,…
$ TempRangeVC_Lag11                      <dbl> NA, NA, NA, NA, NA, NA, NA, NA,…
$ LowTempSetPointDeviationVC_Lag11       <dbl> NA, NA, NA, NA, NA, NA, NA, NA,…
$ AvgTempSetPointDeviationVC_Lag11       <dbl> NA, NA, NA, NA, NA, NA, NA, NA,…
$ HiTempSetPointDeviationVC_Lag11        <dbl> NA, NA, NA, NA, NA, NA, NA, NA,…
$ Temp_ReHS_Lag11                        <dbl> NA, NA, NA, NA, NA, NA, NA, NA,…
$ ReHS_Lag11                             <dbl> NA, NA, NA, NA, NA, NA, NA, NA,…
$ Color_ReHS_Green_Lag11                 <int> NA, NA, NA, NA, NA, NA, NA, NA,…
$ Color_ReHS_Yellow_Lag11                <int> NA, NA, NA, NA, NA, NA, NA, NA,…
$ Color_ReHS_Red_Lag11                   <int> NA, NA, NA, NA, NA, NA, NA, NA,…
$ Euth_Lag12                             <int> NA, NA, NA, NA, NA, NA, NA, NA,…
$ EuthProportion_Lag12                   <dbl> NA, NA, NA, NA, NA, NA, NA, NA,…
$ Dead_Lag12                             <int> NA, NA, NA, NA, NA, NA, NA, NA,…
$ DeadProportion_Lag12                   <dbl> NA, NA, NA, NA, NA, NA, NA, NA,…
$ TotalMortalityProportion_Lag12         <dbl> NA, NA, NA, NA, NA, NA, NA, NA,…
$ HighMortalityDay_Lag12                 <int> NA, NA, NA, NA, NA, NA, NA, NA,…
$ ExtremeHighMortalityDay_Lag12          <int> NA, NA, NA, NA, NA, NA, NA, NA,…
$ Penicillin_Lag12                       <int> NA, NA, NA, NA, NA, NA, NA, NA,…
$ PenicillinProportion_Lag12             <dbl> NA, NA, NA, NA, NA, NA, NA, NA,…
$ Dexamethasone_Lag12                    <int> NA, NA, NA, NA, NA, NA, NA, NA,…
$ DexamethasoneProportion_Lag12          <dbl> NA, NA, NA, NA, NA, NA, NA, NA,…
$ Ceftiofur_Lag12                        <int> NA, NA, NA, NA, NA, NA, NA, NA,…
$ CeftiofurProportion_Lag12              <dbl> NA, NA, NA, NA, NA, NA, NA, NA,…
$ Enroflaxin_Lag12                       <int> NA, NA, NA, NA, NA, NA, NA, NA,…
$ EnroflaxinProportion_Lag12             <dbl> NA, NA, NA, NA, NA, NA, NA, NA,…
$ Tetracycline_Lag12                     <int> NA, NA, NA, NA, NA, NA, NA, NA,…
$ TetracyclineProportion_Lag12           <dbl> NA, NA, NA, NA, NA, NA, NA, NA,…
$ Lincomycin_Lag12                       <int> NA, NA, NA, NA, NA, NA, NA, NA,…
$ LincomycinProportion_Lag12             <dbl> NA, NA, NA, NA, NA, NA, NA, NA,…
$ OtherTreatments_Lag12                  <int> NA, NA, NA, NA, NA, NA, NA, NA,…
$ OtherTreatmentsProportion_Lag12        <dbl> NA, NA, NA, NA, NA, NA, NA, NA,…
$ PrimaryRespiratory_Lag12               <int> NA, NA, NA, NA, NA, NA, NA, NA,…
$ PrimaryRespiratoryProportion_Lag12     <dbl> NA, NA, NA, NA, NA, NA, NA, NA,…
$ SecondaryRespiratory_Lag12             <int> NA, NA, NA, NA, NA, NA, NA, NA,…
$ SecondaryRespiratoryProportion_Lag12   <dbl> NA, NA, NA, NA, NA, NA, NA, NA,…
$ TotalTreatments_Lag12                  <int> NA, NA, NA, NA, NA, NA, NA, NA,…
$ TotalTreatmentsProportion_Lag12        <dbl> NA, NA, NA, NA, NA, NA, NA, NA,…
$ WaterMedications_Lag12                 <int> NA, NA, NA, NA, NA, NA, NA, NA,…
$ WaterDispHdRMS_Lag12                   <dbl> NA, NA, NA, NA, NA, NA, NA, NA,…
$ ResidualWaterDispHdRMS_Lag12           <dbl> NA, NA, NA, NA, NA, NA, NA, NA,…
$ WaterDispHdVC_Lag12                    <dbl> NA, NA, NA, NA, NA, NA, NA, NA,…
$ ResidualWaterDispHdVC_Lag12            <dbl> NA, NA, NA, NA, NA, NA, NA, NA,…
$ SetPointRMS_Lag12                      <dbl> NA, NA, NA, NA, NA, NA, NA, NA,…
$ LowTempRMS_Lag12                       <dbl> NA, NA, NA, NA, NA, NA, NA, NA,…
$ MidPointTempRMS_Lag12                  <dbl> NA, NA, NA, NA, NA, NA, NA, NA,…
$ HiTempRMS_Lag12                        <dbl> NA, NA, NA, NA, NA, NA, NA, NA,…
$ TempRangeRMS_Lag12                     <dbl> NA, NA, NA, NA, NA, NA, NA, NA,…
$ LowTempSetPointDeviationRMS_Lag12      <dbl> NA, NA, NA, NA, NA, NA, NA, NA,…
$ HiTempSetPointDeviationRMS_Lag12       <dbl> NA, NA, NA, NA, NA, NA, NA, NA,…
$ MidPointTempSetPointDeviationRMS_Lag12 <dbl> NA, NA, NA, NA, NA, NA, NA, NA,…
$ SetPointVC_Lag12                       <dbl> NA, NA, NA, NA, NA, NA, NA, NA,…
$ LowTempVC_Lag12                        <dbl> NA, NA, NA, NA, NA, NA, NA, NA,…
$ AvgTempVC_Lag12                        <dbl> NA, NA, NA, NA, NA, NA, NA, NA,…
$ HiTempVC_Lag12                         <dbl> NA, NA, NA, NA, NA, NA, NA, NA,…
$ TempRangeVC_Lag12                      <dbl> NA, NA, NA, NA, NA, NA, NA, NA,…
$ LowTempSetPointDeviationVC_Lag12       <dbl> NA, NA, NA, NA, NA, NA, NA, NA,…
$ AvgTempSetPointDeviationVC_Lag12       <dbl> NA, NA, NA, NA, NA, NA, NA, NA,…
$ HiTempSetPointDeviationVC_Lag12        <dbl> NA, NA, NA, NA, NA, NA, NA, NA,…
$ Temp_ReHS_Lag12                        <dbl> NA, NA, NA, NA, NA, NA, NA, NA,…
$ ReHS_Lag12                             <dbl> NA, NA, NA, NA, NA, NA, NA, NA,…
$ Color_ReHS_Green_Lag12                 <int> NA, NA, NA, NA, NA, NA, NA, NA,…
$ Color_ReHS_Yellow_Lag12                <int> NA, NA, NA, NA, NA, NA, NA, NA,…
$ Color_ReHS_Red_Lag12                   <int> NA, NA, NA, NA, NA, NA, NA, NA,…
$ Euth_Lag13                             <int> NA, NA, NA, NA, NA, NA, NA, NA,…
$ EuthProportion_Lag13                   <dbl> NA, NA, NA, NA, NA, NA, NA, NA,…
$ Dead_Lag13                             <int> NA, NA, NA, NA, NA, NA, NA, NA,…
$ DeadProportion_Lag13                   <dbl> NA, NA, NA, NA, NA, NA, NA, NA,…
$ TotalMortalityProportion_Lag13         <dbl> NA, NA, NA, NA, NA, NA, NA, NA,…
$ HighMortalityDay_Lag13                 <int> NA, NA, NA, NA, NA, NA, NA, NA,…
$ ExtremeHighMortalityDay_Lag13          <int> NA, NA, NA, NA, NA, NA, NA, NA,…
$ Penicillin_Lag13                       <int> NA, NA, NA, NA, NA, NA, NA, NA,…
$ PenicillinProportion_Lag13             <dbl> NA, NA, NA, NA, NA, NA, NA, NA,…
$ Dexamethasone_Lag13                    <int> NA, NA, NA, NA, NA, NA, NA, NA,…
$ DexamethasoneProportion_Lag13          <dbl> NA, NA, NA, NA, NA, NA, NA, NA,…
$ Ceftiofur_Lag13                        <int> NA, NA, NA, NA, NA, NA, NA, NA,…
$ CeftiofurProportion_Lag13              <dbl> NA, NA, NA, NA, NA, NA, NA, NA,…
$ Enroflaxin_Lag13                       <int> NA, NA, NA, NA, NA, NA, NA, NA,…
$ EnroflaxinProportion_Lag13             <dbl> NA, NA, NA, NA, NA, NA, NA, NA,…
$ Tetracycline_Lag13                     <int> NA, NA, NA, NA, NA, NA, NA, NA,…
$ TetracyclineProportion_Lag13           <dbl> NA, NA, NA, NA, NA, NA, NA, NA,…
$ Lincomycin_Lag13                       <int> NA, NA, NA, NA, NA, NA, NA, NA,…
$ LincomycinProportion_Lag13             <dbl> NA, NA, NA, NA, NA, NA, NA, NA,…
$ OtherTreatments_Lag13                  <int> NA, NA, NA, NA, NA, NA, NA, NA,…
$ OtherTreatmentsProportion_Lag13        <dbl> NA, NA, NA, NA, NA, NA, NA, NA,…
$ PrimaryRespiratory_Lag13               <int> NA, NA, NA, NA, NA, NA, NA, NA,…
$ PrimaryRespiratoryProportion_Lag13     <dbl> NA, NA, NA, NA, NA, NA, NA, NA,…
$ SecondaryRespiratory_Lag13             <int> NA, NA, NA, NA, NA, NA, NA, NA,…
$ SecondaryRespiratoryProportion_Lag13   <dbl> NA, NA, NA, NA, NA, NA, NA, NA,…
$ TotalTreatments_Lag13                  <int> NA, NA, NA, NA, NA, NA, NA, NA,…
$ TotalTreatmentsProportion_Lag13        <dbl> NA, NA, NA, NA, NA, NA, NA, NA,…
$ WaterMedications_Lag13                 <int> NA, NA, NA, NA, NA, NA, NA, NA,…
$ WaterDispHdRMS_Lag13                   <dbl> NA, NA, NA, NA, NA, NA, NA, NA,…
$ ResidualWaterDispHdRMS_Lag13           <dbl> NA, NA, NA, NA, NA, NA, NA, NA,…
$ WaterDispHdVC_Lag13                    <dbl> NA, NA, NA, NA, NA, NA, NA, NA,…
$ ResidualWaterDispHdVC_Lag13            <dbl> NA, NA, NA, NA, NA, NA, NA, NA,…
$ SetPointRMS_Lag13                      <dbl> NA, NA, NA, NA, NA, NA, NA, NA,…
$ LowTempRMS_Lag13                       <dbl> NA, NA, NA, NA, NA, NA, NA, NA,…
$ MidPointTempRMS_Lag13                  <dbl> NA, NA, NA, NA, NA, NA, NA, NA,…
$ HiTempRMS_Lag13                        <dbl> NA, NA, NA, NA, NA, NA, NA, NA,…
$ TempRangeRMS_Lag13                     <dbl> NA, NA, NA, NA, NA, NA, NA, NA,…
$ LowTempSetPointDeviationRMS_Lag13      <dbl> NA, NA, NA, NA, NA, NA, NA, NA,…
$ HiTempSetPointDeviationRMS_Lag13       <dbl> NA, NA, NA, NA, NA, NA, NA, NA,…
$ MidPointTempSetPointDeviationRMS_Lag13 <dbl> NA, NA, NA, NA, NA, NA, NA, NA,…
$ SetPointVC_Lag13                       <dbl> NA, NA, NA, NA, NA, NA, NA, NA,…
$ LowTempVC_Lag13                        <dbl> NA, NA, NA, NA, NA, NA, NA, NA,…
$ AvgTempVC_Lag13                        <dbl> NA, NA, NA, NA, NA, NA, NA, NA,…
$ HiTempVC_Lag13                         <dbl> NA, NA, NA, NA, NA, NA, NA, NA,…
$ TempRangeVC_Lag13                      <dbl> NA, NA, NA, NA, NA, NA, NA, NA,…
$ LowTempSetPointDeviationVC_Lag13       <dbl> NA, NA, NA, NA, NA, NA, NA, NA,…
$ AvgTempSetPointDeviationVC_Lag13       <dbl> NA, NA, NA, NA, NA, NA, NA, NA,…
$ HiTempSetPointDeviationVC_Lag13        <dbl> NA, NA, NA, NA, NA, NA, NA, NA,…
$ Temp_ReHS_Lag13                        <dbl> NA, NA, NA, NA, NA, NA, NA, NA,…
$ ReHS_Lag13                             <dbl> NA, NA, NA, NA, NA, NA, NA, NA,…
$ Color_ReHS_Green_Lag13                 <int> NA, NA, NA, NA, NA, NA, NA, NA,…
$ Color_ReHS_Yellow_Lag13                <int> NA, NA, NA, NA, NA, NA, NA, NA,…
$ Color_ReHS_Red_Lag13                   <int> NA, NA, NA, NA, NA, NA, NA, NA,…
Fitting regression models...
Loading required package: lmerTest
Loading required package: lme4
Loading required package: Matrix

Attaching package: ‘Matrix’

The following objects are masked from ‘package:tidyr’:

    expand, pack, unpack


Attaching package: ‘lmerTest’

The following object is masked from ‘package:lme4’:

    lmer

The following object is masked from ‘package:stats’:

    step

[1] "Euth_Lag0"
[1] "EuthProportion_Lag0"
[1] "Dead_Lag0"
[1] "DeadProportion_Lag0"
[1] "HighMortalityDay_Lag0"
[1] "ExtremeHighMortalityDay_Lag0"
[1] "Penicillin_Lag0"
[1] "PenicillinProportion_Lag0"
[1] "Dexamethasone_Lag0"
[1] "DexamethasoneProportion_Lag0"
[1] "Ceftiofur_Lag0"
[1] "CeftiofurProportion_Lag0"
[1] "Enroflaxin_Lag0"
[1] "EnroflaxinProportion_Lag0"
[1] "Tetracycline_Lag0"
[1] "TetracyclineProportion_Lag0"
[1] "Lincomycin_Lag0"
[1] "LincomycinProportion_Lag0"
[1] "OtherTreatments_Lag0"
[1] "OtherTreatmentsProportion_Lag0"
[1] "PrimaryRespiratory_Lag0"
[1] "PrimaryRespiratoryProportion_Lag0"
[1] "SecondaryRespiratory_Lag0"
[1] "SecondaryRespiratoryProportion_Lag0"
[1] "TotalTreatments_Lag0"
[1] "TotalTreatmentsProportion_Lag0"
[1] "WaterMedications_Lag0"
[1] "WaterDispHdRMS_Lag0"
[1] "ResidualWaterDispHdRMS_Lag0"
[1] "WaterDispHdVC_Lag0"
[1] "ResidualWaterDispHdVC_Lag0"
[1] "SetPointRMS_Lag0"
[1] "LowTempRMS_Lag0"
[1] "MidPointTempRMS_Lag0"
[1] "HiTempRMS_Lag0"
[1] "TempRangeRMS_Lag0"
[1] "LowTempSetPointDeviationRMS_Lag0"
[1] "HiTempSetPointDeviationRMS_Lag0"
[1] "MidPointTempSetPointDeviationRMS_Lag0"
[1] "SetPointVC_Lag0"
[1] "LowTempVC_Lag0"
[1] "AvgTempVC_Lag0"
[1] "HiTempVC_Lag0"
[1] "TempRangeVC_Lag0"
[1] "LowTempSetPointDeviationVC_Lag0"
[1] "AvgTempSetPointDeviationVC_Lag0"
[1] "HiTempSetPointDeviationVC_Lag0"
[1] "Temp_ReHS_Lag0"
[1] "ReHS_Lag0"
[1] "Color_ReHS_Green_Lag0"
[1] "Color_ReHS_Yellow_Lag0"
[1] "Color_ReHS_Red_Lag0"
[1] "Euth_Lag1"
[1] "EuthProportion_Lag1"
[1] "Dead_Lag1"
[1] "DeadProportion_Lag1"
[1] "TotalMortalityProportion_Lag1"
[1] "HighMortalityDay_Lag1"
[1] "ExtremeHighMortalityDay_Lag1"
[1] "Penicillin_Lag1"
[1] "PenicillinProportion_Lag1"
[1] "Dexamethasone_Lag1"
[1] "DexamethasoneProportion_Lag1"
[1] "Ceftiofur_Lag1"
[1] "CeftiofurProportion_Lag1"
[1] "Enroflaxin_Lag1"
[1] "EnroflaxinProportion_Lag1"
[1] "Tetracycline_Lag1"
[1] "TetracyclineProportion_Lag1"
[1] "Lincomycin_Lag1"
[1] "LincomycinProportion_Lag1"
[1] "OtherTreatments_Lag1"
[1] "OtherTreatmentsProportion_Lag1"
[1] "PrimaryRespiratory_Lag1"
[1] "PrimaryRespiratoryProportion_Lag1"
[1] "SecondaryRespiratory_Lag1"
[1] "SecondaryRespiratoryProportion_Lag1"
[1] "TotalTreatments_Lag1"
[1] "TotalTreatmentsProportion_Lag1"
[1] "WaterMedications_Lag1"
[1] "WaterDispHdRMS_Lag1"
[1] "ResidualWaterDispHdRMS_Lag1"
[1] "WaterDispHdVC_Lag1"
[1] "ResidualWaterDispHdVC_Lag1"
[1] "SetPointRMS_Lag1"
[1] "LowTempRMS_Lag1"
[1] "MidPointTempRMS_Lag1"
[1] "HiTempRMS_Lag1"
[1] "TempRangeRMS_Lag1"
[1] "LowTempSetPointDeviationRMS_Lag1"
[1] "HiTempSetPointDeviationRMS_Lag1"
[1] "MidPointTempSetPointDeviationRMS_Lag1"
[1] "SetPointVC_Lag1"
[1] "LowTempVC_Lag1"
[1] "AvgTempVC_Lag1"
[1] "HiTempVC_Lag1"
[1] "TempRangeVC_Lag1"
[1] "LowTempSetPointDeviationVC_Lag1"
[1] "AvgTempSetPointDeviationVC_Lag1"
[1] "HiTempSetPointDeviationVC_Lag1"
[1] "Temp_ReHS_Lag1"
[1] "ReHS_Lag1"
[1] "Color_ReHS_Green_Lag1"
[1] "Color_ReHS_Yellow_Lag1"
[1] "Color_ReHS_Red_Lag1"
[1] "Euth_Lag2"
[1] "EuthProportion_Lag2"
[1] "Dead_Lag2"
[1] "DeadProportion_Lag2"
[1] "TotalMortalityProportion_Lag2"
[1] "HighMortalityDay_Lag2"
[1] "ExtremeHighMortalityDay_Lag2"
[1] "Penicillin_Lag2"
[1] "PenicillinProportion_Lag2"
[1] "Dexamethasone_Lag2"
[1] "DexamethasoneProportion_Lag2"
[1] "Ceftiofur_Lag2"
[1] "CeftiofurProportion_Lag2"
[1] "Enroflaxin_Lag2"
[1] "EnroflaxinProportion_Lag2"
[1] "Tetracycline_Lag2"
[1] "TetracyclineProportion_Lag2"
[1] "Lincomycin_Lag2"
[1] "LincomycinProportion_Lag2"
[1] "OtherTreatments_Lag2"
[1] "OtherTreatmentsProportion_Lag2"
[1] "PrimaryRespiratory_Lag2"
[1] "PrimaryRespiratoryProportion_Lag2"
[1] "SecondaryRespiratory_Lag2"
[1] "SecondaryRespiratoryProportion_Lag2"
[1] "TotalTreatments_Lag2"
[1] "TotalTreatmentsProportion_Lag2"
[1] "WaterMedications_Lag2"
[1] "WaterDispHdRMS_Lag2"
[1] "ResidualWaterDispHdRMS_Lag2"
[1] "WaterDispHdVC_Lag2"
[1] "ResidualWaterDispHdVC_Lag2"
[1] "SetPointRMS_Lag2"
[1] "LowTempRMS_Lag2"
[1] "MidPointTempRMS_Lag2"
[1] "HiTempRMS_Lag2"
[1] "TempRangeRMS_Lag2"
[1] "LowTempSetPointDeviationRMS_Lag2"
[1] "HiTempSetPointDeviationRMS_Lag2"
[1] "MidPointTempSetPointDeviationRMS_Lag2"
[1] "SetPointVC_Lag2"
[1] "LowTempVC_Lag2"
[1] "AvgTempVC_Lag2"
[1] "HiTempVC_Lag2"
[1] "TempRangeVC_Lag2"
[1] "LowTempSetPointDeviationVC_Lag2"
[1] "AvgTempSetPointDeviationVC_Lag2"
[1] "HiTempSetPointDeviationVC_Lag2"
[1] "Temp_ReHS_Lag2"
[1] "ReHS_Lag2"
[1] "Color_ReHS_Green_Lag2"
[1] "Color_ReHS_Yellow_Lag2"
[1] "Color_ReHS_Red_Lag2"
[1] "Euth_Lag3"
[1] "EuthProportion_Lag3"
[1] "Dead_Lag3"
[1] "DeadProportion_Lag3"
[1] "TotalMortalityProportion_Lag3"
[1] "HighMortalityDay_Lag3"
[1] "ExtremeHighMortalityDay_Lag3"
[1] "Penicillin_Lag3"
[1] "PenicillinProportion_Lag3"
[1] "Dexamethasone_Lag3"
[1] "DexamethasoneProportion_Lag3"
[1] "Ceftiofur_Lag3"
[1] "CeftiofurProportion_Lag3"
[1] "Enroflaxin_Lag3"
[1] "EnroflaxinProportion_Lag3"
[1] "Tetracycline_Lag3"
[1] "TetracyclineProportion_Lag3"
[1] "Lincomycin_Lag3"
[1] "LincomycinProportion_Lag3"
[1] "OtherTreatments_Lag3"
[1] "OtherTreatmentsProportion_Lag3"
[1] "PrimaryRespiratory_Lag3"
[1] "PrimaryRespiratoryProportion_Lag3"
[1] "SecondaryRespiratory_Lag3"
[1] "SecondaryRespiratoryProportion_Lag3"
[1] "TotalTreatments_Lag3"
[1] "TotalTreatmentsProportion_Lag3"
[1] "WaterMedications_Lag3"
[1] "WaterDispHdRMS_Lag3"
[1] "ResidualWaterDispHdRMS_Lag3"
[1] "WaterDispHdVC_Lag3"
[1] "ResidualWaterDispHdVC_Lag3"
[1] "SetPointRMS_Lag3"
[1] "LowTempRMS_Lag3"
[1] "MidPointTempRMS_Lag3"
[1] "HiTempRMS_Lag3"
[1] "TempRangeRMS_Lag3"
[1] "LowTempSetPointDeviationRMS_Lag3"
[1] "HiTempSetPointDeviationRMS_Lag3"
[1] "MidPointTempSetPointDeviationRMS_Lag3"
[1] "SetPointVC_Lag3"
[1] "LowTempVC_Lag3"
[1] "AvgTempVC_Lag3"
[1] "HiTempVC_Lag3"
[1] "TempRangeVC_Lag3"
[1] "LowTempSetPointDeviationVC_Lag3"
[1] "AvgTempSetPointDeviationVC_Lag3"
[1] "HiTempSetPointDeviationVC_Lag3"
[1] "Temp_ReHS_Lag3"
[1] "ReHS_Lag3"
[1] "Color_ReHS_Green_Lag3"
[1] "Color_ReHS_Yellow_Lag3"
[1] "Color_ReHS_Red_Lag3"
[1] "Euth_Lag4"
[1] "EuthProportion_Lag4"
[1] "Dead_Lag4"
[1] "DeadProportion_Lag4"
[1] "TotalMortalityProportion_Lag4"
[1] "HighMortalityDay_Lag4"
[1] "ExtremeHighMortalityDay_Lag4"
[1] "Penicillin_Lag4"
[1] "PenicillinProportion_Lag4"
[1] "Dexamethasone_Lag4"
[1] "DexamethasoneProportion_Lag4"
[1] "Ceftiofur_Lag4"
[1] "CeftiofurProportion_Lag4"
[1] "Enroflaxin_Lag4"
[1] "EnroflaxinProportion_Lag4"
[1] "Tetracycline_Lag4"
[1] "TetracyclineProportion_Lag4"
[1] "Lincomycin_Lag4"
[1] "LincomycinProportion_Lag4"
[1] "OtherTreatments_Lag4"
[1] "OtherTreatmentsProportion_Lag4"
[1] "PrimaryRespiratory_Lag4"
[1] "PrimaryRespiratoryProportion_Lag4"
[1] "SecondaryRespiratory_Lag4"
[1] "SecondaryRespiratoryProportion_Lag4"
[1] "TotalTreatments_Lag4"
[1] "TotalTreatmentsProportion_Lag4"
[1] "WaterMedications_Lag4"
[1] "WaterDispHdRMS_Lag4"
[1] "ResidualWaterDispHdRMS_Lag4"
[1] "WaterDispHdVC_Lag4"
[1] "ResidualWaterDispHdVC_Lag4"
[1] "SetPointRMS_Lag4"
[1] "LowTempRMS_Lag4"
[1] "MidPointTempRMS_Lag4"
[1] "HiTempRMS_Lag4"
[1] "TempRangeRMS_Lag4"
[1] "LowTempSetPointDeviationRMS_Lag4"
[1] "HiTempSetPointDeviationRMS_Lag4"
[1] "MidPointTempSetPointDeviationRMS_Lag4"
[1] "SetPointVC_Lag4"
[1] "LowTempVC_Lag4"
[1] "AvgTempVC_Lag4"
[1] "HiTempVC_Lag4"
[1] "TempRangeVC_Lag4"
[1] "LowTempSetPointDeviationVC_Lag4"
[1] "AvgTempSetPointDeviationVC_Lag4"
[1] "HiTempSetPointDeviationVC_Lag4"
[1] "Temp_ReHS_Lag4"
[1] "ReHS_Lag4"
[1] "Color_ReHS_Green_Lag4"
[1] "Color_ReHS_Yellow_Lag4"
[1] "Color_ReHS_Red_Lag4"
[1] "Euth_Lag5"
[1] "EuthProportion_Lag5"
[1] "Dead_Lag5"
[1] "DeadProportion_Lag5"
[1] "TotalMortalityProportion_Lag5"
[1] "HighMortalityDay_Lag5"
[1] "ExtremeHighMortalityDay_Lag5"
[1] "Penicillin_Lag5"
[1] "PenicillinProportion_Lag5"
[1] "Dexamethasone_Lag5"
[1] "DexamethasoneProportion_Lag5"
[1] "Ceftiofur_Lag5"
[1] "CeftiofurProportion_Lag5"
[1] "Enroflaxin_Lag5"
[1] "EnroflaxinProportion_Lag5"
[1] "Tetracycline_Lag5"
[1] "TetracyclineProportion_Lag5"
[1] "Lincomycin_Lag5"
[1] "LincomycinProportion_Lag5"
[1] "OtherTreatments_Lag5"
[1] "OtherTreatmentsProportion_Lag5"
[1] "PrimaryRespiratory_Lag5"
[1] "PrimaryRespiratoryProportion_Lag5"
[1] "SecondaryRespiratory_Lag5"
[1] "SecondaryRespiratoryProportion_Lag5"
[1] "TotalTreatments_Lag5"
[1] "TotalTreatmentsProportion_Lag5"
[1] "WaterMedications_Lag5"
[1] "WaterDispHdRMS_Lag5"
[1] "ResidualWaterDispHdRMS_Lag5"
[1] "WaterDispHdVC_Lag5"
[1] "ResidualWaterDispHdVC_Lag5"
[1] "SetPointRMS_Lag5"
[1] "LowTempRMS_Lag5"
[1] "MidPointTempRMS_Lag5"
[1] "HiTempRMS_Lag5"
[1] "TempRangeRMS_Lag5"
[1] "LowTempSetPointDeviationRMS_Lag5"
[1] "HiTempSetPointDeviationRMS_Lag5"
[1] "MidPointTempSetPointDeviationRMS_Lag5"
[1] "SetPointVC_Lag5"
[1] "LowTempVC_Lag5"
[1] "AvgTempVC_Lag5"
[1] "HiTempVC_Lag5"
[1] "TempRangeVC_Lag5"
[1] "LowTempSetPointDeviationVC_Lag5"
[1] "AvgTempSetPointDeviationVC_Lag5"
[1] "HiTempSetPointDeviationVC_Lag5"
[1] "Temp_ReHS_Lag5"
[1] "ReHS_Lag5"
[1] "Color_ReHS_Green_Lag5"
[1] "Color_ReHS_Yellow_Lag5"
[1] "Color_ReHS_Red_Lag5"
[1] "Euth_Lag6"
[1] "EuthProportion_Lag6"
[1] "Dead_Lag6"
[1] "DeadProportion_Lag6"
[1] "TotalMortalityProportion_Lag6"
[1] "HighMortalityDay_Lag6"
[1] "ExtremeHighMortalityDay_Lag6"
[1] "Penicillin_Lag6"
[1] "PenicillinProportion_Lag6"
[1] "Dexamethasone_Lag6"
[1] "DexamethasoneProportion_Lag6"
[1] "Ceftiofur_Lag6"
[1] "CeftiofurProportion_Lag6"
[1] "Enroflaxin_Lag6"
[1] "EnroflaxinProportion_Lag6"
[1] "Tetracycline_Lag6"
[1] "TetracyclineProportion_Lag6"
[1] "Lincomycin_Lag6"
[1] "LincomycinProportion_Lag6"
[1] "OtherTreatments_Lag6"
[1] "OtherTreatmentsProportion_Lag6"
[1] "PrimaryRespiratory_Lag6"
[1] "PrimaryRespiratoryProportion_Lag6"
[1] "SecondaryRespiratory_Lag6"
[1] "SecondaryRespiratoryProportion_Lag6"
[1] "TotalTreatments_Lag6"
[1] "TotalTreatmentsProportion_Lag6"
[1] "WaterMedications_Lag6"
[1] "WaterDispHdRMS_Lag6"
[1] "ResidualWaterDispHdRMS_Lag6"
[1] "WaterDispHdVC_Lag6"
[1] "ResidualWaterDispHdVC_Lag6"
[1] "SetPointRMS_Lag6"
[1] "LowTempRMS_Lag6"
[1] "MidPointTempRMS_Lag6"
[1] "HiTempRMS_Lag6"
[1] "TempRangeRMS_Lag6"
[1] "LowTempSetPointDeviationRMS_Lag6"
[1] "HiTempSetPointDeviationRMS_Lag6"
[1] "MidPointTempSetPointDeviationRMS_Lag6"
[1] "SetPointVC_Lag6"
[1] "LowTempVC_Lag6"
[1] "AvgTempVC_Lag6"
[1] "HiTempVC_Lag6"
[1] "TempRangeVC_Lag6"
[1] "LowTempSetPointDeviationVC_Lag6"
[1] "AvgTempSetPointDeviationVC_Lag6"
[1] "HiTempSetPointDeviationVC_Lag6"
[1] "Temp_ReHS_Lag6"
[1] "ReHS_Lag6"
[1] "Color_ReHS_Green_Lag6"
[1] "Color_ReHS_Yellow_Lag6"
[1] "Color_ReHS_Red_Lag6"
[1] "Euth_Lag7"
[1] "EuthProportion_Lag7"
[1] "Dead_Lag7"
[1] "DeadProportion_Lag7"
[1] "TotalMortalityProportion_Lag7"
[1] "HighMortalityDay_Lag7"
[1] "ExtremeHighMortalityDay_Lag7"
[1] "Penicillin_Lag7"
[1] "PenicillinProportion_Lag7"
[1] "Dexamethasone_Lag7"
[1] "DexamethasoneProportion_Lag7"
[1] "Ceftiofur_Lag7"
[1] "CeftiofurProportion_Lag7"
[1] "Enroflaxin_Lag7"
[1] "EnroflaxinProportion_Lag7"
[1] "Tetracycline_Lag7"
[1] "TetracyclineProportion_Lag7"
[1] "Lincomycin_Lag7"
[1] "LincomycinProportion_Lag7"
[1] "OtherTreatments_Lag7"
[1] "OtherTreatmentsProportion_Lag7"
[1] "PrimaryRespiratory_Lag7"
[1] "PrimaryRespiratoryProportion_Lag7"
[1] "SecondaryRespiratory_Lag7"
[1] "SecondaryRespiratoryProportion_Lag7"
[1] "TotalTreatments_Lag7"
[1] "TotalTreatmentsProportion_Lag7"
[1] "WaterMedications_Lag7"
[1] "WaterDispHdRMS_Lag7"
[1] "ResidualWaterDispHdRMS_Lag7"
[1] "WaterDispHdVC_Lag7"
[1] "ResidualWaterDispHdVC_Lag7"
[1] "SetPointRMS_Lag7"
[1] "LowTempRMS_Lag7"
[1] "MidPointTempRMS_Lag7"
[1] "HiTempRMS_Lag7"
[1] "TempRangeRMS_Lag7"
[1] "LowTempSetPointDeviationRMS_Lag7"
[1] "HiTempSetPointDeviationRMS_Lag7"
[1] "MidPointTempSetPointDeviationRMS_Lag7"
[1] "SetPointVC_Lag7"
[1] "LowTempVC_Lag7"
[1] "AvgTempVC_Lag7"
[1] "HiTempVC_Lag7"
[1] "TempRangeVC_Lag7"
[1] "LowTempSetPointDeviationVC_Lag7"
[1] "AvgTempSetPointDeviationVC_Lag7"
[1] "HiTempSetPointDeviationVC_Lag7"
[1] "Temp_ReHS_Lag7"
[1] "ReHS_Lag7"
[1] "Color_ReHS_Green_Lag7"
[1] "Color_ReHS_Yellow_Lag7"
[1] "Color_ReHS_Red_Lag7"
[1] "Euth_Lag8"
[1] "EuthProportion_Lag8"
[1] "Dead_Lag8"
[1] "DeadProportion_Lag8"
[1] "TotalMortalityProportion_Lag8"
[1] "HighMortalityDay_Lag8"
[1] "ExtremeHighMortalityDay_Lag8"
[1] "Penicillin_Lag8"
[1] "PenicillinProportion_Lag8"
[1] "Dexamethasone_Lag8"
[1] "DexamethasoneProportion_Lag8"
[1] "Ceftiofur_Lag8"
[1] "CeftiofurProportion_Lag8"
[1] "Enroflaxin_Lag8"
[1] "EnroflaxinProportion_Lag8"
[1] "Tetracycline_Lag8"
[1] "TetracyclineProportion_Lag8"
[1] "Lincomycin_Lag8"
[1] "LincomycinProportion_Lag8"
[1] "OtherTreatments_Lag8"
[1] "OtherTreatmentsProportion_Lag8"
[1] "PrimaryRespiratory_Lag8"
[1] "PrimaryRespiratoryProportion_Lag8"
[1] "SecondaryRespiratory_Lag8"
[1] "SecondaryRespiratoryProportion_Lag8"
[1] "TotalTreatments_Lag8"
[1] "TotalTreatmentsProportion_Lag8"
[1] "WaterMedications_Lag8"
[1] "WaterDispHdRMS_Lag8"
[1] "ResidualWaterDispHdRMS_Lag8"
[1] "WaterDispHdVC_Lag8"
[1] "ResidualWaterDispHdVC_Lag8"
[1] "SetPointRMS_Lag8"
[1] "LowTempRMS_Lag8"
[1] "MidPointTempRMS_Lag8"
[1] "HiTempRMS_Lag8"
[1] "TempRangeRMS_Lag8"
[1] "LowTempSetPointDeviationRMS_Lag8"
[1] "HiTempSetPointDeviationRMS_Lag8"
[1] "MidPointTempSetPointDeviationRMS_Lag8"
[1] "SetPointVC_Lag8"
[1] "LowTempVC_Lag8"
[1] "AvgTempVC_Lag8"
[1] "HiTempVC_Lag8"
[1] "TempRangeVC_Lag8"
[1] "LowTempSetPointDeviationVC_Lag8"
[1] "AvgTempSetPointDeviationVC_Lag8"
[1] "HiTempSetPointDeviationVC_Lag8"
[1] "Temp_ReHS_Lag8"
[1] "ReHS_Lag8"
[1] "Color_ReHS_Green_Lag8"
[1] "Color_ReHS_Yellow_Lag8"
[1] "Color_ReHS_Red_Lag8"
[1] "Euth_Lag9"
[1] "EuthProportion_Lag9"
[1] "Dead_Lag9"
[1] "DeadProportion_Lag9"
[1] "TotalMortalityProportion_Lag9"
[1] "HighMortalityDay_Lag9"
[1] "ExtremeHighMortalityDay_Lag9"
[1] "Penicillin_Lag9"
[1] "PenicillinProportion_Lag9"
[1] "Dexamethasone_Lag9"
[1] "DexamethasoneProportion_Lag9"
[1] "Ceftiofur_Lag9"
[1] "CeftiofurProportion_Lag9"
[1] "Enroflaxin_Lag9"
[1] "EnroflaxinProportion_Lag9"
[1] "Tetracycline_Lag9"
[1] "TetracyclineProportion_Lag9"
[1] "Lincomycin_Lag9"
[1] "LincomycinProportion_Lag9"
[1] "OtherTreatments_Lag9"
[1] "OtherTreatmentsProportion_Lag9"
[1] "PrimaryRespiratory_Lag9"
[1] "PrimaryRespiratoryProportion_Lag9"
[1] "SecondaryRespiratory_Lag9"
[1] "SecondaryRespiratoryProportion_Lag9"
[1] "TotalTreatments_Lag9"
[1] "TotalTreatmentsProportion_Lag9"
[1] "WaterMedications_Lag9"
[1] "WaterDispHdRMS_Lag9"
[1] "ResidualWaterDispHdRMS_Lag9"
[1] "WaterDispHdVC_Lag9"
[1] "ResidualWaterDispHdVC_Lag9"
[1] "SetPointRMS_Lag9"
[1] "LowTempRMS_Lag9"
[1] "MidPointTempRMS_Lag9"
[1] "HiTempRMS_Lag9"
[1] "TempRangeRMS_Lag9"
[1] "LowTempSetPointDeviationRMS_Lag9"
[1] "HiTempSetPointDeviationRMS_Lag9"
[1] "MidPointTempSetPointDeviationRMS_Lag9"
[1] "SetPointVC_Lag9"
[1] "LowTempVC_Lag9"
[1] "AvgTempVC_Lag9"
[1] "HiTempVC_Lag9"
[1] "TempRangeVC_Lag9"
[1] "LowTempSetPointDeviationVC_Lag9"
[1] "AvgTempSetPointDeviationVC_Lag9"
[1] "HiTempSetPointDeviationVC_Lag9"
[1] "Temp_ReHS_Lag9"
[1] "ReHS_Lag9"
[1] "Color_ReHS_Green_Lag9"
[1] "Color_ReHS_Yellow_Lag9"
[1] "Color_ReHS_Red_Lag9"
[1] "Euth_Lag10"
[1] "EuthProportion_Lag10"
[1] "Dead_Lag10"
[1] "DeadProportion_Lag10"
[1] "TotalMortalityProportion_Lag10"
[1] "HighMortalityDay_Lag10"
[1] "ExtremeHighMortalityDay_Lag10"
[1] "Penicillin_Lag10"
[1] "PenicillinProportion_Lag10"
[1] "Dexamethasone_Lag10"
[1] "DexamethasoneProportion_Lag10"
[1] "Ceftiofur_Lag10"
[1] "CeftiofurProportion_Lag10"
[1] "Enroflaxin_Lag10"
[1] "EnroflaxinProportion_Lag10"
[1] "Tetracycline_Lag10"
[1] "TetracyclineProportion_Lag10"
[1] "Lincomycin_Lag10"
[1] "LincomycinProportion_Lag10"
[1] "OtherTreatments_Lag10"
[1] "OtherTreatmentsProportion_Lag10"
[1] "PrimaryRespiratory_Lag10"
[1] "PrimaryRespiratoryProportion_Lag10"
[1] "SecondaryRespiratory_Lag10"
[1] "SecondaryRespiratoryProportion_Lag10"
[1] "TotalTreatments_Lag10"
[1] "TotalTreatmentsProportion_Lag10"
[1] "WaterMedications_Lag10"
[1] "WaterDispHdRMS_Lag10"
[1] "ResidualWaterDispHdRMS_Lag10"
[1] "WaterDispHdVC_Lag10"
[1] "ResidualWaterDispHdVC_Lag10"
[1] "SetPointRMS_Lag10"
[1] "LowTempRMS_Lag10"
[1] "MidPointTempRMS_Lag10"
[1] "HiTempRMS_Lag10"
[1] "TempRangeRMS_Lag10"
[1] "LowTempSetPointDeviationRMS_Lag10"
[1] "HiTempSetPointDeviationRMS_Lag10"
[1] "MidPointTempSetPointDeviationRMS_Lag10"
[1] "SetPointVC_Lag10"
[1] "LowTempVC_Lag10"
[1] "AvgTempVC_Lag10"
[1] "HiTempVC_Lag10"
[1] "TempRangeVC_Lag10"
[1] "LowTempSetPointDeviationVC_Lag10"
[1] "AvgTempSetPointDeviationVC_Lag10"
[1] "HiTempSetPointDeviationVC_Lag10"
[1] "Temp_ReHS_Lag10"
[1] "ReHS_Lag10"
[1] "Color_ReHS_Green_Lag10"
[1] "Color_ReHS_Yellow_Lag10"
[1] "Color_ReHS_Red_Lag10"
[1] "Euth_Lag11"
[1] "EuthProportion_Lag11"
[1] "Dead_Lag11"
[1] "DeadProportion_Lag11"
[1] "TotalMortalityProportion_Lag11"
[1] "HighMortalityDay_Lag11"
[1] "ExtremeHighMortalityDay_Lag11"
[1] "Penicillin_Lag11"
[1] "PenicillinProportion_Lag11"
[1] "Dexamethasone_Lag11"
[1] "DexamethasoneProportion_Lag11"
[1] "Ceftiofur_Lag11"
[1] "CeftiofurProportion_Lag11"
[1] "Enroflaxin_Lag11"
[1] "EnroflaxinProportion_Lag11"
[1] "Tetracycline_Lag11"
[1] "TetracyclineProportion_Lag11"
[1] "Lincomycin_Lag11"
[1] "LincomycinProportion_Lag11"
[1] "OtherTreatments_Lag11"
[1] "OtherTreatmentsProportion_Lag11"
[1] "PrimaryRespiratory_Lag11"
[1] "PrimaryRespiratoryProportion_Lag11"
[1] "SecondaryRespiratory_Lag11"
[1] "SecondaryRespiratoryProportion_Lag11"
[1] "TotalTreatments_Lag11"
[1] "TotalTreatmentsProportion_Lag11"
[1] "WaterMedications_Lag11"
[1] "WaterDispHdRMS_Lag11"
[1] "ResidualWaterDispHdRMS_Lag11"
[1] "WaterDispHdVC_Lag11"
[1] "ResidualWaterDispHdVC_Lag11"
[1] "SetPointRMS_Lag11"
[1] "LowTempRMS_Lag11"
[1] "MidPointTempRMS_Lag11"
[1] "HiTempRMS_Lag11"
[1] "TempRangeRMS_Lag11"
[1] "LowTempSetPointDeviationRMS_Lag11"
[1] "HiTempSetPointDeviationRMS_Lag11"
[1] "MidPointTempSetPointDeviationRMS_Lag11"
[1] "SetPointVC_Lag11"
[1] "LowTempVC_Lag11"
[1] "AvgTempVC_Lag11"
[1] "HiTempVC_Lag11"
[1] "TempRangeVC_Lag11"
[1] "LowTempSetPointDeviationVC_Lag11"
[1] "AvgTempSetPointDeviationVC_Lag11"
[1] "HiTempSetPointDeviationVC_Lag11"
[1] "Temp_ReHS_Lag11"
[1] "ReHS_Lag11"
[1] "Color_ReHS_Green_Lag11"
[1] "Color_ReHS_Yellow_Lag11"
[1] "Color_ReHS_Red_Lag11"
[1] "Euth_Lag12"
[1] "EuthProportion_Lag12"
[1] "Dead_Lag12"
[1] "DeadProportion_Lag12"
[1] "TotalMortalityProportion_Lag12"
[1] "HighMortalityDay_Lag12"
[1] "ExtremeHighMortalityDay_Lag12"
[1] "Penicillin_Lag12"
[1] "PenicillinProportion_Lag12"
[1] "Dexamethasone_Lag12"
[1] "DexamethasoneProportion_Lag12"
[1] "Ceftiofur_Lag12"
[1] "CeftiofurProportion_Lag12"
[1] "Enroflaxin_Lag12"
[1] "EnroflaxinProportion_Lag12"
[1] "Tetracycline_Lag12"
[1] "TetracyclineProportion_Lag12"
[1] "Lincomycin_Lag12"
[1] "LincomycinProportion_Lag12"
[1] "OtherTreatments_Lag12"
[1] "OtherTreatmentsProportion_Lag12"
[1] "PrimaryRespiratory_Lag12"
[1] "PrimaryRespiratoryProportion_Lag12"
[1] "SecondaryRespiratory_Lag12"
[1] "SecondaryRespiratoryProportion_Lag12"
[1] "TotalTreatments_Lag12"
[1] "TotalTreatmentsProportion_Lag12"
[1] "WaterMedications_Lag12"
[1] "WaterDispHdRMS_Lag12"
[1] "ResidualWaterDispHdRMS_Lag12"
[1] "WaterDispHdVC_Lag12"
[1] "ResidualWaterDispHdVC_Lag12"
[1] "SetPointRMS_Lag12"
[1] "LowTempRMS_Lag12"
[1] "MidPointTempRMS_Lag12"
[1] "HiTempRMS_Lag12"
[1] "TempRangeRMS_Lag12"
[1] "LowTempSetPointDeviationRMS_Lag12"
[1] "HiTempSetPointDeviationRMS_Lag12"
[1] "MidPointTempSetPointDeviationRMS_Lag12"
[1] "SetPointVC_Lag12"
[1] "LowTempVC_Lag12"
[1] "AvgTempVC_Lag12"
[1] "HiTempVC_Lag12"
[1] "TempRangeVC_Lag12"
[1] "LowTempSetPointDeviationVC_Lag12"
[1] "AvgTempSetPointDeviationVC_Lag12"
[1] "HiTempSetPointDeviationVC_Lag12"
[1] "Temp_ReHS_Lag12"
[1] "ReHS_Lag12"
[1] "Color_ReHS_Green_Lag12"
[1] "Color_ReHS_Yellow_Lag12"
[1] "Color_ReHS_Red_Lag12"
[1] "Euth_Lag13"
[1] "EuthProportion_Lag13"
[1] "Dead_Lag13"
[1] "DeadProportion_Lag13"
[1] "TotalMortalityProportion_Lag13"
[1] "HighMortalityDay_Lag13"
[1] "ExtremeHighMortalityDay_Lag13"
[1] "Penicillin_Lag13"
[1] "PenicillinProportion_Lag13"
[1] "Dexamethasone_Lag13"
[1] "DexamethasoneProportion_Lag13"
[1] "Ceftiofur_Lag13"
[1] "CeftiofurProportion_Lag13"
[1] "Enroflaxin_Lag13"
[1] "EnroflaxinProportion_Lag13"
[1] "Tetracycline_Lag13"
[1] "TetracyclineProportion_Lag13"
[1] "Lincomycin_Lag13"
[1] "LincomycinProportion_Lag13"
[1] "OtherTreatments_Lag13"
[1] "OtherTreatmentsProportion_Lag13"
[1] "PrimaryRespiratory_Lag13"
[1] "PrimaryRespiratoryProportion_Lag13"
[1] "SecondaryRespiratory_Lag13"
[1] "SecondaryRespiratoryProportion_Lag13"
[1] "TotalTreatments_Lag13"
[1] "TotalTreatmentsProportion_Lag13"
[1] "WaterMedications_Lag13"
[1] "WaterDispHdRMS_Lag13"
[1] "ResidualWaterDispHdRMS_Lag13"
[1] "WaterDispHdVC_Lag13"
[1] "ResidualWaterDispHdVC_Lag13"
[1] "SetPointRMS_Lag13"
[1] "LowTempRMS_Lag13"
[1] "MidPointTempRMS_Lag13"
[1] "HiTempRMS_Lag13"
[1] "TempRangeRMS_Lag13"
[1] "LowTempSetPointDeviationRMS_Lag13"
[1] "HiTempSetPointDeviationRMS_Lag13"
[1] "MidPointTempSetPointDeviationRMS_Lag13"
[1] "SetPointVC_Lag13"
[1] "LowTempVC_Lag13"
[1] "AvgTempVC_Lag13"
[1] "HiTempVC_Lag13"
[1] "TempRangeVC_Lag13"
[1] "LowTempSetPointDeviationVC_Lag13"
[1] "AvgTempSetPointDeviationVC_Lag13"
[1] "HiTempSetPointDeviationVC_Lag13"
[1] "Temp_ReHS_Lag13"
[1] "ReHS_Lag13"
[1] "Color_ReHS_Green_Lag13"
[1] "Color_ReHS_Yellow_Lag13"
[1] "Color_ReHS_Red_Lag13"
There were 50 or more warnings (use warnings() to see the first 50)

########################################
         END: VARIABLE ADJUSTMENT
########################################

########################################
          BEGIN: FILE EXPORT
########################################

Exporting .RData object to path:
/group/deckerlab/cjgwx7/sensor-data/results/single-variable/TotalMortality/TotalMortality-SingleVariable-NB-XCR-E.RData

Exporting .csv file to path:
/group/deckerlab/cjgwx7/sensor-data/results/single-variable/TotalMortality/TotalMortality-SingleVariable-NB-XCR-E.csv

########################################
      END: FILE CONFIGURATION
########################################

[1] "The current script was completed on Wednesday, November 02, 2022 at 09:12 PM"
