[1] "The current script was initialized on Sunday, January 15, 2023 at 06:19 PM"

########################################
        BEGIN: ENVIRONMENT SETUP
########################################

Loading package: argparse
Warning message:
package ‘argparse’ was built under R version 4.1.3 
Loading package: data.table
Loading package: dplyr

Attaching package: ‘dplyr’

The following objects are masked from ‘package:data.table’:

    between, first, last

The following objects are masked from ‘package:stats’:

    filter, lag

The following objects are masked from ‘package:base’:

    intersect, setdiff, setequal, union

Loading package: readr
Loading package: stringr
Loading package: tibble
Loading package: tidyr

########################################
         END: ENVIRONMENT SETUP
########################################

########################################
     BEGIN: FILE CONFIGURATION
########################################

Importing data file from path:
/group/deckerlab/cjgwx7/sensor-data/data/master/master-lagged-RUN=2023-01-12-21-07-38_MAXDATE=2022-07-20.csv

Preview of data file...
Loading single variable function...

########################################
      END: FILE CONFIGURATION
########################################

########################################
      BEGIN: VARIABLE ADJUSTMENT
########################################

Fitting regression models...
Loading required package: lmerTest
Loading required package: lme4
Loading required package: Matrix

Attaching package: ‘Matrix’

The following objects are masked from ‘package:tidyr’:

    expand, pack, unpack


Attaching package: ‘lmerTest’

The following object is masked from ‘package:lme4’:

    lmer

The following object is masked from ‘package:stats’:

    step

[1] "Penicillin_Lag0"
[1] "PenicillinProportion_Lag0"
[1] "Dexamethasone_Lag0"
[1] "DexamethasoneProportion_Lag0"
[1] "Ceftiofur_Lag0"
[1] "CeftiofurProportion_Lag0"
[1] "Enroflaxin_Lag0"
[1] "EnroflaxinProportion_Lag0"
[1] "Tetracycline_Lag0"
[1] "TetracyclineProportion_Lag0"
[1] "Lincomycin_Lag0"
[1] "LincomycinProportion_Lag0"
[1] "OtherTreatments_Lag0"
[1] "OtherTreatmentsProportion_Lag0"
[1] "PrimaryRespiratory_Lag0"
[1] "PrimaryRespiratoryProportion_Lag0"
[1] "SecondaryRespiratory_Lag0"
[1] "SecondaryRespiratoryProportion_Lag0"
[1] "TotalTreatments_Lag0"
[1] "TotalTreatmentsProportion_Lag0"
[1] "WaterMedications_Lag0"
[1] "WaterDispHdRMS_Lag0"
[1] "WaterDispHdRMSDifference_Lag0"
[1] "WaterDispHdVC_Lag0"
[1] "WaterDispHdVCDifference_Lag0"
[1] "SetPointRMS_Lag0"
[1] "LowTempRMS_Lag0"
[1] "MidPointTempRMS_Lag0"
[1] "HiTempRMS_Lag0"
[1] "TempRangeRMS_Lag0"
[1] "LowTempSetPointDeviationRMS_Lag0"
[1] "HiTempSetPointDeviationRMS_Lag0"
[1] "MidPointTempSetPointDeviationRMS_Lag0"
[1] "SetPointVC_Lag0"
[1] "LowTempVC_Lag0"
[1] "AvgTempVC_Lag0"
[1] "HiTempVC_Lag0"
[1] "TempRangeVC_Lag0"
[1] "LowTempSetPointDeviationVC_Lag0"
[1] "AvgTempSetPointDeviationVC_Lag0"
[1] "HiTempSetPointDeviationVC_Lag0"
[1] "Temp_ReHS_Lag0"
[1] "ReHS_Lag0"
[1] "Color_ReHS_Yellow_Lag0"
[1] "Color_ReHS_Red_Lag0"
[1] "Penicillin_Lag1"
[1] "PenicillinProportion_Lag1"
[1] "Dexamethasone_Lag1"
[1] "DexamethasoneProportion_Lag1"
[1] "Ceftiofur_Lag1"
[1] "CeftiofurProportion_Lag1"
[1] "Enroflaxin_Lag1"
[1] "EnroflaxinProportion_Lag1"
[1] "Tetracycline_Lag1"
[1] "TetracyclineProportion_Lag1"
[1] "Lincomycin_Lag1"
[1] "LincomycinProportion_Lag1"
[1] "OtherTreatments_Lag1"
[1] "OtherTreatmentsProportion_Lag1"
[1] "PrimaryRespiratory_Lag1"
[1] "PrimaryRespiratoryProportion_Lag1"
[1] "SecondaryRespiratory_Lag1"
[1] "SecondaryRespiratoryProportion_Lag1"
[1] "TotalTreatments_Lag1"
[1] "TotalTreatmentsProportion_Lag1"
[1] "WaterMedications_Lag1"
[1] "WaterDispHdRMS_Lag1"
[1] "WaterDispHdRMSDifference_Lag1"
[1] "WaterDispHdVC_Lag1"
[1] "WaterDispHdVCDifference_Lag1"
[1] "SetPointRMS_Lag1"
[1] "LowTempRMS_Lag1"
[1] "MidPointTempRMS_Lag1"
[1] "HiTempRMS_Lag1"
[1] "TempRangeRMS_Lag1"
[1] "LowTempSetPointDeviationRMS_Lag1"
[1] "HiTempSetPointDeviationRMS_Lag1"
[1] "MidPointTempSetPointDeviationRMS_Lag1"
[1] "SetPointVC_Lag1"
[1] "LowTempVC_Lag1"
[1] "AvgTempVC_Lag1"
[1] "HiTempVC_Lag1"
[1] "TempRangeVC_Lag1"
[1] "LowTempSetPointDeviationVC_Lag1"
[1] "AvgTempSetPointDeviationVC_Lag1"
[1] "HiTempSetPointDeviationVC_Lag1"
[1] "Temp_ReHS_Lag1"
[1] "ReHS_Lag1"
[1] "Color_ReHS_Yellow_Lag1"
[1] "Color_ReHS_Red_Lag1"
[1] "Penicillin_Lag2"
[1] "PenicillinProportion_Lag2"
[1] "Dexamethasone_Lag2"
[1] "DexamethasoneProportion_Lag2"
[1] "Ceftiofur_Lag2"
[1] "CeftiofurProportion_Lag2"
[1] "Enroflaxin_Lag2"
[1] "EnroflaxinProportion_Lag2"
[1] "Tetracycline_Lag2"
[1] "TetracyclineProportion_Lag2"
[1] "Lincomycin_Lag2"
[1] "LincomycinProportion_Lag2"
[1] "OtherTreatments_Lag2"
[1] "OtherTreatmentsProportion_Lag2"
[1] "PrimaryRespiratory_Lag2"
[1] "PrimaryRespiratoryProportion_Lag2"
[1] "SecondaryRespiratory_Lag2"
[1] "SecondaryRespiratoryProportion_Lag2"
[1] "TotalTreatments_Lag2"
[1] "TotalTreatmentsProportion_Lag2"
[1] "WaterMedications_Lag2"
[1] "WaterDispHdRMS_Lag2"
[1] "WaterDispHdRMSDifference_Lag2"
[1] "WaterDispHdVC_Lag2"
[1] "WaterDispHdVCDifference_Lag2"
[1] "SetPointRMS_Lag2"
[1] "LowTempRMS_Lag2"
[1] "MidPointTempRMS_Lag2"
[1] "HiTempRMS_Lag2"
[1] "TempRangeRMS_Lag2"
[1] "LowTempSetPointDeviationRMS_Lag2"
[1] "HiTempSetPointDeviationRMS_Lag2"
[1] "MidPointTempSetPointDeviationRMS_Lag2"
[1] "SetPointVC_Lag2"
[1] "LowTempVC_Lag2"
[1] "AvgTempVC_Lag2"
[1] "HiTempVC_Lag2"
[1] "TempRangeVC_Lag2"
[1] "LowTempSetPointDeviationVC_Lag2"
[1] "AvgTempSetPointDeviationVC_Lag2"
[1] "HiTempSetPointDeviationVC_Lag2"
[1] "Temp_ReHS_Lag2"
[1] "ReHS_Lag2"
[1] "Color_ReHS_Yellow_Lag2"
[1] "Color_ReHS_Red_Lag2"
[1] "Penicillin_Lag3"
[1] "PenicillinProportion_Lag3"
[1] "Dexamethasone_Lag3"
[1] "DexamethasoneProportion_Lag3"
[1] "Ceftiofur_Lag3"
[1] "CeftiofurProportion_Lag3"
[1] "Enroflaxin_Lag3"
[1] "EnroflaxinProportion_Lag3"
[1] "Tetracycline_Lag3"
[1] "TetracyclineProportion_Lag3"
[1] "Lincomycin_Lag3"
[1] "LincomycinProportion_Lag3"
[1] "OtherTreatments_Lag3"
[1] "OtherTreatmentsProportion_Lag3"
[1] "PrimaryRespiratory_Lag3"
[1] "PrimaryRespiratoryProportion_Lag3"
[1] "SecondaryRespiratory_Lag3"
[1] "SecondaryRespiratoryProportion_Lag3"
[1] "TotalTreatments_Lag3"
[1] "TotalTreatmentsProportion_Lag3"
[1] "WaterMedications_Lag3"
[1] "WaterDispHdRMS_Lag3"
[1] "WaterDispHdRMSDifference_Lag3"
[1] "WaterDispHdVC_Lag3"
[1] "WaterDispHdVCDifference_Lag3"
[1] "SetPointRMS_Lag3"
[1] "LowTempRMS_Lag3"
[1] "MidPointTempRMS_Lag3"
[1] "HiTempRMS_Lag3"
[1] "TempRangeRMS_Lag3"
[1] "LowTempSetPointDeviationRMS_Lag3"
[1] "HiTempSetPointDeviationRMS_Lag3"
[1] "MidPointTempSetPointDeviationRMS_Lag3"
[1] "SetPointVC_Lag3"
[1] "LowTempVC_Lag3"
[1] "AvgTempVC_Lag3"
[1] "HiTempVC_Lag3"
[1] "TempRangeVC_Lag3"
[1] "LowTempSetPointDeviationVC_Lag3"
[1] "AvgTempSetPointDeviationVC_Lag3"
[1] "HiTempSetPointDeviationVC_Lag3"
[1] "Temp_ReHS_Lag3"
[1] "ReHS_Lag3"
[1] "Color_ReHS_Yellow_Lag3"
[1] "Color_ReHS_Red_Lag3"
[1] "Penicillin_Lag4"
[1] "PenicillinProportion_Lag4"
[1] "Dexamethasone_Lag4"
[1] "DexamethasoneProportion_Lag4"
[1] "Ceftiofur_Lag4"
[1] "CeftiofurProportion_Lag4"
[1] "Enroflaxin_Lag4"
[1] "EnroflaxinProportion_Lag4"
[1] "Tetracycline_Lag4"
[1] "TetracyclineProportion_Lag4"
[1] "Lincomycin_Lag4"
[1] "LincomycinProportion_Lag4"
[1] "OtherTreatments_Lag4"
[1] "OtherTreatmentsProportion_Lag4"
[1] "PrimaryRespiratory_Lag4"
[1] "PrimaryRespiratoryProportion_Lag4"
[1] "SecondaryRespiratory_Lag4"
[1] "SecondaryRespiratoryProportion_Lag4"
[1] "TotalTreatments_Lag4"
[1] "TotalTreatmentsProportion_Lag4"
[1] "WaterMedications_Lag4"
[1] "WaterDispHdRMS_Lag4"
[1] "WaterDispHdRMSDifference_Lag4"
[1] "WaterDispHdVC_Lag4"
[1] "WaterDispHdVCDifference_Lag4"
[1] "SetPointRMS_Lag4"
[1] "LowTempRMS_Lag4"
[1] "MidPointTempRMS_Lag4"
[1] "HiTempRMS_Lag4"
[1] "TempRangeRMS_Lag4"
[1] "LowTempSetPointDeviationRMS_Lag4"
[1] "HiTempSetPointDeviationRMS_Lag4"
[1] "MidPointTempSetPointDeviationRMS_Lag4"
[1] "SetPointVC_Lag4"
[1] "LowTempVC_Lag4"
[1] "AvgTempVC_Lag4"
[1] "HiTempVC_Lag4"
[1] "TempRangeVC_Lag4"
[1] "LowTempSetPointDeviationVC_Lag4"
[1] "AvgTempSetPointDeviationVC_Lag4"
[1] "HiTempSetPointDeviationVC_Lag4"
[1] "Temp_ReHS_Lag4"
[1] "ReHS_Lag4"
[1] "Color_ReHS_Yellow_Lag4"
[1] "Color_ReHS_Red_Lag4"
[1] "Penicillin_Lag5"
[1] "PenicillinProportion_Lag5"
[1] "Dexamethasone_Lag5"
[1] "DexamethasoneProportion_Lag5"
[1] "Ceftiofur_Lag5"
[1] "CeftiofurProportion_Lag5"
[1] "Enroflaxin_Lag5"
[1] "EnroflaxinProportion_Lag5"
[1] "Tetracycline_Lag5"
[1] "TetracyclineProportion_Lag5"
[1] "Lincomycin_Lag5"
[1] "LincomycinProportion_Lag5"
[1] "OtherTreatments_Lag5"
[1] "OtherTreatmentsProportion_Lag5"
[1] "PrimaryRespiratory_Lag5"
[1] "PrimaryRespiratoryProportion_Lag5"
[1] "SecondaryRespiratory_Lag5"
[1] "SecondaryRespiratoryProportion_Lag5"
[1] "TotalTreatments_Lag5"
[1] "TotalTreatmentsProportion_Lag5"
[1] "WaterMedications_Lag5"
[1] "WaterDispHdRMS_Lag5"
[1] "WaterDispHdRMSDifference_Lag5"
[1] "WaterDispHdVC_Lag5"
[1] "WaterDispHdVCDifference_Lag5"
[1] "SetPointRMS_Lag5"
[1] "LowTempRMS_Lag5"
[1] "MidPointTempRMS_Lag5"
[1] "HiTempRMS_Lag5"
[1] "TempRangeRMS_Lag5"
[1] "LowTempSetPointDeviationRMS_Lag5"
[1] "HiTempSetPointDeviationRMS_Lag5"
[1] "MidPointTempSetPointDeviationRMS_Lag5"
[1] "SetPointVC_Lag5"
[1] "LowTempVC_Lag5"
[1] "AvgTempVC_Lag5"
[1] "HiTempVC_Lag5"
[1] "TempRangeVC_Lag5"
[1] "LowTempSetPointDeviationVC_Lag5"
[1] "AvgTempSetPointDeviationVC_Lag5"
[1] "HiTempSetPointDeviationVC_Lag5"
[1] "Temp_ReHS_Lag5"
[1] "ReHS_Lag5"
[1] "Color_ReHS_Yellow_Lag5"
[1] "Color_ReHS_Red_Lag5"
[1] "Penicillin_Lag6"
[1] "PenicillinProportion_Lag6"
[1] "Dexamethasone_Lag6"
[1] "DexamethasoneProportion_Lag6"
[1] "Ceftiofur_Lag6"
[1] "CeftiofurProportion_Lag6"
[1] "Enroflaxin_Lag6"
[1] "EnroflaxinProportion_Lag6"
[1] "Tetracycline_Lag6"
[1] "TetracyclineProportion_Lag6"
[1] "Lincomycin_Lag6"
[1] "LincomycinProportion_Lag6"
[1] "OtherTreatments_Lag6"
[1] "OtherTreatmentsProportion_Lag6"
[1] "PrimaryRespiratory_Lag6"
[1] "PrimaryRespiratoryProportion_Lag6"
[1] "SecondaryRespiratory_Lag6"
[1] "SecondaryRespiratoryProportion_Lag6"
[1] "TotalTreatments_Lag6"
[1] "TotalTreatmentsProportion_Lag6"
[1] "WaterMedications_Lag6"
[1] "WaterDispHdRMS_Lag6"
[1] "WaterDispHdRMSDifference_Lag6"
[1] "WaterDispHdVC_Lag6"
[1] "WaterDispHdVCDifference_Lag6"
[1] "SetPointRMS_Lag6"
[1] "LowTempRMS_Lag6"
[1] "MidPointTempRMS_Lag6"
[1] "HiTempRMS_Lag6"
[1] "TempRangeRMS_Lag6"
[1] "LowTempSetPointDeviationRMS_Lag6"
[1] "HiTempSetPointDeviationRMS_Lag6"
[1] "MidPointTempSetPointDeviationRMS_Lag6"
[1] "SetPointVC_Lag6"
[1] "LowTempVC_Lag6"
[1] "AvgTempVC_Lag6"
[1] "HiTempVC_Lag6"
[1] "TempRangeVC_Lag6"
[1] "LowTempSetPointDeviationVC_Lag6"
[1] "AvgTempSetPointDeviationVC_Lag6"
[1] "HiTempSetPointDeviationVC_Lag6"
[1] "Temp_ReHS_Lag6"
[1] "ReHS_Lag6"
[1] "Color_ReHS_Yellow_Lag6"
[1] "Color_ReHS_Red_Lag6"
[1] "Penicillin_Lag7"
[1] "PenicillinProportion_Lag7"
[1] "Dexamethasone_Lag7"
[1] "DexamethasoneProportion_Lag7"
[1] "Ceftiofur_Lag7"
[1] "CeftiofurProportion_Lag7"
[1] "Enroflaxin_Lag7"
[1] "EnroflaxinProportion_Lag7"
[1] "Tetracycline_Lag7"
[1] "TetracyclineProportion_Lag7"
[1] "Lincomycin_Lag7"
[1] "LincomycinProportion_Lag7"
[1] "OtherTreatments_Lag7"
[1] "OtherTreatmentsProportion_Lag7"
[1] "PrimaryRespiratory_Lag7"
[1] "PrimaryRespiratoryProportion_Lag7"
[1] "SecondaryRespiratory_Lag7"
[1] "SecondaryRespiratoryProportion_Lag7"
[1] "TotalTreatments_Lag7"
[1] "TotalTreatmentsProportion_Lag7"
[1] "WaterMedications_Lag7"
[1] "WaterDispHdRMS_Lag7"
[1] "WaterDispHdRMSDifference_Lag7"
[1] "WaterDispHdVC_Lag7"
[1] "WaterDispHdVCDifference_Lag7"
[1] "SetPointRMS_Lag7"
[1] "LowTempRMS_Lag7"
[1] "MidPointTempRMS_Lag7"
[1] "HiTempRMS_Lag7"
[1] "TempRangeRMS_Lag7"
[1] "LowTempSetPointDeviationRMS_Lag7"
[1] "HiTempSetPointDeviationRMS_Lag7"
[1] "MidPointTempSetPointDeviationRMS_Lag7"
[1] "SetPointVC_Lag7"
[1] "LowTempVC_Lag7"
[1] "AvgTempVC_Lag7"
[1] "HiTempVC_Lag7"
[1] "TempRangeVC_Lag7"
[1] "LowTempSetPointDeviationVC_Lag7"
[1] "AvgTempSetPointDeviationVC_Lag7"
[1] "HiTempSetPointDeviationVC_Lag7"
[1] "Temp_ReHS_Lag7"
[1] "ReHS_Lag7"
[1] "Color_ReHS_Yellow_Lag7"
[1] "Color_ReHS_Red_Lag7"
[1] "Penicillin_Lag8"
[1] "PenicillinProportion_Lag8"
[1] "Dexamethasone_Lag8"
[1] "DexamethasoneProportion_Lag8"
[1] "Ceftiofur_Lag8"
[1] "CeftiofurProportion_Lag8"
[1] "Enroflaxin_Lag8"
[1] "EnroflaxinProportion_Lag8"
[1] "Tetracycline_Lag8"
[1] "TetracyclineProportion_Lag8"
[1] "Lincomycin_Lag8"
[1] "LincomycinProportion_Lag8"
[1] "OtherTreatments_Lag8"
[1] "OtherTreatmentsProportion_Lag8"
[1] "PrimaryRespiratory_Lag8"
[1] "PrimaryRespiratoryProportion_Lag8"
[1] "SecondaryRespiratory_Lag8"
[1] "SecondaryRespiratoryProportion_Lag8"
[1] "TotalTreatments_Lag8"
[1] "TotalTreatmentsProportion_Lag8"
[1] "WaterMedications_Lag8"
[1] "WaterDispHdRMS_Lag8"
[1] "WaterDispHdRMSDifference_Lag8"
[1] "WaterDispHdVC_Lag8"
[1] "WaterDispHdVCDifference_Lag8"
[1] "SetPointRMS_Lag8"
[1] "LowTempRMS_Lag8"
[1] "MidPointTempRMS_Lag8"
[1] "HiTempRMS_Lag8"
[1] "TempRangeRMS_Lag8"
[1] "LowTempSetPointDeviationRMS_Lag8"
[1] "HiTempSetPointDeviationRMS_Lag8"
[1] "MidPointTempSetPointDeviationRMS_Lag8"
[1] "SetPointVC_Lag8"
[1] "LowTempVC_Lag8"
[1] "AvgTempVC_Lag8"
[1] "HiTempVC_Lag8"
[1] "TempRangeVC_Lag8"
[1] "LowTempSetPointDeviationVC_Lag8"
[1] "AvgTempSetPointDeviationVC_Lag8"
[1] "HiTempSetPointDeviationVC_Lag8"
[1] "Temp_ReHS_Lag8"
[1] "ReHS_Lag8"
[1] "Color_ReHS_Yellow_Lag8"
[1] "Color_ReHS_Red_Lag8"
[1] "Penicillin_Lag9"
[1] "PenicillinProportion_Lag9"
[1] "Dexamethasone_Lag9"
[1] "DexamethasoneProportion_Lag9"
[1] "Ceftiofur_Lag9"
[1] "CeftiofurProportion_Lag9"
[1] "Enroflaxin_Lag9"
[1] "EnroflaxinProportion_Lag9"
[1] "Tetracycline_Lag9"
[1] "TetracyclineProportion_Lag9"
[1] "Lincomycin_Lag9"
[1] "LincomycinProportion_Lag9"
[1] "OtherTreatments_Lag9"
[1] "OtherTreatmentsProportion_Lag9"
[1] "PrimaryRespiratory_Lag9"
[1] "PrimaryRespiratoryProportion_Lag9"
[1] "SecondaryRespiratory_Lag9"
[1] "SecondaryRespiratoryProportion_Lag9"
[1] "TotalTreatments_Lag9"
[1] "TotalTreatmentsProportion_Lag9"
[1] "WaterMedications_Lag9"
[1] "WaterDispHdRMS_Lag9"
[1] "WaterDispHdRMSDifference_Lag9"
[1] "WaterDispHdVC_Lag9"
[1] "WaterDispHdVCDifference_Lag9"
[1] "SetPointRMS_Lag9"
[1] "LowTempRMS_Lag9"
[1] "MidPointTempRMS_Lag9"
[1] "HiTempRMS_Lag9"
[1] "TempRangeRMS_Lag9"
[1] "LowTempSetPointDeviationRMS_Lag9"
[1] "HiTempSetPointDeviationRMS_Lag9"
[1] "MidPointTempSetPointDeviationRMS_Lag9"
[1] "SetPointVC_Lag9"
[1] "LowTempVC_Lag9"
[1] "AvgTempVC_Lag9"
[1] "HiTempVC_Lag9"
[1] "TempRangeVC_Lag9"
[1] "LowTempSetPointDeviationVC_Lag9"
[1] "AvgTempSetPointDeviationVC_Lag9"
[1] "HiTempSetPointDeviationVC_Lag9"
[1] "Temp_ReHS_Lag9"
[1] "ReHS_Lag9"
[1] "Color_ReHS_Yellow_Lag9"
[1] "Color_ReHS_Red_Lag9"
[1] "Penicillin_Lag10"
[1] "PenicillinProportion_Lag10"
[1] "Dexamethasone_Lag10"
[1] "DexamethasoneProportion_Lag10"
[1] "Ceftiofur_Lag10"
[1] "CeftiofurProportion_Lag10"
[1] "Enroflaxin_Lag10"
[1] "EnroflaxinProportion_Lag10"
[1] "Tetracycline_Lag10"
[1] "TetracyclineProportion_Lag10"
[1] "Lincomycin_Lag10"
[1] "LincomycinProportion_Lag10"
[1] "OtherTreatments_Lag10"
[1] "OtherTreatmentsProportion_Lag10"
[1] "PrimaryRespiratory_Lag10"
[1] "PrimaryRespiratoryProportion_Lag10"
[1] "SecondaryRespiratory_Lag10"
[1] "SecondaryRespiratoryProportion_Lag10"
[1] "TotalTreatments_Lag10"
[1] "TotalTreatmentsProportion_Lag10"
[1] "WaterMedications_Lag10"
[1] "WaterDispHdRMS_Lag10"
[1] "WaterDispHdRMSDifference_Lag10"
[1] "WaterDispHdVC_Lag10"
[1] "WaterDispHdVCDifference_Lag10"
[1] "SetPointRMS_Lag10"
[1] "LowTempRMS_Lag10"
[1] "MidPointTempRMS_Lag10"
[1] "HiTempRMS_Lag10"
[1] "TempRangeRMS_Lag10"
[1] "LowTempSetPointDeviationRMS_Lag10"
[1] "HiTempSetPointDeviationRMS_Lag10"
[1] "MidPointTempSetPointDeviationRMS_Lag10"
[1] "SetPointVC_Lag10"
[1] "LowTempVC_Lag10"
[1] "AvgTempVC_Lag10"
[1] "HiTempVC_Lag10"
[1] "TempRangeVC_Lag10"
[1] "LowTempSetPointDeviationVC_Lag10"
[1] "AvgTempSetPointDeviationVC_Lag10"
[1] "HiTempSetPointDeviationVC_Lag10"
[1] "Temp_ReHS_Lag10"
[1] "ReHS_Lag10"
[1] "Color_ReHS_Yellow_Lag10"
[1] "Color_ReHS_Red_Lag10"
[1] "Penicillin_Lag11"
[1] "PenicillinProportion_Lag11"
[1] "Dexamethasone_Lag11"
[1] "DexamethasoneProportion_Lag11"
[1] "Ceftiofur_Lag11"
[1] "CeftiofurProportion_Lag11"
[1] "Enroflaxin_Lag11"
[1] "EnroflaxinProportion_Lag11"
[1] "Tetracycline_Lag11"
[1] "TetracyclineProportion_Lag11"
[1] "Lincomycin_Lag11"
[1] "LincomycinProportion_Lag11"
[1] "OtherTreatments_Lag11"
[1] "OtherTreatmentsProportion_Lag11"
[1] "PrimaryRespiratory_Lag11"
[1] "PrimaryRespiratoryProportion_Lag11"
[1] "SecondaryRespiratory_Lag11"
[1] "SecondaryRespiratoryProportion_Lag11"
[1] "TotalTreatments_Lag11"
[1] "TotalTreatmentsProportion_Lag11"
[1] "WaterMedications_Lag11"
[1] "WaterDispHdRMS_Lag11"
[1] "WaterDispHdRMSDifference_Lag11"
[1] "WaterDispHdVC_Lag11"
[1] "WaterDispHdVCDifference_Lag11"
[1] "SetPointRMS_Lag11"
[1] "LowTempRMS_Lag11"
[1] "MidPointTempRMS_Lag11"
[1] "HiTempRMS_Lag11"
[1] "TempRangeRMS_Lag11"
[1] "LowTempSetPointDeviationRMS_Lag11"
[1] "HiTempSetPointDeviationRMS_Lag11"
[1] "MidPointTempSetPointDeviationRMS_Lag11"
[1] "SetPointVC_Lag11"
[1] "LowTempVC_Lag11"
[1] "AvgTempVC_Lag11"
[1] "HiTempVC_Lag11"
[1] "TempRangeVC_Lag11"
[1] "LowTempSetPointDeviationVC_Lag11"
[1] "AvgTempSetPointDeviationVC_Lag11"
[1] "HiTempSetPointDeviationVC_Lag11"
[1] "Temp_ReHS_Lag11"
[1] "ReHS_Lag11"
[1] "Color_ReHS_Yellow_Lag11"
[1] "Color_ReHS_Red_Lag11"
[1] "Penicillin_Lag12"
[1] "PenicillinProportion_Lag12"
[1] "Dexamethasone_Lag12"
[1] "DexamethasoneProportion_Lag12"
[1] "Ceftiofur_Lag12"
[1] "CeftiofurProportion_Lag12"
[1] "Enroflaxin_Lag12"
[1] "EnroflaxinProportion_Lag12"
[1] "Tetracycline_Lag12"
[1] "TetracyclineProportion_Lag12"
[1] "Lincomycin_Lag12"
[1] "LincomycinProportion_Lag12"
[1] "OtherTreatments_Lag12"
[1] "OtherTreatmentsProportion_Lag12"
[1] "PrimaryRespiratory_Lag12"
[1] "PrimaryRespiratoryProportion_Lag12"
[1] "SecondaryRespiratory_Lag12"
[1] "SecondaryRespiratoryProportion_Lag12"
[1] "TotalTreatments_Lag12"
[1] "TotalTreatmentsProportion_Lag12"
[1] "WaterMedications_Lag12"
[1] "WaterDispHdRMS_Lag12"
[1] "WaterDispHdRMSDifference_Lag12"
[1] "WaterDispHdVC_Lag12"
[1] "WaterDispHdVCDifference_Lag12"
[1] "SetPointRMS_Lag12"
[1] "LowTempRMS_Lag12"
[1] "MidPointTempRMS_Lag12"
[1] "HiTempRMS_Lag12"
[1] "TempRangeRMS_Lag12"
[1] "LowTempSetPointDeviationRMS_Lag12"
[1] "HiTempSetPointDeviationRMS_Lag12"
[1] "MidPointTempSetPointDeviationRMS_Lag12"
[1] "SetPointVC_Lag12"
[1] "LowTempVC_Lag12"
[1] "AvgTempVC_Lag12"
[1] "HiTempVC_Lag12"
[1] "TempRangeVC_Lag12"
[1] "LowTempSetPointDeviationVC_Lag12"
[1] "AvgTempSetPointDeviationVC_Lag12"
[1] "HiTempSetPointDeviationVC_Lag12"
[1] "Temp_ReHS_Lag12"
[1] "ReHS_Lag12"
[1] "Color_ReHS_Yellow_Lag12"
[1] "Color_ReHS_Red_Lag12"
[1] "Penicillin_Lag13"
[1] "PenicillinProportion_Lag13"
[1] "Dexamethasone_Lag13"
[1] "DexamethasoneProportion_Lag13"
[1] "Ceftiofur_Lag13"
[1] "CeftiofurProportion_Lag13"
[1] "Enroflaxin_Lag13"
[1] "EnroflaxinProportion_Lag13"
[1] "Tetracycline_Lag13"
[1] "TetracyclineProportion_Lag13"
[1] "Lincomycin_Lag13"
[1] "LincomycinProportion_Lag13"
[1] "OtherTreatments_Lag13"
[1] "OtherTreatmentsProportion_Lag13"
[1] "PrimaryRespiratory_Lag13"
[1] "PrimaryRespiratoryProportion_Lag13"
[1] "SecondaryRespiratory_Lag13"
[1] "SecondaryRespiratoryProportion_Lag13"
[1] "TotalTreatments_Lag13"
[1] "TotalTreatmentsProportion_Lag13"
[1] "WaterMedications_Lag13"
[1] "WaterDispHdRMS_Lag13"
[1] "WaterDispHdRMSDifference_Lag13"
[1] "WaterDispHdVC_Lag13"
[1] "WaterDispHdVCDifference_Lag13"
[1] "SetPointRMS_Lag13"
[1] "LowTempRMS_Lag13"
[1] "MidPointTempRMS_Lag13"
[1] "HiTempRMS_Lag13"
[1] "TempRangeRMS_Lag13"
[1] "LowTempSetPointDeviationRMS_Lag13"
[1] "HiTempSetPointDeviationRMS_Lag13"
[1] "MidPointTempSetPointDeviationRMS_Lag13"
[1] "SetPointVC_Lag13"
[1] "LowTempVC_Lag13"
[1] "AvgTempVC_Lag13"
[1] "HiTempVC_Lag13"
[1] "TempRangeVC_Lag13"
[1] "LowTempSetPointDeviationVC_Lag13"
[1] "AvgTempSetPointDeviationVC_Lag13"
[1] "HiTempSetPointDeviationVC_Lag13"
[1] "Temp_ReHS_Lag13"
[1] "ReHS_Lag13"
[1] "Color_ReHS_Yellow_Lag13"
[1] "Color_ReHS_Red_Lag13"
[1] "Penicillin_Lag14"
[1] "PenicillinProportion_Lag14"
[1] "Dexamethasone_Lag14"
[1] "DexamethasoneProportion_Lag14"
[1] "Ceftiofur_Lag14"
[1] "CeftiofurProportion_Lag14"
[1] "Enroflaxin_Lag14"
[1] "EnroflaxinProportion_Lag14"
[1] "Tetracycline_Lag14"
[1] "TetracyclineProportion_Lag14"
[1] "Lincomycin_Lag14"
[1] "LincomycinProportion_Lag14"
[1] "OtherTreatments_Lag14"
[1] "OtherTreatmentsProportion_Lag14"
[1] "PrimaryRespiratory_Lag14"
[1] "PrimaryRespiratoryProportion_Lag14"
[1] "SecondaryRespiratory_Lag14"
[1] "SecondaryRespiratoryProportion_Lag14"
[1] "TotalTreatments_Lag14"
[1] "TotalTreatmentsProportion_Lag14"
[1] "WaterMedications_Lag14"
[1] "WaterDispHdRMS_Lag14"
[1] "WaterDispHdRMSDifference_Lag14"
[1] "WaterDispHdVC_Lag14"
[1] "WaterDispHdVCDifference_Lag14"
[1] "SetPointRMS_Lag14"
[1] "LowTempRMS_Lag14"
[1] "MidPointTempRMS_Lag14"
[1] "HiTempRMS_Lag14"
[1] "TempRangeRMS_Lag14"
[1] "LowTempSetPointDeviationRMS_Lag14"
[1] "HiTempSetPointDeviationRMS_Lag14"
[1] "MidPointTempSetPointDeviationRMS_Lag14"
[1] "SetPointVC_Lag14"
[1] "LowTempVC_Lag14"
[1] "AvgTempVC_Lag14"
[1] "HiTempVC_Lag14"
[1] "TempRangeVC_Lag14"
[1] "LowTempSetPointDeviationVC_Lag14"
[1] "AvgTempSetPointDeviationVC_Lag14"
[1] "HiTempSetPointDeviationVC_Lag14"
[1] "Temp_ReHS_Lag14"
[1] "ReHS_Lag14"
[1] "Color_ReHS_Yellow_Lag14"
[1] "Color_ReHS_Red_Lag14"
[1] "Penicillin_Lag15"
[1] "PenicillinProportion_Lag15"
[1] "Dexamethasone_Lag15"
[1] "DexamethasoneProportion_Lag15"
[1] "Ceftiofur_Lag15"
[1] "CeftiofurProportion_Lag15"
[1] "Enroflaxin_Lag15"
[1] "EnroflaxinProportion_Lag15"
[1] "Tetracycline_Lag15"
[1] "TetracyclineProportion_Lag15"
[1] "Lincomycin_Lag15"
[1] "LincomycinProportion_Lag15"
[1] "OtherTreatments_Lag15"
[1] "OtherTreatmentsProportion_Lag15"
[1] "PrimaryRespiratory_Lag15"
[1] "PrimaryRespiratoryProportion_Lag15"
[1] "SecondaryRespiratory_Lag15"
[1] "SecondaryRespiratoryProportion_Lag15"
[1] "TotalTreatments_Lag15"
[1] "TotalTreatmentsProportion_Lag15"
[1] "WaterMedications_Lag15"
[1] "WaterDispHdRMS_Lag15"
[1] "WaterDispHdRMSDifference_Lag15"
[1] "WaterDispHdVC_Lag15"
[1] "WaterDispHdVCDifference_Lag15"
[1] "SetPointRMS_Lag15"
[1] "LowTempRMS_Lag15"
[1] "MidPointTempRMS_Lag15"
[1] "HiTempRMS_Lag15"
[1] "TempRangeRMS_Lag15"
[1] "LowTempSetPointDeviationRMS_Lag15"
[1] "HiTempSetPointDeviationRMS_Lag15"
[1] "MidPointTempSetPointDeviationRMS_Lag15"
[1] "SetPointVC_Lag15"
[1] "LowTempVC_Lag15"
[1] "AvgTempVC_Lag15"
[1] "HiTempVC_Lag15"
[1] "TempRangeVC_Lag15"
[1] "LowTempSetPointDeviationVC_Lag15"
[1] "AvgTempSetPointDeviationVC_Lag15"
[1] "HiTempSetPointDeviationVC_Lag15"
[1] "Temp_ReHS_Lag15"
[1] "ReHS_Lag15"
[1] "Color_ReHS_Yellow_Lag15"
[1] "Color_ReHS_Red_Lag15"
[1] "Penicillin_Lag16"
[1] "PenicillinProportion_Lag16"
[1] "Dexamethasone_Lag16"
[1] "DexamethasoneProportion_Lag16"
[1] "Ceftiofur_Lag16"
[1] "CeftiofurProportion_Lag16"
[1] "Enroflaxin_Lag16"
[1] "EnroflaxinProportion_Lag16"
[1] "Tetracycline_Lag16"
[1] "TetracyclineProportion_Lag16"
[1] "Lincomycin_Lag16"
[1] "LincomycinProportion_Lag16"
[1] "OtherTreatments_Lag16"
[1] "OtherTreatmentsProportion_Lag16"
[1] "PrimaryRespiratory_Lag16"
[1] "PrimaryRespiratoryProportion_Lag16"
[1] "SecondaryRespiratory_Lag16"
[1] "SecondaryRespiratoryProportion_Lag16"
[1] "TotalTreatments_Lag16"
[1] "TotalTreatmentsProportion_Lag16"
[1] "WaterMedications_Lag16"
[1] "WaterDispHdRMS_Lag16"
[1] "WaterDispHdRMSDifference_Lag16"
[1] "WaterDispHdVC_Lag16"
[1] "WaterDispHdVCDifference_Lag16"
[1] "SetPointRMS_Lag16"
[1] "LowTempRMS_Lag16"
[1] "MidPointTempRMS_Lag16"
[1] "HiTempRMS_Lag16"
[1] "TempRangeRMS_Lag16"
[1] "LowTempSetPointDeviationRMS_Lag16"
[1] "HiTempSetPointDeviationRMS_Lag16"
[1] "MidPointTempSetPointDeviationRMS_Lag16"
[1] "SetPointVC_Lag16"
[1] "LowTempVC_Lag16"
[1] "AvgTempVC_Lag16"
[1] "HiTempVC_Lag16"
[1] "TempRangeVC_Lag16"
[1] "LowTempSetPointDeviationVC_Lag16"
[1] "AvgTempSetPointDeviationVC_Lag16"
[1] "HiTempSetPointDeviationVC_Lag16"
[1] "Temp_ReHS_Lag16"
[1] "ReHS_Lag16"
[1] "Color_ReHS_Yellow_Lag16"
[1] "Color_ReHS_Red_Lag16"
[1] "Penicillin_Lag17"
[1] "PenicillinProportion_Lag17"
[1] "Dexamethasone_Lag17"
[1] "DexamethasoneProportion_Lag17"
[1] "Ceftiofur_Lag17"
[1] "CeftiofurProportion_Lag17"
[1] "Enroflaxin_Lag17"
[1] "EnroflaxinProportion_Lag17"
[1] "Tetracycline_Lag17"
[1] "TetracyclineProportion_Lag17"
[1] "Lincomycin_Lag17"
[1] "LincomycinProportion_Lag17"
[1] "OtherTreatments_Lag17"
[1] "OtherTreatmentsProportion_Lag17"
[1] "PrimaryRespiratory_Lag17"
[1] "PrimaryRespiratoryProportion_Lag17"
[1] "SecondaryRespiratory_Lag17"
[1] "SecondaryRespiratoryProportion_Lag17"
[1] "TotalTreatments_Lag17"
[1] "TotalTreatmentsProportion_Lag17"
[1] "WaterMedications_Lag17"
[1] "WaterDispHdRMS_Lag17"
[1] "WaterDispHdRMSDifference_Lag17"
[1] "WaterDispHdVC_Lag17"
[1] "WaterDispHdVCDifference_Lag17"
[1] "SetPointRMS_Lag17"
[1] "LowTempRMS_Lag17"
[1] "MidPointTempRMS_Lag17"
[1] "HiTempRMS_Lag17"
[1] "TempRangeRMS_Lag17"
[1] "LowTempSetPointDeviationRMS_Lag17"
[1] "HiTempSetPointDeviationRMS_Lag17"
[1] "MidPointTempSetPointDeviationRMS_Lag17"
[1] "SetPointVC_Lag17"
[1] "LowTempVC_Lag17"
[1] "AvgTempVC_Lag17"
[1] "HiTempVC_Lag17"
[1] "TempRangeVC_Lag17"
[1] "LowTempSetPointDeviationVC_Lag17"
[1] "AvgTempSetPointDeviationVC_Lag17"
[1] "HiTempSetPointDeviationVC_Lag17"
[1] "Temp_ReHS_Lag17"
[1] "ReHS_Lag17"
[1] "Color_ReHS_Yellow_Lag17"
[1] "Color_ReHS_Red_Lag17"
[1] "Penicillin_Lag18"
[1] "PenicillinProportion_Lag18"
[1] "Dexamethasone_Lag18"
[1] "DexamethasoneProportion_Lag18"
[1] "Ceftiofur_Lag18"
[1] "CeftiofurProportion_Lag18"
[1] "Enroflaxin_Lag18"
[1] "EnroflaxinProportion_Lag18"
[1] "Tetracycline_Lag18"
[1] "TetracyclineProportion_Lag18"
[1] "Lincomycin_Lag18"
[1] "LincomycinProportion_Lag18"
[1] "OtherTreatments_Lag18"
[1] "OtherTreatmentsProportion_Lag18"
[1] "PrimaryRespiratory_Lag18"
[1] "PrimaryRespiratoryProportion_Lag18"
[1] "SecondaryRespiratory_Lag18"
[1] "SecondaryRespiratoryProportion_Lag18"
[1] "TotalTreatments_Lag18"
[1] "TotalTreatmentsProportion_Lag18"
[1] "WaterMedications_Lag18"
[1] "WaterDispHdRMS_Lag18"
[1] "WaterDispHdRMSDifference_Lag18"
[1] "WaterDispHdVC_Lag18"
[1] "WaterDispHdVCDifference_Lag18"
[1] "SetPointRMS_Lag18"
[1] "LowTempRMS_Lag18"
[1] "MidPointTempRMS_Lag18"
[1] "HiTempRMS_Lag18"
[1] "TempRangeRMS_Lag18"
[1] "LowTempSetPointDeviationRMS_Lag18"
[1] "HiTempSetPointDeviationRMS_Lag18"
[1] "MidPointTempSetPointDeviationRMS_Lag18"
[1] "SetPointVC_Lag18"
[1] "LowTempVC_Lag18"
[1] "AvgTempVC_Lag18"
[1] "HiTempVC_Lag18"
[1] "TempRangeVC_Lag18"
[1] "LowTempSetPointDeviationVC_Lag18"
[1] "AvgTempSetPointDeviationVC_Lag18"
[1] "HiTempSetPointDeviationVC_Lag18"
[1] "Temp_ReHS_Lag18"
[1] "ReHS_Lag18"
[1] "Color_ReHS_Yellow_Lag18"
[1] "Color_ReHS_Red_Lag18"
[1] "Penicillin_Lag19"
[1] "PenicillinProportion_Lag19"
[1] "Dexamethasone_Lag19"
[1] "DexamethasoneProportion_Lag19"
[1] "Ceftiofur_Lag19"
[1] "CeftiofurProportion_Lag19"
[1] "Enroflaxin_Lag19"
[1] "EnroflaxinProportion_Lag19"
[1] "Tetracycline_Lag19"
[1] "TetracyclineProportion_Lag19"
[1] "Lincomycin_Lag19"
[1] "LincomycinProportion_Lag19"
[1] "OtherTreatments_Lag19"
[1] "OtherTreatmentsProportion_Lag19"
[1] "PrimaryRespiratory_Lag19"
[1] "PrimaryRespiratoryProportion_Lag19"
[1] "SecondaryRespiratory_Lag19"
[1] "SecondaryRespiratoryProportion_Lag19"
[1] "TotalTreatments_Lag19"
[1] "TotalTreatmentsProportion_Lag19"
[1] "WaterMedications_Lag19"
[1] "WaterDispHdRMS_Lag19"
[1] "WaterDispHdRMSDifference_Lag19"
[1] "WaterDispHdVC_Lag19"
[1] "WaterDispHdVCDifference_Lag19"
[1] "SetPointRMS_Lag19"
[1] "LowTempRMS_Lag19"
[1] "MidPointTempRMS_Lag19"
[1] "HiTempRMS_Lag19"
[1] "TempRangeRMS_Lag19"
[1] "LowTempSetPointDeviationRMS_Lag19"
[1] "HiTempSetPointDeviationRMS_Lag19"
[1] "MidPointTempSetPointDeviationRMS_Lag19"
[1] "SetPointVC_Lag19"
[1] "LowTempVC_Lag19"
[1] "AvgTempVC_Lag19"
[1] "HiTempVC_Lag19"
[1] "TempRangeVC_Lag19"
[1] "LowTempSetPointDeviationVC_Lag19"
[1] "AvgTempSetPointDeviationVC_Lag19"
[1] "HiTempSetPointDeviationVC_Lag19"
[1] "Temp_ReHS_Lag19"
[1] "ReHS_Lag19"
[1] "Color_ReHS_Yellow_Lag19"
[1] "Color_ReHS_Red_Lag19"
[1] "Penicillin_Lag20"
[1] "PenicillinProportion_Lag20"
[1] "Dexamethasone_Lag20"
[1] "DexamethasoneProportion_Lag20"
[1] "Ceftiofur_Lag20"
[1] "CeftiofurProportion_Lag20"
[1] "Enroflaxin_Lag20"
[1] "EnroflaxinProportion_Lag20"
[1] "Tetracycline_Lag20"
[1] "TetracyclineProportion_Lag20"
[1] "Lincomycin_Lag20"
[1] "LincomycinProportion_Lag20"
[1] "OtherTreatments_Lag20"
[1] "OtherTreatmentsProportion_Lag20"
[1] "PrimaryRespiratory_Lag20"
[1] "PrimaryRespiratoryProportion_Lag20"
[1] "SecondaryRespiratory_Lag20"
[1] "SecondaryRespiratoryProportion_Lag20"
[1] "TotalTreatments_Lag20"
[1] "TotalTreatmentsProportion_Lag20"
[1] "WaterMedications_Lag20"
[1] "WaterDispHdRMS_Lag20"
[1] "WaterDispHdRMSDifference_Lag20"
[1] "WaterDispHdVC_Lag20"
[1] "WaterDispHdVCDifference_Lag20"
[1] "SetPointRMS_Lag20"
[1] "LowTempRMS_Lag20"
[1] "MidPointTempRMS_Lag20"
[1] "HiTempRMS_Lag20"
[1] "TempRangeRMS_Lag20"
[1] "LowTempSetPointDeviationRMS_Lag20"
[1] "HiTempSetPointDeviationRMS_Lag20"
[1] "MidPointTempSetPointDeviationRMS_Lag20"
[1] "SetPointVC_Lag20"
[1] "LowTempVC_Lag20"
[1] "AvgTempVC_Lag20"
[1] "HiTempVC_Lag20"
[1] "TempRangeVC_Lag20"
[1] "LowTempSetPointDeviationVC_Lag20"
[1] "AvgTempSetPointDeviationVC_Lag20"
[1] "HiTempSetPointDeviationVC_Lag20"
[1] "Temp_ReHS_Lag20"
[1] "ReHS_Lag20"
[1] "Color_ReHS_Yellow_Lag20"
[1] "Color_ReHS_Red_Lag20"
[1] "Penicillin_Lag21"
[1] "PenicillinProportion_Lag21"
[1] "Dexamethasone_Lag21"
[1] "DexamethasoneProportion_Lag21"
[1] "Ceftiofur_Lag21"
[1] "CeftiofurProportion_Lag21"
[1] "Enroflaxin_Lag21"
[1] "EnroflaxinProportion_Lag21"
[1] "Tetracycline_Lag21"
[1] "TetracyclineProportion_Lag21"
[1] "Lincomycin_Lag21"
[1] "LincomycinProportion_Lag21"
[1] "OtherTreatments_Lag21"
[1] "OtherTreatmentsProportion_Lag21"
[1] "PrimaryRespiratory_Lag21"
[1] "PrimaryRespiratoryProportion_Lag21"
[1] "SecondaryRespiratory_Lag21"
[1] "SecondaryRespiratoryProportion_Lag21"
[1] "TotalTreatments_Lag21"
[1] "TotalTreatmentsProportion_Lag21"
[1] "WaterMedications_Lag21"
[1] "WaterDispHdRMS_Lag21"
[1] "WaterDispHdRMSDifference_Lag21"
[1] "WaterDispHdVC_Lag21"
[1] "WaterDispHdVCDifference_Lag21"
[1] "SetPointRMS_Lag21"
[1] "LowTempRMS_Lag21"
[1] "MidPointTempRMS_Lag21"
[1] "HiTempRMS_Lag21"
[1] "TempRangeRMS_Lag21"
[1] "LowTempSetPointDeviationRMS_Lag21"
[1] "HiTempSetPointDeviationRMS_Lag21"
[1] "MidPointTempSetPointDeviationRMS_Lag21"
[1] "SetPointVC_Lag21"
[1] "LowTempVC_Lag21"
[1] "AvgTempVC_Lag21"
[1] "HiTempVC_Lag21"
[1] "TempRangeVC_Lag21"
[1] "LowTempSetPointDeviationVC_Lag21"
[1] "AvgTempSetPointDeviationVC_Lag21"
[1] "HiTempSetPointDeviationVC_Lag21"
[1] "Temp_ReHS_Lag21"
[1] "ReHS_Lag21"
[1] "Color_ReHS_Yellow_Lag21"
[1] "Color_ReHS_Red_Lag21"
There were 50 or more warnings (use warnings() to see the first 50)

########################################
         END: VARIABLE ADJUSTMENT
########################################

########################################
          BEGIN: FILE EXPORT
########################################

Exporting .RData object to path:
/group/deckerlab/cjgwx7/sensor-data/results/single-variable/TotalMortality/TotalMortality-NB-XCR-RUN=2023-01-12-21-07-38_MAXDATE=2022-07-20.RData

Exporting .csv file to path:
/group/deckerlab/cjgwx7/sensor-data/results/single-variable/TotalMortality/TotalMortality-NB-XCR-RUN=2023-01-12-21-07-38_MAXDATE=2022-07-20.csv

########################################
      END: FILE CONFIGURATION
########################################

[1] "The current script was completed on Monday, January 16, 2023 at 05:49 AM"
