
Attaching package: ‘dplyr’

The following objects are masked from ‘package:stats’:

    filter, lag

The following objects are masked from ‘package:base’:

    intersect, setdiff, setequal, union

Loading required package: lme4
Loading required package: Matrix

Attaching package: ‘lmerTest’

The following object is masked from ‘package:lme4’:

    lmer

The following object is masked from ‘package:stats’:

    step

Rows: 5,676
Columns: 61
$ Order                <dbl> 1, 2, 3, 4, 5, 6, 7, 8, 9, 10, 11, 12, 13, 14, 15…
$ GlobalID             <chr> "4NL2_1_44204", "4NL2_1_44205", "4NL2_1_44206", "…
$ AltGlobalID          <chr> "4NL2_1_44204", "4NL2_1_44205", "4NL2_1_44206", "…
$ Site                 <chr> "4NL2", "4NL2", "4NL2", "4NL2", "4NL2", "4NL2", "…
$ Site_NumericDate     <chr> "4NL2_44204", "4NL2_44205", "4NL2_44206", "4NL2_4…
$ Room                 <dbl> 1, 1, 1, 1, 1, 1, 1, 1, 1, 1, 1, 1, 1, 1, 1, 1, 1…
$ OldRoom              <chr> "1South", "1South", "1South", "1South", "1South",…
$ Site_Room            <chr> "4NL2_1", "4NL2_1", "4NL2_1", "4NL2_1", "4NL2_1",…
$ Turn                 <dbl> 1, 1, 1, 1, 1, 1, 1, 1, 1, 1, 1, 1, 1, 1, 1, 1, 1…
$ Site_Turn            <chr> "4NL2_1", "4NL2_1", "4NL2_1", "4NL2_1", "4NL2_1",…
$ Site_Room_Turn       <chr> "4NL2_1_1", "4NL2_1_1", "4NL2_1_1", "4NL2_1_1", "…
$ CalendarDate         <date> 2021-01-08, 2021-01-09, 2021-01-10, 2021-01-11, …
$ NumericDate          <dbl> 44204, 44205, 44206, 44207, 44208, 44209, 44210, …
$ GrowthPeriod         <chr> "Early", "Early", "Early", "Early", "Early", "Ear…
$ Days_Lag0            <dbl> 1, 2, 3, 4, 5, 6, 7, 8, 9, 10, 11, 12, 13, 14, 15…
$ Inventory_Lag0       <dbl> 908, 908, 908, 2860, 2860, 2860, 2859, 2858, 2858…
$ TotalMortality_Lag0  <dbl> 0, 0, 0, 0, 0, 0, 1, 1, 0, 0, 0, 0, 1, 0, 1, 1, 1…
$ ReHS_Lag0            <dbl> 98.66667, 92.33333, 82.00000, 92.33333, 96.66667,…
$ Color_ReHS_Red_Lag0  <dbl> 0, 0, 0, 0, 0, 0, 0, 0, 0, 0, 0, 0, 0, 0, 0, 0, 0…
$ ReHS_Lag1            <dbl> NA, 98.66667, 92.33333, 82.00000, 92.33333, 96.66…
$ Color_ReHS_Red_Lag1  <dbl> NA, 0, 0, 0, 0, 0, 0, 0, 0, 0, 0, 0, 0, 0, 0, 0, …
$ ReHS_Lag2            <dbl> NA, NA, 98.66667, 92.33333, 82.00000, 92.33333, 9…
$ Color_ReHS_Red_Lag2  <dbl> NA, NA, 0, 0, 0, 0, 0, 0, 0, 0, 0, 0, 0, 0, 0, 0,…
$ ReHS_Lag3            <dbl> NA, NA, NA, 98.66667, 92.33333, 82.00000, 92.3333…
$ Color_ReHS_Red_Lag3  <dbl> NA, NA, NA, 0, 0, 0, 0, 0, 0, 0, 0, 0, 0, 0, 0, 0…
$ ReHS_Lag4            <dbl> NA, NA, NA, NA, 98.66667, 92.33333, 82.00000, 92.…
$ Color_ReHS_Red_Lag4  <dbl> NA, NA, NA, NA, 0, 0, 0, 0, 0, 0, 0, 0, 0, 0, 0, …
$ ReHS_Lag5            <dbl> NA, NA, NA, NA, NA, 98.66667, 92.33333, 82.00000,…
$ Color_ReHS_Red_Lag5  <dbl> NA, NA, NA, NA, NA, 0, 0, 0, 0, 0, 0, 0, 0, 0, 0,…
$ ReHS_Lag6            <dbl> NA, NA, NA, NA, NA, NA, 98.66667, 92.33333, 82.00…
$ Color_ReHS_Red_Lag6  <dbl> NA, NA, NA, NA, NA, NA, 0, 0, 0, 0, 0, 0, 0, 0, 0…
$ ReHS_Lag7            <dbl> NA, NA, NA, NA, NA, NA, NA, 98.66667, 92.33333, 8…
$ Color_ReHS_Red_Lag7  <dbl> NA, NA, NA, NA, NA, NA, NA, 0, 0, 0, 0, 0, 0, 0, …
$ ReHS_Lag8            <dbl> NA, NA, NA, NA, NA, NA, NA, NA, 98.66667, 92.3333…
$ Color_ReHS_Red_Lag8  <dbl> NA, NA, NA, NA, NA, NA, NA, NA, 0, 0, 0, 0, 0, 0,…
$ ReHS_Lag9            <dbl> NA, NA, NA, NA, NA, NA, NA, NA, NA, 98.66667, 92.…
$ Color_ReHS_Red_Lag9  <dbl> NA, NA, NA, NA, NA, NA, NA, NA, NA, 0, 0, 0, 0, 0…
$ ReHS_Lag10           <dbl> NA, NA, NA, NA, NA, NA, NA, NA, NA, NA, 98.66667,…
$ Color_ReHS_Red_Lag10 <dbl> NA, NA, NA, NA, NA, NA, NA, NA, NA, NA, 0, 0, 0, …
$ ReHS_Lag11           <dbl> NA, NA, NA, NA, NA, NA, NA, NA, NA, NA, NA, 98.66…
$ Color_ReHS_Red_Lag11 <dbl> NA, NA, NA, NA, NA, NA, NA, NA, NA, NA, NA, 0, 0,…
$ ReHS_Lag12           <dbl> NA, NA, NA, NA, NA, NA, NA, NA, NA, NA, NA, NA, 9…
$ Color_ReHS_Red_Lag12 <dbl> NA, NA, NA, NA, NA, NA, NA, NA, NA, NA, NA, NA, 0…
$ ReHS_Lag13           <dbl> NA, NA, NA, NA, NA, NA, NA, NA, NA, NA, NA, NA, N…
$ Color_ReHS_Red_Lag13 <dbl> NA, NA, NA, NA, NA, NA, NA, NA, NA, NA, NA, NA, N…
$ ReHS_Lag14           <dbl> NA, NA, NA, NA, NA, NA, NA, NA, NA, NA, NA, NA, N…
$ Color_ReHS_Red_Lag14 <dbl> NA, NA, NA, NA, NA, NA, NA, NA, NA, NA, NA, NA, N…
$ ReHS_Lag15           <dbl> NA, NA, NA, NA, NA, NA, NA, NA, NA, NA, NA, NA, N…
$ Color_ReHS_Red_Lag15 <dbl> NA, NA, NA, NA, NA, NA, NA, NA, NA, NA, NA, NA, N…
$ ReHS_Lag16           <dbl> NA, NA, NA, NA, NA, NA, NA, NA, NA, NA, NA, NA, N…
$ Color_ReHS_Red_Lag16 <dbl> NA, NA, NA, NA, NA, NA, NA, NA, NA, NA, NA, NA, N…
$ ReHS_Lag17           <dbl> NA, NA, NA, NA, NA, NA, NA, NA, NA, NA, NA, NA, N…
$ Color_ReHS_Red_Lag17 <dbl> NA, NA, NA, NA, NA, NA, NA, NA, NA, NA, NA, NA, N…
$ ReHS_Lag18           <dbl> NA, NA, NA, NA, NA, NA, NA, NA, NA, NA, NA, NA, N…
$ Color_ReHS_Red_Lag18 <dbl> NA, NA, NA, NA, NA, NA, NA, NA, NA, NA, NA, NA, N…
$ ReHS_Lag19           <dbl> NA, NA, NA, NA, NA, NA, NA, NA, NA, NA, NA, NA, N…
$ Color_ReHS_Red_Lag19 <dbl> NA, NA, NA, NA, NA, NA, NA, NA, NA, NA, NA, NA, N…
$ ReHS_Lag20           <dbl> NA, NA, NA, NA, NA, NA, NA, NA, NA, NA, NA, NA, N…
$ Color_ReHS_Red_Lag20 <dbl> NA, NA, NA, NA, NA, NA, NA, NA, NA, NA, NA, NA, N…
$ ReHS_Lag21           <dbl> NA, NA, NA, NA, NA, NA, NA, NA, NA, NA, NA, NA, N…
$ Color_ReHS_Red_Lag21 <dbl> NA, NA, NA, NA, NA, NA, NA, NA, NA, NA, NA, NA, N…
[1] "ReHS_Lag0"
[1] "Color_ReHS_Red_Lag0"
[1] "ReHS_Lag1"
[1] "Color_ReHS_Red_Lag1"
[1] "ReHS_Lag2"
[1] "Color_ReHS_Red_Lag2"
[1] "ReHS_Lag3"
[1] "Color_ReHS_Red_Lag3"
[1] "ReHS_Lag4"
[1] "Color_ReHS_Red_Lag4"
[1] "ReHS_Lag5"
[1] "Color_ReHS_Red_Lag5"
[1] "ReHS_Lag6"
[1] "Color_ReHS_Red_Lag6"
[1] "ReHS_Lag7"
[1] "Color_ReHS_Red_Lag7"
[1] "ReHS_Lag8"
[1] "Color_ReHS_Red_Lag8"
[1] "ReHS_Lag9"
[1] "Color_ReHS_Red_Lag9"
[1] "ReHS_Lag10"
[1] "Color_ReHS_Red_Lag10"
[1] "ReHS_Lag11"
[1] "Color_ReHS_Red_Lag11"
[1] "ReHS_Lag12"
[1] "Color_ReHS_Red_Lag12"
[1] "ReHS_Lag13"
[1] "Color_ReHS_Red_Lag13"
[1] "ReHS_Lag14"
[1] "Color_ReHS_Red_Lag14"
[1] "ReHS_Lag15"
[1] "Color_ReHS_Red_Lag15"
[1] "ReHS_Lag16"
[1] "Color_ReHS_Red_Lag16"
[1] "ReHS_Lag17"
[1] "Color_ReHS_Red_Lag17"
[1] "ReHS_Lag18"
[1] "Color_ReHS_Red_Lag18"
[1] "ReHS_Lag19"
[1] "Color_ReHS_Red_Lag19"
[1] "ReHS_Lag20"
[1] "Color_ReHS_Red_Lag20"
[1] "ReHS_Lag21"
[1] "Color_ReHS_Red_Lag21"
There were 50 or more warnings (use warnings() to see the first 50)
