/var/spool/slurmd/job24547715/slurm_script: line 13: activate: No such file or directory

Attaching package: ‘dplyr’

The following objects are masked from ‘package:stats’:

    filter, lag

The following objects are masked from ‘package:base’:

    intersect, setdiff, setequal, union

Loading required package: lme4
Loading required package: Matrix

Attaching package: ‘lmerTest’

The following object is masked from ‘package:lme4’:

    lmer

The following object is masked from ‘package:stats’:

    step


Attaching package: ‘tidyr’

The following objects are masked from ‘package:Matrix’:

    expand, pack, unpack

[1] "PrimaryRespiratory"
[1] "Model Level1_glm started"
[1] "Model Level1_glm finished"
[1] "Model Level1_oinv_glm started"
[1] "Model Level1_oinv_glm finished"
[1] "Model Level1_inv_glm started"
[1] "Model Level1_inv_glm finished"
[1] "Model Level2_a_glm started"
[1] "Model Level2_a_glm finished"
[1] "Model Level2_a_oinv_glm started"
[1] "Model Level2_a_oinv_glm finished"
[1] "Model Level2_a_inv_glm started"
[1] "Model Level2_a_inv_glm finished"
[1] "Model Level2_b_glm started"
[1] "Model Level2_b_glm finished"
[1] "Model Level2_b_oinv_glm started"
[1] "Model Level2_b_oinv_glm finished"
[1] "Model Level2_b_inv_glm started"
[1] "Model Level2_b_inv_glm finished"
[1] "Model Level2_c_glm started"
[1] "Model Level2_c_glm finished"
[1] "Model Level2_c_oinv_glm started"
[1] "Model Level2_c_oinv_glm finished"
[1] "Model Level2_c_inv_glm started"
[1] "Model Level2_c_inv_glm finished"
[1] "Model Level3_a_glmer started"
[1] "Model Level3_a_glmer finished"
[1] "Model Level3_a_oinv_glmer started"
[1] "Model Level3_a_oinv_glmer finished"
[1] "Model Level3_a_inv_glmer started"
[1] "Model Level3_a_inv_glmer finished"
[1] "Model Level3_b_glmer started"
[1] "Model Level3_b_glmer finished"
[1] "Model Level3_b_oinv_glmer started"
[1] "Model Level3_b_oinv_glmer finished"
[1] "Model Level3_b_inv_glmer started"
[1] "Model Level3_b_inv_glmer finished"
[1] "Model Level3_c_oinv_glmer started"
[1] "Model Level3_c_oinv_glmer finished"
[1] "Model Level3_c_inv_glmer started"
boundary (singular) fit: see help('isSingular')
[1] "Model Level3_c_inv_glmer finished"
[1] "Model Level4_a_glmer started"
[1] "Model Level4_a_glmer finished"
[1] "Model Level4_a_oinv_glmer started"
[1] "Model Level4_a_oinv_glmer finished"
[1] "Model Level4_a_inv_glmer started"
[1] "Model Level4_a_inv_glmer finished"
[1] "Model Level4_b_glmer started"
[1] "Model Level4_b_glmer finished"
[1] "Model Level4_b_oinv_glmer started"
[1] "Model Level4_b_oinv_glmer finished"
[1] "Model Level4_b_inv_glmer started"
[1] "Model Level4_b_inv_glmer finished"
There were 15 warnings (use warnings() to see them)
Warning messages:
1: In write.csv(df_out, path_out, sep = ",", row.names = FALSE, col.names = TRUE) :
  attempt to set 'col.names' ignored
2: In write.csv(df_out, path_out, sep = ",", row.names = FALSE, col.names = TRUE) :
  attempt to set 'sep' ignored
