/var/spool/slurmd/job25045970/slurm_script: line 13: activate: No such file or directory
[1] "The current script was initialized on Thursday, August 11, 2022 at 02:36 PM"

########################################
        BEGIN: ENVIRONMENT SETUP
########################################

Loading package: argparse
Warning message:
package ‘argparse’ was built under R version 4.1.3 
Loading package: data.table
Loading package: dplyr

Attaching package: ‘dplyr’

The following objects are masked from ‘package:data.table’:

    between, first, last

The following objects are masked from ‘package:stats’:

    filter, lag

The following objects are masked from ‘package:base’:

    intersect, setdiff, setequal, union

Loading package: openxlsx
Loading package: readr
Loading package: stringr
Loading package: tibble
Loading package: tidyr
Loading source function: cross_val.R
Loading required package: MASS

Attaching package: ‘MASS’

The following object is masked from ‘package:dplyr’:

    select

Warning message:
package ‘MASS’ was built under R version 4.1.3 

########################################
         END: ENVIRONMENT SETUP
########################################

########################################
     BEGIN: FILE CONFIGURATION
########################################

First five rows of configured data set...
# A tibble: 5 × 6
  GlobalID     Site   Days Inventory MidPointTempSetPointDeviati… WaterDispHdRMS
  <chr>        <chr> <dbl>     <dbl>                        <dbl>          <dbl>
1 4NL2_1_44206 4NL2      3       908                        -1.10          0.128
2 4NL2_1_44209 4NL2      6      2860                        -1.30          0.173
3 4NL2_1_44210 4NL2      7      2859                        -1.25          0.176
4 4NL2_1_44211 4NL2      8      2858                        -1.35          0.189
5 4NL2_1_44212 4NL2      9      2858                        -1.45          0.196

First five rows of fit specification list...
[[1]]
WaterDispHdRMS ~ 1 + Days
<environment: 0x55555834cf10>

[[2]]
WaterDispHdRMS ~ 1 + Days + I(Days^2)
<environment: 0x55555834cf10>

[[3]]
WaterDispHdRMS ~ 1 + Days + I(Days^2) + I(Days^3)
<environment: 0x55555834cf10>

[[4]]
WaterDispHdRMS ~ 1 + Inventory
<environment: 0x55555834cf10>

[[5]]
WaterDispHdRMS ~ 1 + Inventory + I(Inventory^2)
<environment: 0x55555834cf10>



########################################
      END: FILE CONFIGURATION
########################################

########################################
        BEGIN: MODEL EVALUTION
########################################

First five rows of results file...
         HoldoutFold       SSE      SST         R2    R2_adj        MSE
4NL2...1        4NL2 148.82737 515.1361 0.71109118 0.7105069 0.15002759
BIBL...2        BIBL  56.59992 182.7657 0.69031437 0.6889561 0.12331137
CON2...3        CON2  82.80129 385.0211 0.78494347 0.7845041 0.08431903
G1TC...4        G1TC 257.49274 367.6082 0.29954571 0.2978394 0.31249119
HOTC...5        HOTC 231.98332 238.5533 0.02754095 0.0254406 0.24971294
              RMSE                       fit model
4NL2...1 0.3873340 WaterDispHdRMS ~ 1 + Days    lm
BIBL...2 0.3511572 WaterDispHdRMS ~ 1 + Days    lm
CON2...3 0.2903774 WaterDispHdRMS ~ 1 + Days    lm
G1TC...4 0.5590091 WaterDispHdRMS ~ 1 + Days    lm
HOTC...5 0.4997129 WaterDispHdRMS ~ 1 + Days    lm


########################################
         END: MODEL EVALUTION
########################################

[1] "The current script was completed on Thursday, August 11, 2022 at 02:38 PM"
