[1] "The current script was initialized on Monday, August 22, 2022 at 02:21 PM"

########################################
        BEGIN: ENVIRONMENT SETUP
########################################

Loading package: argparse
Warning message:
package ‘argparse’ was built under R version 4.1.3 
Loading package: data.table
Loading package: dplyr

Attaching package: ‘dplyr’

The following objects are masked from ‘package:data.table’:

    between, first, last

The following objects are masked from ‘package:stats’:

    filter, lag

The following objects are masked from ‘package:base’:

    intersect, setdiff, setequal, union

Loading package: openxlsx
Loading package: readr
Loading package: stringr
Loading package: tibble
Loading package: tidyr
Loading source function: cross_val.R
Loading required package: MASS

Attaching package: ‘MASS’

The following object is masked from ‘package:dplyr’:

    select

Warning message:
package ‘MASS’ was built under R version 4.1.3 

########################################
         END: ENVIRONMENT SETUP
########################################

########################################
     BEGIN: FILE CONFIGURATION
########################################

First five rows of configured data set...
# A tibble: 5 × 6
  GlobalID     Site   Days Inventory MidPointTempSetPointDeviati… WaterDispHdRMS
  <chr>        <chr> <dbl>     <dbl>                        <dbl>          <dbl>
1 4NL2_1_44206 4NL2      3       908                        -1.10          0.128
2 4NL2_1_44209 4NL2      6      2860                        -1.30          0.173
3 4NL2_1_44210 4NL2      7      2859                        -1.25          0.176
4 4NL2_1_44211 4NL2      8      2858                        -1.35          0.189
5 4NL2_1_44212 4NL2      9      2858                        -1.45          0.196

First five rows of fit specification list...
[[1]]
WaterDispHdRMS ~ 1 + Days
<environment: 0x55555834cca0>

[[2]]
WaterDispHdRMS ~ 1 + Days + I(Days^2)
<environment: 0x55555834cca0>

[[3]]
WaterDispHdRMS ~ 1 + Days + I(Days^2) + I(Days^3)
<environment: 0x55555834cca0>

[[4]]
WaterDispHdRMS ~ 1 + Inventory
<environment: 0x55555834cca0>

[[5]]
WaterDispHdRMS ~ 1 + Inventory + I(Inventory^2)
<environment: 0x55555834cca0>



########################################
      END: FILE CONFIGURATION
########################################

########################################
        BEGIN: MODEL EVALUTION
########################################

First five rows of results file...
         HoldoutFold       SSE      SST        R2     R2_adj        MSE
4NL2...1        4NL2 148.83073 515.1361 0.7110847 0.71050041 0.15003097
BIBL...2        BIBL  56.60103 182.7657 0.6903083 0.68894999 0.12331380
CON2...3        CON2  82.80131 385.0211 0.7849434 0.78450409 0.08431905
G1TC...4        G1TC 257.49960 367.7950 0.2998828 0.29817930 0.31212072
HOTC...5        HOTC 231.97217 238.5533 0.0275877 0.02548745 0.24970094
              RMSE                       fit model
4NL2...1 0.3873383 WaterDispHdRMS ~ 1 + Days    lm
BIBL...2 0.3511606 WaterDispHdRMS ~ 1 + Days    lm
CON2...3 0.2903774 WaterDispHdRMS ~ 1 + Days    lm
G1TC...4 0.5586777 WaterDispHdRMS ~ 1 + Days    lm
HOTC...5 0.4997008 WaterDispHdRMS ~ 1 + Days    lm

`summarise()` has grouped output by 'fit'. You can override using the `.groups`
argument.
First five rows of sumarized results file...
# A tibble: 5 × 4
# Groups:   fit [3]
  fit                                               model  `Mean RMSE` `SD RMSE`
  <chr>                                             <chr>        <dbl>     <dbl>
1 WaterDispHdRMS ~ 1 + Days                         lm           0.394    0.114 
2 WaterDispHdRMS ~ 1 + Days                         robust       0.395    0.119 
3 WaterDispHdRMS ~ 1 + Days + I(Days^2)             lm           0.347    0.0856
4 WaterDispHdRMS ~ 1 + Days + I(Days^2)             robust       0.349    0.0859
5 WaterDispHdRMS ~ 1 + Days + I(Days^2) + I(Days^3) lm           0.347    0.0889


########################################
         END: MODEL EVALUTION
########################################

[1] "The current script was completed on Monday, August 22, 2022 at 02:22 PM"
