
Attaching package: ‘dplyr’

The following objects are masked from ‘package:stats’:

    filter, lag

The following objects are masked from ‘package:base’:

    intersect, setdiff, setequal, union

Loading required package: lme4
Loading required package: Matrix

Attaching package: ‘lmerTest’

The following object is masked from ‘package:lme4’:

    lmer

The following object is masked from ‘package:stats’:

    step

boundary (singular) fit: see help('isSingular')

boundary (singular) fit: see help('isSingular')

boundary (singular) fit: see help('isSingular')

boundary (singular) fit: see help('isSingular')

boundary (singular) fit: see help('isSingular')

boundary (singular) fit: see help('isSingular')

boundary (singular) fit: see help('isSingular')

boundary (singular) fit: see help('isSingular')

boundary (singular) fit: see help('isSingular')

boundary (singular) fit: see help('isSingular')

Warning message:
In mclapply(indvars, fit, mc.cores = 56) :
  scheduled cores 55, 6, 27, 28, 38, 5, 48, 54, 20, 19, 26, 30, 46, 16, 51, 24, 15, 8, 34, 32, 14, 11, 31, 35, 33, 43, 36, 18, 3, 22, 42, 44, 12, 13, 25, 41, 17, 47, 7, 9, 45, 4, 49, 1, 50, 53, 21, 39, 2, 52, 40, 23, 29 encountered errors in user code, all values of the jobs will be affected
Error in x[2, ] : incorrect number of dimensions
Calls: lapply -> FUN
Execution halted
